Log file open, 12/06/18 14:18:28
LogWindows: Failed to load 'aqProf.dll' (GetLastError=126)
LogWindows: File 'aqProf.dll' does not exist
LogWindows: Failed to load 'VtuneApi.dll' (GetLastError=126)
LogWindows: File 'VtuneApi.dll' does not exist
LogWindows: Failed to load 'VtuneApi32e.dll' (GetLastError=126)
LogWindows: File 'VtuneApi32e.dll' does not exist
LogInit: Display: Running engine for game: JungleMaze
LogPlatformFile: Not using cached read wrapper
LogTaskGraph: Started task graph with 5 named threads and 23 total threads with 3 sets of task threads.
LogStats: Stats thread started at 0.339868
LogD3D11RHI: Loaded GFSDK_Aftermath_Lib.x64.dll
LogICUInternationalization: Display: ICU TimeZone Detection - Raw Offset: -5:00, Platform Override: ''
LogPluginManager: Mounting plugin Paper2D
LogPluginManager: Mounting plugin AISupport
LogPluginManager: Mounting plugin LightPropagationVolume
LogPluginManager: Mounting plugin CLionSourceCodeAccess
LogPluginManager: Mounting plugin CodeLiteSourceCodeAccess
LogPluginManager: Mounting plugin GitSourceControl
LogPluginManager: Mounting plugin KDevelopSourceCodeAccess
LogPluginManager: Mounting plugin NullSourceCodeAccess
LogPluginManager: Mounting plugin PerforceSourceControl
LogPluginManager: Mounting plugin SubversionSourceControl
LogPluginManager: Mounting plugin UObjectPlugin
LogPluginManager: Mounting plugin VisualStudioCodeSourceCodeAccess
LogPluginManager: Mounting plugin VisualStudioSourceCodeAccess
LogPluginManager: Mounting plugin XCodeSourceCodeAccess
LogPluginManager: Mounting plugin AssetManagerEditor
LogPluginManager: Mounting plugin CryptoKeys
LogPluginManager: Mounting plugin DataValidation
LogPluginManager: Mounting plugin FacialAnimation
LogPluginManager: Mounting plugin GameplayTagsEditor
LogPluginManager: Mounting plugin MacGraphicsSwitching
LogPluginManager: Mounting plugin MeshEditor
LogPluginManager: Mounting plugin MobileLauncherProfileWizard
LogPluginManager: Mounting plugin PluginBrowser
LogPluginManager: Mounting plugin SpeedTreeImporter
LogPluginManager: Mounting plugin DatasmithContent
LogPluginManager: Mounting plugin AlembicImporter
LogPluginManager: Mounting plugin AppleImageUtils
LogPluginManager: Mounting plugin AppleVision
LogPluginManager: Mounting plugin BackChannel
LogPluginManager: Mounting plugin CharacterAI
LogPluginManager: Mounting plugin GeometryCache
LogPluginManager: Mounting plugin HTML5Networking
LogPluginManager: Mounting plugin ProxyLODPlugin
LogPluginManager: Mounting plugin MagicLeap
LogPluginManager: Mounting plugin MagicLeapEmulator
LogPluginManager: Mounting plugin MagicLeapMedia
LogPluginManager: Mounting plugin AndroidMedia
LogPluginManager: Mounting plugin AvfMedia
LogPluginManager: Mounting plugin ImgMedia
LogPluginManager: Mounting plugin LinearTimecode
LogPluginManager: Mounting plugin MediaCompositing
LogPluginManager: Mounting plugin MediaPlayerEditor
LogPluginManager: Mounting plugin WmfMedia
LogPluginManager: Mounting plugin TcpMessaging
LogPluginManager: Mounting plugin UdpMessaging
LogPluginManager: Mounting plugin ActorSequence
LogPluginManager: Mounting plugin LevelSequenceEditor
LogPluginManager: Mounting plugin MatineeToLevelSequence
LogPluginManager: Mounting plugin NetcodeUnitTest
LogPluginManager: Mounting plugin NUTUnrealEngine4
LogPluginManager: Mounting plugin OnlineSubsystemGooglePlay
LogPluginManager: Mounting plugin OnlineSubsystemIOS
LogPluginManager: Mounting plugin OnlineSubsystem
LogPluginManager: Mounting plugin OnlineSubsystemNull
LogPluginManager: Mounting plugin OnlineSubsystemUtils
LogPluginManager: Mounting plugin LauncherChunkInstaller
LogPluginManager: Mounting plugin AndroidDeviceProfileSelector
LogPluginManager: Mounting plugin AndroidMoviePlayer
LogPluginManager: Mounting plugin AndroidPermission
LogPluginManager: Mounting plugin AppleMoviePlayer
LogPluginManager: Mounting plugin ArchVisCharacter
LogPluginManager: Mounting plugin AudioCapture
LogPluginManager: Mounting plugin CableComponent
LogPluginManager: Mounting plugin CustomMeshComponent
LogPluginManager: Mounting plugin EditableMesh
LogPluginManager: Mounting plugin ExampleDeviceProfileSelector
LogPluginManager: Mounting plugin GoogleCloudMessaging
LogPluginManager: Mounting plugin ImmediatePhysics
LogPluginManager: Mounting plugin IOSDeviceProfileSelector
LogPluginManager: Mounting plugin LinuxDeviceProfileSelector
LogPluginManager: Mounting plugin LocationServicesBPLibrary
LogPluginManager: Mounting plugin MobilePatchingUtils
LogPluginManager: Mounting plugin OculusVR
LogPluginManager: Plugin shader directory ../../../Engine/Plugins/Runtime/Oculus/OculusVR/Shaders found
LogPluginManager: Mapping shader source directory ../../../Engine/Plugins/Runtime/Oculus/OculusVR/Shaders to virtual directory /Plugin/OculusVR
LogPluginManager: Mounting plugin PhysXVehicles
LogPluginManager: Mounting plugin ProceduralMeshComponent
LogPluginManager: Mounting plugin RuntimePhysXCooking
LogPluginManager: Mounting plugin SteamVR
LogPluginManager: Mounting plugin WindowsMoviePlayer
LogStreaming: Display: Took  0.256s to configure plugins.
LogInit: Using libcurl 7.55.1-DEV
LogInit:  - built for x86_64-pc-win32
LogInit:  - supports SSL with OpenSSL/1.0.2h
LogInit:  - supports HTTP deflate (compression) using libz 1.2.8
LogInit:  - other features:
LogInit:      CURL_VERSION_SSL
LogInit:      CURL_VERSION_LIBZ
LogInit:      CURL_VERSION_IPV6
LogInit:      CURL_VERSION_ASYNCHDNS
LogInit:      CURL_VERSION_LARGEFILE
LogInit:      CURL_VERSION_IDN
LogInit:  CurlRequestOptions (configurable via config and command line):
LogInit:  - bVerifyPeer = false  - Libcurl will NOT verify peer certificate
LogInit:  - bUseHttpProxy = false  - Libcurl will NOT use HTTP proxy
LogInit:  - bDontReuseConnections = false  - Libcurl will reuse connections
LogInit:  - CertBundlePath = nullptr  - Libcurl will use whatever was configured at build time.
LogInit:  - MaxHostConnections = 16  - Libcurl will limit the number of connections to a host
LogInit:  - LocalHostAddr = Default
LogInit:  - BufferSize = 65536
LogInit: WinSock: version 1.1 (2.2), MaxSocks=32767, MaxUdp=65467
LogInit: Build: ++UE4+Release-4.20-CL-4369336
LogInit: Engine Version: 4.20.3-4369336+++UE4+Release-4.20
LogInit: Compatible Engine Version: 4.20.0-4212847+++UE4+Release-4.20
LogInit: Net CL: 4212847
LogInit: OS: Windows 10 (), CPU: Intel(R) Core(TM) i7-6700HQ CPU @ 2.60GHz, GPU: Intel(R) HD Graphics 530
LogInit: Compiled (64-bit): Sep 17 2018 12:26:19
LogInit: Compiled with Visual C++: 19.13.26129.00
LogInit: Build Configuration: Development
LogInit: Branch Name: ++UE4+Release-4.20
LogInit: Command Line: 
LogInit: Base Directory: D:/EpicGames/Games/UE_4.20/Engine/Binaries/Win64/
LogInit: Installed Engine Build: 1
LogDevObjectVersion: Number of dev versions registered: 20
LogDevObjectVersion:   Dev-Blueprints (B0D832E4-1F89-4F0D-ACCF-7EB736FD4AA2): 10
LogDevObjectVersion:   Dev-Build (E1C64328-A22C-4D53-A36C-8E866417BD8C): 0
LogDevObjectVersion:   Dev-Core (375EC13C-06E4-48FB-B500-84F0262A717E): 2
LogDevObjectVersion:   Dev-Editor (E4B068ED-F494-42E9-A231-DA0B2E46BB41): 24
LogDevObjectVersion:   Dev-Framework (CFFC743F-43B0-4480-9391-14DF171D2073): 34
LogDevObjectVersion:   Dev-Mobile (B02B49B5-BB20-44E9-A304-32B752E40360): 2
LogDevObjectVersion:   Dev-Networking (A4E4105C-59A1-49B5-A7C5-40C4547EDFEE): 0
LogDevObjectVersion:   Dev-Online (39C831C9-5AE6-47DC-9A44-9C173E1C8E7C): 0
LogDevObjectVersion:   Dev-Physics (78F01B33-EBEA-4F98-B9B4-84EACCB95AA2): 0
LogDevObjectVersion:   Dev-Platform (6631380F-2D4D-43E0-8009-CF276956A95A): 0
LogDevObjectVersion:   Dev-Rendering (12F88B9F-8875-4AFC-A67C-D90C383ABD29): 26
LogDevObjectVersion:   Dev-Sequencer (7B5AE74C-D270-4C10-A958-57980B212A5A): 9
LogDevObjectVersion:   Dev-VR (D7296918-1DD6-4BDD-9DE2-64A83CC13884): 2
LogDevObjectVersion:   Dev-LoadTimes (C2A15278-BFE7-4AFE-6C17-90FF531DF755): 1
LogDevObjectVersion:   Private-Geometry (6EACA3D4-40EC-4CC1-B786-8BED09428FC5): 3
LogDevObjectVersion:   Dev-AnimPhys (29E575DD-E0A3-4627-9D10-D276232CDCEA): 17
LogDevObjectVersion:   Dev-ReflectionCapture (6B266CEC-1EC7-4B8F-A30B-E4D90942FC07): 1
LogDevObjectVersion:   Dev-Automation (0DF73D61-A23F-47EA-B727-89E90C41499A): 1
LogDevObjectVersion:   FortniteMain (601D1886-AC64-4F84-AA16-D3DE0DEAC7D6): 12
LogDevObjectVersion:   Dev-Enterprise (9DFFBCD6-494F-0158-E221-12823C92A888): 1
LogStreaming: Display: Took  0.006s to delete old logs.
LogInit: Presizing for max 8388607 objects, including 0 objects not considered by GC, pre-allocating 0 bytes for permanent pool.
LogInit: Object subsystem initialized
[2018.12.06-19.18.29:173][  0]LogInit: Selected Device Profile: [Windows]
[2018.12.06-19.18.29:173][  0]LogInit: Applying CVar settings loaded from the selected device profile: [Windows]
[2018.12.06-19.18.29:193][  0]LogHAL: Display: Platform has ~ 16 GB [17046654976 / 17179869184 / 16], which maps to Larger [LargestMinGB=32, LargerMinGB=12, DefaultMinGB=8, SmallerMinGB=6, SmallestMinGB=0)
[2018.12.06-19.18.29:193][  0]LogInit: Setting Device Profile CVar: [[r.Vulkan.UseRealUBs:1]]
[2018.12.06-19.18.29:193][  0]LogInit: Going up to parent DeviceProfile []
[2018.12.06-19.18.29:194][  0]LogInit: Computer: VARUNMW01
[2018.12.06-19.18.29:194][  0]LogInit: User: Varun
[2018.12.06-19.18.29:194][  0]LogInit: CPU Page size=4096, Cores=4
[2018.12.06-19.18.29:194][  0]LogInit: High frequency timer resolution =2.531247 MHz
[2018.12.06-19.18.29:194][  0]LogMemory: Memory total: Physical=15.9GB (16GB approx)
[2018.12.06-19.18.29:195][  0]LogMemory: Platform Memory Stats for Windows
[2018.12.06-19.18.29:195][  0]LogMemory: Process Physical Memory: 100.97 MB used, 100.97 MB peak
[2018.12.06-19.18.29:195][  0]LogMemory: Process Virtual Memory: 97.75 MB used, 97.75 MB peak
[2018.12.06-19.18.29:195][  0]LogMemory: Physical Memory: 9649.49 MB used,  6607.46 MB free, 16256.96 MB total
[2018.12.06-19.18.29:195][  0]LogMemory: Virtual Memory: 4651.69 MB used,  6607.46 MB free, 134217728.00 MB total
[2018.12.06-19.18.29:232][  0]LogInit: Using OS detected language (en-US).
[2018.12.06-19.18.29:232][  0]LogInit: Using OS detected locale (en-US).
[2018.12.06-19.18.29:233][  0]LogTextLocalizationManager: No specific localization for 'en-US' exists, so the 'en' localization will be used.
[2018.12.06-19.18.29:719][  0]LogStreaming: Display: Took  0.487s to InitEngineTextLocalization.
[2018.12.06-19.18.29:719][  0]LogInit: Setting process to per monitor DPI aware
[2018.12.06-19.18.29:831][  0]LogSlate: New Slate User Created.  User Index 0, Is Virtual User: 0
[2018.12.06-19.18.29:831][  0]LogSlate: Slate User Registered.  User Index 0, Is Virtual User: 0
[2018.12.06-19.18.30:326][  0]LogHMD: Failed to initialize OpenVR with code 110
[2018.12.06-19.18.30:326][  0]LogD3D11RHI: D3D11 adapters:
[2018.12.06-19.18.30:423][  0]LogD3D11RHI:    0. 'NVIDIA GeForce GTX 960M' (Feature Level 11_0)
[2018.12.06-19.18.30:423][  0]LogD3D11RHI:       4055/0/8128 MB DedicatedVideo/DedicatedSystem/SharedSystem, Outputs:1, VendorId:0x10de
[2018.12.06-19.18.30:458][  0]LogD3D11RHI:    1. 'Intel(R) HD Graphics 530' (Feature Level 11_0)
[2018.12.06-19.18.30:458][  0]LogD3D11RHI:       128/0/8128 MB DedicatedVideo/DedicatedSystem/SharedSystem, Outputs:0, VendorId:0x8086
[2018.12.06-19.18.30:462][  0]LogD3D11RHI:    2. 'Microsoft Basic Render Driver' (Feature Level 11_0)
[2018.12.06-19.18.30:462][  0]LogD3D11RHI:       0/0/8128 MB DedicatedVideo/DedicatedSystem/SharedSystem, Outputs:0, VendorId:0x1414
[2018.12.06-19.18.30:462][  0]LogD3D11RHI: Chosen D3D11 Adapter: 0
[2018.12.06-19.18.30:513][  0]LogD3D11RHI: Creating new Direct3DDevice
[2018.12.06-19.18.30:513][  0]LogD3D11RHI:     GPU DeviceId: 0x139b (for the marketing name, search the web for "GPU Device Id")
[2018.12.06-19.18.30:513][  0]LogWindows: EnumDisplayDevices:
[2018.12.06-19.18.30:513][  0]LogWindows:    0. 'Intel(R) HD Graphics 530' (P:1 D:1)
[2018.12.06-19.18.30:513][  0]LogWindows:    1. 'Intel(R) HD Graphics 530' (P:0 D:0)
[2018.12.06-19.18.30:513][  0]LogWindows:    2. 'Intel(R) HD Graphics 530' (P:0 D:0)
[2018.12.06-19.18.30:514][  0]LogWindows: DebugString: PrimaryIsNotTheChoosenAdapter PrimaryIsNotTheChoosenAdapter PrimaryIsNotTheChoosenAdapter FoundDriverCount:0 
[2018.12.06-19.18.30:515][  0]LogD3D11RHI:     Adapter Name: NVIDIA GeForce GTX 960M
[2018.12.06-19.18.30:515][  0]LogD3D11RHI:   Driver Version: Unknown (internal:Unknown, unified:Unknown)
[2018.12.06-19.18.30:515][  0]LogD3D11RHI:      Driver Date: Unknown
[2018.12.06-19.18.30:515][  0]LogRHI: Texture pool is 2839 MB (70% of 4055 MB)
[2018.12.06-19.18.30:579][  0]LogD3D11RHI: Async texture creation enabled
[2018.12.06-19.18.30:633][  0]LogD3D11RHI: GPU Timing Frequency: 1000.000000 (Debug: 2 2)
[2018.12.06-19.18.30:634][  0]LogShaderCompilers: Guid format shader working directory is -11 characters bigger than the processId version (C:/Users/Varun/Documents/Unreal Projects/JungleMaze 4.20/Intermediate/Shaders/WorkingDirectory/40532/).
[2018.12.06-19.18.30:635][  0]LogShaderCompilers: Cleaned the shader compiler working directory 'C:/Users/Varun/AppData/Local/Temp/UnrealShaderWorkingDir/2AF677074B986FED7A236FAC39E2C242/'.
[2018.12.06-19.18.31:081][  0]LogTemp: Display: Loaded TP AllDesktopTargetPlatform
[2018.12.06-19.18.31:104][  0]LogTemp: Display: Loaded TP MacClientTargetPlatform
[2018.12.06-19.18.31:124][  0]LogTemp: Display: Loaded TP MacNoEditorTargetPlatform
[2018.12.06-19.18.31:142][  0]LogTemp: Display: Loaded TP MacServerTargetPlatform
[2018.12.06-19.18.31:159][  0]LogTemp: Display: Loaded TP MacTargetPlatform
[2018.12.06-19.18.31:176][  0]LogTemp: Display: Loaded TP WindowsClientTargetPlatform
[2018.12.06-19.18.31:194][  0]LogTemp: Display: Loaded TP WindowsNoEditorTargetPlatform
[2018.12.06-19.18.31:213][  0]LogTemp: Display: Loaded TP WindowsServerTargetPlatform
[2018.12.06-19.18.31:222][  0]LogTemp: Display: Loaded TP WindowsTargetPlatform
[2018.12.06-19.18.31:347][  0]LogTemp: Display: Loaded TP AndroidTargetPlatform
[2018.12.06-19.18.31:347][  0]LogTemp: Display: Loaded TP AndroidTargetPlatform
[2018.12.06-19.18.31:347][  0]LogTemp: Display: Loaded TP AndroidTargetPlatform
[2018.12.06-19.18.31:347][  0]LogTemp: Display: Loaded TP AndroidTargetPlatform
[2018.12.06-19.18.31:347][  0]LogTemp: Display: Loaded TP AndroidTargetPlatform
[2018.12.06-19.18.31:347][  0]LogTemp: Display: Loaded TP AndroidTargetPlatform
[2018.12.06-19.18.31:347][  0]LogTemp: Display: Loaded TP AndroidTargetPlatform
[2018.12.06-19.18.31:348][  0]LogTemp: Display: Loaded TP AndroidTargetPlatform
[2018.12.06-19.18.31:348][  0]LogTemp: Display: Loaded TP AndroidTargetPlatform
[2018.12.06-19.18.31:348][  0]LogTemp: Display: Loaded TP AndroidTargetPlatform
[2018.12.06-19.18.31:348][  0]LogTemp: Display: Loaded TP AndroidTargetPlatform
[2018.12.06-19.18.31:348][  0]LogTemp: Display: Loaded TP AndroidTargetPlatform
[2018.12.06-19.18.31:348][  0]LogTemp: Display: Loaded TP AndroidTargetPlatform
[2018.12.06-19.18.31:348][  0]LogTemp: Display: Loaded TP AndroidTargetPlatform
[2018.12.06-19.18.31:348][  0]LogTemp: Display: Loaded TP AndroidTargetPlatform
[2018.12.06-19.18.31:348][  0]LogTemp: Display: Loaded TP AndroidTargetPlatform
[2018.12.06-19.18.31:348][  0]LogTemp: Display: Loaded TP AndroidTargetPlatform
[2018.12.06-19.18.31:348][  0]LogTemp: Display: Loaded TP AndroidTargetPlatform
[2018.12.06-19.18.31:360][  0]LogTemp: Display: Loaded TP HTML5TargetPlatform
[2018.12.06-19.18.31:429][  0]LogTemp: Display: Loaded TP IOSTargetPlatform
[2018.12.06-19.18.31:429][  0]LogTemp: Display: Loaded TP IOSTargetPlatform
[2018.12.06-19.18.31:461][  0]LogTemp: Display: Loaded TP TVOSTargetPlatform
[2018.12.06-19.18.31:461][  0]LogTemp: Display: Loaded TP TVOSTargetPlatform
[2018.12.06-19.18.31:475][  0]LogTemp: Display: Loaded TP LinuxClientTargetPlatform
[2018.12.06-19.18.31:490][  0]LogTemp: Display: Loaded TP LinuxNoEditorTargetPlatform
[2018.12.06-19.18.31:508][  0]LogTemp: Display: Loaded TP LinuxServerTargetPlatform
[2018.12.06-19.18.31:531][  0]LogTemp: Display: Loaded TP LinuxTargetPlatform
[2018.12.06-19.18.31:541][  0]LogTemp: Display: Loaded TP LuminTargetPlatform
[2018.12.06-19.18.31:541][  0]LogTargetPlatformManager: Display: Building Assets For Windows
[2018.12.06-19.18.31:618][  0]LogXGEController: Cannot use XGE Controller as Incredibuild is not installed on this machine.
[2018.12.06-19.18.31:618][  0]LogShaderCompilers: Cannot use XGE Shader Compiler as Incredibuild is not installed on this machine.
[2018.12.06-19.18.31:619][  0]LogShaderCompilers: Display: Using Local Shader Compiler.
[2018.12.06-19.18.32:496][  0]LogDerivedDataCache: Display: Max Cache Size: 512 MB
[2018.12.06-19.18.32:563][  0]LogDerivedDataCache: Loaded boot cache 0.07s 71MB C:/Users/Varun/AppData/Local/UnrealEngine/4.20/DerivedDataCache/Boot.ddc.
[2018.12.06-19.18.32:564][  0]LogDerivedDataCache: Display: Loaded Boot cache: C:/Users/Varun/AppData/Local/UnrealEngine/4.20/DerivedDataCache/Boot.ddc
[2018.12.06-19.18.32:564][  0]LogDerivedDataCache: FDerivedDataBackendGraph:  Pak pak cache file C:/Users/Varun/Documents/Unreal Projects/JungleMaze 4.20/DerivedDataCache/DDC.ddp not found, will not use a pak cache.
[2018.12.06-19.18.32:564][  0]LogDerivedDataCache: Unable to find inner node Pak for hierarchical cache Hierarchy.
[2018.12.06-19.18.32:564][  0]LogDerivedDataCache: FDerivedDataBackendGraph:  CompressedPak pak cache file C:/Users/Varun/Documents/Unreal Projects/JungleMaze 4.20/DerivedDataCache/Compressed.ddp not found, will not use a pak cache.
[2018.12.06-19.18.32:564][  0]LogDerivedDataCache: Unable to find inner node CompressedPak for hierarchical cache Hierarchy.
[2018.12.06-19.18.32:583][  0]LogDerivedDataCache: Display: Pak cache opened for reading ../../../Engine/DerivedDataCache/Compressed.ddp.
[2018.12.06-19.18.32:597][  0]LogDerivedDataCache: Using Local data cache path C:/Users/Varun/AppData/Local/UnrealEngine/Common/DerivedDataCache: Writable
[2018.12.06-19.18.32:597][  0]LogDerivedDataCache: Shared data cache path not found in *engine.ini, will not use an Shared cache.
[2018.12.06-19.18.32:597][  0]LogDerivedDataCache: Unable to find inner node Shared for hierarchical cache Hierarchy.
[2018.12.06-19.18.32:618][  0]LogMaterial: Verifying Global Shaders for PCD3D_SM5
[2018.12.06-19.18.32:620][  0]LogSlate: Using FreeType 2.6.0
[2018.12.06-19.18.32:623][  0]LogSlate: SlateFontServices - WITH_FREETYPE: 1, WITH_HARFBUZZ: 1
[2018.12.06-19.18.32:775][  0]LogAssetRegistry: FAssetRegistry took 0.0268 seconds to start up
[2018.12.06-19.18.33:181][  0]LogInit: Selected Device Profile: [Windows]
[2018.12.06-19.18.33:357][  0]LogSimplygon: Simplygon DLL not present - disabling.
[2018.12.06-19.18.33:362][  0]LogMeshReduction: Using SimplygonSwarm for distributed automatic mesh merging
[2018.12.06-19.18.33:362][  0]LogMeshReduction: Using ProxyLODMeshReduction for automatic mesh merging
[2018.12.06-19.18.33:362][  0]LogMeshReduction: Using QuadricMeshReduction for automatic static mesh reduction
[2018.12.06-19.18.33:362][  0]LogMeshReduction: No automatic skeletal mesh reduction module available
[2018.12.06-19.18.33:384][  0]LogNetVersion: JungleMaze 1.0.0, NetCL: 4212847, EngineNetVer: 5, GameNetVer: 0 (Checksum: 723645141)
[2018.12.06-19.18.34:106][  0]LogPackageLocalizationCache: Processed 11 localized package path(s) for 2 prioritized culture(s) in 0.153435 seconds
[2018.12.06-19.18.34:113][  0]LogUObjectArray: 38425 objects as part of root set at end of initial load.
[2018.12.06-19.18.34:113][  0]LogUObjectAllocator: 6690872 out of 0 bytes used by permanent object pool.
[2018.12.06-19.18.34:113][  0]LogUObjectArray: CloseDisregardForGC: 0/0 objects in disregard for GC pool
[2018.12.06-19.18.35:626][  0]LogTcpMessaging: Initializing TcpMessaging bridge
[2018.12.06-19.18.35:641][  0]LogUdpMessaging: Initializing bridge on interface 0.0.0.0:0 to multicast group 230.0.0.1:6666.
[2018.12.06-19.18.35:843][  0]SourceControl: Source control is disabled
[2018.12.06-19.18.35:843][  0]SourceControl: Source control is disabled
[2018.12.06-19.18.35:846][  0]SourceControl: Source control is disabled
[2018.12.06-19.18.35:848][  0]SourceControl: Source control is disabled
[2018.12.06-19.18.36:070][  0]LogAndroidPermission: UAndroidPermissionCallbackProxy::GetInstance
[2018.12.06-19.18.36:157][  0]LogOcInput: OculusInput pre-init called
[2018.12.06-19.18.36:240][  0]LogEngine: Initializing Engine...
[2018.12.06-19.18.36:242][  0]LogHMD: Failed to initialize OpenVR with code 110
[2018.12.06-19.18.36:244][  0]LogStats: UGameplayTagsManager::ConstructGameplayTagTree: ImportINI prefixes -  0.000 s
[2018.12.06-19.18.36:244][  0]LogStats: UGameplayTagsManager::ConstructGameplayTagTree: Construct from data asset -  0.000 s
[2018.12.06-19.18.36:244][  0]LogStats: UGameplayTagsManager::ConstructGameplayTagTree: ImportINI -  0.000 s
[2018.12.06-19.18.36:244][  0]LogStats: UGameplayTagsManager::ConstructGameplayTagTree: GameplayTagTreeChangedEvent.Broadcast -  0.000 s
[2018.12.06-19.18.36:611][  0]LogInit: Initializing FReadOnlyCVARCache
[2018.12.06-19.18.36:626][  0]LogAIModule: Creating AISystem for world Untitled
[2018.12.06-19.18.36:651][  0]LogInit: XAudio2 using 'Speakers / Headphones (Realtek High Definition Audio)' : 2 channels at 48 kHz using 32 bits per sample (channel mask 0x3)
[2018.12.06-19.18.37:135][  0]LogInit: FAudioDevice initialized.
[2018.12.06-19.18.37:136][  0]LogNetVersion: Set ProjectVersion to 1.0.0.0. Version Checksum will be recalculated on next use.
[2018.12.06-19.18.37:327][  0]LogDerivedDataCache: Saved boot cache 0.19s 71MB C:/Users/Varun/AppData/Local/UnrealEngine/4.20/DerivedDataCache/Boot.ddc.
[2018.12.06-19.18.37:355][  0]LogInit: Texture streaming: Enabled
[2018.12.06-19.18.37:376][  0]LogEngineSessionManager: EngineSessionManager initialized
[2018.12.06-19.18.37:399][  0]LogInit: Transaction tracking system initialized
[2018.12.06-19.18.37:425][  0]BlueprintLog: New page: Editor Load
[2018.12.06-19.18.37:510][  0]LocalizationService: Localization service is disabled
[2018.12.06-19.18.37:927][  0]LogCook: Display: Max memory allowance for cook 16384mb min free memory 0mb
[2018.12.06-19.18.37:927][  0]LogCook: Display: Mobile HDR setting 1
[2018.12.06-19.18.37:927][  0]LogGameplayTags: Display: UGameplayTagsManager::DoneAddingNativeTags. DelegateIsBound: 0
[2018.12.06-19.18.37:927][  0]LogStats: UGameplayTagsManager::ConstructGameplayTagTree: ImportINI prefixes -  0.000 s
[2018.12.06-19.18.37:927][  0]LogStats: UGameplayTagsManager::ConstructGameplayTagTree: Construct from data asset -  0.000 s
[2018.12.06-19.18.37:928][  0]LogStats: UGameplayTagsManager::ConstructGameplayTagTree: ImportINI -  0.000 s
[2018.12.06-19.18.37:928][  0]LogStats: UGameplayTagsManager::ConstructGameplayTagTree: GameplayTagTreeChangedEvent.Broadcast -  0.000 s
[2018.12.06-19.18.38:147][  0]LogFileCache: Scanning file cache for directory 'C:/Users/Varun/Documents/Unreal Projects/JungleMaze 4.20/Content/' took 0.05s
[2018.12.06-19.18.38:147][  0]SourceControl: Source control is disabled
[2018.12.06-19.18.38:148][  0]Cmd: MAP LOAD FILE="C:/Users/Varun/Documents/Unreal Projects/JungleMaze 4.20/Content/ThirdPersonBP/Maps/ThirdPersonExampleMap.umap" TEMPLATE=0 SHOWPROGRESS=1 FEATURELEVEL=3
[2018.12.06-19.18.38:149][  0]LightingResults: New page: Lighting Build
[2018.12.06-19.18.38:152][  0]MapCheck: New page: Map Check
[2018.12.06-19.18.38:152][  0]LightingResults: New page: Lighting Build
[2018.12.06-19.18.41:163][  0]LogStaticMesh: Building static mesh Shape_Plane...
[2018.12.06-19.18.41:555][  0]LogStaticMesh: Built static mesh [0.52s] /Game/StarterContent/Shapes/Shape_Plane.Shape_Plane
[2018.12.06-19.18.42:969][  0]LogTexture: Display: Building textures: HQ_Lightmap0_4 (AutoDXT, 128X128)
[2018.12.06-19.18.42:969][  0]LogTexture: Display: Building textures: HQ_Lightmap0_5 (AutoDXT, 64X64)
[2018.12.06-19.18.42:969][  0]LogTexture: Display: Building textures: LQ_Lightmap_0_4 (DXT1, 128X128)
[2018.12.06-19.18.42:969][  0]LogTexture: Display: Building textures: LQ_Lightmap_0_5 (DXT1, 64X64)
[2018.12.06-19.18.42:969][  0]LogTexture: Display: Building textures: HQ_Lightmap1_3 (AutoDXT, 512X512)
[2018.12.06-19.18.42:969][  0]LogTexture: Display: Building textures: HQ_Lightmap1_2 (AutoDXT, 1024X1024)
[2018.12.06-19.18.42:969][  0]LogTexture: Display: Building textures: HQ_Lightmap1_1 (AutoDXT, 1024X1024)
[2018.12.06-19.18.42:969][  0]LogTexture: Display: Building textures: LQ_Lightmap_1_3 (DXT1, 512X512)
[2018.12.06-19.18.42:969][  0]LogTexture: Display: Building textures: LQ_Lightmap_1_2 (DXT1, 1024X1024)
[2018.12.06-19.18.42:969][  0]LogTexture: Display: Building textures: LQ_Lightmap_1_1 (DXT1, 1024X1024)
[2018.12.06-19.18.42:969][  0]LogTexture: Display: Building textures: SkyOcclusion0_4 (AutoDXT, 128X64)
[2018.12.06-19.18.42:969][  0]LogTexture: Display: Building textures: SkyOcclusion0_5 (AutoDXT, 64X32)
[2018.12.06-19.18.42:969][  0]LogTexture: Display: Building textures: SkyOcclusion1_1 (AutoDXT, 1024X512)
[2018.12.06-19.18.42:969][  0]LogTexture: Display: Building textures: SkyOcclusion1_2 (AutoDXT, 1024X512)
[2018.12.06-19.18.42:969][  0]LogTexture: Display: Building textures: SkyOcclusion1_3 (AutoDXT, 512X256)
[2018.12.06-19.18.43:995][  0]LogTexture: Display: Building textures: ShadowMapTexture2D_0 (BGRA8, 1024X1024)
[2018.12.06-19.18.43:995][  0]LogTexture: Display: Building textures: ShadowMapTexture2D_1 (BGRA8, 1024X256)
[2018.12.06-19.18.43:996][  0]LogTexture: Display: Building textures: ShadowMapTexture2D_3 (BGRA8, 64X32)
[2018.12.06-19.18.43:996][  0]LogTexture: Display: Building textures: ShadowMapTexture2D_2 (G8, 64X64)
[2018.12.06-19.18.44:806][  0]LogTexture: Display: Building textures: IMG_4766 (BGRA8, 1093X1093)
[2018.12.06-19.18.44:806][  0]LogMaterial: Display: Missing cached shader map for material M_BaseRoomFloor, compiling. 
[2018.12.06-19.18.45:129][  0]LogShaderCompilers: Display: Shaders left to compile 31
[2018.12.06-19.18.45:130][  0]LogShaderCompilers: Display: Shaders left to compile 21
[2018.12.06-19.18.45:130][  0]LogShaderCompilers: Display: Shaders left to compile 11
[2018.12.06-19.18.45:130][  0]LogShaderCompilers: Display: Shaders left to compile 1
[2018.12.06-19.18.46:870][  0]LogMaterial: Display: Missing cached shader map for material M_Water_Lake, compiling. 
[2018.12.06-19.18.47:308][  0]LogShaderCompilers: Display: Shaders left to compile 31
[2018.12.06-19.18.47:308][  0]LogMaterial: Display: Missing cached shader map for material M_Hologram, compiling. 
[2018.12.06-19.18.47:337][  0]LogMaterial: Display: Missing cached shader map for material M_Glow, compiling. 
[2018.12.06-19.18.47:446][  0]LogAIModule: Creating AISystem for world ThirdPersonExampleMap
[2018.12.06-19.18.47:632][  0]LogEditorServer: Finished looking for orphan Actors (0.000 secs)
[2018.12.06-19.18.47:679][  0]Cmd: MAP CHECKDEP NOCLEARLOG
[2018.12.06-19.18.48:147][  0]LogShaderCompilers: Display: Shaders left to compile 63
[2018.12.06-19.18.48:147][  0]MapCheck: Map check complete: 0 Error(s), 0 Warning(s), took 468.32ms to complete.
[2018.12.06-19.18.48:147][  0]LogFileHelpers: Loading map 'ThirdPersonExampleMap' took 10.002
[2018.12.06-19.18.48:386][  0]LogCollectionManager: Loaded 0 collections in 0.004702 seconds
[2018.12.06-19.18.48:435][  0]LogFileCache: Scanning file cache for directory 'C:/Users/Varun/Documents/Unreal Projects/JungleMaze 4.20/Saved/Collections/' took 0.04s
[2018.12.06-19.18.48:435][  0]LogFileCache: Scanning file cache for directory 'C:/Users/Varun/Documents/Unreal Projects/JungleMaze 4.20/Content/Developers/Varun/Collections/' took 0.01s
[2018.12.06-19.18.48:436][  0]LogFileCache: Scanning file cache for directory 'C:/Users/Varun/Documents/Unreal Projects/JungleMaze 4.20/Content/Collections/' took 0.01s
[2018.12.06-19.18.48:436][  0]LogCollectionManager: Rebuilt the GUID cache for 0 collections in 0.000000 seconds
[2018.12.06-19.18.48:464][  0]LogContentBrowser: Native class hierarchy populated in 0.0280 seconds. Added 2572 classes and 603 folders.
[2018.12.06-19.18.48:489][  0]LogContentBrowser: Native class hierarchy updated for 'WidgetCarousel' in 0.0009 seconds. Added 0 classes and 0 folders.
[2018.12.06-19.18.50:124][  0]LogContentBrowser: Native class hierarchy updated for 'AddContentDialog' in 0.0005 seconds. Added 0 classes and 0 folders.
[2018.12.06-19.18.50:313][  0]LogSlate: Updating window title bar state: overlay mode, drag disabled, window buttons hidden, title bar hidden
[2018.12.06-19.18.50:340][  0]LogSlate: Updating window title bar state: overlay mode, drag disabled, window buttons hidden, title bar hidden
[2018.12.06-19.18.50:365][  0]LogSlate: Updating window title bar state: overlay mode, drag disabled, window buttons hidden, title bar hidden
[2018.12.06-19.18.50:394][  0]LogSlate: Updating window title bar state: overlay mode, drag disabled, window buttons hidden, title bar hidden
[2018.12.06-19.18.50:527][  0]LogContentBrowser: Native class hierarchy updated for 'SceneOutliner' in 0.0006 seconds. Added 1 classes and 2 folders.
[2018.12.06-19.18.50:592][  0]LogSlate: Took 0.000619 seconds to synchronously load lazily loaded font '../../../Engine/Content/Slate/Fonts/Roboto-Regular.ttf' (155K)
[2018.12.06-19.18.50:597][  0]LogSlate: Took 0.000879 seconds to synchronously load lazily loaded font '../../../Engine/Content/Slate/Fonts/Roboto-Bold.ttf' (160K)
[2018.12.06-19.18.50:641][  0]LogSlate: Took 0.041531 seconds to synchronously load lazily loaded font '../../../Engine/Content/Editor/Slate/Fonts/FontAwesome.ttf' (139K)
[2018.12.06-19.18.51:257][  0]LogRenderer: Reallocating scene render targets to support 1920x1080 Format 10 NumSamples 1 (Frame:1).
[2018.12.06-19.18.52:811][  0]LogContentBrowser: Native class hierarchy updated for 'HierarchicalLODOutliner' in 0.0005 seconds. Added 0 classes and 0 folders.
[2018.12.06-19.18.52:811][  0]LogLoad: (Engine Initialization) Total time: 26.84 seconds
[2018.12.06-19.18.52:811][  0]LogLoad: (Engine Initialization) Total Blueprint compile time: 0.00 seconds
[2018.12.06-19.18.52:855][  0]LogSlate: FSceneViewport::OnFocusLost() reason 0
[2018.12.06-19.18.52:857][  0]LogWindowsTextInputMethodSystem: Display: IME system now deactivated.
[2018.12.06-19.18.52:927][  0]LogContentStreaming: Texture pool size now 1000 MB
[2018.12.06-19.18.55:924][ 34]LogShaderCompilers: Display: Shaders left to compile 53
[2018.12.06-19.18.56:361][ 36]LogShaderCompilers: Display: Shaders left to compile 43
[2018.12.06-19.18.57:693][ 44]LogShaderCompilers: Display: Shaders left to compile 33
[2018.12.06-19.18.58:131][ 46]LogFileCache: Retrieving MD5 hashes for directory 'C:/Users/Varun/Documents/Unreal Projects/JungleMaze 4.20/Content/' took 5.26s
[2018.12.06-19.19.00:404][ 58]LogD3D11RHI: Error: Result failed 
 at D:\Build\++UE4\Sync\Engine\Source\Runtime\Windows\D3D11RHI\Private\D3D11Query.cpp:146 
 with error DXGI_ERROR_DEVICE_REMOVED DXGI_ERROR_DEVICE_HUNG
[2018.12.06-19.19.00:404][ 58]LogD3D11RHI: [Aftermath] GDynamicRHI=0000025FB8F2A180, GDX11NVAfterMathEnabled=0, Result=0xFFFFFFFF, bDeviceActive=0
[2018.12.06-19.19.00:404][ 58]LogWindows: Windows GetLastError: The operation completed successfully. (0)
[2018.12.06-19.19.00:721][ 58]LogShaderCompilers: Display: Shaders left to compile 23
[2018.12.06-19.19.00:722][ 58]LogD3D11RHI: Error: Direct3DDevice->CreateShaderResourceView(TextureResource,&SRVDesc,ShaderResourceView.GetInitReference()) failed 
 at D:\Build\++UE4\Sync\Engine\Source\Runtime\Windows\D3D11RHI\Private\D3D11Texture.cpp:1147 
 with error DXGI_ERROR_DEVICE_REMOVED DXGI_ERROR_DEVICE_HUNG
[2018.12.06-19.19.00:722][ 58]LogD3D11RHI: Error: Direct3DDevice->CreateShaderResourceView(TextureResource,&SRVDesc,ShaderResourceView.GetInitReference()) failed 
 at D:\Build\++UE4\Sync\Engine\Source\Runtime\Windows\D3D11RHI\Private\D3D11Texture.cpp:1147 
 with error DXGI_ERROR_DEVICE_REMOVED DXGI_ERROR_DEVICE_HUNG
[2018.12.06-19.19.00:722][ 58]LogD3D11RHI: [Aftermath] GDynamicRHI=0000025FB8F2A180, GDX11NVAfterMathEnabled=0, Result=0xFFFFFFFF, bDeviceActive=0
[2018.12.06-19.19.00:722][ 58]LogD3D11RHI: [Aftermath] GDynamicRHI=0000025FB8F2A180, GDX11NVAfterMathEnabled=0, Result=0xFFFFFFFF, bDeviceActive=0
[2018.12.06-19.19.00:722][ 58]LogWindows: FPlatformMisc::RequestExit(1)
[2018.12.06-19.19.00:722][ 58]LogWindows: FPlatformMisc::RequestExit(1)
[2018.12.06-19.19.00:723][ 58]Log file closed, 12/06/18 14:19:00
