Log file open, 12/06/18 14:19:53
LogWindows: Failed to load 'aqProf.dll' (GetLastError=126)
LogWindows: File 'aqProf.dll' does not exist
LogWindows: Failed to load 'VtuneApi.dll' (GetLastError=126)
LogWindows: File 'VtuneApi.dll' does not exist
LogWindows: Failed to load 'VtuneApi32e.dll' (GetLastError=126)
LogWindows: File 'VtuneApi32e.dll' does not exist
LogInit: Display: Running engine for game: JungleMaze
LogPlatformFile: Not using cached read wrapper
LogTaskGraph: Started task graph with 5 named threads and 23 total threads with 3 sets of task threads.
LogStats: Stats thread started at 0.405557
LogD3D11RHI: Loaded GFSDK_Aftermath_Lib.x64.dll
LogICUInternationalization: Display: ICU TimeZone Detection - Raw Offset: -5:00, Platform Override: ''
LogPluginManager: Mounting plugin Paper2D
LogPluginManager: Mounting plugin AISupport
LogPluginManager: Mounting plugin LightPropagationVolume
LogPluginManager: Mounting plugin CLionSourceCodeAccess
LogPluginManager: Mounting plugin CodeLiteSourceCodeAccess
LogPluginManager: Mounting plugin GitSourceControl
LogPluginManager: Mounting plugin KDevelopSourceCodeAccess
LogPluginManager: Mounting plugin NullSourceCodeAccess
LogPluginManager: Mounting plugin PerforceSourceControl
LogPluginManager: Mounting plugin SubversionSourceControl
LogPluginManager: Mounting plugin UObjectPlugin
LogPluginManager: Mounting plugin VisualStudioCodeSourceCodeAccess
LogPluginManager: Mounting plugin VisualStudioSourceCodeAccess
LogPluginManager: Mounting plugin XCodeSourceCodeAccess
LogPluginManager: Mounting plugin AssetManagerEditor
LogPluginManager: Mounting plugin CryptoKeys
LogPluginManager: Mounting plugin DataValidation
LogPluginManager: Mounting plugin FacialAnimation
LogPluginManager: Mounting plugin GameplayTagsEditor
LogPluginManager: Mounting plugin MacGraphicsSwitching
LogPluginManager: Mounting plugin MeshEditor
LogPluginManager: Mounting plugin MobileLauncherProfileWizard
LogPluginManager: Mounting plugin PluginBrowser
LogPluginManager: Mounting plugin SpeedTreeImporter
LogPluginManager: Mounting plugin DatasmithContent
LogPluginManager: Mounting plugin AlembicImporter
LogPluginManager: Mounting plugin AppleImageUtils
LogPluginManager: Mounting plugin AppleVision
LogPluginManager: Mounting plugin BackChannel
LogPluginManager: Mounting plugin CharacterAI
LogPluginManager: Mounting plugin GeometryCache
LogPluginManager: Mounting plugin HTML5Networking
LogPluginManager: Mounting plugin ProxyLODPlugin
LogPluginManager: Mounting plugin MagicLeap
LogPluginManager: Mounting plugin MagicLeapEmulator
LogPluginManager: Mounting plugin MagicLeapMedia
LogPluginManager: Mounting plugin AndroidMedia
LogPluginManager: Mounting plugin AvfMedia
LogPluginManager: Mounting plugin ImgMedia
LogPluginManager: Mounting plugin LinearTimecode
LogPluginManager: Mounting plugin MediaCompositing
LogPluginManager: Mounting plugin MediaPlayerEditor
LogPluginManager: Mounting plugin WmfMedia
LogPluginManager: Mounting plugin TcpMessaging
LogPluginManager: Mounting plugin UdpMessaging
LogPluginManager: Mounting plugin ActorSequence
LogPluginManager: Mounting plugin LevelSequenceEditor
LogPluginManager: Mounting plugin MatineeToLevelSequence
LogPluginManager: Mounting plugin NetcodeUnitTest
LogPluginManager: Mounting plugin NUTUnrealEngine4
LogPluginManager: Mounting plugin OnlineSubsystemGooglePlay
LogPluginManager: Mounting plugin OnlineSubsystemIOS
LogPluginManager: Mounting plugin OnlineSubsystem
LogPluginManager: Mounting plugin OnlineSubsystemNull
LogPluginManager: Mounting plugin OnlineSubsystemUtils
LogPluginManager: Mounting plugin LauncherChunkInstaller
LogPluginManager: Mounting plugin AndroidDeviceProfileSelector
LogPluginManager: Mounting plugin AndroidMoviePlayer
LogPluginManager: Mounting plugin AndroidPermission
LogPluginManager: Mounting plugin AppleMoviePlayer
LogPluginManager: Mounting plugin ArchVisCharacter
LogPluginManager: Mounting plugin AudioCapture
LogPluginManager: Mounting plugin CableComponent
LogPluginManager: Mounting plugin CustomMeshComponent
LogPluginManager: Mounting plugin EditableMesh
LogPluginManager: Mounting plugin ExampleDeviceProfileSelector
LogPluginManager: Mounting plugin GoogleCloudMessaging
LogPluginManager: Mounting plugin ImmediatePhysics
LogPluginManager: Mounting plugin IOSDeviceProfileSelector
LogPluginManager: Mounting plugin LinuxDeviceProfileSelector
LogPluginManager: Mounting plugin LocationServicesBPLibrary
LogPluginManager: Mounting plugin MobilePatchingUtils
LogPluginManager: Mounting plugin OculusVR
LogPluginManager: Plugin shader directory ../../../Engine/Plugins/Runtime/Oculus/OculusVR/Shaders found
LogPluginManager: Mapping shader source directory ../../../Engine/Plugins/Runtime/Oculus/OculusVR/Shaders to virtual directory /Plugin/OculusVR
LogPluginManager: Mounting plugin PhysXVehicles
LogPluginManager: Mounting plugin ProceduralMeshComponent
LogPluginManager: Mounting plugin RuntimePhysXCooking
LogPluginManager: Mounting plugin SteamVR
LogPluginManager: Mounting plugin WindowsMoviePlayer
LogStreaming: Display: Took  0.240s to configure plugins.
LogInit: Using libcurl 7.55.1-DEV
LogInit:  - built for x86_64-pc-win32
LogInit:  - supports SSL with OpenSSL/1.0.2h
LogInit:  - supports HTTP deflate (compression) using libz 1.2.8
LogInit:  - other features:
LogInit:      CURL_VERSION_SSL
LogInit:      CURL_VERSION_LIBZ
LogInit:      CURL_VERSION_IPV6
LogInit:      CURL_VERSION_ASYNCHDNS
LogInit:      CURL_VERSION_LARGEFILE
LogInit:      CURL_VERSION_IDN
LogInit:  CurlRequestOptions (configurable via config and command line):
LogInit:  - bVerifyPeer = false  - Libcurl will NOT verify peer certificate
LogInit:  - bUseHttpProxy = false  - Libcurl will NOT use HTTP proxy
LogInit:  - bDontReuseConnections = false  - Libcurl will reuse connections
LogInit:  - CertBundlePath = nullptr  - Libcurl will use whatever was configured at build time.
LogInit:  - MaxHostConnections = 16  - Libcurl will limit the number of connections to a host
LogInit:  - LocalHostAddr = Default
LogInit:  - BufferSize = 65536
LogInit: WinSock: version 1.1 (2.2), MaxSocks=32767, MaxUdp=65467
LogInit: Build: ++UE4+Release-4.20-CL-4369336
LogInit: Engine Version: 4.20.3-4369336+++UE4+Release-4.20
LogInit: Compatible Engine Version: 4.20.0-4212847+++UE4+Release-4.20
LogInit: Net CL: 4212847
LogInit: OS: Windows 10 (), CPU: Intel(R) Core(TM) i7-6700HQ CPU @ 2.60GHz, GPU: Intel(R) HD Graphics 530
LogInit: Compiled (64-bit): Sep 17 2018 12:26:19
LogInit: Compiled with Visual C++: 19.13.26129.00
LogInit: Build Configuration: Development
LogInit: Branch Name: ++UE4+Release-4.20
LogInit: Command Line: 
LogInit: Base Directory: D:/EpicGames/Games/UE_4.20/Engine/Binaries/Win64/
LogInit: Installed Engine Build: 1
LogDevObjectVersion: Number of dev versions registered: 20
LogDevObjectVersion:   Dev-Blueprints (B0D832E4-1F89-4F0D-ACCF-7EB736FD4AA2): 10
LogDevObjectVersion:   Dev-Build (E1C64328-A22C-4D53-A36C-8E866417BD8C): 0
LogDevObjectVersion:   Dev-Core (375EC13C-06E4-48FB-B500-84F0262A717E): 2
LogDevObjectVersion:   Dev-Editor (E4B068ED-F494-42E9-A231-DA0B2E46BB41): 24
LogDevObjectVersion:   Dev-Framework (CFFC743F-43B0-4480-9391-14DF171D2073): 34
LogDevObjectVersion:   Dev-Mobile (B02B49B5-BB20-44E9-A304-32B752E40360): 2
LogDevObjectVersion:   Dev-Networking (A4E4105C-59A1-49B5-A7C5-40C4547EDFEE): 0
LogDevObjectVersion:   Dev-Online (39C831C9-5AE6-47DC-9A44-9C173E1C8E7C): 0
LogDevObjectVersion:   Dev-Physics (78F01B33-EBEA-4F98-B9B4-84EACCB95AA2): 0
LogDevObjectVersion:   Dev-Platform (6631380F-2D4D-43E0-8009-CF276956A95A): 0
LogDevObjectVersion:   Dev-Rendering (12F88B9F-8875-4AFC-A67C-D90C383ABD29): 26
LogDevObjectVersion:   Dev-Sequencer (7B5AE74C-D270-4C10-A958-57980B212A5A): 9
LogDevObjectVersion:   Dev-VR (D7296918-1DD6-4BDD-9DE2-64A83CC13884): 2
LogDevObjectVersion:   Dev-LoadTimes (C2A15278-BFE7-4AFE-6C17-90FF531DF755): 1
LogDevObjectVersion:   Private-Geometry (6EACA3D4-40EC-4CC1-B786-8BED09428FC5): 3
LogDevObjectVersion:   Dev-AnimPhys (29E575DD-E0A3-4627-9D10-D276232CDCEA): 17
LogDevObjectVersion:   Dev-ReflectionCapture (6B266CEC-1EC7-4B8F-A30B-E4D90942FC07): 1
LogDevObjectVersion:   Dev-Automation (0DF73D61-A23F-47EA-B727-89E90C41499A): 1
LogDevObjectVersion:   FortniteMain (601D1886-AC64-4F84-AA16-D3DE0DEAC7D6): 12
LogDevObjectVersion:   Dev-Enterprise (9DFFBCD6-494F-0158-E221-12823C92A888): 1
LogStreaming: Display: Took  0.010s to delete old logs.
LogInit: Presizing for max 8388607 objects, including 0 objects not considered by GC, pre-allocating 0 bytes for permanent pool.
LogInit: Object subsystem initialized
[2018.12.06-19.19.53:701][  0]LogInit: Selected Device Profile: [Windows]
[2018.12.06-19.19.53:701][  0]LogInit: Applying CVar settings loaded from the selected device profile: [Windows]
[2018.12.06-19.19.53:726][  0]LogHAL: Display: Platform has ~ 16 GB [17046654976 / 17179869184 / 16], which maps to Larger [LargestMinGB=32, LargerMinGB=12, DefaultMinGB=8, SmallerMinGB=6, SmallestMinGB=0)
[2018.12.06-19.19.53:726][  0]LogInit: Setting Device Profile CVar: [[r.Vulkan.UseRealUBs:1]]
[2018.12.06-19.19.53:726][  0]LogInit: Going up to parent DeviceProfile []
[2018.12.06-19.19.53:727][  0]LogInit: Computer: VARUNMW01
[2018.12.06-19.19.53:727][  0]LogInit: User: Varun
[2018.12.06-19.19.53:727][  0]LogInit: CPU Page size=4096, Cores=4
[2018.12.06-19.19.53:727][  0]LogInit: High frequency timer resolution =2.531247 MHz
[2018.12.06-19.19.53:727][  0]LogMemory: Memory total: Physical=15.9GB (16GB approx)
[2018.12.06-19.19.53:727][  0]LogMemory: Platform Memory Stats for Windows
[2018.12.06-19.19.53:727][  0]LogMemory: Process Physical Memory: 100.25 MB used, 100.25 MB peak
[2018.12.06-19.19.53:727][  0]LogMemory: Process Virtual Memory: 91.07 MB used, 91.07 MB peak
[2018.12.06-19.19.53:727][  0]LogMemory: Physical Memory: 9723.45 MB used,  6533.50 MB free, 16256.96 MB total
[2018.12.06-19.19.53:727][  0]LogMemory: Virtual Memory: 4645.25 MB used,  6533.50 MB free, 134217728.00 MB total
[2018.12.06-19.19.53:773][  0]LogInit: Using OS detected language (en-US).
[2018.12.06-19.19.53:773][  0]LogInit: Using OS detected locale (en-US).
[2018.12.06-19.19.53:774][  0]LogTextLocalizationManager: No specific localization for 'en-US' exists, so the 'en' localization will be used.
[2018.12.06-19.19.54:253][  0]LogStreaming: Display: Took  0.481s to InitEngineTextLocalization.
[2018.12.06-19.19.54:253][  0]LogInit: Setting process to per monitor DPI aware
[2018.12.06-19.19.54:284][  0]LogSlate: New Slate User Created.  User Index 0, Is Virtual User: 0
[2018.12.06-19.19.54:284][  0]LogSlate: Slate User Registered.  User Index 0, Is Virtual User: 0
[2018.12.06-19.19.54:912][  0]LogHMD: Failed to initialize OpenVR with code 110
[2018.12.06-19.19.54:912][  0]LogD3D11RHI: D3D11 adapters:
[2018.12.06-19.19.55:015][  0]LogD3D11RHI:    0. 'NVIDIA GeForce GTX 960M' (Feature Level 11_0)
[2018.12.06-19.19.55:015][  0]LogD3D11RHI:       4055/0/8128 MB DedicatedVideo/DedicatedSystem/SharedSystem, Outputs:1, VendorId:0x10de
[2018.12.06-19.19.55:050][  0]LogD3D11RHI:    1. 'Intel(R) HD Graphics 530' (Feature Level 11_0)
[2018.12.06-19.19.55:050][  0]LogD3D11RHI:       128/0/8128 MB DedicatedVideo/DedicatedSystem/SharedSystem, Outputs:0, VendorId:0x8086
[2018.12.06-19.19.55:054][  0]LogD3D11RHI:    2. 'Microsoft Basic Render Driver' (Feature Level 11_0)
[2018.12.06-19.19.55:054][  0]LogD3D11RHI:       0/0/8128 MB DedicatedVideo/DedicatedSystem/SharedSystem, Outputs:0, VendorId:0x1414
[2018.12.06-19.19.55:054][  0]LogD3D11RHI: Chosen D3D11 Adapter: 0
[2018.12.06-19.19.55:115][  0]LogD3D11RHI: Creating new Direct3DDevice
[2018.12.06-19.19.55:115][  0]LogD3D11RHI:     GPU DeviceId: 0x139b (for the marketing name, search the web for "GPU Device Id")
[2018.12.06-19.19.55:115][  0]LogWindows: EnumDisplayDevices:
[2018.12.06-19.19.55:115][  0]LogWindows:    0. 'Intel(R) HD Graphics 530' (P:1 D:1)
[2018.12.06-19.19.55:116][  0]LogWindows:    1. 'Intel(R) HD Graphics 530' (P:0 D:0)
[2018.12.06-19.19.55:116][  0]LogWindows:    2. 'Intel(R) HD Graphics 530' (P:0 D:0)
[2018.12.06-19.19.55:117][  0]LogWindows: DebugString: PrimaryIsNotTheChoosenAdapter PrimaryIsNotTheChoosenAdapter PrimaryIsNotTheChoosenAdapter FoundDriverCount:0 
[2018.12.06-19.19.55:117][  0]LogD3D11RHI:     Adapter Name: NVIDIA GeForce GTX 960M
[2018.12.06-19.19.55:117][  0]LogD3D11RHI:   Driver Version: Unknown (internal:Unknown, unified:Unknown)
[2018.12.06-19.19.55:117][  0]LogD3D11RHI:      Driver Date: Unknown
[2018.12.06-19.19.55:117][  0]LogRHI: Texture pool is 2839 MB (70% of 4055 MB)
[2018.12.06-19.19.55:184][  0]LogD3D11RHI: Async texture creation enabled
[2018.12.06-19.19.55:240][  0]LogD3D11RHI: GPU Timing Frequency: 1000.000000 (Debug: 2 2)
[2018.12.06-19.19.55:242][  0]LogShaderCompilers: Guid format shader working directory is -11 characters bigger than the processId version (C:/Users/Varun/Documents/Unreal Projects/JungleMaze 4.20/Intermediate/Shaders/WorkingDirectory/28648/).
[2018.12.06-19.19.55:242][  0]LogShaderCompilers: Cleaned the shader compiler working directory 'C:/Users/Varun/AppData/Local/Temp/UnrealShaderWorkingDir/9AEA804A49F9EA593EF22F838E2A1213/'.
[2018.12.06-19.19.55:689][  0]LogTemp: Display: Loaded TP AllDesktopTargetPlatform
[2018.12.06-19.19.55:709][  0]LogTemp: Display: Loaded TP MacClientTargetPlatform
[2018.12.06-19.19.55:731][  0]LogTemp: Display: Loaded TP MacNoEditorTargetPlatform
[2018.12.06-19.19.55:748][  0]LogTemp: Display: Loaded TP MacServerTargetPlatform
[2018.12.06-19.19.55:769][  0]LogTemp: Display: Loaded TP MacTargetPlatform
[2018.12.06-19.19.55:790][  0]LogTemp: Display: Loaded TP WindowsClientTargetPlatform
[2018.12.06-19.19.55:810][  0]LogTemp: Display: Loaded TP WindowsNoEditorTargetPlatform
[2018.12.06-19.19.55:831][  0]LogTemp: Display: Loaded TP WindowsServerTargetPlatform
[2018.12.06-19.19.55:844][  0]LogTemp: Display: Loaded TP WindowsTargetPlatform
[2018.12.06-19.19.55:958][  0]LogTemp: Display: Loaded TP AndroidTargetPlatform
[2018.12.06-19.19.55:958][  0]LogTemp: Display: Loaded TP AndroidTargetPlatform
[2018.12.06-19.19.55:958][  0]LogTemp: Display: Loaded TP AndroidTargetPlatform
[2018.12.06-19.19.55:958][  0]LogTemp: Display: Loaded TP AndroidTargetPlatform
[2018.12.06-19.19.55:958][  0]LogTemp: Display: Loaded TP AndroidTargetPlatform
[2018.12.06-19.19.55:958][  0]LogTemp: Display: Loaded TP AndroidTargetPlatform
[2018.12.06-19.19.55:959][  0]LogTemp: Display: Loaded TP AndroidTargetPlatform
[2018.12.06-19.19.55:959][  0]LogTemp: Display: Loaded TP AndroidTargetPlatform
[2018.12.06-19.19.55:959][  0]LogTemp: Display: Loaded TP AndroidTargetPlatform
[2018.12.06-19.19.55:959][  0]LogTemp: Display: Loaded TP AndroidTargetPlatform
[2018.12.06-19.19.55:959][  0]LogTemp: Display: Loaded TP AndroidTargetPlatform
[2018.12.06-19.19.55:959][  0]LogTemp: Display: Loaded TP AndroidTargetPlatform
[2018.12.06-19.19.55:959][  0]LogTemp: Display: Loaded TP AndroidTargetPlatform
[2018.12.06-19.19.55:959][  0]LogTemp: Display: Loaded TP AndroidTargetPlatform
[2018.12.06-19.19.55:959][  0]LogTemp: Display: Loaded TP AndroidTargetPlatform
[2018.12.06-19.19.55:959][  0]LogTemp: Display: Loaded TP AndroidTargetPlatform
[2018.12.06-19.19.55:959][  0]LogTemp: Display: Loaded TP AndroidTargetPlatform
[2018.12.06-19.19.55:959][  0]LogTemp: Display: Loaded TP AndroidTargetPlatform
[2018.12.06-19.19.55:961][  0]LogTemp: Display: Loaded TP HTML5TargetPlatform
[2018.12.06-19.19.56:036][  0]LogTemp: Display: Loaded TP IOSTargetPlatform
[2018.12.06-19.19.56:036][  0]LogTemp: Display: Loaded TP IOSTargetPlatform
[2018.12.06-19.19.56:070][  0]LogTemp: Display: Loaded TP TVOSTargetPlatform
[2018.12.06-19.19.56:070][  0]LogTemp: Display: Loaded TP TVOSTargetPlatform
[2018.12.06-19.19.56:087][  0]LogTemp: Display: Loaded TP LinuxClientTargetPlatform
[2018.12.06-19.19.56:106][  0]LogTemp: Display: Loaded TP LinuxNoEditorTargetPlatform
[2018.12.06-19.19.56:125][  0]LogTemp: Display: Loaded TP LinuxServerTargetPlatform
[2018.12.06-19.19.56:145][  0]LogTemp: Display: Loaded TP LinuxTargetPlatform
[2018.12.06-19.19.56:161][  0]LogTemp: Display: Loaded TP LuminTargetPlatform
[2018.12.06-19.19.56:161][  0]LogTargetPlatformManager: Display: Building Assets For Windows
[2018.12.06-19.19.56:236][  0]LogXGEController: Cannot use XGE Controller as Incredibuild is not installed on this machine.
[2018.12.06-19.19.56:236][  0]LogShaderCompilers: Cannot use XGE Shader Compiler as Incredibuild is not installed on this machine.
[2018.12.06-19.19.56:236][  0]LogShaderCompilers: Display: Using Local Shader Compiler.
[2018.12.06-19.19.57:319][  0]LogDerivedDataCache: Display: Max Cache Size: 512 MB
[2018.12.06-19.19.57:396][  0]LogDerivedDataCache: Loaded boot cache 0.08s 71MB C:/Users/Varun/AppData/Local/UnrealEngine/4.20/DerivedDataCache/Boot.ddc.
[2018.12.06-19.19.57:397][  0]LogDerivedDataCache: Display: Loaded Boot cache: C:/Users/Varun/AppData/Local/UnrealEngine/4.20/DerivedDataCache/Boot.ddc
[2018.12.06-19.19.57:397][  0]LogDerivedDataCache: FDerivedDataBackendGraph:  Pak pak cache file C:/Users/Varun/Documents/Unreal Projects/JungleMaze 4.20/DerivedDataCache/DDC.ddp not found, will not use a pak cache.
[2018.12.06-19.19.57:397][  0]LogDerivedDataCache: Unable to find inner node Pak for hierarchical cache Hierarchy.
[2018.12.06-19.19.57:397][  0]LogDerivedDataCache: FDerivedDataBackendGraph:  CompressedPak pak cache file C:/Users/Varun/Documents/Unreal Projects/JungleMaze 4.20/DerivedDataCache/Compressed.ddp not found, will not use a pak cache.
[2018.12.06-19.19.57:397][  0]LogDerivedDataCache: Unable to find inner node CompressedPak for hierarchical cache Hierarchy.
[2018.12.06-19.19.57:412][  0]LogDerivedDataCache: Display: Pak cache opened for reading ../../../Engine/DerivedDataCache/Compressed.ddp.
[2018.12.06-19.19.57:426][  0]LogDerivedDataCache: Using Local data cache path C:/Users/Varun/AppData/Local/UnrealEngine/Common/DerivedDataCache: Writable
[2018.12.06-19.19.57:426][  0]LogDerivedDataCache: Shared data cache path not found in *engine.ini, will not use an Shared cache.
[2018.12.06-19.19.57:426][  0]LogDerivedDataCache: Unable to find inner node Shared for hierarchical cache Hierarchy.
[2018.12.06-19.19.57:450][  0]LogMaterial: Verifying Global Shaders for PCD3D_SM5
[2018.12.06-19.19.57:451][  0]LogSlate: Using FreeType 2.6.0
[2018.12.06-19.19.57:453][  0]LogSlate: SlateFontServices - WITH_FREETYPE: 1, WITH_HARFBUZZ: 1
[2018.12.06-19.19.57:568][  0]LogAssetRegistry: FAssetRegistry took 0.0271 seconds to start up
[2018.12.06-19.19.58:106][  0]LogInit: Selected Device Profile: [Windows]
[2018.12.06-19.19.58:302][  0]LogSimplygon: Simplygon DLL not present - disabling.
[2018.12.06-19.19.58:308][  0]LogMeshReduction: Using SimplygonSwarm for distributed automatic mesh merging
[2018.12.06-19.19.58:309][  0]LogMeshReduction: Using ProxyLODMeshReduction for automatic mesh merging
[2018.12.06-19.19.58:309][  0]LogMeshReduction: Using QuadricMeshReduction for automatic static mesh reduction
[2018.12.06-19.19.58:309][  0]LogMeshReduction: No automatic skeletal mesh reduction module available
[2018.12.06-19.19.58:330][  0]LogNetVersion: JungleMaze 1.0.0, NetCL: 4212847, EngineNetVer: 5, GameNetVer: 0 (Checksum: 723645141)
[2018.12.06-19.19.59:310][  0]LogPackageLocalizationCache: Processed 11 localized package path(s) for 2 prioritized culture(s) in 0.293140 seconds
[2018.12.06-19.19.59:324][  0]LogUObjectArray: 38425 objects as part of root set at end of initial load.
[2018.12.06-19.19.59:324][  0]LogUObjectAllocator: 6690872 out of 0 bytes used by permanent object pool.
[2018.12.06-19.19.59:324][  0]LogUObjectArray: CloseDisregardForGC: 0/0 objects in disregard for GC pool
[2018.12.06-19.20.01:372][  0]LogTcpMessaging: Initializing TcpMessaging bridge
[2018.12.06-19.20.01:387][  0]LogUdpMessaging: Initializing bridge on interface 0.0.0.0:0 to multicast group 230.0.0.1:6666.
[2018.12.06-19.20.01:568][  0]SourceControl: Source control is disabled
[2018.12.06-19.20.01:568][  0]SourceControl: Source control is disabled
[2018.12.06-19.20.01:571][  0]SourceControl: Source control is disabled
[2018.12.06-19.20.01:574][  0]SourceControl: Source control is disabled
[2018.12.06-19.20.01:783][  0]LogAndroidPermission: UAndroidPermissionCallbackProxy::GetInstance
[2018.12.06-19.20.01:874][  0]LogOcInput: OculusInput pre-init called
[2018.12.06-19.20.01:967][  0]LogEngine: Initializing Engine...
[2018.12.06-19.20.01:968][  0]LogHMD: Failed to initialize OpenVR with code 110
[2018.12.06-19.20.01:971][  0]LogStats: UGameplayTagsManager::ConstructGameplayTagTree: ImportINI prefixes -  0.000 s
[2018.12.06-19.20.01:971][  0]LogStats: UGameplayTagsManager::ConstructGameplayTagTree: Construct from data asset -  0.000 s
[2018.12.06-19.20.01:971][  0]LogStats: UGameplayTagsManager::ConstructGameplayTagTree: ImportINI -  0.000 s
[2018.12.06-19.20.01:971][  0]LogStats: UGameplayTagsManager::ConstructGameplayTagTree: GameplayTagTreeChangedEvent.Broadcast -  0.000 s
[2018.12.06-19.20.02:275][  0]LogInit: Initializing FReadOnlyCVARCache
[2018.12.06-19.20.02:290][  0]LogAIModule: Creating AISystem for world Untitled
[2018.12.06-19.20.02:317][  0]LogInit: XAudio2 using 'Speakers / Headphones (Realtek High Definition Audio)' : 2 channels at 48 kHz using 32 bits per sample (channel mask 0x3)
[2018.12.06-19.20.02:365][  0]LogInit: FAudioDevice initialized.
[2018.12.06-19.20.02:366][  0]LogNetVersion: Set ProjectVersion to 1.0.0.0. Version Checksum will be recalculated on next use.
[2018.12.06-19.20.02:543][  0]LogDerivedDataCache: Saved boot cache 0.18s 71MB C:/Users/Varun/AppData/Local/UnrealEngine/4.20/DerivedDataCache/Boot.ddc.
[2018.12.06-19.20.02:559][  0]LogInit: Texture streaming: Enabled
[2018.12.06-19.20.02:583][  0]LogEngineSessionManager: EngineSessionManager initialized
[2018.12.06-19.20.02:610][  0]LogInit: Transaction tracking system initialized
[2018.12.06-19.20.02:638][  0]BlueprintLog: New page: Editor Load
[2018.12.06-19.20.02:740][  0]LocalizationService: Localization service is disabled
[2018.12.06-19.20.03:085][  0]LogCook: Display: Max memory allowance for cook 16384mb min free memory 0mb
[2018.12.06-19.20.03:085][  0]LogCook: Display: Mobile HDR setting 1
[2018.12.06-19.20.03:085][  0]LogGameplayTags: Display: UGameplayTagsManager::DoneAddingNativeTags. DelegateIsBound: 0
[2018.12.06-19.20.03:085][  0]LogStats: UGameplayTagsManager::ConstructGameplayTagTree: ImportINI prefixes -  0.000 s
[2018.12.06-19.20.03:085][  0]LogStats: UGameplayTagsManager::ConstructGameplayTagTree: Construct from data asset -  0.000 s
[2018.12.06-19.20.03:086][  0]LogStats: UGameplayTagsManager::ConstructGameplayTagTree: ImportINI -  0.000 s
[2018.12.06-19.20.03:086][  0]LogStats: UGameplayTagsManager::ConstructGameplayTagTree: GameplayTagTreeChangedEvent.Broadcast -  0.000 s
[2018.12.06-19.20.03:275][  0]LogFileCache: Scanning file cache for directory 'C:/Users/Varun/Documents/Unreal Projects/JungleMaze 4.20/Content/' took 0.05s
[2018.12.06-19.20.03:275][  0]SourceControl: Source control is disabled
[2018.12.06-19.20.03:276][  0]Cmd: MAP LOAD FILE="C:/Users/Varun/Documents/Unreal Projects/JungleMaze 4.20/Content/ThirdPersonBP/Maps/ThirdPersonExampleMap.umap" TEMPLATE=0 SHOWPROGRESS=1 FEATURELEVEL=3
[2018.12.06-19.20.03:277][  0]LightingResults: New page: Lighting Build
[2018.12.06-19.20.03:284][  0]MapCheck: New page: Map Check
[2018.12.06-19.20.03:284][  0]LightingResults: New page: Lighting Build
[2018.12.06-19.20.05:190][  0]LogMaterial: Display: Missing cached shader map for material M_Hologram, compiling. 
[2018.12.06-19.20.05:221][  0]LogMaterial: Display: Missing cached shader map for material M_Glow, compiling. 
[2018.12.06-19.20.05:433][  0]LogShaderCompilers: Display: Shaders left to compile 11
[2018.12.06-19.20.05:433][  0]LogShaderCompilers: Display: Shaders left to compile 1
[2018.12.06-19.20.05:433][  0]LogShaderCompilers: Display: Shaders left to compile 31
[2018.12.06-19.20.05:433][  0]LogShaderCompilers: Display: Shaders left to compile 21
[2018.12.06-19.20.05:433][  0]LogShaderCompilers: Display: Shaders left to compile 11
[2018.12.06-19.20.05:433][  0]LogMaterial: Display: Missing cached shader map for material M_BaseRoomFloor, compiling. 
[2018.12.06-19.20.05:497][  0]LogMaterial: Display: Missing cached shader map for material M_Water_Lake, compiling. 
[2018.12.06-19.20.05:781][  0]LogAIModule: Creating AISystem for world ThirdPersonExampleMap
[2018.12.06-19.20.05:913][  0]LogEditorServer: Finished looking for orphan Actors (0.000 secs)
[2018.12.06-19.20.05:964][  0]Cmd: MAP CHECKDEP NOCLEARLOG
[2018.12.06-19.20.06:305][  0]LogShaderCompilers: Display: Shaders left to compile 63
[2018.12.06-19.20.06:306][  0]MapCheck: Map check complete: 0 Error(s), 0 Warning(s), took 340.563ms to complete.
[2018.12.06-19.20.06:306][  0]LogFileHelpers: Loading map 'ThirdPersonExampleMap' took 3.031
[2018.12.06-19.20.06:421][  0]LogCollectionManager: Loaded 0 collections in 0.002107 seconds
[2018.12.06-19.20.06:469][  0]LogFileCache: Scanning file cache for directory 'C:/Users/Varun/Documents/Unreal Projects/JungleMaze 4.20/Saved/Collections/' took 0.01s
[2018.12.06-19.20.06:469][  0]LogFileCache: Scanning file cache for directory 'C:/Users/Varun/Documents/Unreal Projects/JungleMaze 4.20/Content/Developers/Varun/Collections/' took 0.01s
[2018.12.06-19.20.06:469][  0]LogFileCache: Scanning file cache for directory 'C:/Users/Varun/Documents/Unreal Projects/JungleMaze 4.20/Content/Collections/' took 0.01s
[2018.12.06-19.20.06:469][  0]LogCollectionManager: Rebuilt the GUID cache for 0 collections in 0.000000 seconds
[2018.12.06-19.20.06:487][  0]LogContentBrowser: Native class hierarchy populated in 0.0171 seconds. Added 2572 classes and 603 folders.
[2018.12.06-19.20.06:496][  0]LogContentBrowser: Native class hierarchy updated for 'WidgetCarousel' in 0.0004 seconds. Added 0 classes and 0 folders.
[2018.12.06-19.20.06:605][  0]LogContentBrowser: Native class hierarchy updated for 'AddContentDialog' in 0.0005 seconds. Added 0 classes and 0 folders.
[2018.12.06-19.20.06:640][  0]LogSlate: Updating window title bar state: overlay mode, drag disabled, window buttons hidden, title bar hidden
[2018.12.06-19.20.06:654][  0]LogSlate: Updating window title bar state: overlay mode, drag disabled, window buttons hidden, title bar hidden
[2018.12.06-19.20.06:668][  0]LogSlate: Updating window title bar state: overlay mode, drag disabled, window buttons hidden, title bar hidden
[2018.12.06-19.20.06:681][  0]LogSlate: Updating window title bar state: overlay mode, drag disabled, window buttons hidden, title bar hidden
[2018.12.06-19.20.06:692][  0]LogContentBrowser: Native class hierarchy updated for 'SceneOutliner' in 0.0005 seconds. Added 1 classes and 2 folders.
[2018.12.06-19.20.06:720][  0]LogSlate: Took 0.000523 seconds to synchronously load lazily loaded font '../../../Engine/Content/Slate/Fonts/Roboto-Regular.ttf' (155K)
[2018.12.06-19.20.06:724][  0]LogSlate: Took 0.000574 seconds to synchronously load lazily loaded font '../../../Engine/Content/Slate/Fonts/Roboto-Bold.ttf' (160K)
[2018.12.06-19.20.06:727][  0]LogSlate: Took 0.000719 seconds to synchronously load lazily loaded font '../../../Engine/Content/Editor/Slate/Fonts/FontAwesome.ttf' (139K)
[2018.12.06-19.20.06:928][  0]LogRenderer: Reallocating scene render targets to support 1920x1080 Format 10 NumSamples 1 (Frame:1).
[2018.12.06-19.20.07:463][  0]LogContentBrowser: Native class hierarchy updated for 'HierarchicalLODOutliner' in 0.0005 seconds. Added 0 classes and 0 folders.
[2018.12.06-19.20.07:463][  0]LogLoad: (Engine Initialization) Total time: 16.37 seconds
[2018.12.06-19.20.07:463][  0]LogLoad: (Engine Initialization) Total Blueprint compile time: 0.00 seconds
[2018.12.06-19.20.07:590][  0]LogContentStreaming: Texture pool size now 1000 MB
[2018.12.06-19.20.08:681][  6]LogAssetRegistry: Asset discovery search completed in 11.1390 seconds
[2018.12.06-19.20.08:725][  6]LogCollectionManager: Rebuilt the object cache for 0 collections in 0.000001 seconds (found 0 objects)
[2018.12.06-19.20.08:725][  6]LogCollectionManager: Fixed up redirectors for 0 collections in 0.000100 seconds (updated 0 objects)
[2018.12.06-19.20.09:053][  7]LogShaderCompilers: Display: Shaders left to compile 53
[2018.12.06-19.20.10:200][ 21]LogShaderCompilers: Display: Shaders left to compile 43
[2018.12.06-19.20.11:882][ 31]LogShaderCompilers: Display: Shaders left to compile 33
[2018.12.06-19.20.12:831][ 36]LogFileCache: Retrieving MD5 hashes for directory 'C:/Users/Varun/Documents/Unreal Projects/JungleMaze 4.20/Content/' took 5.33s
[2018.12.06-19.20.13:963][ 44]LogShaderCompilers: Display: Shaders left to compile 23
[2018.12.06-19.20.15:174][ 51]LogShaderCompilers: Display: Shaders left to compile 13
[2018.12.06-19.20.15:319][ 52]LogShaderCompilers: Display: Shaders left to compile 3
[2018.12.06-19.21.43:187][363]LogSlate: Took 0.037642 seconds to synchronously load lazily loaded font '../../../Engine/Content/Slate/Fonts/Roboto-Light.ttf' (167K)
[2018.12.06-19.21.46:576][384]LogSlate: FSceneViewport::OnFocusLost() reason 0
[2018.12.06-19.21.51:435][571]LogBlueprintUserMessages: Early PlayInEditor Detection: Level '/Game/ThirdPersonBP/Maps/ThirdPersonExampleMap.ThirdPersonExampleMap:PersistentLevel' has LevelScriptBlueprint '/Game/ThirdPersonBP/Maps/ThirdPersonExampleMap.ThirdPersonExampleMap:PersistentLevel.ThirdPersonExampleMap' with GeneratedClass '/Game/ThirdPersonBP/Maps/ThirdPersonExampleMap.ThirdPersonExampleMap_C' with ClassGeneratedBy '/Game/ThirdPersonBP/Maps/ThirdPersonExampleMap.ThirdPersonExampleMap:PersistentLevel.ThirdPersonExampleMap'
[2018.12.06-19.21.51:435][571]LogPlayLevel: PlayLevel: No blueprints needed recompiling
[2018.12.06-19.21.51:450][571]PIE: New page: PIE session: ThirdPersonExampleMap (Dec 6, 2018, 9:21:51 AM)
[2018.12.06-19.21.51:450][571]LogPlayLevel: Creating play world package: /Game/ThirdPersonBP/Maps/UEDPIE_0_ThirdPersonExampleMap
[2018.12.06-19.21.51:569][571]LogPlayLevel: PIE: StaticDuplicateObject took: (0.118587s)
[2018.12.06-19.21.51:570][571]LogAIModule: Creating AISystem for world ThirdPersonExampleMap
[2018.12.06-19.21.51:571][571]LogPlayLevel: PIE: World Init took: (0.001855s)
[2018.12.06-19.21.51:571][571]LogPlayLevel: PIE: Created PIE world by copying editor world from /Game/ThirdPersonBP/Maps/ThirdPersonExampleMap.ThirdPersonExampleMap to /Game/ThirdPersonBP/Maps/UEDPIE_0_ThirdPersonExampleMap.ThirdPersonExampleMap (0.120981s)
[2018.12.06-19.21.51:639][571]LogInit: XAudio2 using 'Speakers / Headphones (Realtek High Definition Audio)' : 2 channels at 48 kHz using 32 bits per sample (channel mask 0x3)
[2018.12.06-19.21.51:710][571]LogInit: FAudioDevice initialized.
[2018.12.06-19.21.51:771][571]LogLoad: Game class is 'ThirdPersonGameMode_C'
[2018.12.06-19.21.51:792][571]LogWorld: Bringing World /Game/ThirdPersonBP/Maps/UEDPIE_0_ThirdPersonExampleMap.ThirdPersonExampleMap up for play (max tick rate 0) at 2018.12.06-14.21.51
[2018.12.06-19.21.51:795][571]LogWorld: Bringing up level for play took: 0.020460
[2018.12.06-19.21.51:818][571]LogContentBrowser: Native class hierarchy updated for 'MovieSceneCapture' in 0.0006 seconds. Added 10 classes and 0 folders.
[2018.12.06-19.21.51:820][571]PIE: Play in editor start time for /Game/ThirdPersonBP/Maps/UEDPIE_0_ThirdPersonExampleMap 0.077
[2018.12.06-19.21.51:820][571]LogBlueprintUserMessages: Late PlayInEditor Detection: Level '/Game/ThirdPersonBP/Maps/ThirdPersonExampleMap.ThirdPersonExampleMap:PersistentLevel' has LevelScriptBlueprint '/Game/ThirdPersonBP/Maps/ThirdPersonExampleMap.ThirdPersonExampleMap:PersistentLevel.ThirdPersonExampleMap' with GeneratedClass '/Game/ThirdPersonBP/Maps/ThirdPersonExampleMap.ThirdPersonExampleMap_C' with ClassGeneratedBy '/Game/ThirdPersonBP/Maps/ThirdPersonExampleMap.ThirdPersonExampleMap:PersistentLevel.ThirdPersonExampleMap'
[2018.12.06-19.24.55:784][934]LogBlueprintUserMessages: Early EndPlayMap Detection: Level '/Game/ThirdPersonBP/Maps/ThirdPersonExampleMap.ThirdPersonExampleMap:PersistentLevel' has LevelScriptBlueprint '/Game/ThirdPersonBP/Maps/ThirdPersonExampleMap.ThirdPersonExampleMap:PersistentLevel.ThirdPersonExampleMap' with GeneratedClass '/Game/ThirdPersonBP/Maps/ThirdPersonExampleMap.ThirdPersonExampleMap_C' with ClassGeneratedBy '/Game/ThirdPersonBP/Maps/ThirdPersonExampleMap.ThirdPersonExampleMap:PersistentLevel.ThirdPersonExampleMap'
[2018.12.06-19.24.55:785][934]LogSlate: Updating window title bar state: overlay mode, drag disabled, window buttons hidden, title bar hidden
[2018.12.06-19.24.56:089][934]LogPlayLevel: Display: Shutting down PIE online subsystems
[2018.12.06-19.24.56:089][934]LogBlueprintUserMessages: Late EndPlayMap Detection: Level '/Game/ThirdPersonBP/Maps/ThirdPersonExampleMap.ThirdPersonExampleMap:PersistentLevel' has LevelScriptBlueprint '/Game/ThirdPersonBP/Maps/ThirdPersonExampleMap.ThirdPersonExampleMap:PersistentLevel.ThirdPersonExampleMap' with GeneratedClass '/Game/ThirdPersonBP/Maps/ThirdPersonExampleMap.ThirdPersonExampleMap_C' with ClassGeneratedBy '/Game/ThirdPersonBP/Maps/ThirdPersonExampleMap.ThirdPersonExampleMap:PersistentLevel.ThirdPersonExampleMap'
[2018.12.06-19.24.56:157][934]LogSlate: Updating window title bar state: overlay mode, drag disabled, window buttons hidden, title bar hidden
[2018.12.06-19.24.56:248][935]LogPlayLevel: Display: Destroying online subsystem :Context_2
[2018.12.06-19.25.01:598][964]LogSlate: FSceneViewport::OnFocusLost() reason 0
[2018.12.06-19.25.10:649][ 13]LogEditorViewport: Clicking on Actor (LMB): StaticMeshActor (Pool_Room_StaticMesh)
[2018.12.06-19.25.14:402][ 32]LogSlate: FSceneViewport::OnFocusLost() reason 0
[2018.12.06-19.25.16:083][ 43]Cmd: CAMERA ALIGN ACTIVEVIEWPORTONLY
[2018.12.06-19.25.23:917][ 91]LogSlate: FSceneViewport::OnFocusLost() reason 0
[2018.12.06-19.25.25:585][101]Cmd: CAMERA ALIGN ACTIVEVIEWPORTONLY
[2018.12.06-19.25.38:491][180]LogSlate: FSceneViewport::OnFocusLost() reason 0
[2018.12.06-19.26.15:226][409]LogTemp: Repeating last play command: Selected Viewport
[2018.12.06-19.26.15:268][409]LogBlueprintUserMessages: Early PlayInEditor Detection: Level '/Game/ThirdPersonBP/Maps/ThirdPersonExampleMap.ThirdPersonExampleMap:PersistentLevel' has LevelScriptBlueprint '/Game/ThirdPersonBP/Maps/ThirdPersonExampleMap.ThirdPersonExampleMap:PersistentLevel.ThirdPersonExampleMap' with GeneratedClass '/Game/ThirdPersonBP/Maps/ThirdPersonExampleMap.ThirdPersonExampleMap_C' with ClassGeneratedBy '/Game/ThirdPersonBP/Maps/ThirdPersonExampleMap.ThirdPersonExampleMap:PersistentLevel.ThirdPersonExampleMap'
[2018.12.06-19.26.15:268][409]LogPlayLevel: PlayLevel: No blueprints needed recompiling
[2018.12.06-19.26.15:268][409]PIE: New page: PIE session: ThirdPersonExampleMap (Dec 6, 2018, 9:26:15 AM)
[2018.12.06-19.26.15:268][409]LogPlayLevel: Creating play world package: /Game/ThirdPersonBP/Maps/UEDPIE_0_ThirdPersonExampleMap
[2018.12.06-19.26.15:340][409]LogPlayLevel: PIE: StaticDuplicateObject took: (0.072451s)
[2018.12.06-19.26.15:342][409]LogAIModule: Creating AISystem for world ThirdPersonExampleMap
[2018.12.06-19.26.15:342][409]LogPlayLevel: PIE: World Init took: (0.001357s)
[2018.12.06-19.26.15:342][409]LogPlayLevel: PIE: Created PIE world by copying editor world from /Game/ThirdPersonBP/Maps/ThirdPersonExampleMap.ThirdPersonExampleMap to /Game/ThirdPersonBP/Maps/UEDPIE_0_ThirdPersonExampleMap.ThirdPersonExampleMap (0.074233s)
[2018.12.06-19.26.15:381][409]LogInit: XAudio2 using 'Speakers / Headphones (Realtek High Definition Audio)' : 2 channels at 48 kHz using 32 bits per sample (channel mask 0x3)
[2018.12.06-19.26.15:432][409]LogInit: FAudioDevice initialized.
[2018.12.06-19.26.15:472][409]LogLoad: Game class is 'ThirdPersonGameMode_C'
[2018.12.06-19.26.15:486][409]LogWorld: Bringing World /Game/ThirdPersonBP/Maps/UEDPIE_0_ThirdPersonExampleMap.ThirdPersonExampleMap up for play (max tick rate 0) at 2018.12.06-14.26.15
[2018.12.06-19.26.15:488][409]LogWorld: Bringing up level for play took: 0.014642
[2018.12.06-19.26.15:502][409]PIE: Play in editor start time for /Game/ThirdPersonBP/Maps/UEDPIE_0_ThirdPersonExampleMap -0.18
[2018.12.06-19.26.15:503][409]LogBlueprintUserMessages: Late PlayInEditor Detection: Level '/Game/ThirdPersonBP/Maps/ThirdPersonExampleMap.ThirdPersonExampleMap:PersistentLevel' has LevelScriptBlueprint '/Game/ThirdPersonBP/Maps/ThirdPersonExampleMap.ThirdPersonExampleMap:PersistentLevel.ThirdPersonExampleMap' with GeneratedClass '/Game/ThirdPersonBP/Maps/ThirdPersonExampleMap.ThirdPersonExampleMap_C' with ClassGeneratedBy '/Game/ThirdPersonBP/Maps/ThirdPersonExampleMap.ThirdPersonExampleMap:PersistentLevel.ThirdPersonExampleMap'
[2018.12.06-19.26.21:316][450]LogBlueprintUserMessages: Early EndPlayMap Detection: Level '/Game/ThirdPersonBP/Maps/ThirdPersonExampleMap.ThirdPersonExampleMap:PersistentLevel' has LevelScriptBlueprint '/Game/ThirdPersonBP/Maps/ThirdPersonExampleMap.ThirdPersonExampleMap:PersistentLevel.ThirdPersonExampleMap' with GeneratedClass '/Game/ThirdPersonBP/Maps/ThirdPersonExampleMap.ThirdPersonExampleMap_C' with ClassGeneratedBy '/Game/ThirdPersonBP/Maps/ThirdPersonExampleMap.ThirdPersonExampleMap:PersistentLevel.ThirdPersonExampleMap'
[2018.12.06-19.26.21:316][450]LogSlate: Updating window title bar state: overlay mode, drag disabled, window buttons hidden, title bar hidden
[2018.12.06-19.26.21:629][450]LogPlayLevel: Display: Shutting down PIE online subsystems
[2018.12.06-19.26.21:630][450]LogBlueprintUserMessages: Late EndPlayMap Detection: Level '/Game/ThirdPersonBP/Maps/ThirdPersonExampleMap.ThirdPersonExampleMap:PersistentLevel' has LevelScriptBlueprint '/Game/ThirdPersonBP/Maps/ThirdPersonExampleMap.ThirdPersonExampleMap:PersistentLevel.ThirdPersonExampleMap' with GeneratedClass '/Game/ThirdPersonBP/Maps/ThirdPersonExampleMap.ThirdPersonExampleMap_C' with ClassGeneratedBy '/Game/ThirdPersonBP/Maps/ThirdPersonExampleMap.ThirdPersonExampleMap:PersistentLevel.ThirdPersonExampleMap'
[2018.12.06-19.26.21:660][450]LogSlate: Updating window title bar state: overlay mode, drag disabled, window buttons hidden, title bar hidden
[2018.12.06-19.26.21:779][451]LogPlayLevel: Display: Destroying online subsystem :Context_4
[2018.12.06-19.26.23:353][461]LogSlate: FSceneViewport::OnFocusLost() reason 0
[2018.12.06-19.26.26:492][482]LogTemp: Repeating last play command: Selected Viewport
[2018.12.06-19.26.26:522][482]LogBlueprintUserMessages: Early PlayInEditor Detection: Level '/Game/ThirdPersonBP/Maps/ThirdPersonExampleMap.ThirdPersonExampleMap:PersistentLevel' has LevelScriptBlueprint '/Game/ThirdPersonBP/Maps/ThirdPersonExampleMap.ThirdPersonExampleMap:PersistentLevel.ThirdPersonExampleMap' with GeneratedClass '/Game/ThirdPersonBP/Maps/ThirdPersonExampleMap.ThirdPersonExampleMap_C' with ClassGeneratedBy '/Game/ThirdPersonBP/Maps/ThirdPersonExampleMap.ThirdPersonExampleMap:PersistentLevel.ThirdPersonExampleMap'
[2018.12.06-19.26.26:522][482]LogPlayLevel: PlayLevel: No blueprints needed recompiling
[2018.12.06-19.26.26:522][482]PIE: New page: PIE session: ThirdPersonExampleMap (Dec 6, 2018, 9:26:26 AM)
[2018.12.06-19.26.26:522][482]LogPlayLevel: Creating play world package: /Game/ThirdPersonBP/Maps/UEDPIE_0_ThirdPersonExampleMap
[2018.12.06-19.26.26:566][482]LogPlayLevel: PIE: StaticDuplicateObject took: (0.043966s)
[2018.12.06-19.26.26:567][482]LogAIModule: Creating AISystem for world ThirdPersonExampleMap
[2018.12.06-19.26.26:567][482]LogPlayLevel: PIE: World Init took: (0.000913s)
[2018.12.06-19.26.26:567][482]LogPlayLevel: PIE: Created PIE world by copying editor world from /Game/ThirdPersonBP/Maps/ThirdPersonExampleMap.ThirdPersonExampleMap to /Game/ThirdPersonBP/Maps/UEDPIE_0_ThirdPersonExampleMap.ThirdPersonExampleMap (0.045094s)
[2018.12.06-19.26.26:598][482]LogInit: XAudio2 using 'Speakers / Headphones (Realtek High Definition Audio)' : 2 channels at 48 kHz using 32 bits per sample (channel mask 0x3)
[2018.12.06-19.26.26:634][482]LogInit: FAudioDevice initialized.
[2018.12.06-19.26.26:715][482]LogLoad: Game class is 'ThirdPersonGameMode_C'
[2018.12.06-19.26.26:725][482]LogWorld: Bringing World /Game/ThirdPersonBP/Maps/UEDPIE_0_ThirdPersonExampleMap.ThirdPersonExampleMap up for play (max tick rate 0) at 2018.12.06-14.26.26
[2018.12.06-19.26.26:726][482]LogWorld: Bringing up level for play took: 0.009699
[2018.12.06-19.26.26:739][482]PIE: Play in editor start time for /Game/ThirdPersonBP/Maps/UEDPIE_0_ThirdPersonExampleMap 1.059
[2018.12.06-19.26.26:740][482]LogBlueprintUserMessages: Late PlayInEditor Detection: Level '/Game/ThirdPersonBP/Maps/ThirdPersonExampleMap.ThirdPersonExampleMap:PersistentLevel' has LevelScriptBlueprint '/Game/ThirdPersonBP/Maps/ThirdPersonExampleMap.ThirdPersonExampleMap:PersistentLevel.ThirdPersonExampleMap' with GeneratedClass '/Game/ThirdPersonBP/Maps/ThirdPersonExampleMap.ThirdPersonExampleMap_C' with ClassGeneratedBy '/Game/ThirdPersonBP/Maps/ThirdPersonExampleMap.ThirdPersonExampleMap:PersistentLevel.ThirdPersonExampleMap'
[2018.12.06-19.28.35:503][434]LogBlueprintUserMessages: Early EndPlayMap Detection: Level '/Game/ThirdPersonBP/Maps/ThirdPersonExampleMap.ThirdPersonExampleMap:PersistentLevel' has LevelScriptBlueprint '/Game/ThirdPersonBP/Maps/ThirdPersonExampleMap.ThirdPersonExampleMap:PersistentLevel.ThirdPersonExampleMap' with GeneratedClass '/Game/ThirdPersonBP/Maps/ThirdPersonExampleMap.ThirdPersonExampleMap_C' with ClassGeneratedBy '/Game/ThirdPersonBP/Maps/ThirdPersonExampleMap.ThirdPersonExampleMap:PersistentLevel.ThirdPersonExampleMap'
[2018.12.06-19.28.35:504][434]LogSlate: Updating window title bar state: overlay mode, drag disabled, window buttons hidden, title bar hidden
[2018.12.06-19.28.35:798][434]LogPlayLevel: Display: Shutting down PIE online subsystems
[2018.12.06-19.28.35:799][434]LogBlueprintUserMessages: Late EndPlayMap Detection: Level '/Game/ThirdPersonBP/Maps/ThirdPersonExampleMap.ThirdPersonExampleMap:PersistentLevel' has LevelScriptBlueprint '/Game/ThirdPersonBP/Maps/ThirdPersonExampleMap.ThirdPersonExampleMap:PersistentLevel.ThirdPersonExampleMap' with GeneratedClass '/Game/ThirdPersonBP/Maps/ThirdPersonExampleMap.ThirdPersonExampleMap_C' with ClassGeneratedBy '/Game/ThirdPersonBP/Maps/ThirdPersonExampleMap.ThirdPersonExampleMap:PersistentLevel.ThirdPersonExampleMap'
[2018.12.06-19.28.35:827][434]LogSlate: Updating window title bar state: overlay mode, drag disabled, window buttons hidden, title bar hidden
[2018.12.06-19.28.35:946][435]LogPlayLevel: Display: Destroying online subsystem :Context_5
[2018.12.06-19.28.38:895][453]LogSlate: FSceneViewport::OnFocusLost() reason 0
[2018.12.06-19.28.39:060][453]LogSlate: Took 0.000684 seconds to synchronously load lazily loaded font '../../../Engine/Content/Slate/Fonts/Roboto-Light.ttf' (167K)
[2018.12.06-19.28.40:516][453]LogSavePackage: Moving 'C:/Users/Varun/Documents/Unreal Projects/JungleMaze 4.20/Saved/ThirdPersonExampleMap3986A7B246EFCCC9717C39ADFDD2F140.tmp' to 'C:/Users/Varun/Documents/Unreal Projects/JungleMaze 4.20/Content/ThirdPersonBP/Maps/ThirdPersonExampleMap.umap'
[2018.12.06-19.28.41:253][453]LogSavePackage: Moving 'C:/Users/Varun/Documents/Unreal Projects/JungleMaze 4.20/Saved/ThirdPersonExampleMap_BuiltData02F181DA4AEAE88D0223F09A5AAAD56A.tmp' to 'C:/Users/Varun/Documents/Unreal Projects/JungleMaze 4.20/Content/ThirdPersonBP/Maps/ThirdPersonExampleMap_BuiltData.uasset'
[2018.12.06-19.33.22:960][207]Cmd: CAMERA ALIGN ACTIVEVIEWPORTONLY
[2018.12.06-19.33.24:720][215]LogEditorViewport: Clicking on Actor (LMB): BP_Sky_Sphere_C (SkySphereBlueprint)
[2018.12.06-19.33.27:004][229]LogEditorViewport: Clicking on Actor (LMB): ThirdPersonCharacter_C (ThirdPersonCharacter)
[2018.12.06-19.33.28:174][236]Cmd: CAMERA ALIGN ACTIVEVIEWPORTONLY
[2018.12.06-19.33.37:459][291]LogSlate: FSceneViewport::OnFocusLost() reason 0
[2018.12.06-19.33.38:928][301]LogEditorViewport: Clicking on Actor (LMB): StaticMeshActor (main_island_polySurface203)
[2018.12.06-19.34.44:159][707]LogSlate: FSceneViewport::OnFocusLost() reason 0
[2018.12.06-19.34.51:502][752]LogAssetEditorManager: Opening Asset editor for Blueprint /Game/First_Level/Portals/Sky_Jungle_Portals/Portal_1/BP_Portal.BP_Portal
[2018.12.06-19.34.52:787][752]LogContentBrowser: Native class hierarchy updated for 'BlueprintGraph' in 0.0013 seconds. Added 116 classes and 0 folders.
[2018.12.06-19.34.54:102][752]LogSlate: Took 0.019630 seconds to synchronously load lazily loaded font '../../../Engine/Content/Slate/Fonts/Roboto-BoldCondensed.ttf' (158K)
[2018.12.06-19.35.00:675][942]LogAssetEditorManager: Opening Asset editor for LevelScriptBlueprint /Game/ThirdPersonBP/Maps/ThirdPersonExampleMap.ThirdPersonExampleMap:PersistentLevel.ThirdPersonExampleMap
[2018.12.06-19.35.02:023][943]LogSlate: Took 0.053559 seconds to synchronously load lazily loaded font '../../../Engine/Content/Slate/Fonts/Roboto-Italic.ttf' (157K)
[2018.12.06-19.35.22:277][868]BlueprintLog: New page: Compile ThirdPersonExampleMap
[2018.12.06-19.35.24:219][868]LogSavePackage: Moving 'C:/Users/Varun/Documents/Unreal Projects/JungleMaze 4.20/Saved/ThirdPersonExampleMap513B7D3C4EFE1D51FE04F9A617662B5B.tmp' to 'C:/Users/Varun/Documents/Unreal Projects/JungleMaze 4.20/Content/ThirdPersonBP/Maps/ThirdPersonExampleMap.umap'
[2018.12.06-19.35.24:268][868]LogFileHelpers: Saving map 'ThirdPersonExampleMap' took 1.475
[2018.12.06-19.35.28:603][892]LogEditorViewport: Clicking on Actor (LMB): BP_Blocker1_C (BP_Blocker5)
[2018.12.06-19.35.31:617][911]LogSlate: FSceneViewport::OnFocusLost() reason 0
[2018.12.06-19.35.35:329][935]LogAssetEditorManager: Opening Asset editor for Blueprint /Game/First_Level/BluePrints/BP_Blocker1.BP_Blocker1
[2018.12.06-19.35.46:157][383]LogEditorViewport: Clicking on Actor (LMB): BP_Sky_Sphere_C (SkySphereBlueprint)
[2018.12.06-19.35.47:800][393]LogEditorViewport: Clicking on Actor (LMB): BP_Sky_Sphere_C (SkySphereBlueprint)
[2018.12.06-19.35.49:065][400]LogEditorViewport: Clicking on Actor (LMB): BP_Sky_Sphere_C (SkySphereBlueprint)
[2018.12.06-19.35.50:981][412]LogEditorViewport: Clicking on Actor (LMB): BP_Blocker2_C (BP_Blocker6)
[2018.12.06-19.35.54:355][435]LogSlate: FSceneViewport::OnFocusLost() reason 0
[2018.12.06-19.35.54:539][435]LogAssetEditorManager: Opening Asset editor for Blueprint /Game/First_Level/BluePrints/BP_Blocker2.BP_Blocker2
[2018.12.06-19.36.03:691][676]Cmd: CAMERA ALIGN ACTIVEVIEWPORTONLY
[2018.12.06-19.36.18:038][968]Cmd: CAMERA ALIGN ACTIVEVIEWPORTONLY
[2018.12.06-19.36.21:276][988]Cmd: CAMERA ALIGN ACTIVEVIEWPORTONLY
[2018.12.06-19.37.01:051][516]LogSlate: FSceneViewport::OnFocusLost() reason 0
[2018.12.06-19.37.11:884][105]LogSlate: FSceneViewport::OnFocusLost() reason 0
[2018.12.06-19.59.46:236][874]LogInit: XAudio2 using 'Speakers / Headphones (Realtek High Definition Audio)' : 2 channels at 48 kHz using 32 bits per sample (channel mask 0x3)
[2018.12.06-19.59.50:609][887]LogInit: XAudio2 using 'Headphones (Varun's Bose QC30 Stereo)' : 2 channels at 44.1 kHz using 16 bits per sample (channel mask 0x3)
[2018.12.06-21.58.25:560][118]LogActorComponent: UnregisterComponent: (/Engine/Transient.EditorFloorComp) Not registered. Aborting.
[2018.12.06-21.58.25:685][118]LogActorComponent: UnregisterComponent: (/Engine/Transient.EditorFloorComp) Not registered. Aborting.
[2018.12.06-21.58.25:778][118]LogSlate: Window 'JungleMaze - Unreal Editor' being destroyed
[2018.12.06-21.58.25:781][118]LogWindowsTextInputMethodSystem: Display: IME system now deactivated.
[2018.12.06-21.58.26:522][119]Cmd: QUIT_EDITOR
[2018.12.06-21.58.27:511][119]LogExit: Preparing to exit.
[2018.12.06-21.58.29:555][119]LogExit: Editor shut down
[2018.12.06-21.58.29:557][119]LogExit: Transaction tracking system shut down
[2018.12.06-21.58.32:462][119]LogExit: Object subsystem successfully closed.
[2018.12.06-21.58.32:676][119]LogShaderCompilers: Display: Shaders left to compile 0
[2018.12.06-21.58.32:734][119]LogD3D11RHI: Shutdown
[2018.12.06-21.58.32:734][119]LogD3D11RHI: CleanupD3DDevice
[2018.12.06-21.58.32:809][119]LogD3D11RHI: ~FD3D11DynamicRHI
[2018.12.06-21.58.34:945][119]LogModuleManager: Shutting down and abandoning module BlueprintGraph (616)
[2018.12.06-21.58.34:945][119]LogModuleManager: Shutting down and abandoning module MovieSceneCapture (614)
[2018.12.06-21.58.34:945][119]LogModuleManager: Shutting down and abandoning module Voice (612)
[2018.12.06-21.58.34:958][119]LogModuleManager: Shutting down and abandoning module HierarchicalLODOutliner (610)
[2018.12.06-21.58.34:959][119]LogModuleManager: Shutting down and abandoning module SceneOutliner (608)
[2018.12.06-21.58.34:959][119]LogModuleManager: Shutting down and abandoning module AddContentDialog (606)
[2018.12.06-21.58.34:993][119]LogModuleManager: Shutting down and abandoning module WidgetCarousel (605)
[2018.12.06-21.58.34:993][119]LogModuleManager: Shutting down and abandoning module EditorWidgets (602)
[2018.12.06-21.58.34:993][119]LogModuleManager: Shutting down and abandoning module CollectionManager (600)
[2018.12.06-21.58.35:000][119]LogModuleManager: Shutting down and abandoning module StatsViewer (598)
[2018.12.06-21.58.35:011][119]LogModuleManager: Shutting down and abandoning module FoliageEdit (596)
[2018.12.06-21.58.35:029][119]LogModuleManager: Shutting down and abandoning module LandscapeEditor (594)
[2018.12.06-21.58.35:055][119]LogModuleManager: Shutting down and abandoning module MeshPaintMode (592)
[2018.12.06-21.58.35:072][119]LogModuleManager: Shutting down and abandoning module SceneDepthPickerMode (590)
[2018.12.06-21.58.35:072][119]LogModuleManager: Shutting down and abandoning module ActorPickerMode (588)
[2018.12.06-21.58.35:072][119]LogModuleManager: Shutting down and abandoning module GeometryMode (586)
[2018.12.06-21.58.35:073][119]LogModuleManager: Shutting down and abandoning module TextureAlignMode (584)
[2018.12.06-21.58.35:073][119]LogModuleManager: Shutting down and abandoning module BspMode (582)
[2018.12.06-21.58.35:073][119]LogModuleManager: Shutting down and abandoning module PIEPreviewDeviceProfileSelector (580)
[2018.12.06-21.58.35:082][119]LogModuleManager: Shutting down and abandoning module SequenceRecorderSections (578)
[2018.12.06-21.58.35:095][119]LogModuleManager: Shutting down and abandoning module AutomationWorker (576)
[2018.12.06-21.58.35:095][119]LogModuleManager: Shutting down and abandoning module AudioCaptureEditor (574)
[2018.12.06-21.58.35:095][119]LogModuleManager: Shutting down and abandoning module SequenceRecorder (573)
[2018.12.06-21.58.35:108][119]LogModuleManager: Shutting down and abandoning module MatineeToLevelSequence (570)
[2018.12.06-21.58.35:120][119]LogModuleManager: Shutting down and abandoning module LevelSequenceEditor (568)
[2018.12.06-21.58.35:135][119]LogModuleManager: Shutting down and abandoning module PlacementMode (567)
[2018.12.06-21.58.35:135][119]LogModuleManager: Shutting down and abandoning module MaterialEditor (566)
[2018.12.06-21.58.35:174][119]LogModuleManager: Shutting down and abandoning module WmfMediaFactory (562)
[2018.12.06-21.58.35:174][119]LogModuleManager: Shutting down and abandoning module WmfMediaEditor (560)
[2018.12.06-21.58.35:174][119]LogModuleManager: Shutting down and abandoning module MediaPlayerEditor (558)
[2018.12.06-21.58.35:208][119]LogModuleManager: Shutting down and abandoning module OpenExrWrapper (556)
[2018.12.06-21.58.35:208][119]LogModuleManager: Shutting down and abandoning module ImgMediaFactory (554)
[2018.12.06-21.58.35:208][119]LogModuleManager: Shutting down and abandoning module ImgMediaEditor (552)
[2018.12.06-21.58.35:208][119]LogModuleManager: Shutting down and abandoning module AvfMediaFactory (550)
[2018.12.06-21.58.35:208][119]LogModuleManager: Shutting down and abandoning module AvfMediaEditor (548)
[2018.12.06-21.58.35:209][119]LogModuleManager: Shutting down and abandoning module AndroidMediaFactory (546)
[2018.12.06-21.58.35:209][119]LogModuleManager: Shutting down and abandoning module AndroidMediaEditor (544)
[2018.12.06-21.58.35:209][119]LogModuleManager: Shutting down and abandoning module MagicLeapCameraPreviewFactory (542)
[2018.12.06-21.58.35:209][119]LogModuleManager: Shutting down and abandoning module MagicLeapMediaFactory (540)
[2018.12.06-21.58.35:209][119]LogModuleManager: Shutting down and abandoning module MagicLeapMediaEditor (538)
[2018.12.06-21.58.35:209][119]LogModuleManager: Shutting down and abandoning module CharacterAI (536)
[2018.12.06-21.58.35:209][119]LogModuleManager: Shutting down and abandoning module SmartSnapping (534)
[2018.12.06-21.58.35:209][119]LogModuleManager: Shutting down and abandoning module SessionServices (532)
[2018.12.06-21.58.35:209][119]LogModuleManager: Shutting down and abandoning module ViewportSnapping (530)
[2018.12.06-21.58.35:210][119]LogModuleManager: Shutting down and abandoning module ViewportInteraction (528)
[2018.12.06-21.58.35:210][119]LogModuleManager: Shutting down and abandoning module ClothPainter (526)
[2018.12.06-21.58.35:230][119]LogModuleManager: Shutting down and abandoning module SkeletalMeshEditor (525)
[2018.12.06-21.58.35:253][119]LogModuleManager: Shutting down and abandoning module LogVisualizer (522)
[2018.12.06-21.58.35:279][119]LogModuleManager: Shutting down and abandoning module IntroTutorials (520)
[2018.12.06-21.58.35:315][119]LogModuleManager: Shutting down and abandoning module GameProjectGeneration (519)
[2018.12.06-21.58.35:332][119]LogModuleManager: Shutting down and abandoning module LuminPlatformEditor (516)
[2018.12.06-21.58.35:332][119]LogModuleManager: Shutting down and abandoning module IOSPlatformEditor (514)
[2018.12.06-21.58.35:350][119]LogModuleManager: Shutting down and abandoning module HTML5PlatformEditor (512)
[2018.12.06-21.58.35:351][119]LogModuleManager: Shutting down and abandoning module AndroidPlatformEditor (510)
[2018.12.06-21.58.35:351][119]LogModuleManager: Shutting down and abandoning module AndroidDeviceDetection (509)
[2018.12.06-21.58.36:485][119]LogModuleManager: Shutting down and abandoning module WindowsPlatformEditor (506)
[2018.12.06-21.58.36:485][119]LogModuleManager: Shutting down and abandoning module LuminRuntimeSettings (504)
[2018.12.06-21.58.36:485][119]LogModuleManager: Shutting down and abandoning module IOSRuntimeSettings (502)
[2018.12.06-21.58.36:485][119]LogModuleManager: Shutting down and abandoning module AndroidRuntimeSettings (500)
[2018.12.06-21.58.36:485][119]LogModuleManager: Shutting down and abandoning module InputBindingEditor (498)
[2018.12.06-21.58.36:513][119]LogModuleManager: Shutting down and abandoning module MergeActors (496)
[2018.12.06-21.58.36:529][119]LogModuleManager: Shutting down and abandoning module LocalizationDashboard (494)
[2018.12.06-21.58.36:545][119]LogModuleManager: Shutting down and abandoning module LocalizationService (493)
[2018.12.06-21.58.36:556][119]LogModuleManager: Shutting down and abandoning module HardwareTargeting (490)
[2018.12.06-21.58.36:556][119]LogModuleManager: Shutting down and abandoning module DeviceProfileEditor (488)
[2018.12.06-21.58.36:556][119]LogModuleManager: Shutting down and abandoning module UndoHistory (486)
[2018.12.06-21.58.36:569][119]LogModuleManager: Shutting down and abandoning module XmlParser (484)
[2018.12.06-21.58.36:569][119]LogModuleManager: Shutting down and abandoning module Blutility (482)
[2018.12.06-21.58.36:584][119]LogModuleManager: Shutting down and abandoning module ProjectSettingsViewer (480)
[2018.12.06-21.58.36:585][119]LogModuleManager: Shutting down and abandoning module ProjectTargetPlatformEditor (479)
[2018.12.06-21.58.36:585][119]LogModuleManager: Shutting down and abandoning module EditorSettingsViewer (476)
[2018.12.06-21.58.36:586][119]LogModuleManager: Shutting down and abandoning module SettingsEditor (474)
[2018.12.06-21.58.36:629][119]LogModuleManager: Shutting down and abandoning module ProjectLauncher (472)
[2018.12.06-21.58.36:650][119]LogModuleManager: Shutting down and abandoning module SessionFrontend (470)
[2018.12.06-21.58.36:663][119]LogModuleManager: Shutting down and abandoning module ProfilerClient (468)
[2018.12.06-21.58.36:684][119]LogModuleManager: Shutting down and abandoning module DeviceManager (466)
[2018.12.06-21.58.36:696][119]LogModuleManager: Shutting down and abandoning module TargetDeviceServices (465)
[2018.12.06-21.58.36:762][119]LogModuleManager: Shutting down and abandoning module AutomationController (462)
[2018.12.06-21.58.36:778][119]LogModuleManager: Shutting down and abandoning module AutomationWindow (460)
[2018.12.06-21.58.36:811][119]LogModuleManager: Shutting down and abandoning module Layers (458)
[2018.12.06-21.58.36:847][119]LogModuleManager: Shutting down and abandoning module ComponentVisualizers (456)
[2018.12.06-21.58.36:847][119]LogModuleManager: Shutting down and abandoning module DetailCustomizations (454)
[2018.12.06-21.58.36:878][119]LogModuleManager: Shutting down and abandoning module PackagesDialog (452)
[2018.12.06-21.58.36:878][119]LogModuleManager: Shutting down and abandoning module Persona (450)
[2018.12.06-21.58.36:906][119]LogModuleManager: Shutting down and abandoning module AdvancedPreviewScene (449)
[2018.12.06-21.58.36:906][119]LogModuleManager: Shutting down and abandoning module AnimGraph (447)
[2018.12.06-21.58.36:922][119]LogModuleManager: Shutting down and abandoning module Kismet (444)
[2018.12.06-21.58.36:935][119]LogModuleManager: Shutting down and abandoning module GraphEditor (442)
[2018.12.06-21.58.36:936][119]LogModuleManager: Shutting down and abandoning module ClassViewer (440)
[2018.12.06-21.58.36:936][119]LogModuleManager: Shutting down and abandoning module Toolbox (438)
[2018.12.06-21.58.36:936][119]LogModuleManager: Shutting down and abandoning module ModuleUI (436)
[2018.12.06-21.58.36:951][119]LogModuleManager: Shutting down and abandoning module MovieSceneTools (434)
[2018.12.06-21.58.36:984][119]LogModuleManager: Shutting down and abandoning module OutputLog (432)
[2018.12.06-21.58.36:984][119]LogModuleManager: Shutting down and abandoning module GammaUI (430)
[2018.12.06-21.58.36:992][119]LogModuleManager: Shutting down and abandoning module Documentation (428)
[2018.12.06-21.58.36:992][119]LogModuleManager: Shutting down and abandoning module MovieSceneTracks (426)
[2018.12.06-21.58.36:992][119]LogModuleManager: Shutting down and abandoning module MovieScene (424)
[2018.12.06-21.58.37:005][119]LogModuleManager: Shutting down and abandoning module StreamingPauseRendering (422)
[2018.12.06-21.58.37:012][119]LogModuleManager: Shutting down and abandoning module LauncherPlatform (420)
[2018.12.06-21.58.37:012][119]LogModuleManager: Shutting down and abandoning module AnalyticsET (418)
[2018.12.06-21.58.37:013][119]LogModuleManager: Shutting down and abandoning module PortalServices (416)
[2018.12.06-21.58.37:013][119]LogModuleManager: Shutting down and abandoning module PortalRpc (414)
[2018.12.06-21.58.37:013][119]LogModuleManager: Shutting down and abandoning module MessagingRpc (412)
[2018.12.06-21.58.37:013][119]LogModuleManager: Shutting down and abandoning module AIModule (410)
[2018.12.06-21.58.37:028][119]LogModuleManager: Shutting down and abandoning module GameplayDebugger (409)
[2018.12.06-21.58.37:047][119]LogModuleManager: Shutting down and abandoning module AITestSuite (407)
[2018.12.06-21.58.37:057][119]LogModuleManager: Shutting down and abandoning module NavigationSystem (405)
[2018.12.06-21.58.37:057][119]LogModuleManager: Shutting down and abandoning module DesktopPlatform (402)
[2018.12.06-21.58.37:057][119]LogModuleManager: Shutting down and abandoning module ProfilerService (400)
[2018.12.06-21.58.37:070][119]LogModuleManager: Shutting down and abandoning module TaskGraph (398)
[2018.12.06-21.58.37:100][119]LogModuleManager: Shutting down and abandoning module SteamVRController (396)
[2018.12.06-21.58.37:100][119]LogModuleManager: Shutting down and abandoning module ProceduralMeshComponentEditor (394)
[2018.12.06-21.58.37:100][119]LogModuleManager: Shutting down and abandoning module ProceduralMeshComponent (392)
[2018.12.06-21.58.37:118][119]LogModuleManager: Shutting down and abandoning module OculusInput (390)
[2018.12.06-21.58.37:119][119]LogModuleManager: Shutting down and abandoning module MobilePatchingUtils (388)
[2018.12.06-21.58.37:119][119]LogModuleManager: Shutting down and abandoning module EditableMesh (386)
[2018.12.06-21.58.37:132][119]LogModuleManager: Shutting down and abandoning module CustomMeshComponent (384)
[2018.12.06-21.58.37:132][119]LogModuleManager: Shutting down and abandoning module CableComponent (382)
[2018.12.06-21.58.37:132][119]LogModuleManager: Shutting down and abandoning module AudioCapture (380)
[2018.12.06-21.58.37:132][119]LogModuleManager: Shutting down and abandoning module ArchVisCharacter (378)
[2018.12.06-21.58.37:132][119]LogModuleManager: Shutting down and abandoning module AndroidPermission (376)
[2018.12.06-21.58.37:132][119]LogModuleManager: Shutting down and abandoning module NUTUnrealEngine4 (374)
[2018.12.06-21.58.37:132][119]LogModuleManager: Shutting down and abandoning module NetcodeUnitTest (372)
[2018.12.06-21.58.37:181][119]LogModuleManager: Shutting down and abandoning module MediaCompositingEditor (370)
[2018.12.06-21.58.37:181][119]LogModuleManager: Shutting down and abandoning module MediaCompositing (368)
[2018.12.06-21.58.37:181][119]LogModuleManager: Shutting down and abandoning module LinearTimecode (366)
[2018.12.06-21.58.37:181][119]LogModuleManager: Shutting down and abandoning module ImgMedia (364)
[2018.12.06-21.58.37:211][119]LogModuleManager: Shutting down and abandoning module HTML5Networking (362)
[2018.12.06-21.58.37:211][119]LogModuleManager: Shutting down and abandoning module GeometryCacheTracks (360)
[2018.12.06-21.58.37:211][119]LogModuleManager: Shutting down and abandoning module GeometryCacheSequencer (358)
[2018.12.06-21.58.37:211][119]LogModuleManager: Shutting down and abandoning module BackChannel (356)
[2018.12.06-21.58.37:223][119]LogModuleManager: Shutting down and abandoning module AppleVision (354)
[2018.12.06-21.58.37:223][119]LogModuleManager: Shutting down and abandoning module AppleImageUtils (352)
[2018.12.06-21.58.37:223][119]LogModuleManager: Shutting down and abandoning module AlembicImporter (350)
[2018.12.06-21.58.37:223][119]LogModuleManager: Shutting down and abandoning module AlembicLibrary (349)
[2018.12.06-21.58.37:223][119]LogModuleManager: Shutting down and abandoning module GeometryCache (348)
[2018.12.06-21.58.37:224][119]LogModuleManager: Shutting down and abandoning module GeometryCacheEd (347)
[2018.12.06-21.58.37:224][119]LogModuleManager: Shutting down and abandoning module DatasmithContentEditor (342)
[2018.12.06-21.58.37:241][119]LogModuleManager: Shutting down and abandoning module DatasmithContent (340)
[2018.12.06-21.58.37:244][119]LogModuleManager: Shutting down and abandoning module SpeedTreeImporter (338)
[2018.12.06-21.58.37:244][119]LogModuleManager: Shutting down and abandoning module PluginBrowser (336)
[2018.12.06-21.58.37:269][119]LogModuleManager: Shutting down and abandoning module MobileLauncherProfileWizard (334)
[2018.12.06-21.58.37:286][119]LogModuleManager: Shutting down and abandoning module PolygonModeling (332)
[2018.12.06-21.58.37:286][119]LogModuleManager: Shutting down and abandoning module MeshEditor (330)
[2018.12.06-21.58.37:296][119]LogModuleManager: Shutting down and abandoning module CryptoKeysOpenSSL (328)
[2018.12.06-21.58.37:310][119]LogModuleManager: Shutting down and abandoning module CryptoKeys (326)
[2018.12.06-21.58.37:311][119]LogModuleManager: Shutting down and abandoning module VisualStudioSourceCodeAccess (324)
[2018.12.06-21.58.37:311][119]LogModuleManager: Shutting down and abandoning module VisualStudioCodeSourceCodeAccess (322)
[2018.12.06-21.58.37:311][119]LogModuleManager: Shutting down and abandoning module UObjectPlugin (320)
[2018.12.06-21.58.37:311][119]LogModuleManager: Shutting down and abandoning module SubversionSourceControl (318)
[2018.12.06-21.58.37:326][119]LogModuleManager: Shutting down and abandoning module PerforceSourceControl (316)
[2018.12.06-21.58.37:346][119]LogModuleManager: Shutting down and abandoning module GitSourceControl (314)
[2018.12.06-21.58.37:364][119]LogModuleManager: Shutting down and abandoning module SourceControl (313)
[2018.12.06-21.58.37:373][119]LogModuleManager: Shutting down and abandoning module CLionSourceCodeAccess (310)
[2018.12.06-21.58.37:373][119]LogModuleManager: Shutting down and abandoning module LightPropagationVolumeEditor (308)
[2018.12.06-21.58.37:373][119]LogModuleManager: Shutting down and abandoning module PaperTiledImporter (306)
[2018.12.06-21.58.37:373][119]LogModuleManager: Shutting down and abandoning module PaperSpriteSheetImporter (304)
[2018.12.06-21.58.37:373][119]LogModuleManager: Shutting down and abandoning module Paper2DEditor (302)
[2018.12.06-21.58.37:401][119]LogModuleManager: Shutting down and abandoning module MeshPaint (301)
[2018.12.06-21.58.37:408][119]LogModuleManager: Shutting down and abandoning module RuntimePhysXCooking (298)
[2018.12.06-21.58.37:409][119]LogModuleManager: Shutting down and abandoning module PhysXVehiclesEditor (296)
[2018.12.06-21.58.37:409][119]LogModuleManager: Shutting down and abandoning module PhysXVehicles (294)
[2018.12.06-21.58.37:409][119]LogModuleManager: Shutting down and abandoning module OculusEditor (292)
[2018.12.06-21.58.37:424][119]LogModuleManager: Shutting down and abandoning module LocationServicesBPLibrary (290)
[2018.12.06-21.58.37:424][119]LogModuleManager: Shutting down and abandoning module ImmediatePhysicsEditor (288)
[2018.12.06-21.58.37:424][119]LogModuleManager: Shutting down and abandoning module ImmediatePhysics (286)
[2018.12.06-21.58.37:439][119]LogModuleManager: Shutting down and abandoning module ActorSequence (284)
[2018.12.06-21.58.37:440][119]LogModuleManager: Shutting down and abandoning module UdpMessaging (282)
[2018.12.06-21.58.37:541][119]LogModuleManager: Shutting down and abandoning module TcpMessaging (280)
[2018.12.06-21.58.37:652][119]LogModuleManager: Shutting down and abandoning module MagicLeapAudio (278)
[2018.12.06-21.58.37:652][119]LogModuleManager: Shutting down and abandoning module GameplayTagsEditor (276)
[2018.12.06-21.58.37:674][119]LogModuleManager: Shutting down and abandoning module FacialAnimationEditor (274)
[2018.12.06-21.58.37:674][119]LogModuleManager: Shutting down and abandoning module FacialAnimation (272)
[2018.12.06-21.58.37:675][119]LogModuleManager: Shutting down and abandoning module DataValidation (270)
[2018.12.06-21.58.37:675][119]LogModuleManager: Shutting down and abandoning module AssetManagerEditor (268)
[2018.12.06-21.58.37:689][119]LogModuleManager: Shutting down and abandoning module LevelEditor (267)
[2018.12.06-21.58.37:718][119]LogModuleManager: Shutting down and abandoning module PixelInspectorModule (266)
[2018.12.06-21.58.37:728][119]LogModuleManager: Shutting down and abandoning module CommonMenuExtensions (264)
[2018.12.06-21.58.37:730][119]LogModuleManager: Shutting down and abandoning module MainFrame (262)
[2018.12.06-21.58.37:745][119]LogModuleManager: Shutting down and abandoning module HotReload (261)
[2018.12.06-21.58.37:769][119]LogModuleManager: Shutting down and abandoning module ContentBrowser (257)
[2018.12.06-21.58.37:778][119]LogModuleManager: Shutting down and abandoning module TreeMap (255)
[2018.12.06-21.58.37:793][119]LogModuleManager: Shutting down and abandoning module LightPropagationVolumeRuntime (252)
[2018.12.06-21.58.37:793][119]LogModuleManager: Shutting down and abandoning module AISupportModule (250)
[2018.12.06-21.58.37:793][119]LogModuleManager: Shutting down and abandoning module Paper2D (248)
[2018.12.06-21.58.37:802][119]LogModuleManager: Shutting down and abandoning module WindowsMoviePlayer (246)
[2018.12.06-21.58.37:812][119]LogModuleManager: Shutting down and abandoning module WmfMedia (244)
[2018.12.06-21.58.37:827][119]LogModuleManager: Shutting down and abandoning module Media (243)
[2018.12.06-21.58.37:835][119]LogModuleManager: Shutting down and abandoning module PacketHandler (240)
[2018.12.06-21.58.37:835][119]LogModuleManager: Shutting down and abandoning module ClothingSystemEditor (238)
[2018.12.06-21.58.37:835][119]LogModuleManager: Shutting down and abandoning module ClothingSystemRuntime (236)
[2018.12.06-21.58.37:854][119]LogModuleManager: Shutting down and abandoning module MediaAssets (234)
[2018.12.06-21.58.37:854][119]LogModuleManager: Shutting down and abandoning module Overlay (232)
[2018.12.06-21.58.37:854][119]LogModuleManager: Shutting down and abandoning module OverlayEditor (231)
[2018.12.06-21.58.37:854][119]LogModuleManager: Shutting down and abandoning module VREditor (228)
[2018.12.06-21.58.37:864][119]LogModuleManager: Shutting down and abandoning module StringTableEditor (226)
[2018.12.06-21.58.37:892][119]LogModuleManager: Shutting down and abandoning module GameplayTasksEditor (224)
[2018.12.06-21.58.37:892][119]LogModuleManager: Shutting down and abandoning module BehaviorTreeEditor (222)
[2018.12.06-21.58.37:922][119]LogModuleManager: Shutting down and abandoning module FunctionalTesting (220)
[2018.12.06-21.58.37:934][119]LogModuleManager: Shutting down and abandoning module CollisionAnalyzer (218)
[2018.12.06-21.58.37:944][119]LogModuleManager: Shutting down and abandoning module WorkspaceMenuStructure (217)
[2018.12.06-21.58.37:945][119]LogModuleManager: Shutting down and abandoning module UMG (214)
[2018.12.06-21.58.37:958][119]LogModuleManager: Shutting down and abandoning module UMGEditor (213)
[2018.12.06-21.58.37:996][119]LogModuleManager: Shutting down and abandoning module Sequencer (212)
[2018.12.06-21.58.38:048][119]LogModuleManager: Shutting down and abandoning module MessageLog (209)
[2018.12.06-21.58.38:048][119]LogModuleManager: Shutting down and abandoning module SlateReflector (204)
[2018.12.06-21.58.38:080][119]LogModuleManager: Shutting down and abandoning module Slate (202)
[2018.12.06-21.58.38:080][119]LogModuleManager: Shutting down and abandoning module EditorStyle (200)
[2018.12.06-21.58.38:095][119]LogModuleManager: Shutting down and abandoning module MRMesh (198)
[2018.12.06-21.58.38:109][119]LogModuleManager: Shutting down and abandoning module SourceCodeAccess (196)
[2018.12.06-21.58.38:110][119]LogModuleManager: Shutting down and abandoning module HeadMountedDisplay (194)
[2018.12.06-21.58.38:110][119]LogModuleManager: Shutting down and abandoning module XAudio2 (192)
[2018.12.06-21.58.38:110][119]LogModuleManager: Shutting down and abandoning module Networking (190)
[2018.12.06-21.58.38:110][119]LogModuleManager: Shutting down and abandoning module Core (188)
[2018.12.06-21.58.38:110][119]LogModuleManager: Shutting down and abandoning module LevelSequence (186)
[2018.12.06-21.58.38:110][119]LogModuleManager: Shutting down and abandoning module KismetCompiler (184)
[2018.12.06-21.58.38:110][119]LogModuleManager: Shutting down and abandoning module MeshUtilities (182)
[2018.12.06-21.58.38:125][119]LogModuleManager: Shutting down and abandoning module MeshMergeUtilities (181)
[2018.12.06-21.58.38:143][119]LogModuleManager: Shutting down and abandoning module MeshReductionInterface (180)
[2018.12.06-21.58.38:143][119]LogModuleManager: Shutting down and abandoning module SimplygonSwarm (179)
[2018.12.06-21.58.38:161][119]LogModuleManager: Shutting down and abandoning module ProxyLODMeshReduction (177)
[2018.12.06-21.58.38:191][119]LogModuleManager: Shutting down and abandoning module SimplygonMeshReduction (175)
[2018.12.06-21.58.38:191][119]LogModuleManager: Shutting down and abandoning module QuadricMeshReduction (173)
[2018.12.06-21.58.38:215][119]LogModuleManager: Shutting down and abandoning module MaterialBaking (169)
[2018.12.06-21.58.38:227][119]LogModuleManager: Shutting down and abandoning module DirectoryWatcher (165)
[2018.12.06-21.58.38:229][119]LogModuleManager: Shutting down and abandoning module DerivedDataCache (162)
[2018.12.06-21.58.38:277][119]LogDerivedDataCache: Shutdown
[2018.12.06-21.58.38:277][119]LogModuleManager: Shutting down and abandoning module XGEController (160)
[2018.12.06-21.58.38:296][119]LogModuleManager: Shutting down and abandoning module TargetPlatform (158)
[2018.12.06-21.58.38:297][119]LogModuleManager: Shutting down and abandoning module VulkanShaderFormat (157)
[2018.12.06-21.58.38:313][119]LogModuleManager: Shutting down and abandoning module ShaderFormatVectorVM (155)
[2018.12.06-21.58.38:328][119]LogModuleManager: Shutting down and abandoning module ShaderFormatOpenGL (153)
[2018.12.06-21.58.38:339][119]LogModuleManager: Shutting down and abandoning module ShaderFormatD3D (151)
[2018.12.06-21.58.38:339][119]LogModuleManager: Shutting down and abandoning module MetalShaderFormat (149)
[2018.12.06-21.58.38:352][119]LogModuleManager: Shutting down and abandoning module TextureFormatUncompressed (147)
[2018.12.06-21.58.38:352][119]LogModuleManager: Shutting down and abandoning module TextureFormatPVR (145)
[2018.12.06-21.58.38:352][119]LogModuleManager: Shutting down and abandoning module TextureFormatDXT (143)
[2018.12.06-21.58.38:366][119]LogModuleManager: Shutting down and abandoning module TextureFormatIntelISPCTexComp (141)
[2018.12.06-21.58.38:376][119]LogModuleManager: Shutting down and abandoning module TextureFormatASTC (139)
[2018.12.06-21.58.38:376][119]LogModuleManager: Shutting down and abandoning module ImageWrapper (138)
[2018.12.06-21.58.38:376][119]LogModuleManager: Shutting down and abandoning module TextureFormatAndroid (135)
[2018.12.06-21.58.38:376][119]LogModuleManager: Shutting down and abandoning module AudioFormatOpus (133)
[2018.12.06-21.58.38:377][119]LogModuleManager: Shutting down and abandoning module AudioFormatOgg (131)
[2018.12.06-21.58.38:377][119]LogModuleManager: Shutting down and abandoning module AudioFormatADPCM (129)
[2018.12.06-21.58.38:377][119]LogModuleManager: Shutting down and abandoning module LuminTargetPlatform (127)
[2018.12.06-21.58.38:377][119]LogModuleManager: Shutting down and abandoning module LinuxTargetPlatform (125)
[2018.12.06-21.58.38:378][119]LogModuleManager: Shutting down and abandoning module LinuxServerTargetPlatform (123)
[2018.12.06-21.58.38:378][119]LogModuleManager: Shutting down and abandoning module LinuxNoEditorTargetPlatform (121)
[2018.12.06-21.58.38:392][119]LogModuleManager: Shutting down and abandoning module LinuxClientTargetPlatform (119)
[2018.12.06-21.58.38:402][119]LogModuleManager: Shutting down and abandoning module TVOSTargetPlatform (117)
[2018.12.06-21.58.38:432][119]LogModuleManager: Shutting down and abandoning module Messaging (115)
[2018.12.06-21.58.38:433][119]LogModuleManager: Shutting down and abandoning module IOSTargetPlatform (113)
[2018.12.06-21.58.38:453][119]LogModuleManager: Shutting down and abandoning module HTML5TargetPlatform (111)
[2018.12.06-21.58.38:453][119]LogModuleManager: Shutting down and abandoning module AndroidTargetPlatform (109)
[2018.12.06-21.58.38:599][119]LogModuleManager: Shutting down and abandoning module WindowsTargetPlatform (107)
[2018.12.06-21.58.38:599][119]LogModuleManager: Shutting down and abandoning module WindowsServerTargetPlatform (105)
[2018.12.06-21.58.38:599][119]LogModuleManager: Shutting down and abandoning module WindowsNoEditorTargetPlatform (103)
[2018.12.06-21.58.38:599][119]LogModuleManager: Shutting down and abandoning module WindowsClientTargetPlatform (101)
[2018.12.06-21.58.38:599][119]LogModuleManager: Shutting down and abandoning module MacTargetPlatform (99)
[2018.12.06-21.58.38:600][119]LogModuleManager: Shutting down and abandoning module MacServerTargetPlatform (97)
[2018.12.06-21.58.38:600][119]LogModuleManager: Shutting down and abandoning module MacNoEditorTargetPlatform (95)
[2018.12.06-21.58.38:600][119]LogModuleManager: Shutting down and abandoning module MacClientTargetPlatform (93)
[2018.12.06-21.58.38:601][119]LogModuleManager: Shutting down and abandoning module AllDesktopTargetPlatform (91)
[2018.12.06-21.58.38:601][119]LogModuleManager: Shutting down and abandoning module InputCore (88)
[2018.12.06-21.58.38:601][119]LogModuleManager: Shutting down and abandoning module Settings (86)
[2018.12.06-21.58.38:601][119]LogModuleManager: Shutting down and abandoning module PhysXCooking (84)
[2018.12.06-21.58.38:601][119]LogModuleManager: Shutting down and abandoning module SteamVR (82)
[2018.12.06-21.58.38:601][119]LogModuleManager: Shutting down and abandoning module OculusHMD (80)
[2018.12.06-21.58.38:612][119]LogModuleManager: Shutting down and abandoning module ExampleDeviceProfileSelector (78)
[2018.12.06-21.58.38:612][119]LogModuleManager: Shutting down and abandoning module LauncherChunkInstaller (76)
[2018.12.06-21.58.38:612][119]LogModuleManager: Shutting down and abandoning module OnlineBlueprintSupport (74)
[2018.12.06-21.58.38:612][119]LogModuleManager: Shutting down and abandoning module OnlineSubsystem (70)
[2018.12.06-21.58.38:630][119]LogModuleManager: Shutting down and abandoning module XMPP (65)
[2018.12.06-21.58.38:657][119]LogModuleManager: Shutting down and abandoning module WebSockets (64)
[2018.12.06-21.58.38:723][119]LogModuleManager: Shutting down and abandoning module HTTP (61)
[2018.12.06-21.58.38:737][119]LogHttp: Display: Http module shutting down, but needs to wait on 1 outstanding Http requests:
[2018.12.06-21.58.38:738][119]LogHttp: Display: 	verb=[POST] url=[https://datarouter.ol.epicgames.com/datarouter/api/v1/public/data?SessionID=%7BFBCFF771-4B88-6D02-54FB-8E9EA1FCD32D%7D&AppID=UEEditor.Rocket.Release&AppVersion=4.20.3-4369336%2B%2B%2BUE4%2BRelease-4.20&UserID=492e65dd48673339ba3345820836acac%7C198f0c7eba5d40c39cde66691aa87a3b%7C708ffe7b-f8ea-4e7d-825c-9c27d99d23de&AppEnvironment=datacollector-binary&UploadType=eteventstream] status=Processing
[2018.12.06-21.58.38:760][119]LogModuleManager: Shutting down and abandoning module SSL (60)
[2018.12.06-21.58.38:789][119]LogModuleManager: Shutting down and abandoning module MagicLeapEmulator (56)
[2018.12.06-21.58.38:789][119]LogModuleManager: Shutting down and abandoning module MagicLeapPrivileges (54)
[2018.12.06-21.58.38:789][119]LogModuleManager: Shutting down and abandoning module MagicLeapIdentity (52)
[2018.12.06-21.58.38:789][119]LogModuleManager: Shutting down and abandoning module MagicLeapHelperVulkan (50)
[2018.12.06-21.58.38:789][119]LogModuleManager: Shutting down and abandoning module MagicLeapHelperOpenGL (48)
[2018.12.06-21.58.38:789][119]LogModuleManager: Shutting down and abandoning module MagicLeapSecureStorage (46)
[2018.12.06-21.58.38:789][119]LogModuleManager: Shutting down and abandoning module MagicLeapGestures (44)
[2018.12.06-21.58.38:803][119]LogModuleManager: Shutting down and abandoning module MagicLeapEyeTracker (42)
[2018.12.06-21.58.38:803][119]LogModuleManager: Shutting down and abandoning module MagicLeapController (40)
[2018.12.06-21.58.38:804][119]LogSlate: Slate User Destroyed.  User Index 0, Is Virtual User: 0
[2018.12.06-21.58.38:804][119]LogModuleManager: Shutting down and abandoning module MagicLeap (38)
[2018.12.06-21.58.38:805][119]LogModuleManager: Shutting down and abandoning module AnimationModifiers (36)
[2018.12.06-21.58.38:823][119]LogModuleManager: Shutting down and abandoning module PropertyEditor (35)
[2018.12.06-21.58.38:823][119]LogModuleManager: Shutting down and abandoning module AudioEditor (32)
[2018.12.06-21.58.38:850][119]LogModuleManager: Shutting down and abandoning module TextureCompressor (30)
[2018.12.06-21.58.38:865][119]LogModuleManager: Shutting down and abandoning module ShaderCore (28)
[2018.12.06-21.58.38:866][119]LogModuleManager: Shutting down and abandoning module Landscape (26)
[2018.12.06-21.58.38:866][119]LogModuleManager: Shutting down and abandoning module SlateRHIRenderer (24)
[2018.12.06-21.58.38:884][119]LogModuleManager: Shutting down and abandoning module OpenGLDrv (22)
[2018.12.06-21.58.38:905][119]LogModuleManager: Shutting down and abandoning module D3D11RHI (20)
[2018.12.06-21.58.38:905][119]LogModuleManager: Shutting down and abandoning module AnimGraphRuntime (18)
[2018.12.06-21.58.38:918][119]LogModuleManager: Shutting down and abandoning module Renderer (16)
[2018.12.06-21.58.38:918][119]LogModuleManager: Shutting down and abandoning module Engine (14)
[2018.12.06-21.58.38:918][119]LogModuleManager: Shutting down and abandoning module CoreUObject (12)
[2018.12.06-21.58.38:919][119]LogModuleManager: Shutting down and abandoning module NetworkFile (10)
[2018.12.06-21.58.38:929][119]LogModuleManager: Shutting down and abandoning module CookedIterativeFile (8)
[2018.12.06-21.58.38:929][119]LogModuleManager: Shutting down and abandoning module StreamingFile (6)
[2018.12.06-21.58.38:938][119]LogModuleManager: Shutting down and abandoning module SandboxFile (4)
[2018.12.06-21.58.38:939][119]LogModuleManager: Shutting down and abandoning module PakFile (2)
[2018.12.06-21.58.38:995][119]LogExit: Exiting.
[2018.12.06-21.58.39:054][119]Log file closed, 12/06/18 16:58:39
