Log file open, 11/29/18 14:09:57
LogWindows: Failed to load 'aqProf.dll' (GetLastError=126)
LogWindows: File 'aqProf.dll' does not exist
LogWindows: Failed to load 'VtuneApi.dll' (GetLastError=126)
LogWindows: File 'VtuneApi.dll' does not exist
LogWindows: Failed to load 'VtuneApi32e.dll' (GetLastError=126)
LogWindows: File 'VtuneApi32e.dll' does not exist
LogInit: Display: Running engine for game: JungleMaze
LogPlatformFile: Not using cached read wrapper
LogTaskGraph: Started task graph with 5 named threads and 23 total threads with 3 sets of task threads.
LogStats: Stats thread started at 0.303777
LogD3D11RHI: Loaded GFSDK_Aftermath_Lib.x64.dll
LogICUInternationalization: Display: ICU TimeZone Detection - Raw Offset: -5:00, Platform Override: ''
LogPluginManager: Mounting plugin Paper2D
LogPluginManager: Mounting plugin AISupport
LogPluginManager: Mounting plugin LightPropagationVolume
LogPluginManager: Mounting plugin CLionSourceCodeAccess
LogPluginManager: Mounting plugin CodeLiteSourceCodeAccess
LogPluginManager: Mounting plugin GitSourceControl
LogPluginManager: Mounting plugin KDevelopSourceCodeAccess
LogPluginManager: Mounting plugin NullSourceCodeAccess
LogPluginManager: Mounting plugin PerforceSourceControl
LogPluginManager: Mounting plugin SubversionSourceControl
LogPluginManager: Mounting plugin UObjectPlugin
LogPluginManager: Mounting plugin VisualStudioCodeSourceCodeAccess
LogPluginManager: Mounting plugin VisualStudioSourceCodeAccess
LogPluginManager: Mounting plugin XCodeSourceCodeAccess
LogPluginManager: Mounting plugin AssetManagerEditor
LogPluginManager: Mounting plugin CryptoKeys
LogPluginManager: Mounting plugin DataValidation
LogPluginManager: Mounting plugin FacialAnimation
LogPluginManager: Mounting plugin GameplayTagsEditor
LogPluginManager: Mounting plugin MacGraphicsSwitching
LogPluginManager: Mounting plugin MeshEditor
LogPluginManager: Mounting plugin MobileLauncherProfileWizard
LogPluginManager: Mounting plugin PluginBrowser
LogPluginManager: Mounting plugin SpeedTreeImporter
LogPluginManager: Mounting plugin DatasmithContent
LogPluginManager: Mounting plugin AlembicImporter
LogPluginManager: Mounting plugin AppleImageUtils
LogPluginManager: Mounting plugin AppleVision
LogPluginManager: Mounting plugin BackChannel
LogPluginManager: Mounting plugin CharacterAI
LogPluginManager: Mounting plugin GeometryCache
LogPluginManager: Mounting plugin HTML5Networking
LogPluginManager: Mounting plugin ProxyLODPlugin
LogPluginManager: Mounting plugin MagicLeap
LogPluginManager: Mounting plugin MagicLeapEmulator
LogPluginManager: Mounting plugin MagicLeapMedia
LogPluginManager: Mounting plugin AndroidMedia
LogPluginManager: Mounting plugin AvfMedia
LogPluginManager: Mounting plugin ImgMedia
LogPluginManager: Mounting plugin LinearTimecode
LogPluginManager: Mounting plugin MediaCompositing
LogPluginManager: Mounting plugin MediaPlayerEditor
LogPluginManager: Mounting plugin WmfMedia
LogPluginManager: Mounting plugin TcpMessaging
LogPluginManager: Mounting plugin UdpMessaging
LogPluginManager: Mounting plugin ActorSequence
LogPluginManager: Mounting plugin LevelSequenceEditor
LogPluginManager: Mounting plugin MatineeToLevelSequence
LogPluginManager: Mounting plugin NetcodeUnitTest
LogPluginManager: Mounting plugin NUTUnrealEngine4
LogPluginManager: Mounting plugin OnlineSubsystemGooglePlay
LogPluginManager: Mounting plugin OnlineSubsystemIOS
LogPluginManager: Mounting plugin OnlineSubsystem
LogPluginManager: Mounting plugin OnlineSubsystemNull
LogPluginManager: Mounting plugin OnlineSubsystemUtils
LogPluginManager: Mounting plugin LauncherChunkInstaller
LogPluginManager: Mounting plugin AndroidDeviceProfileSelector
LogPluginManager: Mounting plugin AndroidMoviePlayer
LogPluginManager: Mounting plugin AndroidPermission
LogPluginManager: Mounting plugin AppleMoviePlayer
LogPluginManager: Mounting plugin ArchVisCharacter
LogPluginManager: Mounting plugin AudioCapture
LogPluginManager: Mounting plugin CableComponent
LogPluginManager: Mounting plugin CustomMeshComponent
LogPluginManager: Mounting plugin EditableMesh
LogPluginManager: Mounting plugin ExampleDeviceProfileSelector
LogPluginManager: Mounting plugin GoogleCloudMessaging
LogPluginManager: Mounting plugin ImmediatePhysics
LogPluginManager: Mounting plugin IOSDeviceProfileSelector
LogPluginManager: Mounting plugin LinuxDeviceProfileSelector
LogPluginManager: Mounting plugin LocationServicesBPLibrary
LogPluginManager: Mounting plugin MobilePatchingUtils
LogPluginManager: Mounting plugin OculusVR
LogPluginManager: Plugin shader directory ../../../Engine/Plugins/Runtime/Oculus/OculusVR/Shaders found
LogPluginManager: Mapping shader source directory ../../../Engine/Plugins/Runtime/Oculus/OculusVR/Shaders to virtual directory /Plugin/OculusVR
LogPluginManager: Mounting plugin PhysXVehicles
LogPluginManager: Mounting plugin ProceduralMeshComponent
LogPluginManager: Mounting plugin RuntimePhysXCooking
LogPluginManager: Mounting plugin SteamVR
LogPluginManager: Mounting plugin WindowsMoviePlayer
LogStreaming: Display: Took  0.214s to configure plugins.
LogInit: Using libcurl 7.55.1-DEV
LogInit:  - built for x86_64-pc-win32
LogInit:  - supports SSL with OpenSSL/1.0.2h
LogInit:  - supports HTTP deflate (compression) using libz 1.2.8
LogInit:  - other features:
LogInit:      CURL_VERSION_SSL
LogInit:      CURL_VERSION_LIBZ
LogInit:      CURL_VERSION_IPV6
LogInit:      CURL_VERSION_ASYNCHDNS
LogInit:      CURL_VERSION_LARGEFILE
LogInit:      CURL_VERSION_IDN
LogInit:  CurlRequestOptions (configurable via config and command line):
LogInit:  - bVerifyPeer = false  - Libcurl will NOT verify peer certificate
LogInit:  - bUseHttpProxy = false  - Libcurl will NOT use HTTP proxy
LogInit:  - bDontReuseConnections = false  - Libcurl will reuse connections
LogInit:  - CertBundlePath = nullptr  - Libcurl will use whatever was configured at build time.
LogInit:  - MaxHostConnections = 16  - Libcurl will limit the number of connections to a host
LogInit:  - LocalHostAddr = Default
LogInit:  - BufferSize = 65536
LogInit: WinSock: version 1.1 (2.2), MaxSocks=32767, MaxUdp=65467
LogInit: Build: ++UE4+Release-4.20-CL-4369336
LogInit: Engine Version: 4.20.3-4369336+++UE4+Release-4.20
LogInit: Compatible Engine Version: 4.20.0-4212847+++UE4+Release-4.20
LogInit: Net CL: 4212847
LogInit: OS: Windows 10 (), CPU: Intel(R) Core(TM) i7-6700HQ CPU @ 2.60GHz, GPU: Intel(R) HD Graphics 530
LogInit: Compiled (64-bit): Sep 17 2018 12:26:19
LogInit: Compiled with Visual C++: 19.13.26129.00
LogInit: Build Configuration: Development
LogInit: Branch Name: ++UE4+Release-4.20
LogInit: Command Line: 
LogInit: Base Directory: D:/EpicGames/Games/UE_4.20/Engine/Binaries/Win64/
LogInit: Installed Engine Build: 1
LogDevObjectVersion: Number of dev versions registered: 20
LogDevObjectVersion:   Dev-Blueprints (B0D832E4-1F89-4F0D-ACCF-7EB736FD4AA2): 10
LogDevObjectVersion:   Dev-Build (E1C64328-A22C-4D53-A36C-8E866417BD8C): 0
LogDevObjectVersion:   Dev-Core (375EC13C-06E4-48FB-B500-84F0262A717E): 2
LogDevObjectVersion:   Dev-Editor (E4B068ED-F494-42E9-A231-DA0B2E46BB41): 24
LogDevObjectVersion:   Dev-Framework (CFFC743F-43B0-4480-9391-14DF171D2073): 34
LogDevObjectVersion:   Dev-Mobile (B02B49B5-BB20-44E9-A304-32B752E40360): 2
LogDevObjectVersion:   Dev-Networking (A4E4105C-59A1-49B5-A7C5-40C4547EDFEE): 0
LogDevObjectVersion:   Dev-Online (39C831C9-5AE6-47DC-9A44-9C173E1C8E7C): 0
LogDevObjectVersion:   Dev-Physics (78F01B33-EBEA-4F98-B9B4-84EACCB95AA2): 0
LogDevObjectVersion:   Dev-Platform (6631380F-2D4D-43E0-8009-CF276956A95A): 0
LogDevObjectVersion:   Dev-Rendering (12F88B9F-8875-4AFC-A67C-D90C383ABD29): 26
LogDevObjectVersion:   Dev-Sequencer (7B5AE74C-D270-4C10-A958-57980B212A5A): 9
LogDevObjectVersion:   Dev-VR (D7296918-1DD6-4BDD-9DE2-64A83CC13884): 2
LogDevObjectVersion:   Dev-LoadTimes (C2A15278-BFE7-4AFE-6C17-90FF531DF755): 1
LogDevObjectVersion:   Private-Geometry (6EACA3D4-40EC-4CC1-B786-8BED09428FC5): 3
LogDevObjectVersion:   Dev-AnimPhys (29E575DD-E0A3-4627-9D10-D276232CDCEA): 17
LogDevObjectVersion:   Dev-ReflectionCapture (6B266CEC-1EC7-4B8F-A30B-E4D90942FC07): 1
LogDevObjectVersion:   Dev-Automation (0DF73D61-A23F-47EA-B727-89E90C41499A): 1
LogDevObjectVersion:   FortniteMain (601D1886-AC64-4F84-AA16-D3DE0DEAC7D6): 12
LogDevObjectVersion:   Dev-Enterprise (9DFFBCD6-494F-0158-E221-12823C92A888): 1
LogStreaming: Display: Took  0.005s to delete old logs.
LogInit: Presizing for max 8388607 objects, including 0 objects not considered by GC, pre-allocating 0 bytes for permanent pool.
LogInit: Object subsystem initialized
[2018.11.29-19.09.57:542][  0]LogInit: Selected Device Profile: [Windows]
[2018.11.29-19.09.57:542][  0]LogInit: Applying CVar settings loaded from the selected device profile: [Windows]
[2018.11.29-19.09.57:562][  0]LogHAL: Display: Platform has ~ 16 GB [17046654976 / 17179869184 / 16], which maps to Larger [LargestMinGB=32, LargerMinGB=12, DefaultMinGB=8, SmallerMinGB=6, SmallestMinGB=0)
[2018.11.29-19.09.57:562][  0]LogInit: Setting Device Profile CVar: [[r.Vulkan.UseRealUBs:1]]
[2018.11.29-19.09.57:562][  0]LogInit: Going up to parent DeviceProfile []
[2018.11.29-19.09.57:563][  0]LogInit: Computer: VARUNMW01
[2018.11.29-19.09.57:563][  0]LogInit: User: Varun
[2018.11.29-19.09.57:563][  0]LogInit: CPU Page size=4096, Cores=4
[2018.11.29-19.09.57:563][  0]LogInit: High frequency timer resolution =2.531248 MHz
[2018.11.29-19.09.57:563][  0]LogMemory: Memory total: Physical=15.9GB (16GB approx)
[2018.11.29-19.09.57:563][  0]LogMemory: Platform Memory Stats for Windows
[2018.11.29-19.09.57:563][  0]LogMemory: Process Physical Memory: 100.15 MB used, 100.15 MB peak
[2018.11.29-19.09.57:564][  0]LogMemory: Process Virtual Memory: 91.11 MB used, 91.11 MB peak
[2018.11.29-19.09.57:564][  0]LogMemory: Physical Memory: 7996.13 MB used,  8260.82 MB free, 16256.96 MB total
[2018.11.29-19.09.57:564][  0]LogMemory: Virtual Memory: 4645.25 MB used,  8260.82 MB free, 134217728.00 MB total
[2018.11.29-19.09.57:606][  0]LogInit: Using OS detected language (en-US).
[2018.11.29-19.09.57:606][  0]LogInit: Using OS detected locale (en-US).
[2018.11.29-19.09.57:608][  0]LogTextLocalizationManager: No specific localization for 'en-US' exists, so the 'en' localization will be used.
[2018.11.29-19.09.58:051][  0]LogStreaming: Display: Took  0.444s to InitEngineTextLocalization.
[2018.11.29-19.09.58:051][  0]LogInit: Setting process to per monitor DPI aware
[2018.11.29-19.09.58:129][  0]LogSlate: New Slate User Created.  User Index 0, Is Virtual User: 0
[2018.11.29-19.09.58:129][  0]LogSlate: Slate User Registered.  User Index 0, Is Virtual User: 0
[2018.11.29-19.09.58:549][  0]LogHMD: Failed to initialize OpenVR with code 110
[2018.11.29-19.09.58:549][  0]LogD3D11RHI: D3D11 adapters:
[2018.11.29-19.09.58:613][  0]LogD3D11RHI:    1. 'Intel(R) HD Graphics 530' (Feature Level 11_0)
[2018.11.29-19.09.58:613][  0]LogD3D11RHI:       128/0/8128 MB DedicatedVideo/DedicatedSystem/SharedSystem, Outputs:0, VendorId:0x8086
[2018.11.29-19.09.58:616][  0]LogD3D11RHI:    2. 'Microsoft Basic Render Driver' (Feature Level 11_0)
[2018.11.29-19.09.58:616][  0]LogD3D11RHI:       0/0/8128 MB DedicatedVideo/DedicatedSystem/SharedSystem, Outputs:0, VendorId:0x1414
[2018.11.29-19.09.58:616][  0]LogD3D11RHI: Chosen D3D11 Adapter: 1
[2018.11.29-19.09.58:660][  0]LogD3D11RHI: Creating new Direct3DDevice
[2018.11.29-19.09.58:660][  0]LogD3D11RHI:     GPU DeviceId: 0x191b (for the marketing name, search the web for "GPU Device Id")
[2018.11.29-19.09.58:660][  0]LogWindows: EnumDisplayDevices:
[2018.11.29-19.09.58:661][  0]LogWindows:    0. 'Intel(R) HD Graphics 530' (P:1 D:1)
[2018.11.29-19.09.58:661][  0]LogWindows:    1. 'Intel(R) HD Graphics 530' (P:0 D:0)
[2018.11.29-19.09.58:661][  0]LogWindows:    2. 'Intel(R) HD Graphics 530' (P:0 D:0)
[2018.11.29-19.09.58:662][  0]LogWindows: DebugString: FoundDriverCount:3 
[2018.11.29-19.09.58:662][  0]LogD3D11RHI:     Adapter Name: Intel(R) HD Graphics 530
[2018.11.29-19.09.58:662][  0]LogD3D11RHI:   Driver Version: 23.20.16.4973 (internal:23.20.16.4973, unified:23.20.16.4973)
[2018.11.29-19.09.58:662][  0]LogD3D11RHI:      Driver Date: 2-28-2018
[2018.11.29-19.09.58:662][  0]LogRHI: Texture pool is 1523 MB (70% of 2176 MB)
[2018.11.29-19.09.58:683][  0]LogD3D11RHI: Async texture creation enabled
[2018.11.29-19.09.58:692][  0]LogD3D11RHI: GPU Timing Frequency: 12.000048 (Debug: 2 0)
[2018.11.29-19.09.58:694][  0]LogShaderCompilers: Guid format shader working directory is -11 characters bigger than the processId version (C:/Users/Varun/Documents/Unreal Projects/JungleMaze 4.20/Intermediate/Shaders/WorkingDirectory/10664/).
[2018.11.29-19.09.58:694][  0]LogShaderCompilers: Cleaned the shader compiler working directory 'C:/Users/Varun/AppData/Local/Temp/UnrealShaderWorkingDir/3587D7764B3A2BD52694F9A6DB9DA442/'.
[2018.11.29-19.09.59:110][  0]LogTemp: Display: Loaded TP AllDesktopTargetPlatform
[2018.11.29-19.09.59:124][  0]LogTemp: Display: Loaded TP MacClientTargetPlatform
[2018.11.29-19.09.59:139][  0]LogTemp: Display: Loaded TP MacNoEditorTargetPlatform
[2018.11.29-19.09.59:153][  0]LogTemp: Display: Loaded TP MacServerTargetPlatform
[2018.11.29-19.09.59:167][  0]LogTemp: Display: Loaded TP MacTargetPlatform
[2018.11.29-19.09.59:185][  0]LogTemp: Display: Loaded TP WindowsClientTargetPlatform
[2018.11.29-19.09.59:199][  0]LogTemp: Display: Loaded TP WindowsNoEditorTargetPlatform
[2018.11.29-19.09.59:214][  0]LogTemp: Display: Loaded TP WindowsServerTargetPlatform
[2018.11.29-19.09.59:220][  0]LogTemp: Display: Loaded TP WindowsTargetPlatform
[2018.11.29-19.09.59:305][  0]LogTemp: Display: Loaded TP AndroidTargetPlatform
[2018.11.29-19.09.59:305][  0]LogTemp: Display: Loaded TP AndroidTargetPlatform
[2018.11.29-19.09.59:306][  0]LogTemp: Display: Loaded TP AndroidTargetPlatform
[2018.11.29-19.09.59:306][  0]LogTemp: Display: Loaded TP AndroidTargetPlatform
[2018.11.29-19.09.59:306][  0]LogTemp: Display: Loaded TP AndroidTargetPlatform
[2018.11.29-19.09.59:306][  0]LogTemp: Display: Loaded TP AndroidTargetPlatform
[2018.11.29-19.09.59:306][  0]LogTemp: Display: Loaded TP AndroidTargetPlatform
[2018.11.29-19.09.59:306][  0]LogTemp: Display: Loaded TP AndroidTargetPlatform
[2018.11.29-19.09.59:306][  0]LogTemp: Display: Loaded TP AndroidTargetPlatform
[2018.11.29-19.09.59:306][  0]LogTemp: Display: Loaded TP AndroidTargetPlatform
[2018.11.29-19.09.59:306][  0]LogTemp: Display: Loaded TP AndroidTargetPlatform
[2018.11.29-19.09.59:306][  0]LogTemp: Display: Loaded TP AndroidTargetPlatform
[2018.11.29-19.09.59:306][  0]LogTemp: Display: Loaded TP AndroidTargetPlatform
[2018.11.29-19.09.59:306][  0]LogTemp: Display: Loaded TP AndroidTargetPlatform
[2018.11.29-19.09.59:306][  0]LogTemp: Display: Loaded TP AndroidTargetPlatform
[2018.11.29-19.09.59:306][  0]LogTemp: Display: Loaded TP AndroidTargetPlatform
[2018.11.29-19.09.59:306][  0]LogTemp: Display: Loaded TP AndroidTargetPlatform
[2018.11.29-19.09.59:306][  0]LogTemp: Display: Loaded TP AndroidTargetPlatform
[2018.11.29-19.09.59:307][  0]LogTemp: Display: Loaded TP HTML5TargetPlatform
[2018.11.29-19.09.59:379][  0]LogTemp: Display: Loaded TP IOSTargetPlatform
[2018.11.29-19.09.59:379][  0]LogTemp: Display: Loaded TP IOSTargetPlatform
[2018.11.29-19.09.59:431][  0]LogTemp: Display: Loaded TP TVOSTargetPlatform
[2018.11.29-19.09.59:431][  0]LogTemp: Display: Loaded TP TVOSTargetPlatform
[2018.11.29-19.09.59:444][  0]LogTemp: Display: Loaded TP LinuxClientTargetPlatform
[2018.11.29-19.09.59:459][  0]LogTemp: Display: Loaded TP LinuxNoEditorTargetPlatform
[2018.11.29-19.09.59:474][  0]LogTemp: Display: Loaded TP LinuxServerTargetPlatform
[2018.11.29-19.09.59:490][  0]LogTemp: Display: Loaded TP LinuxTargetPlatform
[2018.11.29-19.09.59:500][  0]LogTemp: Display: Loaded TP LuminTargetPlatform
[2018.11.29-19.09.59:500][  0]LogTargetPlatformManager: Display: Building Assets For Windows
[2018.11.29-19.09.59:567][  0]LogXGEController: Cannot use XGE Controller as Incredibuild is not installed on this machine.
[2018.11.29-19.09.59:567][  0]LogShaderCompilers: Cannot use XGE Shader Compiler as Incredibuild is not installed on this machine.
[2018.11.29-19.09.59:567][  0]LogShaderCompilers: Display: Using Local Shader Compiler.
[2018.11.29-19.10.00:404][  0]LogDerivedDataCache: Display: Max Cache Size: 512 MB
[2018.11.29-19.10.00:477][  0]LogDerivedDataCache: Loaded boot cache 0.07s 71MB C:/Users/Varun/AppData/Local/UnrealEngine/4.20/DerivedDataCache/Boot.ddc.
[2018.11.29-19.10.00:478][  0]LogDerivedDataCache: Display: Loaded Boot cache: C:/Users/Varun/AppData/Local/UnrealEngine/4.20/DerivedDataCache/Boot.ddc
[2018.11.29-19.10.00:478][  0]LogDerivedDataCache: FDerivedDataBackendGraph:  Pak pak cache file C:/Users/Varun/Documents/Unreal Projects/JungleMaze 4.20/DerivedDataCache/DDC.ddp not found, will not use a pak cache.
[2018.11.29-19.10.00:478][  0]LogDerivedDataCache: Unable to find inner node Pak for hierarchical cache Hierarchy.
[2018.11.29-19.10.00:478][  0]LogDerivedDataCache: FDerivedDataBackendGraph:  CompressedPak pak cache file C:/Users/Varun/Documents/Unreal Projects/JungleMaze 4.20/DerivedDataCache/Compressed.ddp not found, will not use a pak cache.
[2018.11.29-19.10.00:478][  0]LogDerivedDataCache: Unable to find inner node CompressedPak for hierarchical cache Hierarchy.
[2018.11.29-19.10.00:492][  0]LogDerivedDataCache: Display: Pak cache opened for reading ../../../Engine/DerivedDataCache/Compressed.ddp.
[2018.11.29-19.10.00:506][  0]LogDerivedDataCache: Using Local data cache path C:/Users/Varun/AppData/Local/UnrealEngine/Common/DerivedDataCache: Writable
[2018.11.29-19.10.00:506][  0]LogDerivedDataCache: Shared data cache path not found in *engine.ini, will not use an Shared cache.
[2018.11.29-19.10.00:506][  0]LogDerivedDataCache: Unable to find inner node Shared for hierarchical cache Hierarchy.
[2018.11.29-19.10.00:527][  0]LogMaterial: Verifying Global Shaders for PCD3D_SM5
[2018.11.29-19.10.00:529][  0]LogSlate: Using FreeType 2.6.0
[2018.11.29-19.10.00:530][  0]LogSlate: SlateFontServices - WITH_FREETYPE: 1, WITH_HARFBUZZ: 1
[2018.11.29-19.10.00:641][  0]LogAssetRegistry: FAssetRegistry took 0.0267 seconds to start up
[2018.11.29-19.10.00:999][  0]LogInit: Selected Device Profile: [Windows]
[2018.11.29-19.10.01:149][  0]LogSimplygon: Simplygon DLL not present - disabling.
[2018.11.29-19.10.01:154][  0]LogMeshReduction: Using SimplygonSwarm for distributed automatic mesh merging
[2018.11.29-19.10.01:154][  0]LogMeshReduction: Using ProxyLODMeshReduction for automatic mesh merging
[2018.11.29-19.10.01:154][  0]LogMeshReduction: Using QuadricMeshReduction for automatic static mesh reduction
[2018.11.29-19.10.01:154][  0]LogMeshReduction: No automatic skeletal mesh reduction module available
[2018.11.29-19.10.01:175][  0]LogNetVersion: JungleMaze 1.0.0, NetCL: 4212847, EngineNetVer: 5, GameNetVer: 0 (Checksum: 723645141)
[2018.11.29-19.10.01:961][  0]LogPackageLocalizationCache: Processed 11 localized package path(s) for 2 prioritized culture(s) in 0.171128 seconds
[2018.11.29-19.10.01:968][  0]LogUObjectArray: 38425 objects as part of root set at end of initial load.
[2018.11.29-19.10.01:968][  0]LogUObjectAllocator: 6690872 out of 0 bytes used by permanent object pool.
[2018.11.29-19.10.01:968][  0]LogUObjectArray: CloseDisregardForGC: 0/0 objects in disregard for GC pool
[2018.11.29-19.10.03:269][  0]LogTcpMessaging: Initializing TcpMessaging bridge
[2018.11.29-19.10.03:283][  0]LogUdpMessaging: Initializing bridge on interface 0.0.0.0:0 to multicast group 230.0.0.1:6666.
[2018.11.29-19.10.03:461][  0]SourceControl: Source control is disabled
[2018.11.29-19.10.03:461][  0]SourceControl: Source control is disabled
[2018.11.29-19.10.03:463][  0]SourceControl: Source control is disabled
[2018.11.29-19.10.03:465][  0]SourceControl: Source control is disabled
[2018.11.29-19.10.03:670][  0]LogAndroidPermission: UAndroidPermissionCallbackProxy::GetInstance
[2018.11.29-19.10.03:751][  0]LogOcInput: OculusInput pre-init called
[2018.11.29-19.10.03:825][  0]LogEngine: Initializing Engine...
[2018.11.29-19.10.03:826][  0]LogHMD: Failed to initialize OpenVR with code 110
[2018.11.29-19.10.03:828][  0]LogStats: UGameplayTagsManager::ConstructGameplayTagTree: ImportINI prefixes -  0.000 s
[2018.11.29-19.10.03:828][  0]LogStats: UGameplayTagsManager::ConstructGameplayTagTree: Construct from data asset -  0.000 s
[2018.11.29-19.10.03:828][  0]LogStats: UGameplayTagsManager::ConstructGameplayTagTree: ImportINI -  0.000 s
[2018.11.29-19.10.03:829][  0]LogStats: UGameplayTagsManager::ConstructGameplayTagTree: GameplayTagTreeChangedEvent.Broadcast -  0.000 s
[2018.11.29-19.10.04:097][  0]LogInit: Initializing FReadOnlyCVARCache
[2018.11.29-19.10.04:116][  0]LogAIModule: Creating AISystem for world Untitled
[2018.11.29-19.10.04:130][  0]LogInit: XAudio2 using 'Speakers / Headphones (Realtek High Definition Audio)' : 2 channels at 48 kHz using 32 bits per sample (channel mask 0x3)
[2018.11.29-19.10.04:170][  0]LogInit: FAudioDevice initialized.
[2018.11.29-19.10.04:171][  0]LogNetVersion: Set ProjectVersion to 1.0.0.0. Version Checksum will be recalculated on next use.
[2018.11.29-19.10.04:736][  0]LogDerivedDataCache: Saved boot cache 0.57s 71MB C:/Users/Varun/AppData/Local/UnrealEngine/4.20/DerivedDataCache/Boot.ddc.
[2018.11.29-19.10.04:758][  0]LogInit: Texture streaming: Enabled
[2018.11.29-19.10.04:780][  0]LogEngineSessionManager: EngineSessionManager initialized
[2018.11.29-19.10.04:803][  0]LogWindowsTextInputMethodSystem: Display: IME system now deactivated.
[2018.11.29-19.10.04:865][  0]LogInit: Transaction tracking system initialized
[2018.11.29-19.10.04:895][  0]BlueprintLog: New page: Editor Load
[2018.11.29-19.10.04:982][  0]LocalizationService: Localization service is disabled
[2018.11.29-19.10.05:334][  0]LogCook: Display: Max memory allowance for cook 16384mb min free memory 0mb
[2018.11.29-19.10.05:334][  0]LogCook: Display: Mobile HDR setting 1
[2018.11.29-19.10.05:334][  0]LogGameplayTags: Display: UGameplayTagsManager::DoneAddingNativeTags. DelegateIsBound: 0
[2018.11.29-19.10.05:334][  0]LogStats: UGameplayTagsManager::ConstructGameplayTagTree: ImportINI prefixes -  0.000 s
[2018.11.29-19.10.05:334][  0]LogStats: UGameplayTagsManager::ConstructGameplayTagTree: Construct from data asset -  0.000 s
[2018.11.29-19.10.05:334][  0]LogStats: UGameplayTagsManager::ConstructGameplayTagTree: ImportINI -  0.000 s
[2018.11.29-19.10.05:334][  0]LogStats: UGameplayTagsManager::ConstructGameplayTagTree: GameplayTagTreeChangedEvent.Broadcast -  0.000 s
[2018.11.29-19.10.05:489][  0]LogFileCache: Scanning file cache for directory 'C:/Users/Varun/Documents/Unreal Projects/JungleMaze 4.20/Content/' took 0.04s
[2018.11.29-19.10.05:489][  0]SourceControl: Source control is disabled
[2018.11.29-19.10.05:490][  0]Cmd: MAP LOAD FILE="C:/Users/Varun/Documents/Unreal Projects/JungleMaze 4.20/Content/ThirdPersonBP/Maps/ThirdPersonExampleMap.umap" TEMPLATE=0 SHOWPROGRESS=1 FEATURELEVEL=3
[2018.11.29-19.10.05:491][  0]LightingResults: New page: Lighting Build
[2018.11.29-19.10.05:494][  0]MapCheck: New page: Map Check
[2018.11.29-19.10.05:494][  0]LightingResults: New page: Lighting Build
[2018.11.29-19.10.08:259][  0]LogTexture: Display: Building textures: Scanlines_T (AutoDXT, 512X512)
[2018.11.29-19.10.08:260][  0]LogTexture: Display: Building textures: HQ_Lightmap0_3 (AutoDXT, 256X256)
[2018.11.29-19.10.08:260][  0]LogTexture: Display: Building textures: Earth_Normal (BC5, 512X512)
[2018.11.29-19.10.08:260][  0]LogTexture: Display: Building textures: HQ_Lightmap0_1 (AutoDXT, 1024X1024)
[2018.11.29-19.10.08:260][  0]LogTexture: Display: Building textures: HQ_Lightmap0_2 (AutoDXT, 1024X1024)
[2018.11.29-19.10.08:260][  0]LogTexture: Display: Building textures: Key_BaseColor (AutoDXT, 512X512)
[2018.11.29-19.10.08:260][  0]LogTexture: Display: Building textures: HQ_Lightmap1_4 (AutoDXT, 64X64)
[2018.11.29-19.10.08:260][  0]LogTexture: Display: Building textures: LQ_Lightmap_0_1 (DXT1, 1024X1024)
[2018.11.29-19.10.08:260][  0]LogTexture: Display: Building textures: LQ_Lightmap_0_2 (DXT1, 1024X1024)
[2018.11.29-19.10.08:260][  0]LogTexture: Display: Building textures: LQ_Lightmap_0_3 (DXT1, 256X256)
[2018.11.29-19.10.09:547][  0]LogTexture: Display: Building textures: LQ_Lightmap_1_4 (DXT1, 64X64)
[2018.11.29-19.10.09:547][  0]LogTexture: Display: Building textures: SkyOcclusion0_1 (AutoDXT, 1024X512)
[2018.11.29-19.10.09:547][  0]LogTexture: Display: Building textures: SkyOcclusion0_2 (AutoDXT, 1024X512)
[2018.11.29-19.10.09:547][  0]LogTexture: Display: Building textures: SkyOcclusion0_3 (AutoDXT, 256X128)
[2018.11.29-19.10.09:547][  0]LogTexture: Display: Building textures: SkyOcclusion1_4 (AutoDXT, 64X32)
[2018.11.29-19.10.10:891][  0]LogMaterial: Display: Missing cached shader map for material M_Water, compiling. 
[2018.11.29-19.10.11:243][  0]LogShaderCompilers: Display: Shaders left to compile 31
[2018.11.29-19.10.11:243][  0]LogShaderCompilers: Display: Shaders left to compile 21
[2018.11.29-19.10.11:243][  0]LogShaderCompilers: Display: Shaders left to compile 11
[2018.11.29-19.10.11:243][  0]LogShaderCompilers: Display: Shaders left to compile 1
[2018.11.29-19.10.11:243][  0]LogMaterial: Display: Missing cached shader map for material M_Hologram, compiling. 
[2018.11.29-19.10.11:380][  0]LogMaterial: Display: Missing cached shader map for material M_Glow, compiling. 
[2018.11.29-19.10.11:463][  0]LogMaterial: Display: Missing cached shader map for material M_BaseRoomFloor, compiling. 
[2018.11.29-19.10.11:748][  0]LogShaderCompilers: Display: Shaders left to compile 73
[2018.11.29-19.10.12:722][  0]LogStaticMesh: Building static mesh SM_MERGED_Hallway_Room_StaticMesh...
[2018.11.29-19.10.14:502][  0]LogShaderCompilers: Display: Shaders left to compile 63
[2018.11.29-19.10.14:502][  0]LogStaticMesh: Built static mesh [1.78s] /Game/Basement_Grace/SM_MERGED_Hallway_Room_StaticMesh.SM_MERGED_Hallway_Room_StaticMesh
[2018.11.29-19.10.14:561][  0]LogStaticMesh: Building static mesh Pool_Room_StaticMesh...
[2018.11.29-19.10.14:797][  0]LogStaticMesh: Built static mesh [0.24s] /Game/Basement_Grace/Pool_Room_StaticMesh.Pool_Room_StaticMesh
[2018.11.29-19.10.14:816][  0]LogStaticMesh: Building static mesh Guide_Sphere...
[2018.11.29-19.10.14:832][  0]LogStaticMesh: Built static mesh [0.02s] /Game/Basement_Grace/Guide_Sphere.Guide_Sphere
[2018.11.29-19.10.16:392][  0]LogShaderCompilers: Display: Shaders left to compile 53
[2018.11.29-19.10.16:458][  0]LogAIModule: Creating AISystem for world ThirdPersonExampleMap
[2018.11.29-19.10.16:756][  0]LogEditorServer: Finished looking for orphan Actors (0.000 secs)
[2018.11.29-19.10.16:810][  0]Cmd: MAP CHECKDEP NOCLEARLOG
[2018.11.29-19.10.17:397][  0]MapCheck: Map check complete: 0 Error(s), 0 Warning(s), took 587.013ms to complete.
[2018.11.29-19.10.17:397][  0]LogFileHelpers: Loading map 'ThirdPersonExampleMap' took 11.907
[2018.11.29-19.10.17:851][  0]LogCollectionManager: Loaded 0 collections in 0.005217 seconds
[2018.11.29-19.10.18:024][  0]LogFileCache: Scanning file cache for directory 'C:/Users/Varun/Documents/Unreal Projects/JungleMaze 4.20/Saved/Collections/' took 0.01s
[2018.11.29-19.10.18:024][  0]LogFileCache: Scanning file cache for directory 'C:/Users/Varun/Documents/Unreal Projects/JungleMaze 4.20/Content/Developers/Varun/Collections/' took 0.01s
[2018.11.29-19.10.18:024][  0]LogFileCache: Scanning file cache for directory 'C:/Users/Varun/Documents/Unreal Projects/JungleMaze 4.20/Content/Collections/' took 0.01s
[2018.11.29-19.10.18:024][  0]LogCollectionManager: Rebuilt the GUID cache for 0 collections in 0.000001 seconds
[2018.11.29-19.10.18:045][  0]LogContentBrowser: Native class hierarchy populated in 0.0202 seconds. Added 2572 classes and 603 folders.
[2018.11.29-19.10.18:151][  0]LogContentBrowser: Native class hierarchy updated for 'WidgetCarousel' in 0.0010 seconds. Added 0 classes and 0 folders.
[2018.11.29-19.10.20:003][  0]LogShaderCompilers: Display: Shaders left to compile 43
[2018.11.29-19.10.20:003][  0]LogContentBrowser: Native class hierarchy updated for 'AddContentDialog' in 0.0006 seconds. Added 0 classes and 0 folders.
[2018.11.29-19.10.20:383][  0]LogSlate: Updating window title bar state: overlay mode, drag disabled, window buttons hidden, title bar hidden
[2018.11.29-19.10.20:412][  0]LogSlate: Updating window title bar state: overlay mode, drag disabled, window buttons hidden, title bar hidden
[2018.11.29-19.10.20:432][  0]LogSlate: Updating window title bar state: overlay mode, drag disabled, window buttons hidden, title bar hidden
[2018.11.29-19.10.20:462][  0]LogSlate: Updating window title bar state: overlay mode, drag disabled, window buttons hidden, title bar hidden
[2018.11.29-19.10.20:577][  0]LogContentBrowser: Native class hierarchy updated for 'SceneOutliner' in 0.0006 seconds. Added 1 classes and 2 folders.
[2018.11.29-19.10.21:385][  0]LogSlate: Took 0.000599 seconds to synchronously load lazily loaded font '../../../Engine/Content/Slate/Fonts/Roboto-Regular.ttf' (155K)
[2018.11.29-19.10.21:396][  0]LogSlate: Took 0.000896 seconds to synchronously load lazily loaded font '../../../Engine/Content/Slate/Fonts/Roboto-Bold.ttf' (160K)
[2018.11.29-19.10.21:428][  0]LogSlate: Took 0.028739 seconds to synchronously load lazily loaded font '../../../Engine/Content/Editor/Slate/Fonts/FontAwesome.ttf' (139K)
[2018.11.29-19.10.22:298][  0]LogRenderer: Reallocating scene render targets to support 1920x1080 Format 10 NumSamples 1 (Frame:1).
[2018.11.29-19.10.27:266][  0]LogShaderCompilers: Display: Shaders left to compile 33
[2018.11.29-19.10.27:266][  0]LogShaderCompilers: Display: Shaders left to compile 23
[2018.11.29-19.10.27:286][  0]LogContentBrowser: Native class hierarchy updated for 'HierarchicalLODOutliner' in 0.0005 seconds. Added 0 classes and 0 folders.
[2018.11.29-19.10.27:287][  0]LogLoad: (Engine Initialization) Total time: 31.92 seconds
[2018.11.29-19.10.27:287][  0]LogLoad: (Engine Initialization) Total Blueprint compile time: 0.00 seconds
[2018.11.29-19.10.27:309][  0]LogSlate: FSceneViewport::OnFocusLost() reason 0
[2018.11.29-19.10.27:498][  0]LogContentStreaming: Texture pool size now 1000 MB
[2018.11.29-19.10.28:311][  3]LogShaderCompilers: Display: Shaders left to compile 13
[2018.11.29-19.10.28:643][  3]LogShaderCompilers: Display: Shaders left to compile 3
[2018.11.29-19.10.33:083][ 18]LogFileCache: Retrieving MD5 hashes for directory 'C:/Users/Varun/Documents/Unreal Projects/JungleMaze 4.20/Content/' took 5.75s
[2018.11.29-19.10.50:131][100]LogD3D11RHI: Timed out while waiting for GPU to catch up. (0.5 s)
[2018.11.29-19.10.50:782][102]LogD3D11RHI: Timed out while waiting for GPU to catch up. (0.5 s)
[2018.11.29-19.10.55:252][122]LogSlate: Took 0.164174 seconds to synchronously load lazily loaded font '../../../Engine/Content/Slate/Fonts/Roboto-Light.ttf' (167K)
[2018.11.29-19.10.58:850][142]LogAssetRegistry: Asset discovery search completed in 58.2309 seconds
[2018.11.29-19.10.58:855][142]LogCollectionManager: Rebuilt the object cache for 0 collections in 0.000000 seconds (found 0 objects)
[2018.11.29-19.10.58:855][142]LogCollectionManager: Fixed up redirectors for 0 collections in 0.000098 seconds (updated 0 objects)
[2018.11.29-19.11.11:996][185]LogEditorViewport: Clicking on Actor (LMB): StaticMeshActor (main_island_polySurface203)
[2018.11.29-19.11.14:360][191]Cmd: CAMERA ALIGN ACTIVEVIEWPORTONLY
[2018.11.29-19.11.41:462][344]LogSlate: FSceneViewport::OnFocusLost() reason 0
[2018.11.29-19.11.41:463][344]MapCheck: New page: Map Check
[2018.11.29-19.11.41:807][344]Cmd: MAP REBUILD ALLVISIBLE
[2018.11.29-19.11.41:808][344]LogEditorServer: Rebuildmap Clear paths rebuilt
[2018.11.29-19.11.42:066][344]LogMaterial: Display: Missing cached shader map for material FDebugViewModeMaterialProxy MaterialInstanceDynamic_0, compiling. 
[2018.11.29-19.11.42:075][344]LogMaterial: Display: Missing cached shader map for material FDebugViewModeMaterialProxy M_Rock, compiling. 
[2018.11.29-19.11.42:085][344]LogShaderCompilers: Display: Shaders left to compile 1
[2018.11.29-19.11.42:085][344]LogMaterial: Display: Missing cached shader map for material FDebugViewModeMaterialProxy M_Metal_Burnished_Steel, compiling. 
[2018.11.29-19.11.42:093][344]LogMaterial: Display: Missing cached shader map for material FDebugViewModeMaterialProxy M_Ground_Moss, compiling. 
[2018.11.29-19.11.42:103][344]LogShaderCompilers: Display: Shaders left to compile 3
[2018.11.29-19.11.42:103][344]LogShaderCompilers: Display: Shaders left to compile 2
[2018.11.29-19.11.42:103][344]LogShaderCompilers: Display: Shaders left to compile 1
[2018.11.29-19.11.42:103][344]LogMaterial: Display: Missing cached shader map for material FDebugViewModeMaterialProxy M_Bush, compiling. 
[2018.11.29-19.11.42:113][344]LogMaterial: Display: Missing cached shader map for material FDebugViewModeMaterialProxy M_Glass, compiling. 
[2018.11.29-19.11.42:120][344]LogMaterial: Display: Missing cached shader map for material FDebugViewModeMaterialProxy M_Wood_Oak, compiling. 
[2018.11.29-19.11.42:127][344]LogMaterial: Display: Missing cached shader map for material FDebugViewModeMaterialProxy M_Metal_Brushed_Nickel, compiling. 
[2018.11.29-19.11.42:137][344]LogMaterial: Display: Missing cached shader map for material FDebugViewModeMaterialProxy lambert1, compiling. 
[2018.11.29-19.11.42:146][344]LogMaterial: Display: Missing cached shader map for material FDebugViewModeMaterialProxy M_CobbleStone_Smooth, compiling. 
[2018.11.29-19.11.42:167][344]LogMaterial: Display: Missing cached shader map for material FDebugViewModeMaterialProxy M_CobbleStone_Rough, compiling. 
[2018.11.29-19.11.42:182][344]LogMaterial: Display: Missing cached shader map for material FDebugViewModeMaterialProxy M_Brick_Hewn_Stone, compiling. 
[2018.11.29-19.11.42:192][344]LogMaterial: Display: Missing cached shader map for material FDebugViewModeMaterialProxy M_Metal_Gold, compiling. 
[2018.11.29-19.11.42:202][344]LogMaterial: Display: Missing cached shader map for material FDebugViewModeMaterialProxy M_Ground_Grass, compiling. 
[2018.11.29-19.11.42:210][344]LogMaterial: Display: Missing cached shader map for material FDebugViewModeMaterialProxy M_Concrete_Grime, compiling. 
[2018.11.29-19.11.42:218][344]LogMaterial: Display: Missing cached shader map for material FDebugViewModeMaterialProxy M_Brick_Clay_Old, compiling. 
[2018.11.29-19.11.42:225][344]LogMaterial: Display: Missing cached shader map for material FDebugViewModeMaterialProxy M_Brick_Cut_Stone, compiling. 
[2018.11.29-19.11.42:233][344]LogMaterial: Display: Missing cached shader map for material FDebugViewModeMaterialProxy M_Basic_Floor, compiling. 
[2018.11.29-19.11.42:240][344]LogMaterial: Display: Missing cached shader map for material FDebugViewModeMaterialProxy M_Metal_Steel, compiling. 
[2018.11.29-19.11.42:248][344]LogMaterial: Display: Missing cached shader map for material FDebugViewModeMaterialProxy M_Wood_Pine, compiling. 
[2018.11.29-19.11.42:255][344]LogMaterial: Display: Missing cached shader map for material FDebugViewModeMaterialProxy M_Wood_Walnut, compiling. 
[2018.11.29-19.11.42:262][344]LogMaterial: Display: Missing cached shader map for material FDebugViewModeMaterialProxy M_StatueGlass, compiling. 
[2018.11.29-19.11.42:269][344]LogMaterial: Display: Missing cached shader map for material FDebugViewModeMaterialProxy M_Wood_Floor_Walnut_Polished, compiling. 
[2018.11.29-19.11.42:276][344]LogMaterial: Display: Missing cached shader map for material FDebugViewModeMaterialProxy RampMaterial, compiling. 
[2018.11.29-19.11.42:284][344]LogMaterial: Display: Missing cached shader map for material FDebugViewModeMaterialProxy M_Water_Ocean, compiling. 
[2018.11.29-19.11.42:290][344]LogMaterial: Display: Missing cached shader map for material FDebugViewModeMaterialProxy lambert1, compiling. 
[2018.11.29-19.11.42:297][344]LogMaterial: Display: Missing cached shader map for material FDebugViewModeMaterialProxy RT_Portal_2_Mat, compiling. 
[2018.11.29-19.11.42:305][344]LogMaterial: Display: Missing cached shader map for material FDebugViewModeMaterialProxy BasicShapeMaterial, compiling. 
[2018.11.29-19.11.42:312][344]LogMaterial: Display: Missing cached shader map for material FDebugViewModeMaterialProxy M_Frame, compiling. 
[2018.11.29-19.11.42:318][344]LogMaterial: Display: Missing cached shader map for material FDebugViewModeMaterialProxy RT_Portal_1_Mat, compiling. 
[2018.11.29-19.11.42:323][344]LogMaterial: Display: Missing cached shader map for material FDebugViewModeMaterialProxy RT_Portal_4_Mat, compiling. 
[2018.11.29-19.11.42:330][344]LogMaterial: Display: Missing cached shader map for material FDebugViewModeMaterialProxy RT_Portal_3_Mat, compiling. 
[2018.11.29-19.11.42:338][344]LogMaterial: Display: Missing cached shader map for material FDebugViewModeMaterialProxy M_BaseRoomFloor, compiling. 
[2018.11.29-19.11.42:345][344]LogMaterial: Display: Missing cached shader map for material FDebugViewModeMaterialProxy M_Glow, compiling. 
[2018.11.29-19.11.42:353][344]LogMaterial: Display: Missing cached shader map for material FDebugViewModeMaterialProxy M_Hologram, compiling. 
[2018.11.29-19.11.42:360][344]LogMaterial: Display: Missing cached shader map for material FDebugViewModeMaterialProxy M_Water, compiling. 
[2018.11.29-19.11.42:370][344]LogMaterial: Display: Missing cached shader map for material FDebugViewModeMaterialProxy M_UE4Man_Body, compiling. 
[2018.11.29-19.11.42:381][344]LogMaterial: Display: Missing cached shader map for material FDebugViewModeMaterialProxy M_UE4Man_ChestLogo, compiling. 
[2018.11.29-19.11.42:390][344]LogMaterial: Display: Missing cached shader map for material FDebugViewModeMaterialProxy MatineeCam_mat, compiling. 
[2018.11.29-19.11.46:443][344]LogShaderCompilers: Display: Shaders left to compile 35
[2018.11.29-19.11.46:443][344]LogShaderCompilers: Display: Shaders left to compile 34
[2018.11.29-19.11.46:443][344]LogShaderCompilers: Display: Shaders left to compile 33
[2018.11.29-19.11.46:443][344]LogShaderCompilers: Display: Shaders left to compile 32
[2018.11.29-19.11.46:443][344]LogShaderCompilers: Display: Shaders left to compile 31
[2018.11.29-19.11.46:443][344]LogShaderCompilers: Display: Shaders left to compile 30
[2018.11.29-19.11.46:443][344]LogShaderCompilers: Display: Shaders left to compile 29
[2018.11.29-19.11.46:443][344]LogShaderCompilers: Display: Shaders left to compile 28
[2018.11.29-19.11.46:443][344]LogShaderCompilers: Display: Shaders left to compile 27
[2018.11.29-19.11.46:443][344]LogShaderCompilers: Display: Shaders left to compile 26
[2018.11.29-19.11.46:443][344]LogShaderCompilers: Display: Shaders left to compile 25
[2018.11.29-19.11.46:443][344]LogShaderCompilers: Display: Shaders left to compile 24
[2018.11.29-19.11.46:443][344]LogShaderCompilers: Display: Shaders left to compile 23
[2018.11.29-19.11.46:443][344]LogShaderCompilers: Display: Shaders left to compile 22
[2018.11.29-19.11.46:443][344]LogShaderCompilers: Display: Shaders left to compile 21
[2018.11.29-19.11.46:443][344]LogShaderCompilers: Display: Shaders left to compile 20
[2018.11.29-19.11.46:443][344]LogShaderCompilers: Display: Shaders left to compile 19
[2018.11.29-19.11.46:443][344]LogShaderCompilers: Display: Shaders left to compile 18
[2018.11.29-19.11.46:443][344]LogShaderCompilers: Display: Shaders left to compile 17
[2018.11.29-19.11.46:443][344]LogShaderCompilers: Display: Shaders left to compile 16
[2018.11.29-19.11.46:443][344]LogShaderCompilers: Display: Shaders left to compile 15
[2018.11.29-19.11.46:443][344]LogShaderCompilers: Display: Shaders left to compile 14
[2018.11.29-19.11.46:443][344]LogShaderCompilers: Display: Shaders left to compile 13
[2018.11.29-19.11.46:443][344]LogShaderCompilers: Display: Shaders left to compile 12
[2018.11.29-19.11.46:443][344]LogShaderCompilers: Display: Shaders left to compile 11
[2018.11.29-19.11.46:443][344]LogShaderCompilers: Display: Shaders left to compile 10
[2018.11.29-19.11.46:443][344]LogShaderCompilers: Display: Shaders left to compile 9
[2018.11.29-19.11.46:443][344]LogShaderCompilers: Display: Shaders left to compile 8
[2018.11.29-19.11.46:443][344]LogShaderCompilers: Display: Shaders left to compile 7
[2018.11.29-19.11.46:443][344]LogShaderCompilers: Display: Shaders left to compile 6
[2018.11.29-19.11.46:443][344]LogShaderCompilers: Display: Shaders left to compile 5
[2018.11.29-19.11.46:443][344]LogShaderCompilers: Display: Shaders left to compile 4
[2018.11.29-19.11.46:443][344]LogShaderCompilers: Display: Shaders left to compile 3
[2018.11.29-19.11.46:443][344]LogShaderCompilers: Display: Shaders left to compile 2
[2018.11.29-19.11.46:443][344]LogShaderCompilers: Display: Shaders left to compile 1
[2018.11.29-19.11.46:444][344]TextureStreamingBuild: Display: Compiling optional shaders took 4.398 seconds.
[2018.11.29-19.11.47:147][344]LogLevel: Display: Export Material TexCoord Scales took 0.703 seconds.
[2018.11.29-19.11.47:214][344]TextureStreamingBuild: Display: Build Texture Streaming took 0.064 seconds.
[2018.11.29-19.11.47:305][344]LightingResults: New page: Lighting Build - Nov 29, 2018, 9:11:47 AM
[2018.11.29-19.11.47:578][344]LogSwarmInterface: [OpenConnection] Registering TCP channel ...
[2018.11.29-19.11.47:941][344]LogSwarmInterface: [OpenConnection] Connecting to agent ...
[2018.11.29-19.11.47:968][344]LogSwarmInterface: [TryOpenConnection] Testing the Agent
[2018.11.29-19.11.48:988][344]LogSwarmInterface: [TryOpenConnection] Opening Connection to Agent
[2018.11.29-19.11.48:988][344]LogSwarmInterface: [TryOpenConnection] Local Process ID is 10664
[2018.11.29-19.11.56:973][344]LogStaticLightingSystem: Running Lightmass w/ ImmediateImport mode ENABLED
[2018.11.29-19.11.56:973][344]LogStaticLightingSystem: Running Lightmass w/ ImmediateProcess mode ENABLED
[2018.11.29-19.11.56:973][344]LogStaticLightingSystem: Running Lightmass w/ Sorting mode ENABLED
[2018.11.29-19.11.56:973][344]LogStaticLightingSystem: Running Lightmass w/ Mapping paddings ENABLED
[2018.11.29-19.11.56:973][344]LogStaticLightingSystem: Running Lightmass w/ Mapping debug paddings DISABLED
[2018.11.29-19.11.57:495][344]Cmd: MAP CHECK DONTDISPLAYDIALOG
[2018.11.29-19.11.57:495][344]MapCheck: New page: ThirdPersonExampleMap - Nov 29, 2018, 9:11:57 AM
[2018.11.29-19.11.57:496][344]MapCheck: Error: WorldInfo_0 Maps need lighting rebuilt 
[2018.11.29-19.11.57:709][344]MapCheck: Map check complete: 1 Error(s), 0 Warning(s), took 214.224ms to complete.
[2018.11.29-19.11.57:733][344]LogEditorBuildUtils: Build time 0:15
[2018.11.29-19.11.58:330][346]LogMaterial: Display: Missing cached shader map for material FLightmassMaterialRenderer lambert1, compiling. 
[2018.11.29-19.11.58:344][346]LogShaderCompilers: Display: Shaders left to compile 2
[2018.11.29-19.11.58:344][346]LogMaterial: Display: Missing cached shader map for material FLightmassMaterialRenderer lambert1, compiling. 
[2018.11.29-19.11.58:371][347]LogShaderCompilers: Display: Shaders left to compile 2
[2018.11.29-19.11.58:372][347]LogMaterial: Display: Missing cached shader map for material FLightmassMaterialRenderer M_BaseRoomFloor, compiling. 
[2018.11.29-19.11.58:392][347]LogMaterial: Display: Missing cached shader map for material FLightmassMaterialRenderer M_BaseRoomFloor, compiling. 
[2018.11.29-19.11.58:412][348]LogShaderCompilers: Display: Shaders left to compile 4
[2018.11.29-19.11.58:427][348]LogMaterial: Display: Missing cached shader map for material FLightmassMaterialRenderer M_Glow, compiling. 
[2018.11.29-19.11.58:458][348]LogMaterial: Display: Missing cached shader map for material FLightmassMaterialRenderer M_Glow, compiling. 
[2018.11.29-19.11.58:482][349]LogShaderCompilers: Display: Shaders left to compile 2
[2018.11.29-19.11.58:516][349]LogMaterial: Display: Missing cached shader map for material FLightmassMaterialRenderer M_Hologram, compiling. 
[2018.11.29-19.11.58:553][349]LogMaterial: Display: Missing cached shader map for material FLightmassMaterialRenderer M_Hologram, compiling. 
[2018.11.29-19.11.58:625][350]LogMaterial: Display: Missing cached shader map for material FLightmassMaterialRenderer BasicShapeMaterial, compiling. 
[2018.11.29-19.11.58:637][350]LogMaterial: Display: Missing cached shader map for material FLightmassMaterialRenderer BasicShapeMaterial, compiling. 
[2018.11.29-19.11.58:912][351]LogMaterial: Display: Missing cached shader map for material FLightmassMaterialRenderer M_Water, compiling. 
[2018.11.29-19.11.58:937][351]LogMaterial: Display: Missing cached shader map for material FLightmassMaterialRenderer M_Water, compiling. 
[2018.11.29-19.12.02:046][353]LogShaderCompilers: Display: Shaders left to compile 14
[2018.11.29-19.12.02:046][353]LogShaderCompilers: Display: Shaders left to compile 4
[2018.11.29-19.12.07:839][369]LogSlate: Window 'Message Log' being destroyed
[2018.11.29-19.12.07:853][369]LogSlate: Window 'Message Log' being destroyed
[2018.11.29-19.12.14:983][401]LightingResults: Warning: Plane2_polySurface238 Object has overlapping UVs.
[2018.11.29-19.12.14:983][401]LightingResults: Plane2_polySurface238 Lightmap UV are overlapping by 50.0%. Please adjust content - Enable Error Coloring to visualize.
[2018.11.29-19.12.14:983][401]LightingResults: Warning: Plane2_polySurface220 Object has overlapping UVs.
[2018.11.29-19.12.14:983][401]LightingResults: Plane2_polySurface220 Lightmap UV are overlapping by 50.0%. Please adjust content - Enable Error Coloring to visualize.
[2018.11.29-19.12.15:662][403]LightingResults: Warning: Plane2_polySurface219 Object has overlapping UVs.
[2018.11.29-19.12.15:663][403]LightingResults: Plane2_polySurface219 Lightmap UV are overlapping by 50.0%. Please adjust content - Enable Error Coloring to visualize.
[2018.11.29-19.12.16:332][405]LightingResults: Warning: Plane2_polySurface220 Object has overlapping UVs.
[2018.11.29-19.12.16:332][405]LightingResults: Plane2_polySurface220 Lightmap UV are overlapping by 50.0%. Please adjust content - Enable Error Coloring to visualize.
[2018.11.29-19.12.17:004][407]LightingResults: Warning: Plane2_polySurface242 Object has overlapping UVs.
[2018.11.29-19.12.17:004][407]LightingResults: Plane2_polySurface242 Lightmap UV are overlapping by 50.0%. Please adjust content - Enable Error Coloring to visualize.
[2018.11.29-19.12.17:681][409]LightingResults: Warning: Plane1_polySurface200 Object has overlapping UVs.
[2018.11.29-19.12.17:681][409]LightingResults: Plane1_polySurface200 Lightmap UV are overlapping by 50.0%. Please adjust content - Enable Error Coloring to visualize.
[2018.11.29-19.12.18:022][410]LightingResults: Warning: Plane2_polySurface238 Object has overlapping UVs.
[2018.11.29-19.12.18:022][410]LightingResults: Plane2_polySurface238 Lightmap UV are overlapping by 50.0%. Please adjust content - Enable Error Coloring to visualize.
[2018.11.29-19.12.18:022][410]LightingResults: Warning: Plane2_polySurface219 Object has overlapping UVs.
[2018.11.29-19.12.18:022][410]LightingResults: Plane2_polySurface219 Lightmap UV are overlapping by 50.0%. Please adjust content - Enable Error Coloring to visualize.
[2018.11.29-19.12.18:022][410]LightingResults: Warning: Plane2_polySurface220 Object has overlapping UVs.
[2018.11.29-19.12.18:022][410]LightingResults: Plane2_polySurface220 Lightmap UV are overlapping by 50.0%. Please adjust content - Enable Error Coloring to visualize.
[2018.11.29-19.12.18:353][411]LightingResults: Warning: Plane2_polySurface242 Object has overlapping UVs.
[2018.11.29-19.12.18:353][411]LightingResults: Plane2_polySurface242 Lightmap UV are overlapping by 50.0%. Please adjust content - Enable Error Coloring to visualize.
[2018.11.29-19.12.18:692][412]LightingResults: Warning: Plane2_polySurface240 Object has overlapping UVs.
[2018.11.29-19.12.18:692][412]LightingResults: Plane2_polySurface240 Lightmap UV are overlapping by 50.0%. Please adjust content - Enable Error Coloring to visualize.
[2018.11.29-19.12.19:030][413]LightingResults: Warning: Plane2_polySurface238 Object has overlapping UVs.
[2018.11.29-19.12.19:362][414]LightingResults: Plane2_polySurface238 Lightmap UV are overlapping by 50.0%. Please adjust content - Enable Error Coloring to visualize.
[2018.11.29-19.12.19:362][414]LightingResults: Warning: Plane2_polySurface240 Object has overlapping UVs.
[2018.11.29-19.12.19:362][414]LightingResults: Plane2_polySurface240 Lightmap UV are overlapping by 50.0%. Please adjust content - Enable Error Coloring to visualize.
[2018.11.29-19.12.19:362][414]LightingResults: Warning: Plane2_polySurface219 Object has overlapping UVs.
[2018.11.29-19.12.19:362][414]LightingResults: Plane2_polySurface219 Lightmap UV are overlapping by 50.0%. Please adjust content - Enable Error Coloring to visualize.
[2018.11.29-19.12.20:039][416]LightingResults: Warning: Plane1_polySurface200 Object has overlapping UVs.
[2018.11.29-19.12.20:039][416]LightingResults: Plane1_polySurface200 Lightmap UV are overlapping by 50.0%. Please adjust content - Enable Error Coloring to visualize.
[2018.11.29-19.12.20:039][416]LightingResults: Warning: Plane2_polySurface242 Object has overlapping UVs.
[2018.11.29-19.12.20:039][416]LightingResults: Plane2_polySurface242 Lightmap UV are overlapping by 50.0%. Please adjust content - Enable Error Coloring to visualize.
[2018.11.29-19.12.20:039][416]LightingResults: Warning: Plane2_polySurface240 Object has overlapping UVs.
[2018.11.29-19.12.20:039][416]LightingResults: Plane2_polySurface240 Lightmap UV are overlapping by 50.0%. Please adjust content - Enable Error Coloring to visualize.
[2018.11.29-19.12.20:365][417]LightingResults: Warning: Pool_Room_StaticMesh Object has wrapping UVs.
[2018.11.29-19.12.21:701][421]Job is a success!
[2018.11.29-19.12.22:028][422]LogEditorViewport: Clicking on Actor (LMB): StaticMeshActor (main_island_polySurface203)
[2018.11.29-19.12.22:380][422]LogSlate: Took 0.000784 seconds to synchronously load lazily loaded font '../../../Engine/Content/Slate/Fonts/Roboto-Light.ttf' (167K)
[2018.11.29-19.12.22:383][422]LogSlate: FSceneViewport::OnFocusLost() reason 2
[2018.11.29-19.12.22:542][422]LogVolumetricLightmapImport: Imported Volumetric Lightmap in 0.051s
[2018.11.29-19.12.22:542][422]LogVolumetricLightmapImport:      Indirection Texture 16x16x16 = 0.0Mb
[2018.11.29-19.12.22:542][422]LogVolumetricLightmapImport:      BrickData 300x5x5 = 0.3Mb (trimmed 0.0Mb due to 0.010000 MinBrickError)
[2018.11.29-19.12.22:542][422]LogVolumetricLightmapImport:      Bricks at Level
[2018.11.29-19.12.22:542][422]LogVolumetricLightmapImport:          0: 1.7% covering 100.0% of volume
[2018.11.29-19.12.22:542][422]LogVolumetricLightmapImport:          1: 6.7% covering 6.3% of volume
[2018.11.29-19.12.22:542][422]LogVolumetricLightmapImport:          2: 91.7% covering 1.3% of volume
[2018.11.29-19.12.22:742][422]LightingResults: Warning: PointLight_1 Severe performance loss: Failed to allocate shadowmap channel for stationary light due to overlap - light will fall back to dynamic shadows!
[2018.11.29-19.12.22:743][422]LightingResults: Warning: SpotLight10 Severe performance loss: Failed to allocate shadowmap channel for stationary light due to overlap - light will fall back to dynamic shadows!
[2018.11.29-19.12.22:743][422]LightingResults: Warning: SpotLight9 Severe performance loss: Failed to allocate shadowmap channel for stationary light due to overlap - light will fall back to dynamic shadows!
[2018.11.29-19.12.24:096][422]LogTexture: Display: Building textures: LQ_Lightmap_1_1 (DXT1, 1024X1024)
[2018.11.29-19.12.24:096][422]LogTexture: Display: Building textures: HQ_Lightmap1_1 (AutoDXT, 1024X1024)
[2018.11.29-19.12.24:096][422]LogTexture: Display: Building textures: SkyOcclusion1_1 (AutoDXT, 1024X512)
[2018.11.29-19.12.24:097][422]LogTexture: Display: Building textures: SkyOcclusion1_2 (AutoDXT, 1024X512)
[2018.11.29-19.12.24:097][422]LogTexture: Display: Building textures: HQ_Lightmap1_2 (AutoDXT, 1024X1024)
[2018.11.29-19.12.24:097][422]LogTexture: Display: Building textures: LQ_Lightmap_1_2 (DXT1, 1024X1024)
[2018.11.29-19.12.24:097][422]LogTexture: Display: Building textures: SkyOcclusion1_3 (AutoDXT, 256X128)
[2018.11.29-19.12.24:097][422]LogTexture: Display: Building textures: HQ_Lightmap1_3 (AutoDXT, 256X256)
[2018.11.29-19.12.24:097][422]LogTexture: Display: Building textures: LQ_Lightmap_1_3 (DXT1, 256X256)
[2018.11.29-19.12.24:097][422]LogTexture: Display: Building textures: SkyOcclusion0_4 (AutoDXT, 256X128)
[2018.11.29-19.12.24:097][422]LogTexture: Display: Building textures: HQ_Lightmap0_4 (AutoDXT, 256X256)
[2018.11.29-19.12.24:097][422]LogTexture: Display: Building textures: LQ_Lightmap_0_4 (DXT1, 256X256)
[2018.11.29-19.12.24:097][422]LogTexture: Display: Building textures: SkyOcclusion0_5 (AutoDXT, 128X64)
[2018.11.29-19.12.24:097][422]LogTexture: Display: Building textures: HQ_Lightmap0_5 (AutoDXT, 128X128)
[2018.11.29-19.12.24:097][422]LogTexture: Display: Building textures: LQ_Lightmap_0_5 (DXT1, 128X128)
[2018.11.29-19.12.24:097][422]LogTexture: Display: Building textures: SkyOcclusion0_6 (AutoDXT, 64X32)
[2018.11.29-19.12.24:097][422]LogTexture: Display: Building textures: HQ_Lightmap0_6 (AutoDXT, 64X64)
[2018.11.29-19.12.24:097][422]LogTexture: Display: Building textures: LQ_Lightmap_0_6 (DXT1, 64X64)
[2018.11.29-19.12.24:297][422]LogTexture: Display: Building textures: ShadowMapTexture2D_3 (G8, 64X32)
[2018.11.29-19.12.24:297][422]LogTexture: Display: Building textures: ShadowMapTexture2D_1 (G8, 1024X128)
[2018.11.29-19.12.24:297][422]LogTexture: Display: Building textures: ShadowMapTexture2D_2 (G8, 1024X256)
[2018.11.29-19.12.24:387][422]LogTexture: Display: Building textures: ShadowMapTexture2D_0 (BGRA8, 1024X1024)
[2018.11.29-19.12.24:437][422]Lightmass on VARUNMW01: 13.7 sec total, 2.26 sec importing, 73 ms setup, 1.60 sec photons, 9.73 sec processing, 0 ms extra exporting [137/137 mappings]. Threads: 1:07 min total, 33.7 sec processing.
[2018.11.29-19.12.24:508][422]LogMaterial: Warning: Material /Game/Basement_Grace/M_Water.M_Water needed to have new flag set bUsedWithStaticLighting !
[2018.11.29-19.12.24:512][422]LogMaterial: Display: Missing cached shader map for material M_Water, compiling. 
[2018.11.29-19.12.24:562][422]LogShaderCompilers: Display: Shaders left to compile 43
[2018.11.29-19.12.24:562][422]LogShaderCompilers: Display: Shaders left to compile 33
[2018.11.29-19.12.24:562][422]LogShaderCompilers: Display: Shaders left to compile 23
[2018.11.29-19.12.24:562][422]LogShaderCompilers: Display: Shaders left to compile 13
[2018.11.29-19.12.24:582][422]LogStaticLightingSystem: Illumination: 36.6 sec (1.35 sec encoding lightmaps, 284 ms encoding shadowmaps)
[2018.11.29-19.12.24:582][422]LogStaticLightingSystem: Lightmap texture memory:  5.7 MB (5.7 MB streaming, 0.0 MB non-streaming), 12 textures
[2018.11.29-19.12.24:582][422]LogStaticLightingSystem: Shadowmap texture memory: 5.8 MB (5.8 MB streaming, 0.0 MB non-streaming), 4 textures
[2018.11.29-19.12.38:976][422]LogShaderCompilers: Display: Shaders left to compile 3
[2018.11.29-19.12.39:005][422]DumpUnbuiltLightIteractions
[2018.11.29-19.12.39:005][422]Lights with unbuilt interactions: 0
[2018.11.29-19.12.39:005][422]
[2018.11.29-19.12.39:005][422]Primitives with unbuilt interactions: 0
[2018.11.29-19.12.46:164][423]Cmd: MAP CHECK NOTIFYRESULTS
[2018.11.29-19.12.46:165][423]MapCheck: New page: ThirdPersonExampleMap - Nov 29, 2018, 9:12:46 AM
[2018.11.29-19.12.46:384][423]MapCheck: Map check complete: 0 Error(s), 0 Warning(s), took 219.83ms to complete.
[2018.11.29-19.12.49:931][442]LogSlate: Window 'Message Log' being destroyed
[2018.11.29-19.12.50:262][442]LogSlate: Window 'Message Log' being destroyed
[2018.11.29-19.13.05:487][529]LogSlate: FSceneViewport::OnFocusLost() reason 0
[2018.11.29-19.13.07:235][530]LogSlate: Window 'Save Content' being destroyed
[2018.11.29-19.13.07:408][530]Cmd: OBJ SAVEPACKAGE PACKAGE="/Game/Basement_Grace/M_Water" FILE="C:/Users/Varun/Documents/Unreal Projects/JungleMaze 4.20/Content/Basement_Grace/M_Water.uasset" SILENT=true
[2018.11.29-19.13.07:506][530]LogSavePackage: Moving 'C:/Users/Varun/Documents/Unreal Projects/JungleMaze 4.20/Saved/M_WaterF5ED283B4A90D336CC6287B5BF865AF9.tmp' to 'C:/Users/Varun/Documents/Unreal Projects/JungleMaze 4.20/Content/Basement_Grace/M_Water.uasset'
[2018.11.29-19.13.08:490][530]LogSavePackage: Moving 'C:/Users/Varun/Documents/Unreal Projects/JungleMaze 4.20/Saved/ThirdPersonExampleMap26EA4F0F421B3D7AF01A07B20DC53F93.tmp' to 'C:/Users/Varun/Documents/Unreal Projects/JungleMaze 4.20/Content/ThirdPersonBP/Maps/ThirdPersonExampleMap.umap'
[2018.11.29-19.13.08:563][530]LogFileHelpers: Saving map 'ThirdPersonExampleMap' took 1.005
[2018.11.29-19.13.08:975][530]LogSavePackage: Moving 'C:/Users/Varun/Documents/Unreal Projects/JungleMaze 4.20/Saved/ThirdPersonExampleMap_BuiltData2EEAD87A4741E069029022B35956C86F.tmp' to 'C:/Users/Varun/Documents/Unreal Projects/JungleMaze 4.20/Content/ThirdPersonBP/Maps/ThirdPersonExampleMap_BuiltData.uasset'
[2018.11.29-19.13.09:138][530]LogSlate: Window 'JungleMaze - Unreal Editor' being destroyed
[2018.11.29-19.13.09:139][530]LogWindowsTextInputMethodSystem: Display: IME system now deactivated.
[2018.11.29-19.13.09:611][531]Cmd: QUIT_EDITOR
[2018.11.29-19.13.09:676][531]LogExit: Preparing to exit.
[2018.11.29-19.13.10:524][531]LogExit: Editor shut down
[2018.11.29-19.13.10:524][531]LogExit: Transaction tracking system shut down
[2018.11.29-19.13.11:262][531]LogExit: Object subsystem successfully closed.
[2018.11.29-19.13.11:283][531]LogShaderCompilers: Display: Shaders left to compile 0
[2018.11.29-19.13.11:295][531]LogD3D11RHI: Shutdown
[2018.11.29-19.13.11:295][531]LogD3D11RHI: CleanupD3DDevice
[2018.11.29-19.13.11:330][531]LogD3D11RHI: ~FD3D11DynamicRHI
[2018.11.29-19.13.11:348][531]LogModuleManager: Shutting down and abandoning module HierarchicalLODUtilities (614)
[2018.11.29-19.13.11:348][531]LogModuleManager: Shutting down and abandoning module HierarchicalLODOutliner (612)
[2018.11.29-19.13.11:348][531]LogModuleManager: Shutting down and abandoning module SceneOutliner (610)
[2018.11.29-19.13.11:348][531]LogModuleManager: Shutting down and abandoning module AddContentDialog (608)
[2018.11.29-19.13.11:349][531]LogModuleManager: Shutting down and abandoning module WidgetCarousel (607)
[2018.11.29-19.13.11:349][531]LogModuleManager: Shutting down and abandoning module EditorWidgets (604)
[2018.11.29-19.13.11:349][531]LogModuleManager: Shutting down and abandoning module CollectionManager (602)
[2018.11.29-19.13.11:349][531]LogModuleManager: Shutting down and abandoning module MeshBuilder (600)
[2018.11.29-19.13.11:349][531]LogModuleManager: Shutting down and abandoning module StatsViewer (598)
[2018.11.29-19.13.11:349][531]LogModuleManager: Shutting down and abandoning module FoliageEdit (596)
[2018.11.29-19.13.11:349][531]LogModuleManager: Shutting down and abandoning module LandscapeEditor (594)
[2018.11.29-19.13.11:349][531]LogModuleManager: Shutting down and abandoning module MeshPaintMode (592)
[2018.11.29-19.13.11:349][531]LogModuleManager: Shutting down and abandoning module SceneDepthPickerMode (590)
[2018.11.29-19.13.11:349][531]LogModuleManager: Shutting down and abandoning module ActorPickerMode (588)
[2018.11.29-19.13.11:349][531]LogModuleManager: Shutting down and abandoning module GeometryMode (586)
[2018.11.29-19.13.11:349][531]LogModuleManager: Shutting down and abandoning module TextureAlignMode (584)
[2018.11.29-19.13.11:349][531]LogModuleManager: Shutting down and abandoning module BspMode (582)
[2018.11.29-19.13.11:349][531]LogModuleManager: Shutting down and abandoning module PIEPreviewDeviceProfileSelector (580)
[2018.11.29-19.13.11:349][531]LogModuleManager: Shutting down and abandoning module SequenceRecorderSections (578)
[2018.11.29-19.13.11:349][531]LogModuleManager: Shutting down and abandoning module AutomationWorker (576)
[2018.11.29-19.13.11:349][531]LogModuleManager: Shutting down and abandoning module AudioCaptureEditor (574)
[2018.11.29-19.13.11:349][531]LogModuleManager: Shutting down and abandoning module SequenceRecorder (573)
[2018.11.29-19.13.11:350][531]LogModuleManager: Shutting down and abandoning module MatineeToLevelSequence (570)
[2018.11.29-19.13.11:350][531]LogModuleManager: Shutting down and abandoning module LevelSequenceEditor (568)
[2018.11.29-19.13.11:350][531]LogModuleManager: Shutting down and abandoning module PlacementMode (567)
[2018.11.29-19.13.11:350][531]LogModuleManager: Shutting down and abandoning module MaterialEditor (566)
[2018.11.29-19.13.11:350][531]LogModuleManager: Shutting down and abandoning module WmfMediaFactory (562)
[2018.11.29-19.13.11:350][531]LogModuleManager: Shutting down and abandoning module WmfMediaEditor (560)
[2018.11.29-19.13.11:350][531]LogModuleManager: Shutting down and abandoning module MediaPlayerEditor (558)
[2018.11.29-19.13.11:350][531]LogModuleManager: Shutting down and abandoning module OpenExrWrapper (556)
[2018.11.29-19.13.11:350][531]LogModuleManager: Shutting down and abandoning module ImgMediaFactory (554)
[2018.11.29-19.13.11:350][531]LogModuleManager: Shutting down and abandoning module ImgMediaEditor (552)
[2018.11.29-19.13.11:350][531]LogModuleManager: Shutting down and abandoning module AvfMediaFactory (550)
[2018.11.29-19.13.11:350][531]LogModuleManager: Shutting down and abandoning module AvfMediaEditor (548)
[2018.11.29-19.13.11:350][531]LogModuleManager: Shutting down and abandoning module AndroidMediaFactory (546)
[2018.11.29-19.13.11:350][531]LogModuleManager: Shutting down and abandoning module AndroidMediaEditor (544)
[2018.11.29-19.13.11:350][531]LogModuleManager: Shutting down and abandoning module MagicLeapCameraPreviewFactory (542)
[2018.11.29-19.13.11:350][531]LogModuleManager: Shutting down and abandoning module MagicLeapMediaFactory (540)
[2018.11.29-19.13.11:350][531]LogModuleManager: Shutting down and abandoning module MagicLeapMediaEditor (538)
[2018.11.29-19.13.11:350][531]LogModuleManager: Shutting down and abandoning module CharacterAI (536)
[2018.11.29-19.13.11:350][531]LogModuleManager: Shutting down and abandoning module SmartSnapping (534)
[2018.11.29-19.13.11:350][531]LogModuleManager: Shutting down and abandoning module SessionServices (532)
[2018.11.29-19.13.11:350][531]LogModuleManager: Shutting down and abandoning module ViewportSnapping (530)
[2018.11.29-19.13.11:350][531]LogModuleManager: Shutting down and abandoning module ViewportInteraction (528)
[2018.11.29-19.13.11:350][531]LogModuleManager: Shutting down and abandoning module ClothPainter (526)
[2018.11.29-19.13.11:350][531]LogModuleManager: Shutting down and abandoning module SkeletalMeshEditor (525)
[2018.11.29-19.13.11:350][531]LogModuleManager: Shutting down and abandoning module LogVisualizer (522)
[2018.11.29-19.13.11:350][531]LogModuleManager: Shutting down and abandoning module IntroTutorials (520)
[2018.11.29-19.13.11:351][531]LogModuleManager: Shutting down and abandoning module GameProjectGeneration (519)
[2018.11.29-19.13.11:351][531]LogModuleManager: Shutting down and abandoning module LuminPlatformEditor (516)
[2018.11.29-19.13.11:351][531]LogModuleManager: Shutting down and abandoning module IOSPlatformEditor (514)
[2018.11.29-19.13.11:351][531]LogModuleManager: Shutting down and abandoning module HTML5PlatformEditor (512)
[2018.11.29-19.13.11:351][531]LogModuleManager: Shutting down and abandoning module AndroidPlatformEditor (510)
[2018.11.29-19.13.11:351][531]LogModuleManager: Shutting down and abandoning module AndroidDeviceDetection (509)
[2018.11.29-19.13.12:142][531]LogModuleManager: Shutting down and abandoning module WindowsPlatformEditor (506)
[2018.11.29-19.13.12:142][531]LogModuleManager: Shutting down and abandoning module LuminRuntimeSettings (504)
[2018.11.29-19.13.12:143][531]LogModuleManager: Shutting down and abandoning module IOSRuntimeSettings (502)
[2018.11.29-19.13.12:143][531]LogModuleManager: Shutting down and abandoning module AndroidRuntimeSettings (500)
[2018.11.29-19.13.12:143][531]LogModuleManager: Shutting down and abandoning module InputBindingEditor (498)
[2018.11.29-19.13.12:143][531]LogModuleManager: Shutting down and abandoning module MergeActors (496)
[2018.11.29-19.13.12:143][531]LogModuleManager: Shutting down and abandoning module LocalizationDashboard (494)
[2018.11.29-19.13.12:143][531]LogModuleManager: Shutting down and abandoning module LocalizationService (493)
[2018.11.29-19.13.12:143][531]LogModuleManager: Shutting down and abandoning module HardwareTargeting (490)
[2018.11.29-19.13.12:143][531]LogModuleManager: Shutting down and abandoning module DeviceProfileEditor (488)
[2018.11.29-19.13.12:143][531]LogModuleManager: Shutting down and abandoning module UndoHistory (486)
[2018.11.29-19.13.12:143][531]LogModuleManager: Shutting down and abandoning module XmlParser (484)
[2018.11.29-19.13.12:143][531]LogModuleManager: Shutting down and abandoning module Blutility (482)
[2018.11.29-19.13.12:143][531]LogModuleManager: Shutting down and abandoning module ProjectSettingsViewer (480)
[2018.11.29-19.13.12:143][531]LogModuleManager: Shutting down and abandoning module ProjectTargetPlatformEditor (479)
[2018.11.29-19.13.12:143][531]LogModuleManager: Shutting down and abandoning module EditorSettingsViewer (476)
[2018.11.29-19.13.12:143][531]LogModuleManager: Shutting down and abandoning module SettingsEditor (474)
[2018.11.29-19.13.12:143][531]LogModuleManager: Shutting down and abandoning module ProjectLauncher (472)
[2018.11.29-19.13.12:143][531]LogModuleManager: Shutting down and abandoning module SessionFrontend (470)
[2018.11.29-19.13.12:143][531]LogModuleManager: Shutting down and abandoning module ProfilerClient (468)
[2018.11.29-19.13.12:143][531]LogModuleManager: Shutting down and abandoning module DeviceManager (466)
[2018.11.29-19.13.12:143][531]LogModuleManager: Shutting down and abandoning module TargetDeviceServices (465)
[2018.11.29-19.13.12:196][531]LogModuleManager: Shutting down and abandoning module AutomationController (462)
[2018.11.29-19.13.12:196][531]LogModuleManager: Shutting down and abandoning module AutomationWindow (460)
[2018.11.29-19.13.12:196][531]LogModuleManager: Shutting down and abandoning module Layers (458)
[2018.11.29-19.13.12:196][531]LogModuleManager: Shutting down and abandoning module ComponentVisualizers (456)
[2018.11.29-19.13.12:196][531]LogModuleManager: Shutting down and abandoning module DetailCustomizations (454)
[2018.11.29-19.13.12:196][531]LogModuleManager: Shutting down and abandoning module PackagesDialog (452)
[2018.11.29-19.13.12:196][531]LogModuleManager: Shutting down and abandoning module Persona (450)
[2018.11.29-19.13.12:196][531]LogModuleManager: Shutting down and abandoning module AdvancedPreviewScene (449)
[2018.11.29-19.13.12:196][531]LogModuleManager: Shutting down and abandoning module AnimGraph (447)
[2018.11.29-19.13.12:196][531]LogModuleManager: Shutting down and abandoning module Kismet (444)
[2018.11.29-19.13.12:197][531]LogModuleManager: Shutting down and abandoning module GraphEditor (442)
[2018.11.29-19.13.12:197][531]LogModuleManager: Shutting down and abandoning module ClassViewer (440)
[2018.11.29-19.13.12:197][531]LogModuleManager: Shutting down and abandoning module Toolbox (438)
[2018.11.29-19.13.12:197][531]LogModuleManager: Shutting down and abandoning module ModuleUI (436)
[2018.11.29-19.13.12:197][531]LogModuleManager: Shutting down and abandoning module MovieSceneTools (434)
[2018.11.29-19.13.12:197][531]LogModuleManager: Shutting down and abandoning module OutputLog (432)
[2018.11.29-19.13.12:197][531]LogModuleManager: Shutting down and abandoning module GammaUI (430)
[2018.11.29-19.13.12:197][531]LogModuleManager: Shutting down and abandoning module Documentation (428)
[2018.11.29-19.13.12:197][531]LogModuleManager: Shutting down and abandoning module MovieSceneTracks (426)
[2018.11.29-19.13.12:197][531]LogModuleManager: Shutting down and abandoning module MovieScene (424)
[2018.11.29-19.13.12:197][531]LogModuleManager: Shutting down and abandoning module StreamingPauseRendering (422)
[2018.11.29-19.13.12:197][531]LogModuleManager: Shutting down and abandoning module LauncherPlatform (420)
[2018.11.29-19.13.12:197][531]LogModuleManager: Shutting down and abandoning module AnalyticsET (418)
[2018.11.29-19.13.12:197][531]LogModuleManager: Shutting down and abandoning module PortalServices (416)
[2018.11.29-19.13.12:197][531]LogModuleManager: Shutting down and abandoning module PortalRpc (414)
[2018.11.29-19.13.12:197][531]LogModuleManager: Shutting down and abandoning module MessagingRpc (412)
[2018.11.29-19.13.12:197][531]LogModuleManager: Shutting down and abandoning module AIModule (410)
[2018.11.29-19.13.12:197][531]LogModuleManager: Shutting down and abandoning module GameplayDebugger (409)
[2018.11.29-19.13.12:197][531]LogModuleManager: Shutting down and abandoning module AITestSuite (407)
[2018.11.29-19.13.12:197][531]LogModuleManager: Shutting down and abandoning module NavigationSystem (405)
[2018.11.29-19.13.12:197][531]LogModuleManager: Shutting down and abandoning module DesktopPlatform (402)
[2018.11.29-19.13.12:197][531]LogModuleManager: Shutting down and abandoning module ProfilerService (400)
[2018.11.29-19.13.12:225][531]LogModuleManager: Shutting down and abandoning module TaskGraph (398)
[2018.11.29-19.13.12:225][531]LogModuleManager: Shutting down and abandoning module SteamVRController (396)
[2018.11.29-19.13.12:225][531]LogModuleManager: Shutting down and abandoning module ProceduralMeshComponentEditor (394)
[2018.11.29-19.13.12:225][531]LogModuleManager: Shutting down and abandoning module ProceduralMeshComponent (392)
[2018.11.29-19.13.12:225][531]LogModuleManager: Shutting down and abandoning module OculusInput (390)
[2018.11.29-19.13.12:225][531]LogModuleManager: Shutting down and abandoning module MobilePatchingUtils (388)
[2018.11.29-19.13.12:225][531]LogModuleManager: Shutting down and abandoning module EditableMesh (386)
[2018.11.29-19.13.12:225][531]LogModuleManager: Shutting down and abandoning module CustomMeshComponent (384)
[2018.11.29-19.13.12:225][531]LogModuleManager: Shutting down and abandoning module CableComponent (382)
[2018.11.29-19.13.12:225][531]LogModuleManager: Shutting down and abandoning module AudioCapture (380)
[2018.11.29-19.13.12:225][531]LogModuleManager: Shutting down and abandoning module ArchVisCharacter (378)
[2018.11.29-19.13.12:225][531]LogModuleManager: Shutting down and abandoning module AndroidPermission (376)
[2018.11.29-19.13.12:225][531]LogModuleManager: Shutting down and abandoning module NUTUnrealEngine4 (374)
[2018.11.29-19.13.12:225][531]LogModuleManager: Shutting down and abandoning module NetcodeUnitTest (372)
[2018.11.29-19.13.12:225][531]LogModuleManager: Shutting down and abandoning module MediaCompositingEditor (370)
[2018.11.29-19.13.12:225][531]LogModuleManager: Shutting down and abandoning module MediaCompositing (368)
[2018.11.29-19.13.12:225][531]LogModuleManager: Shutting down and abandoning module LinearTimecode (366)
[2018.11.29-19.13.12:225][531]LogModuleManager: Shutting down and abandoning module ImgMedia (364)
[2018.11.29-19.13.12:233][531]LogModuleManager: Shutting down and abandoning module HTML5Networking (362)
[2018.11.29-19.13.12:233][531]LogModuleManager: Shutting down and abandoning module GeometryCacheTracks (360)
[2018.11.29-19.13.12:233][531]LogModuleManager: Shutting down and abandoning module GeometryCacheSequencer (358)
[2018.11.29-19.13.12:233][531]LogModuleManager: Shutting down and abandoning module BackChannel (356)
[2018.11.29-19.13.12:233][531]LogModuleManager: Shutting down and abandoning module AppleVision (354)
[2018.11.29-19.13.12:233][531]LogModuleManager: Shutting down and abandoning module AppleImageUtils (352)
[2018.11.29-19.13.12:233][531]LogModuleManager: Shutting down and abandoning module AlembicImporter (350)
[2018.11.29-19.13.12:234][531]LogModuleManager: Shutting down and abandoning module AlembicLibrary (349)
[2018.11.29-19.13.12:234][531]LogModuleManager: Shutting down and abandoning module GeometryCache (348)
[2018.11.29-19.13.12:234][531]LogModuleManager: Shutting down and abandoning module GeometryCacheEd (347)
[2018.11.29-19.13.12:234][531]LogModuleManager: Shutting down and abandoning module DatasmithContentEditor (342)
[2018.11.29-19.13.12:234][531]LogModuleManager: Shutting down and abandoning module DatasmithContent (340)
[2018.11.29-19.13.12:235][531]LogModuleManager: Shutting down and abandoning module SpeedTreeImporter (338)
[2018.11.29-19.13.12:235][531]LogModuleManager: Shutting down and abandoning module PluginBrowser (336)
[2018.11.29-19.13.12:236][531]LogModuleManager: Shutting down and abandoning module MobileLauncherProfileWizard (334)
[2018.11.29-19.13.12:236][531]LogModuleManager: Shutting down and abandoning module PolygonModeling (332)
[2018.11.29-19.13.12:236][531]LogModuleManager: Shutting down and abandoning module MeshEditor (330)
[2018.11.29-19.13.12:236][531]LogModuleManager: Shutting down and abandoning module CryptoKeysOpenSSL (328)
[2018.11.29-19.13.12:236][531]LogModuleManager: Shutting down and abandoning module CryptoKeys (326)
[2018.11.29-19.13.12:236][531]LogModuleManager: Shutting down and abandoning module VisualStudioSourceCodeAccess (324)
[2018.11.29-19.13.12:236][531]LogModuleManager: Shutting down and abandoning module VisualStudioCodeSourceCodeAccess (322)
[2018.11.29-19.13.12:236][531]LogModuleManager: Shutting down and abandoning module UObjectPlugin (320)
[2018.11.29-19.13.12:236][531]LogModuleManager: Shutting down and abandoning module SubversionSourceControl (318)
[2018.11.29-19.13.12:236][531]LogModuleManager: Shutting down and abandoning module PerforceSourceControl (316)
[2018.11.29-19.13.12:236][531]LogModuleManager: Shutting down and abandoning module GitSourceControl (314)
[2018.11.29-19.13.12:236][531]LogModuleManager: Shutting down and abandoning module SourceControl (313)
[2018.11.29-19.13.12:237][531]LogModuleManager: Shutting down and abandoning module CLionSourceCodeAccess (310)
[2018.11.29-19.13.12:237][531]LogModuleManager: Shutting down and abandoning module LightPropagationVolumeEditor (308)
[2018.11.29-19.13.12:237][531]LogModuleManager: Shutting down and abandoning module PaperTiledImporter (306)
[2018.11.29-19.13.12:237][531]LogModuleManager: Shutting down and abandoning module PaperSpriteSheetImporter (304)
[2018.11.29-19.13.12:237][531]LogModuleManager: Shutting down and abandoning module Paper2DEditor (302)
[2018.11.29-19.13.12:237][531]LogModuleManager: Shutting down and abandoning module MeshPaint (301)
[2018.11.29-19.13.12:237][531]LogModuleManager: Shutting down and abandoning module RuntimePhysXCooking (298)
[2018.11.29-19.13.12:237][531]LogModuleManager: Shutting down and abandoning module PhysXVehiclesEditor (296)
[2018.11.29-19.13.12:237][531]LogModuleManager: Shutting down and abandoning module PhysXVehicles (294)
[2018.11.29-19.13.12:237][531]LogModuleManager: Shutting down and abandoning module OculusEditor (292)
[2018.11.29-19.13.12:237][531]LogModuleManager: Shutting down and abandoning module LocationServicesBPLibrary (290)
[2018.11.29-19.13.12:237][531]LogModuleManager: Shutting down and abandoning module ImmediatePhysicsEditor (288)
[2018.11.29-19.13.12:237][531]LogModuleManager: Shutting down and abandoning module ImmediatePhysics (286)
[2018.11.29-19.13.12:237][531]LogModuleManager: Shutting down and abandoning module ActorSequence (284)
[2018.11.29-19.13.12:237][531]LogModuleManager: Shutting down and abandoning module UdpMessaging (282)
[2018.11.29-19.13.12:338][531]LogModuleManager: Shutting down and abandoning module TcpMessaging (280)
[2018.11.29-19.13.12:438][531]LogModuleManager: Shutting down and abandoning module MagicLeapAudio (278)
[2018.11.29-19.13.12:438][531]LogModuleManager: Shutting down and abandoning module GameplayTagsEditor (276)
[2018.11.29-19.13.12:438][531]LogModuleManager: Shutting down and abandoning module FacialAnimationEditor (274)
[2018.11.29-19.13.12:438][531]LogModuleManager: Shutting down and abandoning module FacialAnimation (272)
[2018.11.29-19.13.12:438][531]LogModuleManager: Shutting down and abandoning module DataValidation (270)
[2018.11.29-19.13.12:438][531]LogModuleManager: Shutting down and abandoning module AssetManagerEditor (268)
[2018.11.29-19.13.12:438][531]LogModuleManager: Shutting down and abandoning module LevelEditor (267)
[2018.11.29-19.13.12:439][531]LogModuleManager: Shutting down and abandoning module PixelInspectorModule (266)
[2018.11.29-19.13.12:439][531]LogModuleManager: Shutting down and abandoning module CommonMenuExtensions (264)
[2018.11.29-19.13.12:439][531]LogModuleManager: Shutting down and abandoning module MainFrame (262)
[2018.11.29-19.13.12:440][531]LogModuleManager: Shutting down and abandoning module HotReload (261)
[2018.11.29-19.13.12:440][531]LogModuleManager: Shutting down and abandoning module ContentBrowser (257)
[2018.11.29-19.13.12:442][531]LogModuleManager: Shutting down and abandoning module TreeMap (255)
[2018.11.29-19.13.12:442][531]LogModuleManager: Shutting down and abandoning module LightPropagationVolumeRuntime (252)
[2018.11.29-19.13.12:442][531]LogModuleManager: Shutting down and abandoning module AISupportModule (250)
[2018.11.29-19.13.12:442][531]LogModuleManager: Shutting down and abandoning module Paper2D (248)
[2018.11.29-19.13.12:442][531]LogModuleManager: Shutting down and abandoning module WindowsMoviePlayer (246)
[2018.11.29-19.13.12:442][531]LogModuleManager: Shutting down and abandoning module WmfMedia (244)
[2018.11.29-19.13.12:445][531]LogModuleManager: Shutting down and abandoning module Media (243)
[2018.11.29-19.13.12:452][531]LogModuleManager: Shutting down and abandoning module PacketHandler (240)
[2018.11.29-19.13.12:452][531]LogModuleManager: Shutting down and abandoning module ClothingSystemEditor (238)
[2018.11.29-19.13.12:452][531]LogModuleManager: Shutting down and abandoning module ClothingSystemRuntime (236)
[2018.11.29-19.13.12:452][531]LogModuleManager: Shutting down and abandoning module MediaAssets (234)
[2018.11.29-19.13.12:452][531]LogModuleManager: Shutting down and abandoning module Overlay (232)
[2018.11.29-19.13.12:452][531]LogModuleManager: Shutting down and abandoning module OverlayEditor (231)
[2018.11.29-19.13.12:452][531]LogModuleManager: Shutting down and abandoning module VREditor (228)
[2018.11.29-19.13.12:452][531]LogModuleManager: Shutting down and abandoning module StringTableEditor (226)
[2018.11.29-19.13.12:452][531]LogModuleManager: Shutting down and abandoning module GameplayTasksEditor (224)
[2018.11.29-19.13.12:452][531]LogModuleManager: Shutting down and abandoning module BehaviorTreeEditor (222)
[2018.11.29-19.13.12:452][531]LogModuleManager: Shutting down and abandoning module FunctionalTesting (220)
[2018.11.29-19.13.12:452][531]LogModuleManager: Shutting down and abandoning module CollisionAnalyzer (218)
[2018.11.29-19.13.12:453][531]LogModuleManager: Shutting down and abandoning module WorkspaceMenuStructure (217)
[2018.11.29-19.13.12:453][531]LogModuleManager: Shutting down and abandoning module UMG (214)
[2018.11.29-19.13.12:453][531]LogModuleManager: Shutting down and abandoning module UMGEditor (213)
[2018.11.29-19.13.12:453][531]LogModuleManager: Shutting down and abandoning module Sequencer (212)
[2018.11.29-19.13.12:453][531]LogModuleManager: Shutting down and abandoning module MessageLog (209)
[2018.11.29-19.13.12:453][531]LogModuleManager: Shutting down and abandoning module SlateReflector (204)
[2018.11.29-19.13.12:453][531]LogModuleManager: Shutting down and abandoning module Slate (202)
[2018.11.29-19.13.12:453][531]LogModuleManager: Shutting down and abandoning module EditorStyle (200)
[2018.11.29-19.13.12:456][531]LogModuleManager: Shutting down and abandoning module MRMesh (198)
[2018.11.29-19.13.12:456][531]LogModuleManager: Shutting down and abandoning module SourceCodeAccess (196)
[2018.11.29-19.13.12:456][531]LogModuleManager: Shutting down and abandoning module HeadMountedDisplay (194)
[2018.11.29-19.13.12:456][531]LogModuleManager: Shutting down and abandoning module XAudio2 (192)
[2018.11.29-19.13.12:456][531]LogModuleManager: Shutting down and abandoning module Networking (190)
[2018.11.29-19.13.12:456][531]LogModuleManager: Shutting down and abandoning module Core (188)
[2018.11.29-19.13.12:456][531]LogModuleManager: Shutting down and abandoning module LevelSequence (186)
[2018.11.29-19.13.12:456][531]LogModuleManager: Shutting down and abandoning module KismetCompiler (184)
[2018.11.29-19.13.12:456][531]LogModuleManager: Shutting down and abandoning module MeshUtilities (182)
[2018.11.29-19.13.12:456][531]LogModuleManager: Shutting down and abandoning module MeshMergeUtilities (181)
[2018.11.29-19.13.12:456][531]LogModuleManager: Shutting down and abandoning module MeshReductionInterface (180)
[2018.11.29-19.13.12:456][531]LogModuleManager: Shutting down and abandoning module SimplygonSwarm (179)
[2018.11.29-19.13.12:456][531]LogModuleManager: Shutting down and abandoning module ProxyLODMeshReduction (177)
[2018.11.29-19.13.12:456][531]LogModuleManager: Shutting down and abandoning module SimplygonMeshReduction (175)
[2018.11.29-19.13.12:456][531]LogModuleManager: Shutting down and abandoning module QuadricMeshReduction (173)
[2018.11.29-19.13.12:456][531]LogModuleManager: Shutting down and abandoning module MaterialBaking (169)
[2018.11.29-19.13.12:456][531]LogModuleManager: Shutting down and abandoning module DirectoryWatcher (165)
[2018.11.29-19.13.12:457][531]LogModuleManager: Shutting down and abandoning module DerivedDataCache (162)
[2018.11.29-19.13.12:464][531]LogDerivedDataCache: Shutdown
[2018.11.29-19.13.12:464][531]LogModuleManager: Shutting down and abandoning module XGEController (160)
[2018.11.29-19.13.12:464][531]LogModuleManager: Shutting down and abandoning module TargetPlatform (158)
[2018.11.29-19.13.12:464][531]LogModuleManager: Shutting down and abandoning module VulkanShaderFormat (157)
[2018.11.29-19.13.12:464][531]LogModuleManager: Shutting down and abandoning module ShaderFormatVectorVM (155)
[2018.11.29-19.13.12:464][531]LogModuleManager: Shutting down and abandoning module ShaderFormatOpenGL (153)
[2018.11.29-19.13.12:464][531]LogModuleManager: Shutting down and abandoning module ShaderFormatD3D (151)
[2018.11.29-19.13.12:464][531]LogModuleManager: Shutting down and abandoning module MetalShaderFormat (149)
[2018.11.29-19.13.12:464][531]LogModuleManager: Shutting down and abandoning module TextureFormatUncompressed (147)
[2018.11.29-19.13.12:464][531]LogModuleManager: Shutting down and abandoning module TextureFormatPVR (145)
[2018.11.29-19.13.12:464][531]LogModuleManager: Shutting down and abandoning module TextureFormatDXT (143)
[2018.11.29-19.13.12:464][531]LogModuleManager: Shutting down and abandoning module TextureFormatIntelISPCTexComp (141)
[2018.11.29-19.13.12:464][531]LogModuleManager: Shutting down and abandoning module TextureFormatASTC (139)
[2018.11.29-19.13.12:464][531]LogModuleManager: Shutting down and abandoning module ImageWrapper (138)
[2018.11.29-19.13.12:464][531]LogModuleManager: Shutting down and abandoning module TextureFormatAndroid (135)
[2018.11.29-19.13.12:464][531]LogModuleManager: Shutting down and abandoning module AudioFormatOpus (133)
[2018.11.29-19.13.12:464][531]LogModuleManager: Shutting down and abandoning module AudioFormatOgg (131)
[2018.11.29-19.13.12:465][531]LogModuleManager: Shutting down and abandoning module AudioFormatADPCM (129)
[2018.11.29-19.13.12:465][531]LogModuleManager: Shutting down and abandoning module LuminTargetPlatform (127)
[2018.11.29-19.13.12:465][531]LogModuleManager: Shutting down and abandoning module LinuxTargetPlatform (125)
[2018.11.29-19.13.12:465][531]LogModuleManager: Shutting down and abandoning module LinuxServerTargetPlatform (123)
[2018.11.29-19.13.12:465][531]LogModuleManager: Shutting down and abandoning module LinuxNoEditorTargetPlatform (121)
[2018.11.29-19.13.12:465][531]LogModuleManager: Shutting down and abandoning module LinuxClientTargetPlatform (119)
[2018.11.29-19.13.12:465][531]LogModuleManager: Shutting down and abandoning module TVOSTargetPlatform (117)
[2018.11.29-19.13.12:466][531]LogModuleManager: Shutting down and abandoning module Messaging (115)
[2018.11.29-19.13.12:466][531]LogModuleManager: Shutting down and abandoning module IOSTargetPlatform (113)
[2018.11.29-19.13.12:468][531]LogModuleManager: Shutting down and abandoning module HTML5TargetPlatform (111)
[2018.11.29-19.13.12:468][531]LogModuleManager: Shutting down and abandoning module AndroidTargetPlatform (109)
[2018.11.29-19.13.12:485][531]LogModuleManager: Shutting down and abandoning module WindowsTargetPlatform (107)
[2018.11.29-19.13.12:485][531]LogModuleManager: Shutting down and abandoning module WindowsServerTargetPlatform (105)
[2018.11.29-19.13.12:486][531]LogModuleManager: Shutting down and abandoning module WindowsNoEditorTargetPlatform (103)
[2018.11.29-19.13.12:486][531]LogModuleManager: Shutting down and abandoning module WindowsClientTargetPlatform (101)
[2018.11.29-19.13.12:486][531]LogModuleManager: Shutting down and abandoning module MacTargetPlatform (99)
[2018.11.29-19.13.12:486][531]LogModuleManager: Shutting down and abandoning module MacServerTargetPlatform (97)
[2018.11.29-19.13.12:486][531]LogModuleManager: Shutting down and abandoning module MacNoEditorTargetPlatform (95)
[2018.11.29-19.13.12:486][531]LogModuleManager: Shutting down and abandoning module MacClientTargetPlatform (93)
[2018.11.29-19.13.12:486][531]LogModuleManager: Shutting down and abandoning module AllDesktopTargetPlatform (91)
[2018.11.29-19.13.12:486][531]LogModuleManager: Shutting down and abandoning module InputCore (88)
[2018.11.29-19.13.12:486][531]LogModuleManager: Shutting down and abandoning module Settings (86)
[2018.11.29-19.13.12:486][531]LogModuleManager: Shutting down and abandoning module PhysXCooking (84)
[2018.11.29-19.13.12:486][531]LogModuleManager: Shutting down and abandoning module SteamVR (82)
[2018.11.29-19.13.12:486][531]LogModuleManager: Shutting down and abandoning module OculusHMD (80)
[2018.11.29-19.13.12:487][531]LogModuleManager: Shutting down and abandoning module ExampleDeviceProfileSelector (78)
[2018.11.29-19.13.12:487][531]LogModuleManager: Shutting down and abandoning module LauncherChunkInstaller (76)
[2018.11.29-19.13.12:487][531]LogModuleManager: Shutting down and abandoning module OnlineBlueprintSupport (74)
[2018.11.29-19.13.12:487][531]LogModuleManager: Shutting down and abandoning module OnlineSubsystem (70)
[2018.11.29-19.13.12:489][531]LogModuleManager: Shutting down and abandoning module XMPP (65)
[2018.11.29-19.13.12:489][531]LogModuleManager: Shutting down and abandoning module WebSockets (64)
[2018.11.29-19.13.12:502][531]LogModuleManager: Shutting down and abandoning module HTTP (61)
[2018.11.29-19.13.12:502][531]LogHttp: Display: Http module shutting down, but needs to wait on 1 outstanding Http requests:
[2018.11.29-19.13.12:502][531]LogHttp: Display: 	verb=[POST] url=[https://datarouter.ol.epicgames.com/datarouter/api/v1/public/data?SessionID=%7BE61EDD45-48DC-120B-5801-FBBD34BC372C%7D&AppID=UEEditor.Rocket.Release&AppVersion=4.20.3-4369336%2B%2B%2BUE4%2BRelease-4.20&UserID=492e65dd48673339ba3345820836acac%7C198f0c7eba5d40c39cde66691aa87a3b%7C708ffe7b-f8ea-4e7d-825c-9c27d99d23de&AppEnvironment=datacollector-binary&UploadType=eteventstream] status=Processing
[2018.11.29-19.13.12:525][531]LogModuleManager: Shutting down and abandoning module SSL (60)
[2018.11.29-19.13.12:527][531]LogModuleManager: Shutting down and abandoning module MagicLeapEmulator (56)
[2018.11.29-19.13.12:527][531]LogModuleManager: Shutting down and abandoning module MagicLeapPrivileges (54)
[2018.11.29-19.13.12:528][531]LogModuleManager: Shutting down and abandoning module MagicLeapIdentity (52)
[2018.11.29-19.13.12:528][531]LogModuleManager: Shutting down and abandoning module MagicLeapHelperVulkan (50)
[2018.11.29-19.13.12:528][531]LogModuleManager: Shutting down and abandoning module MagicLeapHelperOpenGL (48)
[2018.11.29-19.13.12:528][531]LogModuleManager: Shutting down and abandoning module MagicLeapSecureStorage (46)
[2018.11.29-19.13.12:528][531]LogModuleManager: Shutting down and abandoning module MagicLeapGestures (44)
[2018.11.29-19.13.12:528][531]LogModuleManager: Shutting down and abandoning module MagicLeapEyeTracker (42)
[2018.11.29-19.13.12:528][531]LogModuleManager: Shutting down and abandoning module MagicLeapController (40)
[2018.11.29-19.13.12:528][531]LogSlate: Slate User Destroyed.  User Index 0, Is Virtual User: 0
[2018.11.29-19.13.12:528][531]LogModuleManager: Shutting down and abandoning module MagicLeap (38)
[2018.11.29-19.13.12:529][531]LogModuleManager: Shutting down and abandoning module AnimationModifiers (36)
[2018.11.29-19.13.12:529][531]LogModuleManager: Shutting down and abandoning module PropertyEditor (35)
[2018.11.29-19.13.12:529][531]LogModuleManager: Shutting down and abandoning module AudioEditor (32)
[2018.11.29-19.13.12:529][531]LogModuleManager: Shutting down and abandoning module TextureCompressor (30)
[2018.11.29-19.13.12:529][531]LogModuleManager: Shutting down and abandoning module ShaderCore (28)
[2018.11.29-19.13.12:529][531]LogModuleManager: Shutting down and abandoning module Landscape (26)
[2018.11.29-19.13.12:529][531]LogModuleManager: Shutting down and abandoning module SlateRHIRenderer (24)
[2018.11.29-19.13.12:529][531]LogModuleManager: Shutting down and abandoning module OpenGLDrv (22)
[2018.11.29-19.13.12:529][531]LogModuleManager: Shutting down and abandoning module D3D11RHI (20)
[2018.11.29-19.13.12:529][531]LogModuleManager: Shutting down and abandoning module AnimGraphRuntime (18)
[2018.11.29-19.13.12:529][531]LogModuleManager: Shutting down and abandoning module Renderer (16)
[2018.11.29-19.13.12:529][531]LogModuleManager: Shutting down and abandoning module Engine (14)
[2018.11.29-19.13.12:529][531]LogModuleManager: Shutting down and abandoning module CoreUObject (12)
[2018.11.29-19.13.12:529][531]LogModuleManager: Shutting down and abandoning module NetworkFile (10)
[2018.11.29-19.13.12:529][531]LogModuleManager: Shutting down and abandoning module CookedIterativeFile (8)
[2018.11.29-19.13.12:529][531]LogModuleManager: Shutting down and abandoning module StreamingFile (6)
[2018.11.29-19.13.12:529][531]LogModuleManager: Shutting down and abandoning module SandboxFile (4)
[2018.11.29-19.13.12:529][531]LogModuleManager: Shutting down and abandoning module PakFile (2)
[2018.11.29-19.13.12:537][531]LogExit: Exiting.
[2018.11.29-19.13.12:561][531]Log file closed, 11/29/18 14:13:12
