Log file open, 09/15/18 16:25:27
LogWindows: Failed to load 'aqProf.dll' (GetLastError=126)
LogWindows: File 'aqProf.dll' does not exist
LogWindows: Failed to load 'VtuneApi.dll' (GetLastError=126)
LogWindows: File 'VtuneApi.dll' does not exist
LogWindows: Failed to load 'VtuneApi32e.dll' (GetLastError=126)
LogWindows: File 'VtuneApi32e.dll' does not exist
LogInit: Display: Running engine for game: PsychLighting
LogPlatformFile: Not using cached read wrapper
LogInit: Display: RandInit(177090260) SRandInit(177090260).
LogTaskGraph: Started task graph with 5 named threads and 14 total threads with 3 sets of task threads.
LogStats: Stats thread started at 0.186207
LogD3D11RHI: Aftermath initialized
LogPluginManager: Mounting plugin Paper2D
LogPluginManager: Mounting plugin LightPropagationVolume
LogPluginManager: Mounting plugin CodeLiteSourceCodeAccess
LogPluginManager: Mounting plugin GitSourceControl
LogPluginManager: Mounting plugin KDevelopSourceCodeAccess
LogPluginManager: Mounting plugin NullSourceCodeAccess
LogPluginManager: Mounting plugin PerforceSourceControl
LogPluginManager: Mounting plugin SubversionSourceControl
LogPluginManager: Mounting plugin UObjectPlugin
LogPluginManager: Mounting plugin VisualStudioSourceCodeAccess
LogPluginManager: Mounting plugin XCodeSourceCodeAccess
LogPluginManager: Mounting plugin AssetManagerEditor
LogPluginManager: Mounting plugin AudioCapture
LogPluginManager: Mounting plugin FacialAnimation
LogPluginManager: Mounting plugin GameplayTagsEditor
LogPluginManager: Mounting plugin MobileLauncherProfileWizard
LogPluginManager: Mounting plugin PluginBrowser
LogPluginManager: Mounting plugin SpeedTreeImporter
LogPluginManager: Mounting plugin AlembicImporter
LogPluginManager: Mounting plugin CharacterAI
LogPluginManager: Mounting plugin HTML5Networking
LogPluginManager: Mounting plugin AndroidMedia
LogPluginManager: Mounting plugin AvfMedia
LogPluginManager: Mounting plugin MediaPlayerEditor
LogPluginManager: Mounting plugin WmfMedia
LogPluginManager: Mounting plugin TcpMessaging
LogPluginManager: Mounting plugin UdpMessaging
LogPluginManager: Mounting plugin LevelSequenceEditor
LogPluginManager: Mounting plugin MatineeToLevelSequence
LogPluginManager: Mounting plugin OnlineSubsystemGooglePlay
LogPluginManager: Mounting plugin OnlineSubsystemIOS
LogPluginManager: Mounting plugin OnlineSubsystem
LogPluginManager: Mounting plugin OnlineSubsystemNull
LogPluginManager: Mounting plugin OnlineSubsystemUtils
LogPluginManager: Mounting plugin AndroidDeviceProfileSelector
LogPluginManager: Mounting plugin AndroidMoviePlayer
LogPluginManager: Mounting plugin AndroidPermission
LogPluginManager: Mounting plugin AppleMoviePlayer
LogPluginManager: Mounting plugin ArchVisCharacter
LogPluginManager: Mounting plugin CableComponent
LogPluginManager: Mounting plugin CustomMeshComponent
LogPluginManager: Mounting plugin ExampleDeviceProfileSelector
LogPluginManager: Mounting plugin GoogleCloudMessaging
LogPluginManager: Mounting plugin ImmediatePhysics
LogPluginManager: Mounting plugin IOSDeviceProfileSelector
LogPluginManager: Mounting plugin LinuxDeviceProfileSelector
LogPluginManager: Mounting plugin LocationServicesBPLibrary
LogPluginManager: Mounting plugin MobilePatchingUtils
LogPluginManager: Mounting plugin OculusVR
LogPluginManager: Mounting plugin PhysXVehicles
LogPluginManager: Mounting plugin ProceduralMeshComponent
LogPluginManager: Mounting plugin RuntimePhysXCooking
LogPluginManager: Mounting plugin SteamVR
LogPluginManager: Mounting plugin WindowsMoviePlayer
LogInit: Using libcurl 7.47.1
LogInit:  - built for x86_64-pc-win32
LogInit:  - supports SSL with OpenSSL/1.0.2g
LogInit:  - supports HTTP deflate (compression) using libz 1.2.8
LogInit:  - other features:
LogInit:      CURL_VERSION_SSL
LogInit:      CURL_VERSION_LIBZ
LogInit:      CURL_VERSION_IPV6
LogInit:      CURL_VERSION_ASYNCHDNS
LogInit:      CURL_VERSION_LARGEFILE
LogInit:      CURL_VERSION_IDN
LogInit:  CurlRequestOptions (configurable via config and command line):
LogInit:  - bVerifyPeer = false  - Libcurl will NOT verify peer certificate
LogInit:  - bUseHttpProxy = false  - Libcurl will NOT use HTTP proxy
LogInit:  - bDontReuseConnections = false  - Libcurl will reuse connections
LogInit:  - CertBundlePath = nullptr  - Libcurl will use whatever was configured at build time.
LogInit: Build: ++UE4+Release-4.17-CL-3658906
LogInit: Engine Version: 4.17.2-3658906+++UE4+Release-4.17
LogInit: Compatible Engine Version: 4.17.0-3573198+++UE4+Release-4.17
LogInit: Net CL: 3573198
LogDevObjectVersion: Number of dev versions registered: 16
LogDevObjectVersion:   Dev-Blueprints (B0D832E4-1F89-4F0D-ACCF-7EB736FD4AA2): 10
LogDevObjectVersion:   Dev-Build (E1C64328-A22C-4D53-A36C-8E866417BD8C): 0
LogDevObjectVersion:   Dev-Core (375EC13C-06E4-48FB-B500-84F0262A717E): 2
LogDevObjectVersion:   Dev-Editor (E4B068ED-F494-42E9-A231-DA0B2E46BB41): 20
LogDevObjectVersion:   Dev-Framework (CFFC743F-43B0-4480-9391-14DF171D2073): 28
LogDevObjectVersion:   Dev-Mobile (B02B49B5-BB20-44E9-A304-32B752E40360): 0
LogDevObjectVersion:   Dev-Networking (A4E4105C-59A1-49B5-A7C5-40C4547EDFEE): 0
LogDevObjectVersion:   Dev-Online (39C831C9-5AE6-47DC-9A44-9C173E1C8E7C): 0
LogDevObjectVersion:   Dev-Physics (78F01B33-EBEA-4F98-B9B4-84EACCB95AA2): 0
LogDevObjectVersion:   Dev-Platform (6631380F-2D4D-43E0-8009-CF276956A95A): 0
LogDevObjectVersion:   Dev-Rendering (12F88B9F-8875-4AFC-A67C-D90C383ABD29): 19
LogDevObjectVersion:   Dev-Sequencer (7B5AE74C-D270-4C10-A958-57980B212A5A): 4
LogDevObjectVersion:   Dev-VR (D7296918-1DD6-4BDD-9DE2-64A83CC13884): 0
LogDevObjectVersion:   Dev-LoadTimes (C2A15278-BFE7-4AFE-6C17-90FF531DF755): 1
LogDevObjectVersion:   Private-Geometry (6EACA3D4-40EC-4CC1-B786-8BED09428FC5): 1
LogDevObjectVersion:   Dev-AnimPhys (29E575DD-E0A3-4627-9D10-D276232CDCEA): 7
LogInit: Compiled (64-bit): Sep 22 2017 13:47:16
LogInit: Compiled with Visual C++: 19.00.24215.01
LogInit: Build Configuration: Development
LogInit: Branch Name: ++UE4+Release-4.17
LogInit: Command line: 
LogInit: Base directory: D:/EpicGames/Games/UE_4.17/Engine/Binaries/Win64/
LogInit: Installed Engine Build: 1
LogInit: Presizing for max 8388607 objects, including 0 objects not considered by GC, pre-allocating 0 bytes for permanent pool.
LogInit: Object subsystem initialized
[2018.09.15-20.25.28:067][  0]LogInit: Selected Device Profile: [Windows]
[2018.09.15-20.25.28:067][  0]LogInit: Applying CVar settings loaded from the selected device profile: [Windows]
[2018.09.15-20.25.28:079][  0]LogInit: Computer: VARUNMW01
[2018.09.15-20.25.28:079][  0]LogInit: User: Varun
[2018.09.15-20.25.28:079][  0]LogInit: CPU Page size=4096, Cores=4
[2018.09.15-20.25.28:079][  0]LogInit: High frequency timer resolution =2.531250 MHz
[2018.09.15-20.25.28:079][  0]LogMemory: Memory total: Physical=15.9GB (16GB approx)
[2018.09.15-20.25.28:079][  0]LogMemory: Platform Memory Stats for Windows
[2018.09.15-20.25.28:079][  0]LogMemory: Process Physical Memory: 278.87 MB used, 278.87 MB peak
[2018.09.15-20.25.28:079][  0]LogMemory: Process Virtual Memory: 282.48 MB used, 282.48 MB peak
[2018.09.15-20.25.28:080][  0]LogMemory: Physical Memory: 8915.20 MB used,  7341.75 MB free, 16256.96 MB total
[2018.09.15-20.25.28:080][  0]LogMemory: Virtual Memory: 4812.88 MB used,  7341.75 MB free, 134217728.00 MB total
[2018.09.15-20.25.28:299][  0]LogInit: Using OS detected language (en-US).
[2018.09.15-20.25.28:299][  0]LogInit: Using OS detected locale (en-US).
[2018.09.15-20.25.28:305][  0]LogTextLocalizationManager: No specific localization for 'en-US' exists, so the 'en' localization will be used.
[2018.09.15-20.25.29:309][  0]LogD3D11RHI: D3D11 adapters:
[2018.09.15-20.25.29:384][  0]LogD3D11RHI:    0. 'NVIDIA GeForce GTX 960M' (Feature Level 11_0)
[2018.09.15-20.25.29:384][  0]LogD3D11RHI:       4055/0/8128 MB DedicatedVideo/DedicatedSystem/SharedSystem, Outputs:1, VendorId:0x10de
[2018.09.15-20.25.29:409][  0]LogD3D11RHI:    1. 'Intel(R) HD Graphics 530' (Feature Level 11_0)
[2018.09.15-20.25.29:409][  0]LogD3D11RHI:       128/0/8128 MB DedicatedVideo/DedicatedSystem/SharedSystem, Outputs:0, VendorId:0x8086
[2018.09.15-20.25.29:412][  0]LogD3D11RHI:    2. 'Microsoft Basic Render Driver' (Feature Level 11_0)
[2018.09.15-20.25.29:412][  0]LogD3D11RHI:       0/0/8128 MB DedicatedVideo/DedicatedSystem/SharedSystem, Outputs:0, VendorId:0x1414
[2018.09.15-20.25.29:412][  0]LogD3D11RHI: Chosen D3D11 Adapter: 0
[2018.09.15-20.25.29:450][  0]LogD3D11RHI: Creating new Direct3DDevice
[2018.09.15-20.25.29:450][  0]LogD3D11RHI:     GPU DeviceId: 0x139b (for the marketing name, search the web for "GPU Device Id")
[2018.09.15-20.25.29:451][  0]LogWindows: EnumDisplayDevices:
[2018.09.15-20.25.29:451][  0]LogWindows:    0. 'Intel(R) HD Graphics 530' (P:1 D:1)
[2018.09.15-20.25.29:451][  0]LogWindows:    1. 'Intel(R) HD Graphics 530' (P:0 D:0)
[2018.09.15-20.25.29:451][  0]LogWindows:    2. 'Intel(R) HD Graphics 530' (P:0 D:0)
[2018.09.15-20.25.29:452][  0]LogWindows: DebugString: GetVideoDriverDetailsInvalid PrimaryIsNotTheChoosenAdapter GetVideoDriverDetailsInvalid PrimaryIsNotTheChoosenAdapter GetVideoDriverDetailsInvalid PrimaryIsNotTheChoosenAdapter FoundDriverCount:0 
[2018.09.15-20.25.29:452][  0]LogD3D11RHI:     Adapter Name: NVIDIA GeForce GTX 960M
[2018.09.15-20.25.29:452][  0]LogD3D11RHI:   Driver Version: Unknown (internal:Unknown, unified:Unknown)
[2018.09.15-20.25.29:452][  0]LogD3D11RHI:      Driver Date: Unknown
[2018.09.15-20.25.29:452][  0]LogRHI: Texture pool is 1361 MB (70% of 1945 MB)
[2018.09.15-20.25.29:505][  0]LogD3D11RHI: Async texture creation enabled
[2018.09.15-20.25.29:535][  0]LogD3D11RHI: GPU Timing Frequency: 1000.000000 (Debug: 2 2)
[2018.09.15-20.25.29:536][  0]LogShaderCompilers: Guid format shader working directory is -8 characters bigger than the processId version (C:/Users/Varun/Documents/Unreal Projects/PsychLighting/Intermediate/Shaders/WorkingDirectory/9612/).
[2018.09.15-20.25.29:536][  0]LogShaderCompilers: Cleaned the shader compiler working directory 'C:/Users/Varun/AppData/Local/Temp/UnrealShaderWorkingDir/E52DE94B4E01934F7B7787A3FF7D1766/'.
[2018.09.15-20.25.29:536][  0]LogShaderCompilers: Display: Using Local Shader Compiler.
[2018.09.15-20.25.30:544][  0]LogTemp: Display: Loaded TP AllDesktopTargetPlatform
[2018.09.15-20.25.30:604][  0]LogTemp: Display: Loaded TP MacClientTargetPlatform
[2018.09.15-20.25.30:665][  0]LogTemp: Display: Loaded TP MacNoEditorTargetPlatform
[2018.09.15-20.25.30:724][  0]LogTemp: Display: Loaded TP MacServerTargetPlatform
[2018.09.15-20.25.30:786][  0]LogTemp: Display: Loaded TP MacTargetPlatform
[2018.09.15-20.25.30:853][  0]LogTemp: Display: Loaded TP WindowsClientTargetPlatform
[2018.09.15-20.25.30:913][  0]LogTemp: Display: Loaded TP WindowsNoEditorTargetPlatform
[2018.09.15-20.25.30:972][  0]LogTemp: Display: Loaded TP WindowsServerTargetPlatform
[2018.09.15-20.25.31:028][  0]LogTemp: Display: Loaded TP WindowsTargetPlatform
[2018.09.15-20.25.31:093][  0]LogTemp: Display: Loaded TP AndroidTargetPlatform
[2018.09.15-20.25.31:185][  0]LogTemp: Display: Loaded TP Android_ASTCTargetPlatform
[2018.09.15-20.25.31:454][  0]LogTemp: Display: Loaded TP Android_ATCTargetPlatform
[2018.09.15-20.25.31:539][  0]LogTemp: Display: Loaded TP Android_DXTTargetPlatform
[2018.09.15-20.25.31:600][  0]LogTemp: Display: Loaded TP Android_ETC1TargetPlatform
[2018.09.15-20.25.31:681][  0]LogTemp: Display: Loaded TP Android_ETC2TargetPlatform
[2018.09.15-20.25.31:824][  0]LogTemp: Display: Loaded TP Android_MultiTargetPlatform
[2018.09.15-20.25.31:824][  0]LogTemp: Display: Loaded TP Android_PVRTCTargetPlatform
[2018.09.15-20.25.31:886][  0]LogTemp: Display: Loaded TP HTML5TargetPlatform
[2018.09.15-20.25.31:990][  0]LogTemp: Display: Loaded TP IOSTargetPlatform
[2018.09.15-20.25.32:021][  0]LogTemp: Display: Loaded TP TVOSTargetPlatform
[2018.09.15-20.25.32:079][  0]LogTemp: Display: Loaded TP LinuxClientTargetPlatform
[2018.09.15-20.25.32:138][  0]LogTemp: Display: Loaded TP LinuxNoEditorTargetPlatform
[2018.09.15-20.25.32:196][  0]LogTemp: Display: Loaded TP LinuxServerTargetPlatform
[2018.09.15-20.25.32:264][  0]LogTemp: Display: Loaded TP LinuxTargetPlatform
[2018.09.15-20.25.32:264][  0]LogTargetPlatformManager: Display: Building Assets For Windows
[2018.09.15-20.25.32:793][  0]LogDerivedDataCache: Display: Max Cache Size: 512 MB
[2018.09.15-20.25.32:910][  0]LogDerivedDataCache: Loaded boot cache 0.12s 93MB C:/Users/Varun/AppData/Local/UnrealEngine/4.17/DerivedDataCache/Boot.ddc.
[2018.09.15-20.25.32:910][  0]LogDerivedDataCache: Display: Loaded Boot cache: C:/Users/Varun/AppData/Local/UnrealEngine/4.17/DerivedDataCache/Boot.ddc
[2018.09.15-20.25.32:911][  0]LogDerivedDataCache: FDerivedDataBackendGraph:  Pak pak cache file C:/Users/Varun/Documents/Unreal Projects/PsychLighting/DerivedDataCache/DDC.ddp not found, will not use a pak cache.
[2018.09.15-20.25.32:911][  0]LogDerivedDataCache: Unable to find inner node Pak for hierarchical cache Hierarchy.
[2018.09.15-20.25.32:911][  0]LogDerivedDataCache: FDerivedDataBackendGraph:  CompressedPak pak cache file C:/Users/Varun/Documents/Unreal Projects/PsychLighting/DerivedDataCache/Compressed.ddp not found, will not use a pak cache.
[2018.09.15-20.25.32:911][  0]LogDerivedDataCache: Unable to find inner node CompressedPak for hierarchical cache Hierarchy.
[2018.09.15-20.25.32:931][  0]LogDerivedDataCache: Display: Pak cache opened for reading ../../../Engine/DerivedDataCache/Compressed.ddp.
[2018.09.15-20.25.32:944][  0]LogDerivedDataCache: Using Local data cache path C:/Users/Varun/AppData/Local/UnrealEngine/Common/DerivedDataCache: Writable
[2018.09.15-20.25.32:956][  0]LogMaterial: Verifying Global Shaders for PCD3D_SM5
[2018.09.15-20.25.32:956][  0]LogSlate: Using Freetype 2.6.0
[2018.09.15-20.25.32:957][  0]LogSlate: SlateFontCache - WITH_FREETYPE: 1, WITH_HARFBUZZ: 1
[2018.09.15-20.25.32:957][  0]LogSlate: SlateFontCache - WITH_FREETYPE: 1, WITH_HARFBUZZ: 1
[2018.09.15-20.25.33:310][  0]LogAssetRegistry: FAssetRegistry took 0.0288 seconds to start up
[2018.09.15-20.25.33:455][  0]LogInit: Selected Device Profile: [Windows]
[2018.09.15-20.25.33:882][  0]LogSimplygon: Simplygon DLL not present - disabling.
[2018.09.15-20.25.33:939][  0]LogMeshReduction: Using SimplygonSwarm for distributed automatic mesh merging
[2018.09.15-20.25.33:939][  0]LogMeshReduction: Using QuadricMeshReduction for automatic static mesh reduction
[2018.09.15-20.25.33:939][  0]LogMeshReduction: No automatic skeletal mesh reduction module available
[2018.09.15-20.25.33:939][  0]LogMeshReduction: No automatic mesh merging module available
[2018.09.15-20.25.33:939][  0]LogMeshMerging: No automatic mesh merging module available
[2018.09.15-20.25.33:940][  0]LogContentStreaming: Texture pool size is 0.00 MB
[2018.09.15-20.25.34:524][  0]LogNetVersion: PsychLighting , NetCL: 3573198, EngineNetVer: 2, GameNetVer: 0 (Checksum: 3727005856)
[2018.09.15-20.25.34:796][  0]LogPackageLocalizationCache: Processed 5 localized package path(s) for 2 prioritized culture(s) in 0.059793 seconds
[2018.09.15-20.25.34:804][  0]LogUObjectArray: 35825 objects as part of root set at end of initial load.
[2018.09.15-20.25.34:804][  0]LogUObjectAllocator: 7529104 out of 0 bytes used by permanent object pool.
[2018.09.15-20.25.34:804][  0]LogUObjectArray: CloseDisregardForGC: 0/0 objects in disregard for GC pool
[2018.09.15-20.25.34:860][  0]LogInit: WinSock: version 1.1 (2.2), MaxSocks=32767, MaxUdp=65467
[2018.09.15-20.25.38:327][  0]LogTcpMessaging: Initializing TcpMessaging bridge
[2018.09.15-20.25.38:370][  0]LogUdpMessaging: Initializing bridge on interface 0.0.0.0:0 to multicast group 230.0.0.1:6666.
[2018.09.15-20.25.39:162][  0]LogMaterial: Uniform references updated for custom material expression Custom.
[2018.09.15-20.25.39:661][  0]SourceControl: Source control is disabled
[2018.09.15-20.25.39:661][  0]SourceControl: Source control is disabled
[2018.09.15-20.25.39:718][  0]SourceControl: Source control is disabled
[2018.09.15-20.25.39:772][  0]SourceControl: Source control is disabled
[2018.09.15-20.25.40:451][  0]LogAndroidPermission: UAndroidPermissionCallbackProxy::GetInstance
[2018.09.15-20.25.40:754][  0]LogOcInput: OculusInput pre-init called
[2018.09.15-20.25.41:053][  0]LogEngine: Initializing Engine...
[2018.09.15-20.25.41:055][  0]LogHMD: Failed to initialize OpenVR with code 110
[2018.09.15-20.25.41:325][  0]LogStats: UGameplayTagsManager::ConstructGameplayTagTree: Construct from data asset -  0.000 s
[2018.09.15-20.25.41:325][  0]LogStats: UGameplayTagsManager::ConstructGameplayTagTree: GameplayTagTreeChangedEvent.Broadcast -  0.000 s
[2018.09.15-20.25.41:503][  0]LogAIModule: Creating AISystem for world Untitled
[2018.09.15-20.25.41:518][  0]LogInit: XAudio2 using 'Speakers / Headphones (Realtek High Definition Audio)' : 2 channels at 48 kHz using 32 bits per sample (channel mask 0x3)
[2018.09.15-20.25.41:941][  0]LogInit: FAudioDevice initialized.
[2018.09.15-20.25.42:101][  0]LogDerivedDataCache: Saved boot cache 0.16s 93MB C:/Users/Varun/AppData/Local/UnrealEngine/4.17/DerivedDataCache/Boot.ddc.
[2018.09.15-20.25.42:109][  0]LogInit: Texture streaming: Enabled
[2018.09.15-20.25.42:231][  0]LogEngineSessionManager: EngineSessionManager initialized
[2018.09.15-20.25.42:532][  0]LogInit: Transaction tracking system initialized
[2018.09.15-20.25.42:915][  0]BlueprintLog: New page: Editor Load
[2018.09.15-20.25.44:052][  0]LocalizationService: Localization service is disabled
[2018.09.15-20.25.44:898][  0]LogConsoleResponse: Display: 
[2018.09.15-20.25.45:138][  0]LogCook: Display: Max memory allowance for cook 16384mb min free memory 0mb
[2018.09.15-20.25.45:138][  0]LogCook: Display: Mobile HDR setting 1
[2018.09.15-20.25.45:138][  0]LogGameplayTags: Display: UGameplayTagsManager::DoneAddingNativeTags. DelegateIsBound: 0
[2018.09.15-20.25.46:318][  0]LogFileCache: Scanning file cache for directory 'C:/Users/Varun/Documents/Unreal Projects/PsychLighting/Content/' took 0.02s
[2018.09.15-20.25.46:372][  0]SourceControl: Source control is disabled
[2018.09.15-20.25.46:372][  0]Cmd: MAP LOAD FILE="C:/Users/Varun/Documents/Unreal Projects/PsychLighting/Content/ThirdPersonBP/Maps/ThirdPersonExampleMap.umap" TEMPLATE=0 SHOWPROGRESS=1 FEATURELEVEL=3
[2018.09.15-20.25.46:373][  0]LightingResults: New page: Lighting Build
[2018.09.15-20.25.46:425][  0]MapCheck: New page: Map Check
[2018.09.15-20.25.46:425][  0]LightingResults: New page: Lighting Build
[2018.09.15-20.25.48:273][  0]LogAIModule: Creating AISystem for world ThirdPersonExampleMap
[2018.09.15-20.25.48:415][  0]LogEditorServer: Finished looking for orphan Actors (0.000 secs)
[2018.09.15-20.25.48:445][  0]Cmd: MAP CHECKDEP NOCLEARLOG
[2018.09.15-20.25.48:571][  0]MapCheck: Map check complete: 0 Error(s), 0 Warning(s), took 125.591ms to complete.
[2018.09.15-20.25.48:571][  0]LogFileHelpers: Loading map 'ThirdPersonExampleMap' took 2.199
[2018.09.15-20.25.48:826][  0]LogCollectionManager: Loaded 0 collections in 0.001173 seconds
[2018.09.15-20.25.49:021][  0]LogFileCache: Scanning file cache for directory 'C:/Users/Varun/Documents/Unreal Projects/PsychLighting/Saved/Collections/' took 0.01s
[2018.09.15-20.25.49:021][  0]LogFileCache: Scanning file cache for directory 'C:/Users/Varun/Documents/Unreal Projects/PsychLighting/Content/Developers/Varun/Collections/' took 0.01s
[2018.09.15-20.25.49:021][  0]LogFileCache: Scanning file cache for directory 'C:/Users/Varun/Documents/Unreal Projects/PsychLighting/Content/Collections/' took 0.01s
[2018.09.15-20.25.49:021][  0]LogCollectionManager: Rebuilt the GUID cache for 0 collections in 0.000000 seconds
[2018.09.15-20.25.49:034][  0]LogContentBrowser: Native class hierarchy populated in 0.0116 seconds. Added 2386 classes and 500 folders.
[2018.09.15-20.25.49:140][  0]LogContentBrowser: Native class hierarchy updated for 'WidgetCarousel' in 0.0014 seconds. Added 0 classes and 0 folders.
[2018.09.15-20.25.49:879][  0]LogContentBrowser: Native class hierarchy updated for 'AddContentDialog' in 0.0008 seconds. Added 0 classes and 0 folders.
[2018.09.15-20.25.50:294][  0]LogContentBrowser: Native class hierarchy updated for 'SceneOutliner' in 0.0008 seconds. Added 1 classes and 2 folders.
[2018.09.15-20.25.50:745][  0]LogSlate: Took 0.000606 seconds to synchronously load lazily loaded font '../../../Engine/Content/Slate/Fonts/Roboto-Regular.ttf' (155K)
[2018.09.15-20.25.50:757][  0]LogSlate: Took 0.000545 seconds to synchronously load lazily loaded font '../../../Engine/Content/Slate/Fonts/Roboto-Bold.ttf' (160K)
[2018.09.15-20.25.50:770][  0]LogSlate: Took 0.010310 seconds to synchronously load lazily loaded font '../../../Engine/Content/Editor/Slate/Fonts/FontAwesome.ttf' (139K)
[2018.09.15-20.25.51:195][  0]LogRenderer: Reallocating scene render targets to support 932x708 Format 10 NumSamples 1 (Frame:1).
[2018.09.15-20.25.51:665][  0]LogContentBrowser: Native class hierarchy updated for 'HierarchicalLODOutliner' in 0.0012 seconds. Added 1 classes and 2 folders.
[2018.09.15-20.25.51:665][  0]LogLoad: (Engine Initialization) Total time: 25.47 seconds
[2018.09.15-20.25.51:665][  0]LogLoad: (Engine Initialization) Total Blueprint compile time: 0.00 seconds
[2018.09.15-20.25.51:666][  0]LogExternalProfiler: Found external profiler: VSPerf
[2018.09.15-20.25.51:666][  0]LogExternalProfiler: Using external profiler: VSPerf
[2018.09.15-20.25.51:675][  0]LogWindowsTextInputMethodSystem: Display: IME system now deactivated.
[2018.09.15-20.25.51:712][  0]LogContentStreaming: Texture pool size now 1000 MB
[2018.09.15-20.25.51:793][  0]LogSlate: Took 0.019469 seconds to synchronously load lazily loaded font '../../../Engine/Content/Slate/Fonts/Roboto-Light.ttf' (159K)
[2018.09.15-20.25.51:855][  1]LogAssetRegistry: Asset discovery search completed in 18.5679 seconds
[2018.09.15-20.25.51:858][  1]LogCollectionManager: Rebuilt the object cache for 0 collections in 0.000000 seconds (found 0 objects)
[2018.09.15-20.25.51:858][  1]LogCollectionManager: Fixed up redirectors for 0 collections in 0.000051 seconds (updated 0 objects)
[2018.09.15-20.25.57:345][452]LogTemp: Repeating last play command: Selected Viewport
[2018.09.15-20.25.57:421][452]LogBlueprintUserMessages: Early PlayInEditor Detection: Level '/Game/ThirdPersonBP/Maps/ThirdPersonExampleMap.ThirdPersonExampleMap:PersistentLevel' has LevelScriptBlueprint '/Game/ThirdPersonBP/Maps/ThirdPersonExampleMap.ThirdPersonExampleMap:PersistentLevel.ThirdPersonExampleMap' with GeneratedClass '/Game/ThirdPersonBP/Maps/ThirdPersonExampleMap.ThirdPersonExampleMap_C' with ClassGeneratedBy '/Game/ThirdPersonBP/Maps/ThirdPersonExampleMap.ThirdPersonExampleMap:PersistentLevel.ThirdPersonExampleMap'
[2018.09.15-20.25.57:421][452]LogPlayLevel: PlayLevel: No blueprints needed recompiling
[2018.09.15-20.25.57:461][452]PIE: New page: PIE session: ThirdPersonExampleMap (Sep 15, 2018, 12:25:57 PM)
[2018.09.15-20.25.57:461][452]LogPlayLevel: Creating play world package: /Game/ThirdPersonBP/Maps/UEDPIE_0_ThirdPersonExampleMap
[2018.09.15-20.25.57:527][452]LogPlayLevel: PIE: StaticDuplicateObject took: (0.065336s)
[2018.09.15-20.25.57:528][452]LogAIModule: Creating AISystem for world ThirdPersonExampleMap
[2018.09.15-20.25.57:528][452]LogPlayLevel: PIE: World Init took: (0.001071s)
[2018.09.15-20.25.57:528][452]LogPlayLevel: PIE: Created PIE world by copying editor world from /Game/ThirdPersonBP/Maps/ThirdPersonExampleMap.ThirdPersonExampleMap to /Game/ThirdPersonBP/Maps/UEDPIE_0_ThirdPersonExampleMap.ThirdPersonExampleMap (0.066788s)
[2018.09.15-20.25.57:545][452]LogInit: XAudio2 using 'Speakers / Headphones (Realtek High Definition Audio)' : 2 channels at 48 kHz using 32 bits per sample (channel mask 0x3)
[2018.09.15-20.25.57:574][452]LogInit: FAudioDevice initialized.
[2018.09.15-20.25.57:676][452]LogLoad: Game class is 'ThirdPersonGameMode_C'
[2018.09.15-20.25.57:694][452]LogWorld: Bringing World /Game/ThirdPersonBP/Maps/UEDPIE_0_ThirdPersonExampleMap.ThirdPersonExampleMap up for play (max tick rate 0) at 2018.09.15-16.25.57
[2018.09.15-20.25.57:699][452]LogWorld: Bringing up level for play took: 0.009279
[2018.09.15-20.25.57:819][452]LogContentBrowser: Native class hierarchy updated for 'MovieSceneCapture' in 0.0009 seconds. Added 11 classes and 0 folders.
[2018.09.15-20.25.57:820][452]PIE: Play in editor start time for /Game/ThirdPersonBP/Maps/UEDPIE_0_ThirdPersonExampleMap 0.323
[2018.09.15-20.25.57:820][452]LogBlueprintUserMessages: Late PlayInEditor Detection: Level '/Game/ThirdPersonBP/Maps/ThirdPersonExampleMap.ThirdPersonExampleMap:PersistentLevel' has LevelScriptBlueprint '/Game/ThirdPersonBP/Maps/ThirdPersonExampleMap.ThirdPersonExampleMap:PersistentLevel.ThirdPersonExampleMap' with GeneratedClass '/Game/ThirdPersonBP/Maps/ThirdPersonExampleMap.ThirdPersonExampleMap_C' with ClassGeneratedBy '/Game/ThirdPersonBP/Maps/ThirdPersonExampleMap.ThirdPersonExampleMap:PersistentLevel.ThirdPersonExampleMap'
[2018.09.15-20.27.06:324][527]LogBlueprintUserMessages: Early EndPlayMap Detection: Level '/Game/ThirdPersonBP/Maps/ThirdPersonExampleMap.ThirdPersonExampleMap:PersistentLevel' has LevelScriptBlueprint '/Game/ThirdPersonBP/Maps/ThirdPersonExampleMap.ThirdPersonExampleMap:PersistentLevel.ThirdPersonExampleMap' with GeneratedClass '/Game/ThirdPersonBP/Maps/ThirdPersonExampleMap.ThirdPersonExampleMap_C' with ClassGeneratedBy '/Game/ThirdPersonBP/Maps/ThirdPersonExampleMap.ThirdPersonExampleMap:PersistentLevel.ThirdPersonExampleMap'
[2018.09.15-20.27.06:690][527]LogBlueprintUserMessages: Late EndPlayMap Detection: Level '/Game/ThirdPersonBP/Maps/ThirdPersonExampleMap.ThirdPersonExampleMap:PersistentLevel' has LevelScriptBlueprint '/Game/ThirdPersonBP/Maps/ThirdPersonExampleMap.ThirdPersonExampleMap:PersistentLevel.ThirdPersonExampleMap' with GeneratedClass '/Game/ThirdPersonBP/Maps/ThirdPersonExampleMap.ThirdPersonExampleMap_C' with ClassGeneratedBy '/Game/ThirdPersonBP/Maps/ThirdPersonExampleMap.ThirdPersonExampleMap:PersistentLevel.ThirdPersonExampleMap'
[2018.09.15-20.27.08:488][679]LogEditorViewport: Clicking on Actor (LMB): StaticMeshActor (Clock4_Glass3)
[2018.09.15-21.14.53:839][470]LogTemp: Repeating last play command: Selected Viewport
[2018.09.15-21.14.53:878][470]LogBlueprintUserMessages: Early PlayInEditor Detection: Level '/Game/ThirdPersonBP/Maps/ThirdPersonExampleMap.ThirdPersonExampleMap:PersistentLevel' has LevelScriptBlueprint '/Game/ThirdPersonBP/Maps/ThirdPersonExampleMap.ThirdPersonExampleMap:PersistentLevel.ThirdPersonExampleMap' with GeneratedClass '/Game/ThirdPersonBP/Maps/ThirdPersonExampleMap.ThirdPersonExampleMap_C' with ClassGeneratedBy '/Game/ThirdPersonBP/Maps/ThirdPersonExampleMap.ThirdPersonExampleMap:PersistentLevel.ThirdPersonExampleMap'
[2018.09.15-21.14.53:878][470]LogPlayLevel: PlayLevel: No blueprints needed recompiling
[2018.09.15-21.14.53:878][470]PIE: New page: PIE session: ThirdPersonExampleMap (Sep 15, 2018, 1:14:53 PM)
[2018.09.15-21.14.53:879][470]LogPlayLevel: Creating play world package: /Game/ThirdPersonBP/Maps/UEDPIE_0_ThirdPersonExampleMap
[2018.09.15-21.14.53:930][470]LogPlayLevel: PIE: StaticDuplicateObject took: (0.050214s)
[2018.09.15-21.14.53:931][470]LogAIModule: Creating AISystem for world ThirdPersonExampleMap
[2018.09.15-21.14.53:932][470]LogPlayLevel: PIE: World Init took: (0.001998s)
[2018.09.15-21.14.53:932][470]LogPlayLevel: PIE: Created PIE world by copying editor world from /Game/ThirdPersonBP/Maps/ThirdPersonExampleMap.ThirdPersonExampleMap to /Game/ThirdPersonBP/Maps/UEDPIE_0_ThirdPersonExampleMap.ThirdPersonExampleMap (0.052873s)
[2018.09.15-21.14.53:965][470]LogInit: XAudio2 using 'Speakers / Headphones (Realtek High Definition Audio)' : 2 channels at 48 kHz using 32 bits per sample (channel mask 0x3)
[2018.09.15-21.14.54:004][470]LogInit: FAudioDevice initialized.
[2018.09.15-21.14.54:046][470]LogLoad: Game class is 'ThirdPersonGameMode_C'
[2018.09.15-21.14.54:058][470]LogWorld: Bringing World /Game/ThirdPersonBP/Maps/UEDPIE_0_ThirdPersonExampleMap.ThirdPersonExampleMap up for play (max tick rate 60) at 2018.09.15-17.14.54
[2018.09.15-21.14.54:059][470]LogWorld: Bringing up level for play took: 0.011646
[2018.09.15-21.14.54:061][470]PIE: Play in editor start time for /Game/ThirdPersonBP/Maps/UEDPIE_0_ThirdPersonExampleMap 0.564
[2018.09.15-21.14.54:062][470]LogBlueprintUserMessages: Late PlayInEditor Detection: Level '/Game/ThirdPersonBP/Maps/ThirdPersonExampleMap.ThirdPersonExampleMap:PersistentLevel' has LevelScriptBlueprint '/Game/ThirdPersonBP/Maps/ThirdPersonExampleMap.ThirdPersonExampleMap:PersistentLevel.ThirdPersonExampleMap' with GeneratedClass '/Game/ThirdPersonBP/Maps/ThirdPersonExampleMap.ThirdPersonExampleMap_C' with ClassGeneratedBy '/Game/ThirdPersonBP/Maps/ThirdPersonExampleMap.ThirdPersonExampleMap:PersistentLevel.ThirdPersonExampleMap'
[2018.09.15-21.16.35:945][319]LogBlueprintUserMessages: Early EndPlayMap Detection: Level '/Game/ThirdPersonBP/Maps/ThirdPersonExampleMap.ThirdPersonExampleMap:PersistentLevel' has LevelScriptBlueprint '/Game/ThirdPersonBP/Maps/ThirdPersonExampleMap.ThirdPersonExampleMap:PersistentLevel.ThirdPersonExampleMap' with GeneratedClass '/Game/ThirdPersonBP/Maps/ThirdPersonExampleMap.ThirdPersonExampleMap_C' with ClassGeneratedBy '/Game/ThirdPersonBP/Maps/ThirdPersonExampleMap.ThirdPersonExampleMap:PersistentLevel.ThirdPersonExampleMap'
[2018.09.15-21.16.36:062][319]LogBlueprintUserMessages: Late EndPlayMap Detection: Level '/Game/ThirdPersonBP/Maps/ThirdPersonExampleMap.ThirdPersonExampleMap:PersistentLevel' has LevelScriptBlueprint '/Game/ThirdPersonBP/Maps/ThirdPersonExampleMap.ThirdPersonExampleMap:PersistentLevel.ThirdPersonExampleMap' with GeneratedClass '/Game/ThirdPersonBP/Maps/ThirdPersonExampleMap.ThirdPersonExampleMap_C' with ClassGeneratedBy '/Game/ThirdPersonBP/Maps/ThirdPersonExampleMap.ThirdPersonExampleMap:PersistentLevel.ThirdPersonExampleMap'
[2018.09.15-21.21.28:973][374]Cmd: QUIT_EDITOR
[2018.09.15-21.21.29:509][374]LogWindowsTextInputMethodSystem: Display: IME system now deactivated.
[2018.09.15-21.21.29:526][374]LogExit: Preparing to exit.
[2018.09.15-21.21.29:877][374]LogExit: Editor shut down
[2018.09.15-21.21.29:890][374]LogExit: Transaction tracking system shut down
[2018.09.15-21.21.30:116][374]LogDirectoryWatcher: A directory notification for '../../../Engine/Content/' was aborted.
[2018.09.15-21.21.30:117][374]LogDirectoryWatcher: A directory notification for 'C:/Users/Varun/Documents/Unreal Projects/PsychLighting/Content/' was aborted.
[2018.09.15-21.21.30:117][374]LogDirectoryWatcher: A directory notification for '../../../Engine/Plugins/2D/Paper2D/Content/' was aborted.
[2018.09.15-21.21.30:117][374]LogDirectoryWatcher: A directory notification for '../../../Engine/Plugins/Runtime/Oculus/OculusVR/Content/' was aborted.
[2018.09.15-21.21.30:117][374]LogDirectoryWatcher: A directory notification for '../../../Engine/Plugins/Runtime/Steam/SteamVR/Content/' was aborted.
[2018.09.15-21.21.30:175][374]LogExit: Object subsystem successfully closed.
[2018.09.15-21.21.30:207][374]LogD3D11RHI: Shutdown
[2018.09.15-21.21.30:208][374]LogD3D11RHI: CleanupD3DDevice
[2018.09.15-21.21.30:375][374]LogD3D11RHI: ~FD3D11DynamicRHI
[2018.09.15-21.21.30:385][374]LogModuleManager: Shutting down and abandoning module MovieSceneCapture (532)
[2018.09.15-21.21.30:385][374]LogModuleManager: Shutting down and abandoning module HierarchicalLODOutliner (530)
[2018.09.15-21.21.30:385][374]LogModuleManager: Shutting down and abandoning module SceneOutliner (528)
[2018.09.15-21.21.30:385][374]LogModuleManager: Shutting down and abandoning module AddContentDialog (526)
[2018.09.15-21.21.30:385][374]LogDirectoryWatcher: A directory notification for 'D:/EpicGames/Games/UE_4.17/FeaturePacks/' was aborted.
[2018.09.15-21.21.30:386][374]LogModuleManager: Shutting down and abandoning module WidgetCarousel (525)
[2018.09.15-21.21.30:387][374]LogModuleManager: Shutting down and abandoning module EditorWidgets (522)
[2018.09.15-21.21.30:387][374]LogModuleManager: Shutting down and abandoning module CollectionManager (520)
[2018.09.15-21.21.30:387][374]LogDirectoryWatcher: A directory notification for 'C:/Users/Varun/Documents/Unreal Projects/PsychLighting/Content/Collections/' was aborted.
[2018.09.15-21.21.30:387][374]LogDirectoryWatcher: A directory notification for 'C:/Users/Varun/Documents/Unreal Projects/PsychLighting/Content/Developers/Varun/Collections/' was aborted.
[2018.09.15-21.21.30:387][374]LogDirectoryWatcher: A directory notification for 'C:/Users/Varun/Documents/Unreal Projects/PsychLighting/Saved/Collections/' was aborted.
[2018.09.15-21.21.30:387][374]LogModuleManager: Shutting down and abandoning module StatsViewer (518)
[2018.09.15-21.21.30:387][374]LogModuleManager: Shutting down and abandoning module FoliageEdit (516)
[2018.09.15-21.21.30:387][374]LogModuleManager: Shutting down and abandoning module LandscapeEditor (514)
[2018.09.15-21.21.30:388][374]LogModuleManager: Shutting down and abandoning module MeshPaintMode (512)
[2018.09.15-21.21.30:388][374]LogModuleManager: Shutting down and abandoning module SceneDepthPickerMode (510)
[2018.09.15-21.21.30:388][374]LogModuleManager: Shutting down and abandoning module ActorPickerMode (508)
[2018.09.15-21.21.30:388][374]LogModuleManager: Shutting down and abandoning module GeometryMode (506)
[2018.09.15-21.21.30:388][374]LogModuleManager: Shutting down and abandoning module TextureAlignMode (504)
[2018.09.15-21.21.30:388][374]LogModuleManager: Shutting down and abandoning module BspMode (502)
[2018.09.15-21.21.30:388][374]LogModuleManager: Shutting down and abandoning module PIEPreviewDeviceProfileSelector (500)
[2018.09.15-21.21.30:388][374]LogModuleManager: Shutting down and abandoning module HardwareSurvey (498)
[2018.09.15-21.21.30:388][374]LogModuleManager: Shutting down and abandoning module SequenceRecorderSections (496)
[2018.09.15-21.21.30:388][374]LogModuleManager: Shutting down and abandoning module AutomationWorker (494)
[2018.09.15-21.21.30:388][374]LogModuleManager: Shutting down and abandoning module MatineeToLevelSequence (492)
[2018.09.15-21.21.30:388][374]LogModuleManager: Shutting down and abandoning module LevelSequenceEditor (490)
[2018.09.15-21.21.30:388][374]LogModuleManager: Shutting down and abandoning module PlacementMode (489)
[2018.09.15-21.21.30:388][374]LogModuleManager: Shutting down and abandoning module WmfMediaFactory (486)
[2018.09.15-21.21.30:388][374]LogModuleManager: Shutting down and abandoning module WmfMediaEditor (484)
[2018.09.15-21.21.30:388][374]LogModuleManager: Shutting down and abandoning module AvfMediaFactory (482)
[2018.09.15-21.21.30:388][374]LogModuleManager: Shutting down and abandoning module AvfMediaEditor (480)
[2018.09.15-21.21.30:389][374]LogModuleManager: Shutting down and abandoning module AndroidMediaFactory (478)
[2018.09.15-21.21.30:389][374]LogModuleManager: Shutting down and abandoning module Media (477)
[2018.09.15-21.21.30:389][374]LogModuleManager: Shutting down and abandoning module AndroidMediaEditor (474)
[2018.09.15-21.21.30:389][374]LogModuleManager: Shutting down and abandoning module CharacterAI (472)
[2018.09.15-21.21.30:389][374]LogModuleManager: Shutting down and abandoning module AudioCapture (470)
[2018.09.15-21.21.30:389][374]LogModuleManager: Shutting down and abandoning module SequenceRecorder (469)
[2018.09.15-21.21.30:389][374]LogModuleManager: Shutting down and abandoning module SmartSnapping (466)
[2018.09.15-21.21.30:389][374]LogModuleManager: Shutting down and abandoning module SessionServices (464)
[2018.09.15-21.21.30:389][374]LogModuleManager: Shutting down and abandoning module ViewportSnapping (462)
[2018.09.15-21.21.30:389][374]LogModuleManager: Shutting down and abandoning module ViewportInteraction (460)
[2018.09.15-21.21.30:389][374]LogModuleManager: Shutting down and abandoning module ClothPainter (458)
[2018.09.15-21.21.30:389][374]LogModuleManager: Shutting down and abandoning module LogVisualizer (456)
[2018.09.15-21.21.30:389][374]LogModuleManager: Shutting down and abandoning module IntroTutorials (454)
[2018.09.15-21.21.30:389][374]LogModuleManager: Shutting down and abandoning module GameProjectGeneration (453)
[2018.09.15-21.21.30:389][374]LogModuleManager: Shutting down and abandoning module IOSPlatformEditor (450)
[2018.09.15-21.21.30:389][374]LogModuleManager: Shutting down and abandoning module HTML5PlatformEditor (448)
[2018.09.15-21.21.30:389][374]LogModuleManager: Shutting down and abandoning module AndroidPlatformEditor (446)
[2018.09.15-21.21.30:389][374]LogModuleManager: Shutting down and abandoning module AndroidDeviceDetection (445)
[2018.09.15-21.21.30:600][374]LogModuleManager: Shutting down and abandoning module WindowsPlatformEditor (442)
[2018.09.15-21.21.30:600][374]LogModuleManager: Shutting down and abandoning module IOSRuntimeSettings (440)
[2018.09.15-21.21.30:600][374]LogModuleManager: Shutting down and abandoning module AndroidRuntimeSettings (438)
[2018.09.15-21.21.30:600][374]LogModuleManager: Shutting down and abandoning module InputBindingEditor (436)
[2018.09.15-21.21.30:600][374]LogModuleManager: Shutting down and abandoning module MergeActors (434)
[2018.09.15-21.21.30:600][374]LogModuleManager: Shutting down and abandoning module SizeMap (432)
[2018.09.15-21.21.30:600][374]LogModuleManager: Shutting down and abandoning module TreeMap (430)
[2018.09.15-21.21.30:601][374]LogModuleManager: Shutting down and abandoning module ReferenceViewer (428)
[2018.09.15-21.21.30:601][374]LogModuleManager: Shutting down and abandoning module LocalizationDashboard (426)
[2018.09.15-21.21.30:601][374]LogModuleManager: Shutting down and abandoning module LocalizationService (425)
[2018.09.15-21.21.30:601][374]LogModuleManager: Shutting down and abandoning module HardwareTargeting (422)
[2018.09.15-21.21.30:601][374]LogModuleManager: Shutting down and abandoning module DeviceProfileEditor (420)
[2018.09.15-21.21.30:601][374]LogModuleManager: Shutting down and abandoning module UndoHistory (418)
[2018.09.15-21.21.30:601][374]LogModuleManager: Shutting down and abandoning module XmlParser (416)
[2018.09.15-21.21.30:601][374]LogModuleManager: Shutting down and abandoning module Blutility (414)
[2018.09.15-21.21.30:601][374]LogModuleManager: Shutting down and abandoning module ProjectSettingsViewer (412)
[2018.09.15-21.21.30:601][374]LogModuleManager: Shutting down and abandoning module ProjectTargetPlatformEditor (411)
[2018.09.15-21.21.30:601][374]LogModuleManager: Shutting down and abandoning module EditorSettingsViewer (408)
[2018.09.15-21.21.30:601][374]LogModuleManager: Shutting down and abandoning module SettingsEditor (406)
[2018.09.15-21.21.30:601][374]LogModuleManager: Shutting down and abandoning module ProjectLauncher (404)
[2018.09.15-21.21.30:601][374]LogModuleManager: Shutting down and abandoning module SessionFrontend (402)
[2018.09.15-21.21.30:601][374]LogModuleManager: Shutting down and abandoning module ProfilerClient (400)
[2018.09.15-21.21.30:601][374]LogModuleManager: Shutting down and abandoning module DeviceManager (398)
[2018.09.15-21.21.30:601][374]LogModuleManager: Shutting down and abandoning module TargetDeviceServices (397)
[2018.09.15-21.21.30:656][374]LogModuleManager: Shutting down and abandoning module AutomationController (394)
[2018.09.15-21.21.30:656][374]LogModuleManager: Shutting down and abandoning module AutomationWindow (392)
[2018.09.15-21.21.30:656][374]LogModuleManager: Shutting down and abandoning module Layers (390)
[2018.09.15-21.21.30:656][374]LogModuleManager: Shutting down and abandoning module ComponentVisualizers (388)
[2018.09.15-21.21.30:656][374]LogModuleManager: Shutting down and abandoning module DetailCustomizations (386)
[2018.09.15-21.21.30:656][374]LogModuleManager: Shutting down and abandoning module PackagesDialog (384)
[2018.09.15-21.21.30:657][374]LogModuleManager: Shutting down and abandoning module Persona (382)
[2018.09.15-21.21.30:657][374]LogModuleManager: Shutting down and abandoning module AdvancedPreviewScene (381)
[2018.09.15-21.21.30:657][374]LogModuleManager: Shutting down and abandoning module AnimGraph (379)
[2018.09.15-21.21.30:657][374]LogModuleManager: Shutting down and abandoning module Kismet (376)
[2018.09.15-21.21.30:658][374]LogModuleManager: Shutting down and abandoning module ClassViewer (374)
[2018.09.15-21.21.30:658][374]LogModuleManager: Shutting down and abandoning module Toolbox (372)
[2018.09.15-21.21.30:658][374]LogModuleManager: Shutting down and abandoning module ModuleUI (370)
[2018.09.15-21.21.30:658][374]LogModuleManager: Shutting down and abandoning module MovieSceneTools (368)
[2018.09.15-21.21.30:658][374]LogModuleManager: Shutting down and abandoning module OutputLog (366)
[2018.09.15-21.21.30:658][374]LogModuleManager: Shutting down and abandoning module GammaUI (364)
[2018.09.15-21.21.30:658][374]LogModuleManager: Shutting down and abandoning module Documentation (362)
[2018.09.15-21.21.30:658][374]LogModuleManager: Shutting down and abandoning module MovieSceneTracks (360)
[2018.09.15-21.21.30:658][374]LogModuleManager: Shutting down and abandoning module MovieScene (358)
[2018.09.15-21.21.30:658][374]LogModuleManager: Shutting down and abandoning module Niagara (356)
[2018.09.15-21.21.30:658][374]LogModuleManager: Shutting down and abandoning module NiagaraEditor (355)
[2018.09.15-21.21.30:659][374]LogModuleManager: Shutting down and abandoning module StreamingPauseRendering (352)
[2018.09.15-21.21.30:659][374]LogModuleManager: Shutting down and abandoning module LauncherPlatform (350)
[2018.09.15-21.21.30:659][374]LogModuleManager: Shutting down and abandoning module AnalyticsET (348)
[2018.09.15-21.21.30:659][374]LogModuleManager: Shutting down and abandoning module PortalServices (346)
[2018.09.15-21.21.30:659][374]LogModuleManager: Shutting down and abandoning module PortalRpc (344)
[2018.09.15-21.21.30:659][374]LogModuleManager: Shutting down and abandoning module MessagingRpc (342)
[2018.09.15-21.21.30:659][374]LogModuleManager: Shutting down and abandoning module AIModule (340)
[2018.09.15-21.21.30:659][374]LogModuleManager: Shutting down and abandoning module GameplayDebugger (339)
[2018.09.15-21.21.30:659][374]LogModuleManager: Shutting down and abandoning module AITestSuite (337)
[2018.09.15-21.21.30:659][374]LogModuleManager: Shutting down and abandoning module ProfilerService (334)
[2018.09.15-21.21.30:754][374]LogModuleManager: Shutting down and abandoning module TaskGraph (332)
[2018.09.15-21.21.30:754][374]LogModuleManager: Shutting down and abandoning module SteamVRController (330)
[2018.09.15-21.21.30:754][374]LogModuleManager: Shutting down and abandoning module ProceduralMeshComponentEditor (328)
[2018.09.15-21.21.30:754][374]LogModuleManager: Shutting down and abandoning module ProceduralMeshComponent (326)
[2018.09.15-21.21.30:754][374]LogModuleManager: Shutting down and abandoning module OculusInput (324)
[2018.09.15-21.21.30:754][374]LogModuleManager: Shutting down and abandoning module MobilePatchingUtils (322)
[2018.09.15-21.21.30:754][374]LogModuleManager: Shutting down and abandoning module CustomMeshComponent (320)
[2018.09.15-21.21.30:754][374]LogModuleManager: Shutting down and abandoning module CableComponent (318)
[2018.09.15-21.21.30:754][374]LogModuleManager: Shutting down and abandoning module ArchVisCharacter (316)
[2018.09.15-21.21.30:754][374]LogModuleManager: Shutting down and abandoning module AndroidPermission (314)
[2018.09.15-21.21.30:754][374]LogModuleManager: Shutting down and abandoning module MediaPlayerEditor (310)
[2018.09.15-21.21.30:754][374]LogModuleManager: Shutting down and abandoning module HTML5Networking (308)
[2018.09.15-21.21.30:754][374]LogModuleManager: Shutting down and abandoning module AlembicImporter (306)
[2018.09.15-21.21.30:754][374]LogModuleManager: Shutting down and abandoning module AlembicLibrary (305)
[2018.09.15-21.21.30:754][374]LogModuleManager: Shutting down and abandoning module GeometryCache (304)
[2018.09.15-21.21.30:754][374]LogModuleManager: Shutting down and abandoning module GeometryCacheEd (303)
[2018.09.15-21.21.30:754][374]LogModuleManager: Shutting down and abandoning module SpeedTreeImporter (298)
[2018.09.15-21.21.30:754][374]LogModuleManager: Shutting down and abandoning module PluginBrowser (296)
[2018.09.15-21.21.30:754][374]LogModuleManager: Shutting down and abandoning module MobileLauncherProfileWizard (294)
[2018.09.15-21.21.30:754][374]LogModuleManager: Shutting down and abandoning module VisualStudioSourceCodeAccess (292)
[2018.09.15-21.21.30:754][374]LogModuleManager: Shutting down and abandoning module DesktopPlatform (291)
[2018.09.15-21.21.30:754][374]LogModuleManager: Shutting down and abandoning module UObjectPlugin (288)
[2018.09.15-21.21.30:754][374]LogModuleManager: Shutting down and abandoning module SubversionSourceControl (286)
[2018.09.15-21.21.30:754][374]LogModuleManager: Shutting down and abandoning module PerforceSourceControl (284)
[2018.09.15-21.21.30:754][374]LogModuleManager: Shutting down and abandoning module GitSourceControl (282)
[2018.09.15-21.21.30:754][374]LogModuleManager: Shutting down and abandoning module SourceControl (281)
[2018.09.15-21.21.30:754][374]LogModuleManager: Shutting down and abandoning module LightPropagationVolumeEditor (278)
[2018.09.15-21.21.30:754][374]LogModuleManager: Shutting down and abandoning module PaperTiledImporter (276)
[2018.09.15-21.21.30:754][374]LogModuleManager: Shutting down and abandoning module PaperSpriteSheetImporter (274)
[2018.09.15-21.21.30:754][374]LogModuleManager: Shutting down and abandoning module Paper2DEditor (272)
[2018.09.15-21.21.30:755][374]LogModuleManager: Shutting down and abandoning module MeshPaint (271)
[2018.09.15-21.21.30:755][374]LogModuleManager: Shutting down and abandoning module LevelEditor (269)
[2018.09.15-21.21.30:755][374]LogModuleManager: Shutting down and abandoning module PixelInspectorModule (268)
[2018.09.15-21.21.30:755][374]LogModuleManager: Shutting down and abandoning module MainFrame (266)
[2018.09.15-21.21.30:755][374]LogModuleManager: Shutting down and abandoning module HotReload (265)
[2018.09.15-21.21.30:756][374]LogModuleManager: Shutting down and abandoning module RuntimePhysXCooking (260)
[2018.09.15-21.21.30:756][374]LogModuleManager: Shutting down and abandoning module PhysXVehiclesEditor (258)
[2018.09.15-21.21.30:756][374]LogModuleManager: Shutting down and abandoning module PhysXVehicles (256)
[2018.09.15-21.21.30:756][374]LogModuleManager: Shutting down and abandoning module OculusEditor (254)
[2018.09.15-21.21.30:756][374]LogModuleManager: Shutting down and abandoning module LocationServicesBPLibrary (252)
[2018.09.15-21.21.30:756][374]LogModuleManager: Shutting down and abandoning module ImmediatePhysicsEditor (250)
[2018.09.15-21.21.30:756][374]LogModuleManager: Shutting down and abandoning module ImmediatePhysics (248)
[2018.09.15-21.21.30:756][374]LogModuleManager: Shutting down and abandoning module UdpMessaging (246)
[2018.09.15-21.21.30:857][374]LogModuleManager: Shutting down and abandoning module TcpMessaging (244)
[2018.09.15-21.21.30:958][374]LogModuleManager: Shutting down and abandoning module GameplayTagsEditor (242)
[2018.09.15-21.21.30:958][374]LogModuleManager: Shutting down and abandoning module FacialAnimationEditor (240)
[2018.09.15-21.21.30:958][374]LogModuleManager: Shutting down and abandoning module FacialAnimation (238)
[2018.09.15-21.21.30:958][374]LogModuleManager: Shutting down and abandoning module AssetManagerEditor (236)
[2018.09.15-21.21.30:958][374]LogModuleManager: Shutting down and abandoning module GraphEditor (235)
[2018.09.15-21.21.30:958][374]LogModuleManager: Shutting down and abandoning module ContentBrowser (233)
[2018.09.15-21.21.30:959][374]LogModuleManager: Shutting down and abandoning module LightPropagationVolumeRuntime (230)
[2018.09.15-21.21.30:959][374]LogModuleManager: Shutting down and abandoning module Paper2D (228)
[2018.09.15-21.21.30:959][374]LogModuleManager: Shutting down and abandoning module WindowsMoviePlayer (226)
[2018.09.15-21.21.30:959][374]LogModuleManager: Shutting down and abandoning module WmfMedia (224)
[2018.09.15-21.21.30:961][374]LogModuleManager: Shutting down and abandoning module PacketHandler (222)
[2018.09.15-21.21.30:961][374]LogModuleManager: Shutting down and abandoning module ClothingSystemEditor (220)
[2018.09.15-21.21.30:961][374]LogModuleManager: Shutting down and abandoning module ClothingSystemRuntime (218)
[2018.09.15-21.21.30:961][374]LogModuleManager: Shutting down and abandoning module Overlay (216)
[2018.09.15-21.21.30:961][374]LogModuleManager: Shutting down and abandoning module OverlayEditor (215)
[2018.09.15-21.21.30:961][374]LogModuleManager: Shutting down and abandoning module MediaAssets (212)
[2018.09.15-21.21.30:961][374]LogModuleManager: Shutting down and abandoning module VREditor (210)
[2018.09.15-21.21.30:961][374]LogModuleManager: Shutting down and abandoning module StringTableEditor (208)
[2018.09.15-21.21.30:961][374]LogModuleManager: Shutting down and abandoning module GameplayTasksEditor (206)
[2018.09.15-21.21.30:961][374]LogModuleManager: Shutting down and abandoning module BehaviorTreeEditor (204)
[2018.09.15-21.21.30:961][374]LogModuleManager: Shutting down and abandoning module FunctionalTesting (202)
[2018.09.15-21.21.30:961][374]LogModuleManager: Shutting down and abandoning module CollisionAnalyzer (200)
[2018.09.15-21.21.30:961][374]LogModuleManager: Shutting down and abandoning module WorkspaceMenuStructure (199)
[2018.09.15-21.21.30:961][374]LogModuleManager: Shutting down and abandoning module UMG (196)
[2018.09.15-21.21.30:961][374]LogModuleManager: Shutting down and abandoning module UMGEditor (195)
[2018.09.15-21.21.30:961][374]LogModuleManager: Shutting down and abandoning module Sequencer (194)
[2018.09.15-21.21.30:961][374]LogModuleManager: Shutting down and abandoning module MessageLog (191)
[2018.09.15-21.21.30:961][374]LogModuleManager: Shutting down and abandoning module SlateReflector (186)
[2018.09.15-21.21.30:961][374]LogModuleManager: Shutting down and abandoning module Slate (184)
[2018.09.15-21.21.30:961][374]LogModuleManager: Shutting down and abandoning module EditorStyle (182)
[2018.09.15-21.21.30:963][374]LogModuleManager: Shutting down and abandoning module MRMesh (180)
[2018.09.15-21.21.30:963][374]LogModuleManager: Shutting down and abandoning module SourceCodeAccess (178)
[2018.09.15-21.21.30:963][374]LogModuleManager: Shutting down and abandoning module HeadMountedDisplay (176)
[2018.09.15-21.21.30:963][374]LogModuleManager: Shutting down and abandoning module XAudio2 (174)
[2018.09.15-21.21.30:963][374]LogModuleManager: Shutting down and abandoning module Networking (172)
[2018.09.15-21.21.30:963][374]LogModuleManager: Shutting down and abandoning module Core (168)
[2018.09.15-21.21.30:963][374]LogModuleManager: Shutting down and abandoning module KismetCompiler (164)
[2018.09.15-21.21.30:963][374]LogModuleManager: Shutting down and abandoning module LevelSequence (162)
[2018.09.15-21.21.30:963][374]LogModuleManager: Shutting down and abandoning module MeshUtilities (160)
[2018.09.15-21.21.30:963][374]LogModuleManager: Shutting down and abandoning module MeshMergeUtilities (159)
[2018.09.15-21.21.30:963][374]LogModuleManager: Shutting down and abandoning module MeshReductionInterface (158)
[2018.09.15-21.21.30:963][374]LogModuleManager: Shutting down and abandoning module SimplygonSwarm (157)
[2018.09.15-21.21.30:963][374]LogModuleManager: Shutting down and abandoning module SimplygonMeshReduction (155)
[2018.09.15-21.21.30:963][374]LogModuleManager: Shutting down and abandoning module QuadricMeshReduction (153)
[2018.09.15-21.21.30:963][374]LogModuleManager: Shutting down and abandoning module MaterialBaking (149)
[2018.09.15-21.21.30:963][374]LogModuleManager: Shutting down and abandoning module DirectoryWatcher (146)
[2018.09.15-21.21.30:964][374]LogModuleManager: Shutting down and abandoning module DerivedDataCache (144)
[2018.09.15-21.21.31:046][374]LogDerivedDataCache: Shutdown
[2018.09.15-21.21.31:046][374]LogModuleManager: Shutting down and abandoning module TargetPlatform (142)
[2018.09.15-21.21.31:046][374]LogModuleManager: Shutting down and abandoning module VulkanShaderFormat (141)
[2018.09.15-21.21.31:046][374]LogModuleManager: Shutting down and abandoning module ShaderFormatVectorVM (139)
[2018.09.15-21.21.31:046][374]LogModuleManager: Shutting down and abandoning module ShaderFormatOpenGL (137)
[2018.09.15-21.21.31:047][374]LogModuleManager: Shutting down and abandoning module ShaderFormatD3D (135)
[2018.09.15-21.21.31:047][374]LogModuleManager: Shutting down and abandoning module MetalShaderFormat (133)
[2018.09.15-21.21.31:047][374]LogModuleManager: Shutting down and abandoning module TextureFormatUncompressed (131)
[2018.09.15-21.21.31:047][374]LogModuleManager: Shutting down and abandoning module TextureFormatPVR (129)
[2018.09.15-21.21.31:047][374]LogModuleManager: Shutting down and abandoning module TextureFormatDXT (127)
[2018.09.15-21.21.31:047][374]LogModuleManager: Shutting down and abandoning module TextureFormatIntelISPCTexComp (125)
[2018.09.15-21.21.31:047][374]LogModuleManager: Shutting down and abandoning module TextureFormatASTC (123)
[2018.09.15-21.21.31:047][374]LogModuleManager: Shutting down and abandoning module ImageWrapper (122)
[2018.09.15-21.21.31:047][374]LogModuleManager: Shutting down and abandoning module TextureFormatAndroid (119)
[2018.09.15-21.21.31:047][374]LogModuleManager: Shutting down and abandoning module AudioFormatOpus (117)
[2018.09.15-21.21.31:047][374]LogModuleManager: Shutting down and abandoning module AudioFormatOgg (115)
[2018.09.15-21.21.31:047][374]LogModuleManager: Shutting down and abandoning module AudioFormatADPCM (113)
[2018.09.15-21.21.31:047][374]LogModuleManager: Shutting down and abandoning module LinuxTargetPlatform (111)
[2018.09.15-21.21.31:047][374]LogModuleManager: Shutting down and abandoning module LinuxServerTargetPlatform (109)
[2018.09.15-21.21.31:047][374]LogModuleManager: Shutting down and abandoning module LinuxNoEditorTargetPlatform (107)
[2018.09.15-21.21.31:047][374]LogModuleManager: Shutting down and abandoning module LinuxClientTargetPlatform (105)
[2018.09.15-21.21.31:047][374]LogModuleManager: Shutting down and abandoning module TVOSTargetPlatform (103)
[2018.09.15-21.21.31:047][374]LogModuleManager: Shutting down and abandoning module Messaging (101)
[2018.09.15-21.21.31:047][374]LogModuleManager: Shutting down and abandoning module IOSTargetPlatform (99)
[2018.09.15-21.21.31:047][374]LogModuleManager: Shutting down and abandoning module HTML5TargetPlatform (97)
[2018.09.15-21.21.31:047][374]LogModuleManager: Shutting down and abandoning module Android_PVRTCTargetPlatform (95)
[2018.09.15-21.21.31:047][374]LogModuleManager: Shutting down and abandoning module Android_MultiTargetPlatform (93)
[2018.09.15-21.21.31:047][374]LogModuleManager: Shutting down and abandoning module Android_ETC2TargetPlatform (91)
[2018.09.15-21.21.31:047][374]LogModuleManager: Shutting down and abandoning module Android_ETC1TargetPlatform (89)
[2018.09.15-21.21.31:047][374]LogModuleManager: Shutting down and abandoning module Android_DXTTargetPlatform (87)
[2018.09.15-21.21.31:047][374]LogModuleManager: Shutting down and abandoning module Android_ATCTargetPlatform (85)
[2018.09.15-21.21.31:047][374]LogModuleManager: Shutting down and abandoning module Android_ASTCTargetPlatform (83)
[2018.09.15-21.21.31:047][374]LogModuleManager: Shutting down and abandoning module AndroidTargetPlatform (81)
[2018.09.15-21.21.31:047][374]LogModuleManager: Shutting down and abandoning module WindowsTargetPlatform (79)
[2018.09.15-21.21.31:047][374]LogModuleManager: Shutting down and abandoning module WindowsServerTargetPlatform (77)
[2018.09.15-21.21.31:047][374]LogModuleManager: Shutting down and abandoning module WindowsNoEditorTargetPlatform (75)
[2018.09.15-21.21.31:047][374]LogModuleManager: Shutting down and abandoning module WindowsClientTargetPlatform (73)
[2018.09.15-21.21.31:047][374]LogModuleManager: Shutting down and abandoning module MacTargetPlatform (71)
[2018.09.15-21.21.31:047][374]LogModuleManager: Shutting down and abandoning module MacServerTargetPlatform (69)
[2018.09.15-21.21.31:047][374]LogModuleManager: Shutting down and abandoning module MacNoEditorTargetPlatform (67)
[2018.09.15-21.21.31:047][374]LogModuleManager: Shutting down and abandoning module MacClientTargetPlatform (65)
[2018.09.15-21.21.31:047][374]LogModuleManager: Shutting down and abandoning module AllDesktopTargetPlatform (63)
[2018.09.15-21.21.31:047][374]LogModuleManager: Shutting down and abandoning module InputCore (60)
[2018.09.15-21.21.31:047][374]LogModuleManager: Shutting down and abandoning module Settings (58)
[2018.09.15-21.21.31:048][374]LogModuleManager: Shutting down and abandoning module PhysXCooking (56)
[2018.09.15-21.21.31:048][374]LogModuleManager: Shutting down and abandoning module SteamVR (54)
[2018.09.15-21.21.31:048][374]LogModuleManager: Shutting down and abandoning module OculusHMD (52)
[2018.09.15-21.21.31:048][374]LogModuleManager: Shutting down and abandoning module ExampleDeviceProfileSelector (50)
[2018.09.15-21.21.31:048][374]LogModuleManager: Shutting down and abandoning module OnlineBlueprintSupport (48)
[2018.09.15-21.21.31:048][374]LogModuleManager: Shutting down and abandoning module OnlineSubsystem (44)
[2018.09.15-21.21.31:048][374]LogOnline: Display: Unloading online subsystem: NULL
[2018.09.15-21.21.31:048][374]LogModuleManager: Shutting down and abandoning module XMPP (43)
[2018.09.15-21.21.31:048][374]LogModuleManager: Shutting down and abandoning module HTTP (41)
[2018.09.15-21.21.31:048][374]LogHttp: Display: Http module shutting down, but needs to wait on 1 outstanding Http requests:
[2018.09.15-21.21.31:048][374]LogHttp: Display: 	verb=[POST] url=[https://datarouter.ol.epicgames.com/datarouter/api/v1/public/data?SessionID=%7BE22E240A-431D-6370-E1AE-FAA6ED767220%7D&AppID=UEEditor.Rocket.Release&AppVersion=4.17.2-3658906%2B%2B%2BUE4%2BRelease-4.17&UserID=492e65dd48673339ba3345820836acac%7C198f0c7eba5d40c39cde66691aa87a3b%7C708ffe7b-f8ea-4e7d-825c-9c27d99d23de&AppEnvironment=datacollector-binary&UploadType=eteventstream] status=Processing
[2018.09.15-21.21.31:060][374]LogModuleManager: Shutting down and abandoning module SSL (40)
[2018.09.15-21.21.31:064][374]LogModuleManager: Shutting down and abandoning module AnimationModifiers (36)
[2018.09.15-21.21.31:064][374]LogModuleManager: Shutting down and abandoning module PropertyEditor (35)
[2018.09.15-21.21.31:064][374]LogModuleManager: Shutting down and abandoning module AudioEditor (32)
[2018.09.15-21.21.31:064][374]LogModuleManager: Shutting down and abandoning module TextureCompressor (30)
[2018.09.15-21.21.31:064][374]LogModuleManager: Shutting down and abandoning module ShaderCore (28)
[2018.09.15-21.21.31:064][374]LogModuleManager: Shutting down and abandoning module Landscape (26)
[2018.09.15-21.21.31:064][374]LogModuleManager: Shutting down and abandoning module SlateRHIRenderer (24)
[2018.09.15-21.21.31:065][374]LogModuleManager: Shutting down and abandoning module OpenGLDrv (22)
[2018.09.15-21.21.31:065][374]LogModuleManager: Shutting down and abandoning module D3D11RHI (20)
[2018.09.15-21.21.31:065][374]LogModuleManager: Shutting down and abandoning module AnimGraphRuntime (18)
[2018.09.15-21.21.31:065][374]LogModuleManager: Shutting down and abandoning module Renderer (16)
[2018.09.15-21.21.31:065][374]LogModuleManager: Shutting down and abandoning module Engine (14)
[2018.09.15-21.21.31:065][374]LogModuleManager: Shutting down and abandoning module CoreUObject (12)
[2018.09.15-21.21.31:065][374]LogModuleManager: Shutting down and abandoning module NetworkFile (10)
[2018.09.15-21.21.31:065][374]LogModuleManager: Shutting down and abandoning module CookedIterativeFile (8)
[2018.09.15-21.21.31:065][374]LogModuleManager: Shutting down and abandoning module StreamingFile (6)
[2018.09.15-21.21.31:065][374]LogModuleManager: Shutting down and abandoning module SandboxFile (4)
[2018.09.15-21.21.31:065][374]LogModuleManager: Shutting down and abandoning module PakFile (2)
[2018.09.15-21.21.31:070][374]LogExit: Exiting.
[2018.09.15-21.21.31:082][374]Log file closed, 09/15/18 17:21:31
