Log file open, 04/27/19 17:56:04
LogWindows: Failed to load 'aqProf.dll' (GetLastError=126)
LogWindows: File 'aqProf.dll' does not exist
LogWindows: Failed to load 'VSPerf140.dll' (GetLastError=126)
LogWindows: File 'VSPerf140.dll' does not exist
LogWindows: Failed to load 'VtuneApi.dll' (GetLastError=126)
LogWindows: File 'VtuneApi.dll' does not exist
LogWindows: Failed to load 'VtuneApi32e.dll' (GetLastError=126)
LogWindows: File 'VtuneApi32e.dll' does not exist
LogInit: Display: Running engine for game: LungLevel
LogPlatformFile: Not using cached read wrapper
LogTaskGraph: Started task graph with 5 named threads and 23 total threads with 3 sets of task threads.
LogStats: Stats thread started at 0.293310
LogD3D11RHI: Loaded GFSDK_Aftermath_Lib.x64.dll
LogICUInternationalization: Display: ICU TimeZone Detection - Raw Offset: -5:00, Platform Override: ''
LogPluginManager: Mounting plugin Paper2D
LogPluginManager: Mounting plugin AISupport
LogPluginManager: Mounting plugin LightPropagationVolume
LogPluginManager: Mounting plugin CLionSourceCodeAccess
LogPluginManager: Mounting plugin CodeLiteSourceCodeAccess
LogPluginManager: Mounting plugin GitSourceControl
LogPluginManager: Mounting plugin KDevelopSourceCodeAccess
LogPluginManager: Mounting plugin NullSourceCodeAccess
LogPluginManager: Mounting plugin PerforceSourceControl
LogPluginManager: Mounting plugin SubversionSourceControl
LogPluginManager: Mounting plugin UObjectPlugin
LogPluginManager: Mounting plugin VisualStudioCodeSourceCodeAccess
LogPluginManager: Mounting plugin VisualStudioSourceCodeAccess
LogPluginManager: Mounting plugin XCodeSourceCodeAccess
LogPluginManager: Mounting plugin AssetManagerEditor
LogPluginManager: Mounting plugin CryptoKeys
LogPluginManager: Mounting plugin DataValidation
LogPluginManager: Mounting plugin FacialAnimation
LogPluginManager: Mounting plugin GameplayTagsEditor
LogPluginManager: Mounting plugin MacGraphicsSwitching
LogPluginManager: Mounting plugin MeshEditor
LogPluginManager: Mounting plugin MobileLauncherProfileWizard
LogPluginManager: Mounting plugin PluginBrowser
LogPluginManager: Mounting plugin SpeedTreeImporter
LogPluginManager: Mounting plugin DatasmithContent
LogPluginManager: Mounting plugin AlembicImporter
LogPluginManager: Mounting plugin AppleImageUtils
LogPluginManager: Mounting plugin AppleVision
LogPluginManager: Mounting plugin BackChannel
LogPluginManager: Mounting plugin CharacterAI
LogPluginManager: Mounting plugin GeometryCache
LogPluginManager: Mounting plugin HTML5Networking
LogPluginManager: Mounting plugin ProxyLODPlugin
LogPluginManager: Mounting plugin MagicLeap
LogPluginManager: Mounting plugin MagicLeapEmulator
LogPluginManager: Mounting plugin MagicLeapMedia
LogPluginManager: Mounting plugin AndroidMedia
LogPluginManager: Mounting plugin AvfMedia
LogPluginManager: Mounting plugin ImgMedia
LogPluginManager: Mounting plugin LinearTimecode
LogPluginManager: Mounting plugin MediaCompositing
LogPluginManager: Mounting plugin MediaPlayerEditor
LogPluginManager: Mounting plugin WmfMedia
LogPluginManager: Mounting plugin TcpMessaging
LogPluginManager: Mounting plugin UdpMessaging
LogPluginManager: Mounting plugin ActorSequence
LogPluginManager: Mounting plugin LevelSequenceEditor
LogPluginManager: Mounting plugin MatineeToLevelSequence
LogPluginManager: Mounting plugin NetcodeUnitTest
LogPluginManager: Mounting plugin NUTUnrealEngine4
LogPluginManager: Mounting plugin OnlineSubsystemGooglePlay
LogPluginManager: Mounting plugin OnlineSubsystemIOS
LogPluginManager: Mounting plugin OnlineSubsystem
LogPluginManager: Mounting plugin OnlineSubsystemNull
LogPluginManager: Mounting plugin OnlineSubsystemUtils
LogPluginManager: Mounting plugin LauncherChunkInstaller
LogPluginManager: Mounting plugin AndroidDeviceProfileSelector
LogPluginManager: Mounting plugin AndroidMoviePlayer
LogPluginManager: Mounting plugin AndroidPermission
LogPluginManager: Mounting plugin ApexDestruction
LogPluginManager: Mounting plugin AppleMoviePlayer
LogPluginManager: Mounting plugin ArchVisCharacter
LogPluginManager: Mounting plugin AudioCapture
LogPluginManager: Mounting plugin CableComponent
LogPluginManager: Mounting plugin CustomMeshComponent
LogPluginManager: Mounting plugin EditableMesh
LogPluginManager: Mounting plugin ExampleDeviceProfileSelector
LogPluginManager: Mounting plugin GoogleCloudMessaging
LogPluginManager: Mounting plugin ImmediatePhysics
LogPluginManager: Mounting plugin IOSDeviceProfileSelector
LogPluginManager: Mounting plugin LinuxDeviceProfileSelector
LogPluginManager: Mounting plugin LocationServicesBPLibrary
LogPluginManager: Mounting plugin MobilePatchingUtils
LogPluginManager: Mounting plugin OculusVR
LogPluginManager: Plugin shader directory ../../../Engine/Plugins/Runtime/Oculus/OculusVR/Shaders found
LogPluginManager: Mapping shader source directory ../../../Engine/Plugins/Runtime/Oculus/OculusVR/Shaders to virtual directory /Plugin/OculusVR
LogPluginManager: Mounting plugin PhysXVehicles
LogPluginManager: Mounting plugin ProceduralMeshComponent
LogPluginManager: Mounting plugin RuntimePhysXCooking
LogPluginManager: Mounting plugin SteamVR
LogPluginManager: Mounting plugin WindowsMoviePlayer
LogPluginManager: Mounting plugin VictoryBPLibrary
LogStreaming: Display: Took  0.199s to configure plugins.
LogInit: Using libcurl 7.55.1-DEV
LogInit:  - built for x86_64-pc-win32
LogInit:  - supports SSL with OpenSSL/1.0.2h
LogInit:  - supports HTTP deflate (compression) using libz 1.2.8
LogInit:  - other features:
LogInit:      CURL_VERSION_SSL
LogInit:      CURL_VERSION_LIBZ
LogInit:      CURL_VERSION_IPV6
LogInit:      CURL_VERSION_ASYNCHDNS
LogInit:      CURL_VERSION_LARGEFILE
LogInit:      CURL_VERSION_IDN
LogInit:  CurlRequestOptions (configurable via config and command line):
LogInit:  - bVerifyPeer = false  - Libcurl will NOT verify peer certificate
LogInit:  - bUseHttpProxy = false  - Libcurl will NOT use HTTP proxy
LogInit:  - bDontReuseConnections = false  - Libcurl will reuse connections
LogInit:  - CertBundlePath = nullptr  - Libcurl will use whatever was configured at build time.
LogInit:  - MaxHostConnections = 16  - Libcurl will limit the number of connections to a host
LogInit:  - LocalHostAddr = Default
LogInit:  - BufferSize = 65536
LogInit: WinSock: version 1.1 (2.2), MaxSocks=32767, MaxUdp=65467
LogInit: Build: ++UE4+Release-4.20-CL-4302132
LogInit: Engine Version: 4.20.2-4302132+++UE4+Release-4.20
LogInit: Compatible Engine Version: 4.20.0-4212847+++UE4+Release-4.20
LogInit: Net CL: 4212847
LogInit: OS: Windows 7 (Service Pack 1), CPU: Intel(R) Xeon(R) CPU E5-1620 v3 @ 3.50GHz, GPU: NVIDIA GeForce GTX 970
LogInit: Compiled (64-bit): Aug 21 2018 02:06:06
LogInit: Compiled with Visual C++: 19.13.26129.00
LogInit: Build Configuration: Development
LogInit: Branch Name: ++UE4+Release-4.20
LogInit: Command Line:  /Game/Heart_level -game -PIEVIACONSOLE -ResX=1280 -ResY=720  -Multiprocess -messaging -SessionName="Play in Standalone Game" -windowed 
LogInit: Base Directory: C:/Program Files/Epic Games/UE_4.20/Engine/Binaries/Win64/
LogInit: Installed Engine Build: 1
LogDevObjectVersion: Number of dev versions registered: 20
LogDevObjectVersion:   Dev-Blueprints (B0D832E4-1F89-4F0D-ACCF-7EB736FD4AA2): 10
LogDevObjectVersion:   Dev-Build (E1C64328-A22C-4D53-A36C-8E866417BD8C): 0
LogDevObjectVersion:   Dev-Core (375EC13C-06E4-48FB-B500-84F0262A717E): 2
LogDevObjectVersion:   Dev-Editor (E4B068ED-F494-42E9-A231-DA0B2E46BB41): 24
LogDevObjectVersion:   Dev-Framework (CFFC743F-43B0-4480-9391-14DF171D2073): 34
LogDevObjectVersion:   Dev-Mobile (B02B49B5-BB20-44E9-A304-32B752E40360): 2
LogDevObjectVersion:   Dev-Networking (A4E4105C-59A1-49B5-A7C5-40C4547EDFEE): 0
LogDevObjectVersion:   Dev-Online (39C831C9-5AE6-47DC-9A44-9C173E1C8E7C): 0
LogDevObjectVersion:   Dev-Physics (78F01B33-EBEA-4F98-B9B4-84EACCB95AA2): 0
LogDevObjectVersion:   Dev-Platform (6631380F-2D4D-43E0-8009-CF276956A95A): 0
LogDevObjectVersion:   Dev-Rendering (12F88B9F-8875-4AFC-A67C-D90C383ABD29): 26
LogDevObjectVersion:   Dev-Sequencer (7B5AE74C-D270-4C10-A958-57980B212A5A): 9
LogDevObjectVersion:   Dev-VR (D7296918-1DD6-4BDD-9DE2-64A83CC13884): 2
LogDevObjectVersion:   Dev-LoadTimes (C2A15278-BFE7-4AFE-6C17-90FF531DF755): 1
LogDevObjectVersion:   Private-Geometry (6EACA3D4-40EC-4CC1-B786-8BED09428FC5): 3
LogDevObjectVersion:   Dev-AnimPhys (29E575DD-E0A3-4627-9D10-D276232CDCEA): 17
LogDevObjectVersion:   Dev-ReflectionCapture (6B266CEC-1EC7-4B8F-A30B-E4D90942FC07): 1
LogDevObjectVersion:   Dev-Automation (0DF73D61-A23F-47EA-B727-89E90C41499A): 1
LogDevObjectVersion:   FortniteMain (601D1886-AC64-4F84-AA16-D3DE0DEAC7D6): 12
LogDevObjectVersion:   Dev-Enterprise (9DFFBCD6-494F-0158-E221-12823C92A888): 1
LogStreaming: Display: Took  0.007s to delete old logs.
LogInit: Presizing for max 8388607 objects, including 0 objects not considered by GC, pre-allocating 0 bytes for permanent pool.
LogInit: Object subsystem initialized
[2019.04.27-21.56.05:434][  0]LogInit: Selected Device Profile: [Windows]
[2019.04.27-21.56.05:435][  0]LogInit: Applying CVar settings loaded from the selected device profile: [Windows]
[2019.04.27-21.56.05:442][  0]LogHAL: Display: Platform has ~ 16 GB [17098534912 / 17179869184 / 16], which maps to Larger [LargestMinGB=32, LargerMinGB=12, DefaultMinGB=8, SmallerMinGB=6, SmallestMinGB=0)
[2019.04.27-21.56.05:442][  0]LogInit: Setting Device Profile CVar: [[r.Vulkan.UseRealUBs:1]]
[2019.04.27-21.56.05:442][  0]LogInit: Going up to parent DeviceProfile []
[2019.04.27-21.56.05:442][  0]LogInit: Computer: KNOY340PC04
[2019.04.27-21.56.05:443][  0]LogInit: User: zhu539
[2019.04.27-21.56.05:443][  0]LogInit: CPU Page size=4096, Cores=4
[2019.04.27-21.56.05:443][  0]LogInit: High frequency timer resolution =3.410087 MHz
[2019.04.27-21.56.05:443][  0]LogMemory: Memory total: Physical=15.9GB (16GB approx)
[2019.04.27-21.56.05:443][  0]LogMemory: Platform Memory Stats for Windows
[2019.04.27-21.56.05:443][  0]LogMemory: Process Physical Memory: 103.76 MB used, 103.76 MB peak
[2019.04.27-21.56.05:443][  0]LogMemory: Process Virtual Memory: 93.30 MB used, 93.30 MB peak
[2019.04.27-21.56.05:443][  0]LogMemory: Physical Memory: 10414.91 MB used,  5891.52 MB free, 16306.43 MB total
[2019.04.27-21.56.05:443][  0]LogMemory: Virtual Memory: 494.89 MB used,  5891.52 MB free, 8388608.00 MB total
[2019.04.27-21.56.05:508][  0]LogInit: Using OS detected language (en-US).
[2019.04.27-21.56.05:508][  0]LogInit: Using OS detected locale (en-US).
[2019.04.27-21.56.05:509][  0]LogTextLocalizationManager: No specific localization for 'en-US' exists, so the 'en' localization will be used.
[2019.04.27-21.56.05:923][  0]LogStreaming: Display: Took  0.414s to InitEngineTextLocalization.
[2019.04.27-21.56.05:954][  0]LogSlate: New Slate User Created.  User Index 0, Is Virtual User: 0
[2019.04.27-21.56.05:954][  0]LogSlate: Slate User Registered.  User Index 0, Is Virtual User: 0
[2019.04.27-21.56.05:961][  0]LogHMD: Failed to initialize OpenVR with code 110
[2019.04.27-21.56.05:962][  0]LogD3D11RHI: D3D11 adapters:
[2019.04.27-21.56.05:984][  0]LogD3D11RHI:    0. 'NVIDIA GeForce GTX 970' (Feature Level 11_0)
[2019.04.27-21.56.05:984][  0]LogD3D11RHI:       4008/0/7897 MB DedicatedVideo/DedicatedSystem/SharedSystem, Outputs:1, VendorId:0x10de
[2019.04.27-21.56.05:984][  0]LogD3D11RHI: Chosen D3D11 Adapter: 0
[2019.04.27-21.56.05:992][  0]LogD3D11RHI: Creating new Direct3DDevice
[2019.04.27-21.56.05:992][  0]LogD3D11RHI:     GPU DeviceId: 0x13c2 (for the marketing name, search the web for "GPU Device Id")
[2019.04.27-21.56.05:992][  0]LogWindows: EnumDisplayDevices:
[2019.04.27-21.56.05:992][  0]LogWindows:    0. 'NVIDIA GeForce GTX 970' (P:1 D:1)
[2019.04.27-21.56.05:993][  0]LogWindows:    1. 'NVIDIA GeForce GTX 970' (P:0 D:0)
[2019.04.27-21.56.05:994][  0]LogWindows:    2. 'NVIDIA GeForce GTX 970' (P:0 D:0)
[2019.04.27-21.56.05:994][  0]LogWindows:    3. 'NVIDIA GeForce GTX 970' (P:0 D:0)
[2019.04.27-21.56.05:995][  0]LogWindows:    4. 'RDPDD Chained DD' (P:0 D:0)
[2019.04.27-21.56.05:995][  0]LogWindows:    5. 'RDP Encoder Mirror Driver' (P:0 D:0)
[2019.04.27-21.56.05:995][  0]LogWindows:    6. 'RDP Reflector Display Driver' (P:0 D:0)
[2019.04.27-21.56.05:995][  0]LogWindows: DebugString: GetVideoDriverDetailsInvalid PrimaryIsNotTheChoosenAdapter GetVideoDriverDetailsInvalid PrimaryIsNotTheChoosenAdapter GetVideoDriverDetailsInvalid PrimaryIsNotTheChoosenAdapter FoundDriverCount:4 
[2019.04.27-21.56.05:995][  0]LogD3D11RHI:     Adapter Name: NVIDIA GeForce GTX 970
[2019.04.27-21.56.05:995][  0]LogD3D11RHI:   Driver Version: 353.30 (internal:10.18.13.5330, unified:353.30)
[2019.04.27-21.56.05:995][  0]LogD3D11RHI:      Driver Date: 6-17-2015
[2019.04.27-21.56.05:995][  0]LogRHI: Texture pool is 2805 MB (70% of 4008 MB)
[2019.04.27-21.56.06:014][  0]LogD3D11RHI: NvAPI_D3D_GetCurrentSLIState failed: 0xfffffff7
[2019.04.27-21.56.06:014][  0]LogD3D11RHI: Async texture creation enabled
[2019.04.27-21.56.06:030][  0]LogD3D11RHI: GPU Timing Frequency: 1000.000000 (Debug: 2 2)
[2019.04.27-21.56.06:034][  0]LogShaderCompilers: Guid format shader working directory is -18 characters bigger than the processId version (../../../../../../Temp/Linfeng Zhu CGT 445/All_Levels/All_Levels/Intermediate/Shaders/WorkingDirectory/10720/).
[2019.04.27-21.56.06:034][  0]LogShaderCompilers: Cleaned the shader compiler working directory 'C:/Users/zhu539/AppData/Local/Temp/UnrealShaderWorkingDir/2F847881477E332D1210B09520B44F83/'.
[2019.04.27-21.56.06:586][  0]LogTemp: Display: Loaded TP WindowsClientTargetPlatform
[2019.04.27-21.56.06:603][  0]LogTemp: Display: Loaded TP WindowsNoEditorTargetPlatform
[2019.04.27-21.56.06:620][  0]LogTemp: Display: Loaded TP WindowsServerTargetPlatform
[2019.04.27-21.56.06:637][  0]LogTemp: Display: Loaded TP WindowsTargetPlatform
[2019.04.27-21.56.06:637][  0]LogTargetPlatformManager: Display: Building Assets For Windows
[2019.04.27-21.56.06:739][  0]LogXGEController: Cannot use XGE Controller as Incredibuild is not installed on this machine.
[2019.04.27-21.56.06:740][  0]LogShaderCompilers: Cannot use XGE Shader Compiler as Incredibuild is not installed on this machine.
[2019.04.27-21.56.06:740][  0]LogShaderCompilers: Display: Using Local Shader Compiler.
[2019.04.27-21.56.07:775][  0]LogDerivedDataCache: Display: Max Cache Size: 512 MB
[2019.04.27-21.56.07:900][  0]LogDerivedDataCache: Loaded boot cache 0.12s 87MB C:/Users/zhu539/AppData/Local/UnrealEngine/4.20/DerivedDataCache/Boot.ddc.
[2019.04.27-21.56.07:900][  0]LogDerivedDataCache: Display: Loaded Boot cache: C:/Users/zhu539/AppData/Local/UnrealEngine/4.20/DerivedDataCache/Boot.ddc
[2019.04.27-21.56.07:901][  0]LogDerivedDataCache: FDerivedDataBackendGraph:  Pak pak cache file ../../../../../../Temp/Linfeng Zhu CGT 445/All_Levels/All_Levels/DerivedDataCache/DDC.ddp not found, will not use a pak cache.
[2019.04.27-21.56.07:901][  0]LogDerivedDataCache: Unable to find inner node Pak for hierarchical cache Hierarchy.
[2019.04.27-21.56.07:901][  0]LogDerivedDataCache: FDerivedDataBackendGraph:  CompressedPak pak cache file ../../../../../../Temp/Linfeng Zhu CGT 445/All_Levels/All_Levels/DerivedDataCache/Compressed.ddp not found, will not use a pak cache.
[2019.04.27-21.56.07:901][  0]LogDerivedDataCache: Unable to find inner node CompressedPak for hierarchical cache Hierarchy.
[2019.04.27-21.56.07:917][  0]LogDerivedDataCache: Display: Pak cache opened for reading ../../../Engine/DerivedDataCache/Compressed.ddp.
[2019.04.27-21.56.07:931][  0]LogDerivedDataCache: Using Local data cache path C:/Users/zhu539/AppData/Local/UnrealEngine/Common/DerivedDataCache: Writable
[2019.04.27-21.56.07:931][  0]LogDerivedDataCache: Shared data cache path not found in *engine.ini, will not use an Shared cache.
[2019.04.27-21.56.07:931][  0]LogDerivedDataCache: Unable to find inner node Shared for hierarchical cache Hierarchy.
[2019.04.27-21.56.07:951][  0]LogMaterial: Verifying Global Shaders for PCD3D_SM5
[2019.04.27-21.56.07:953][  0]LogSlate: Using FreeType 2.6.0
[2019.04.27-21.56.07:955][  0]LogSlate: SlateFontServices - WITH_FREETYPE: 1, WITH_HARFBUZZ: 1
[2019.04.27-21.56.08:043][  0]LogInit: Using OS detected language (en-US).
[2019.04.27-21.56.08:043][  0]LogInit: Using OS detected locale (en-US).
[2019.04.27-21.56.08:043][  0]LogTextLocalizationManager: No localization for 'en-US' exists, so 'en' will be used for the language.
[2019.04.27-21.56.08:044][  0]LogTextLocalizationManager: No localization for 'en-US' exists, so 'en' will be used for the locale.
[2019.04.27-21.56.08:356][  0]LogStreaming: Display: Took  0.313s to InitGameTextLocalization.
[2019.04.27-21.56.08:366][  0]LogAssetRegistry: FAssetRegistry took 0.0051 seconds to start up
[2019.04.27-21.56.08:579][  0]LogPackageLocalizationCache: Processed 11 localized package path(s) for 1 prioritized culture(s) in 0.017616 seconds
[2019.04.27-21.56.08:736][  0]LogInit: Selected Device Profile: [Windows]
[2019.04.27-21.56.08:917][  0]LogSimplygon: Simplygon DLL not present - disabling.
[2019.04.27-21.56.08:925][  0]LogMeshReduction: Using SimplygonSwarm for distributed automatic mesh merging
[2019.04.27-21.56.08:925][  0]LogMeshReduction: Using ProxyLODMeshReduction for automatic mesh merging
[2019.04.27-21.56.08:925][  0]LogMeshReduction: Using QuadricMeshReduction for automatic static mesh reduction
[2019.04.27-21.56.08:925][  0]LogMeshReduction: No automatic skeletal mesh reduction module available
[2019.04.27-21.56.08:943][  0]LogNetVersion: LungLevel 1.0.0, NetCL: 4212847, EngineNetVer: 5, GameNetVer: 0 (Checksum: 3686118635)
[2019.04.27-21.56.09:634][  0]LogMoviePlayer: Initializing movie player
[2019.04.27-21.56.09:827][  0]LogTcpMessaging: Initializing TcpMessaging bridge
[2019.04.27-21.56.09:840][  0]LogUdpMessaging: Initializing bridge on interface 0.0.0.0:0 to multicast group 230.0.0.1:6666.
[2019.04.27-21.56.09:914][  0]LogCollectionManager: Loaded 0 collections in 0.001913 seconds
[2019.04.27-21.56.09:955][  0]LogFileCache: Scanning file cache for directory 'C:/Temp/Linfeng Zhu CGT 445/All_Levels/All_Levels/Saved/Collections/' took 0.01s
[2019.04.27-21.56.09:955][  0]LogFileCache: Scanning file cache for directory 'C:/Temp/Linfeng Zhu CGT 445/All_Levels/All_Levels/Content/Developers/zhu539/Collections/' took 0.01s
[2019.04.27-21.56.09:955][  0]LogFileCache: Scanning file cache for directory 'C:/Temp/Linfeng Zhu CGT 445/All_Levels/All_Levels/Content/Collections/' took 0.01s
[2019.04.27-21.56.09:955][  0]LogCollectionManager: Rebuilt the object cache for 0 collections in 0.000001 seconds (found 0 objects)
[2019.04.27-21.56.09:955][  0]LogCollectionManager: Fixed up redirectors for 0 collections in 0.000100 seconds (updated 0 objects)
[2019.04.27-21.56.10:019][  0]SourceControl: Source control is disabled
[2019.04.27-21.56.10:019][  0]SourceControl: Source control is disabled
[2019.04.27-21.56.10:022][  0]SourceControl: Source control is disabled
[2019.04.27-21.56.10:176][  0]LogAndroidPermission: UAndroidPermissionCallbackProxy::GetInstance
[2019.04.27-21.56.10:237][  0]LogOcInput: OculusInput pre-init called
[2019.04.27-21.56.10:253][  0]LogUObjectArray: 43725 objects as part of root set at end of initial load.
[2019.04.27-21.56.10:253][  0]LogUObjectAllocator: 7695928 out of 0 bytes used by permanent object pool.
[2019.04.27-21.56.10:253][  0]LogUObjectArray: CloseDisregardForGC: 0/0 objects in disregard for GC pool
[2019.04.27-21.56.10:324][  0]LogEngine: Initializing Engine...
[2019.04.27-21.56.10:326][  0]LogHMD: Failed to initialize OpenVR with code 110
[2019.04.27-21.56.10:338][  0]LogStats: UGameplayTagsManager::ConstructGameplayTagTree: ImportINI prefixes -  0.000 s
[2019.04.27-21.56.10:338][  0]LogStats: UGameplayTagsManager::ConstructGameplayTagTree: Construct from data asset -  0.000 s
[2019.04.27-21.56.10:338][  0]LogStats: UGameplayTagsManager::ConstructGameplayTagTree: ImportINI -  0.000 s
[2019.04.27-21.56.10:338][  0]LogStats: UGameplayTagsManager::ConstructGameplayTagTree: GameplayTagTreeChangedEvent.Broadcast -  0.000 s
[2019.04.27-21.56.10:580][  0]LogInit: Initializing FReadOnlyCVARCache
[2019.04.27-21.56.10:590][  0]LogInit: XAudio2 using 'Speakers/Headphones (Realtek High Definition Audio)' : 2 channels at 48 kHz using 32 bits per sample (channel mask 0x3)
[2019.04.27-21.56.10:622][  0]LogInit: FAudioDevice initialized.
[2019.04.27-21.56.10:633][  0]LogNetVersion: Set ProjectVersion to 1.0.0.0. Version Checksum will be recalculated on next use.
[2019.04.27-21.56.10:640][  0]LogInit: Texture streaming: Enabled
[2019.04.27-21.56.10:810][  0]LogSlate: Updating window title bar state: overlay mode, drag disabled, window buttons hidden, title bar hidden
[2019.04.27-21.56.10:811][  0]LogInit: Display: Game Engine Initialized.
[2019.04.27-21.56.10:811][  0]LogGameplayTags: Display: UGameplayTagsManager::DoneAddingNativeTags. DelegateIsBound: 0
[2019.04.27-21.56.10:811][  0]LogStats: UGameplayTagsManager::ConstructGameplayTagTree: ImportINI prefixes -  0.000 s
[2019.04.27-21.56.10:811][  0]LogStats: UGameplayTagsManager::ConstructGameplayTagTree: Construct from data asset -  0.000 s
[2019.04.27-21.56.10:811][  0]LogStats: UGameplayTagsManager::ConstructGameplayTagTree: ImportINI -  0.000 s
[2019.04.27-21.56.10:811][  0]LogStats: UGameplayTagsManager::ConstructGameplayTagTree: GameplayTagTreeChangedEvent.Broadcast -  0.000 s
[2019.04.27-21.56.10:840][  0]LogInit: Display: Starting Game.
[2019.04.27-21.56.10:840][  0]LogNet: Browse: /Game/Heart_level?Name=Player
[2019.04.27-21.56.10:840][  0]LogLoad: LoadMap: /Game/Heart_level?Name=Player
[2019.04.27-21.56.12:072][  0]LogAIModule: Creating AISystem for world Heart_level
[2019.04.27-21.56.12:072][  0]LogLoad: Game class is 'TwinStickGameMode_C'
[2019.04.27-21.56.12:150][  0]LogWorld: Bringing World /Game/Heart_level.Heart_level up for play (max tick rate 0) at 2019.04.27-17.56.12
[2019.04.27-21.56.12:153][  0]LogWorld: Bringing up level for play took: 0.079089
[2019.04.27-21.56.12:163][  0]LogSlate: Took 0.000529 seconds to synchronously load lazily loaded font '../../../Engine/Content/Slate/Fonts/Roboto-Regular.ttf' (155K)
[2019.04.27-21.56.12:164][  0]LogLoad: Took 1.332282 seconds to LoadMap(/Game/Heart_level)
[2019.04.27-21.56.12:252][  0]LogRenderer: Reallocating scene render targets to support 256x256 Format 10 NumSamples 1 (Frame:1).
[2019.04.27-21.56.12:252][  0]LogRenderer: Reallocating scene render targets to support 1280x720 Format 10 NumSamples 1 (Frame:1).
[2019.04.27-21.56.12:252][  0]LogLoad: (Engine Initialization) Total time: 9.64 seconds
[2019.04.27-21.56.12:252][  0]LogLoad: (Engine Initialization) Total Blueprint compile time: 0.00 seconds
[2019.04.27-21.56.12:286][  0]LogContentStreaming: Texture pool size now 1000 MB
[2019.04.27-21.56.19:793][340]LogRenderer: Reallocating scene render targets to support 1920x1080 Format 10 NumSamples 1 (Frame:341).
[2019.04.27-21.56.35:941][ 19]LogScript: Warning: Accessed None trying to read property CallFunc_GetOwner_ReturnValue
	BP_Follower_C /Game/Heart_level.Heart_level:PersistentLevel.BP_Follower12
	Function /Game/TwinStickBP/Blueprints/Enemies/BP_Follower.BP_Follower_C:ExecuteUbergraph_BP_Follower:016F
[2019.04.27-21.56.35:941][ 19]LogScript: Warning: Script call stack:
	Function /Game/TwinStickBP/Blueprints/Enemies/BP_Follower.BP_Follower_C:ExecuteUbergraph_BP_Follower

[2019.04.27-21.56.36:933][ 65]LogScript: Warning: Accessed None trying to read property CallFunc_GetOwner_ReturnValue
	BP_Follower_C /Game/Heart_level.Heart_level:PersistentLevel.BP_Follower12
	Function /Game/TwinStickBP/Blueprints/Enemies/BP_Follower.BP_Follower_C:ExecuteUbergraph_BP_Follower:016F
[2019.04.27-21.56.36:933][ 65]LogScript: Warning: Script call stack:
	Function /Game/TwinStickBP/Blueprints/Enemies/BP_Follower.BP_Follower_C:ExecuteUbergraph_BP_Follower

[2019.04.27-21.56.37:950][111]LogScript: Warning: Accessed None trying to read property CallFunc_GetOwner_ReturnValue
	BP_Follower_C /Game/Heart_level.Heart_level:PersistentLevel.BP_Follower12
	Function /Game/TwinStickBP/Blueprints/Enemies/BP_Follower.BP_Follower_C:ExecuteUbergraph_BP_Follower:016F
[2019.04.27-21.56.37:950][111]LogScript: Warning: Script call stack:
	Function /Game/TwinStickBP/Blueprints/Enemies/BP_Follower.BP_Follower_C:ExecuteUbergraph_BP_Follower

[2019.04.27-21.56.41:409][270]LogScript: Warning: Accessed None trying to read property CallFunc_GetOwner_ReturnValue
	BP_Follower_C /Game/Heart_level.Heart_level:PersistentLevel.BP_Follower12
	Function /Game/TwinStickBP/Blueprints/Enemies/BP_Follower.BP_Follower_C:ExecuteUbergraph_BP_Follower:016F
[2019.04.27-21.56.41:409][270]LogScript: Warning: Script call stack:
	Function /Game/TwinStickBP/Blueprints/Enemies/BP_Follower.BP_Follower_C:ExecuteUbergraph_BP_Follower

[2019.04.27-21.56.42:433][316]LogScript: Warning: Accessed None trying to read property CallFunc_GetOwner_ReturnValue
	BP_Follower_C /Game/Heart_level.Heart_level:PersistentLevel.BP_Follower12
	Function /Game/TwinStickBP/Blueprints/Enemies/BP_Follower.BP_Follower_C:ExecuteUbergraph_BP_Follower:016F
[2019.04.27-21.56.42:433][316]LogScript: Warning: Script call stack:
	Function /Game/TwinStickBP/Blueprints/Enemies/BP_Follower.BP_Follower_C:ExecuteUbergraph_BP_Follower

[2019.04.27-21.56.43:453][346]LogScript: Warning: Accessed None trying to read property K2Node_DynamicCast_AsVirus_Enemy
	Slime_C /Game/Heart_level.Heart_level:PersistentLevel.Slime_C_0
	Function /Game/TwinStickBP/Blueprints/Slime.Slime_C:ExecuteUbergraph_Slime:0A51
[2019.04.27-21.56.43:453][346]LogScript: Warning: Script call stack:
	Function /Game/TwinStickBP/Blueprints/Slime.Slime_C:BndEvt__Sphere_K2Node_ComponentBoundEvent_0_ComponentBeginOverlapSignature__DelegateSignature
	Function /Game/TwinStickBP/Blueprints/Slime.Slime_C:ExecuteUbergraph_Slime

[2019.04.27-21.56.43:453][346]LogScript: Warning: Accessed None trying to read property K2Node_DynamicCast_AsV_1
	Slime_C /Game/Heart_level.Heart_level:PersistentLevel.Slime_C_0
	Function /Game/TwinStickBP/Blueprints/Slime.Slime_C:ExecuteUbergraph_Slime:0A99
[2019.04.27-21.56.43:453][346]LogScript: Warning: Script call stack:
	Function /Game/TwinStickBP/Blueprints/Slime.Slime_C:BndEvt__Sphere_K2Node_ComponentBoundEvent_0_ComponentBeginOverlapSignature__DelegateSignature
	Function /Game/TwinStickBP/Blueprints/Slime.Slime_C:ExecuteUbergraph_Slime

[2019.04.27-21.56.43:453][346]LogScript: Warning: Accessed None trying to read property K2Node_DynamicCast_AsV_4
	Slime_C /Game/Heart_level.Heart_level:PersistentLevel.Slime_C_0
	Function /Game/TwinStickBP/Blueprints/Slime.Slime_C:ExecuteUbergraph_Slime:0ABD
[2019.04.27-21.56.43:453][346]LogScript: Warning: Script call stack:
	Function /Game/TwinStickBP/Blueprints/Slime.Slime_C:BndEvt__Sphere_K2Node_ComponentBoundEvent_0_ComponentBeginOverlapSignature__DelegateSignature
	Function /Game/TwinStickBP/Blueprints/Slime.Slime_C:ExecuteUbergraph_Slime

[2019.04.27-21.56.43:453][346]LogScript: Warning: Accessed None trying to read property CallFunc_GetOwner_ReturnValue
	BP_Follower_C /Game/Heart_level.Heart_level:PersistentLevel.BP_Follower12
	Function /Game/TwinStickBP/Blueprints/Enemies/BP_Follower.BP_Follower_C:ExecuteUbergraph_BP_Follower:016F
[2019.04.27-21.56.43:453][346]LogScript: Warning: Script call stack:
	Function /Game/TwinStickBP/Blueprints/Enemies/BP_Follower.BP_Follower_C:ExecuteUbergraph_BP_Follower

[2019.04.27-21.56.45:062][399]LogSlate: Window 'LungLevel (64-bit Development PCD3D_SM5) ' being destroyed
[2019.04.27-21.56.45:063][399]LogSlate: Updating window title bar state: overlay mode, drag disabled, window buttons hidden, title bar hidden
[2019.04.27-21.56.45:063][399]LogEngine: All Windows Closed
[2019.04.27-21.56.45:063][399]LogWindows: FPlatformMisc::RequestExit(0)
[2019.04.27-21.56.45:422][400]LogExit: Preparing to exit.
[2019.04.27-21.56.45:422][400]LogMoviePlayer: Shutting down movie player
[2019.04.27-21.56.45:959][400]LogSlate: Updating window title bar state: overlay mode, drag disabled, window buttons hidden, title bar hidden
[2019.04.27-21.56.45:978][400]LogExit: Game engine shut down
[2019.04.27-21.56.46:080][400]LogExit: Object subsystem successfully closed.
[2019.04.27-21.56.46:099][400]LogShaderCompilers: Display: Shaders left to compile 0
[2019.04.27-21.56.46:104][400]LogD3D11RHI: Shutdown
[2019.04.27-21.56.46:104][400]LogD3D11RHI: CleanupD3DDevice
[2019.04.27-21.56.46:106][400]LogD3D11RHI: ~FD3D11DynamicRHI
[2019.04.27-21.56.46:140][400]LogModuleManager: Shutting down and abandoning module SequenceRecorderSections (386)
[2019.04.27-21.56.46:140][400]LogModuleManager: Shutting down and abandoning module SequenceRecorder (384)
[2019.04.27-21.56.46:140][400]LogModuleManager: Shutting down and abandoning module AutomationController (382)
[2019.04.27-21.56.46:140][400]LogModuleManager: Shutting down and abandoning module AutomationWorker (380)
[2019.04.27-21.56.46:140][400]LogModuleManager: Shutting down and abandoning module Voice (378)
[2019.04.27-21.56.46:140][400]LogModuleManager: Shutting down and abandoning module AIModule (376)
[2019.04.27-21.56.46:140][400]LogModuleManager: Shutting down and abandoning module GameplayDebugger (375)
[2019.04.27-21.56.46:140][400]LogModuleManager: Shutting down and abandoning module AITestSuite (373)
[2019.04.27-21.56.46:140][400]LogModuleManager: Shutting down and abandoning module NavigationSystem (371)
[2019.04.27-21.56.46:141][400]LogModuleManager: Shutting down and abandoning module WmfMediaFactory (368)
[2019.04.27-21.56.46:141][400]LogModuleManager: Shutting down and abandoning module OpenExrWrapper (366)
[2019.04.27-21.56.46:141][400]LogModuleManager: Shutting down and abandoning module ImgMediaFactory (364)
[2019.04.27-21.56.46:141][400]LogModuleManager: Shutting down and abandoning module AvfMediaFactory (362)
[2019.04.27-21.56.46:141][400]LogModuleManager: Shutting down and abandoning module MagicLeapCameraPreviewFactory (360)
[2019.04.27-21.56.46:141][400]LogModuleManager: Shutting down and abandoning module MagicLeapMediaFactory (358)
[2019.04.27-21.56.46:141][400]LogModuleManager: Shutting down and abandoning module CharacterAI (356)
[2019.04.27-21.56.46:141][400]LogModuleManager: Shutting down and abandoning module SessionServices (354)
[2019.04.27-21.56.46:141][400]LogModuleManager: Shutting down and abandoning module MovieSceneCapture (352)
[2019.04.27-21.56.46:141][400]LogModuleManager: Shutting down and abandoning module MovieSceneTracks (350)
[2019.04.27-21.56.46:141][400]LogModuleManager: Shutting down and abandoning module MovieScene (348)
[2019.04.27-21.56.46:141][400]LogModuleManager: Shutting down and abandoning module StreamingPauseRendering (346)
[2019.04.27-21.56.46:141][400]LogModuleManager: Shutting down and abandoning module PortalServices (344)
[2019.04.27-21.56.46:141][400]LogModuleManager: Shutting down and abandoning module PortalRpc (342)
[2019.04.27-21.56.46:141][400]LogModuleManager: Shutting down and abandoning module MessagingRpc (340)
[2019.04.27-21.56.46:141][400]LogModuleManager: Shutting down and abandoning module ProfilerService (338)
[2019.04.27-21.56.46:377][400]LogModuleManager: Shutting down and abandoning module TaskGraph (336)
[2019.04.27-21.56.46:377][400]LogModuleManager: Shutting down and abandoning module SteamVRController (334)
[2019.04.27-21.56.46:377][400]LogModuleManager: Shutting down and abandoning module ProceduralMeshComponent (332)
[2019.04.27-21.56.46:377][400]LogModuleManager: Shutting down and abandoning module OculusInput (330)
[2019.04.27-21.56.46:377][400]LogModuleManager: Shutting down and abandoning module MobilePatchingUtils (328)
[2019.04.27-21.56.46:377][400]LogModuleManager: Shutting down and abandoning module EditableMesh (326)
[2019.04.27-21.56.46:377][400]LogModuleManager: Shutting down and abandoning module CustomMeshComponent (324)
[2019.04.27-21.56.46:377][400]LogModuleManager: Shutting down and abandoning module CableComponent (322)
[2019.04.27-21.56.46:377][400]LogModuleManager: Shutting down and abandoning module AudioCapture (320)
[2019.04.27-21.56.46:377][400]LogModuleManager: Shutting down and abandoning module ArchVisCharacter (318)
[2019.04.27-21.56.46:377][400]LogModuleManager: Shutting down and abandoning module AndroidPermission (316)
[2019.04.27-21.56.46:377][400]LogModuleManager: Shutting down and abandoning module NUTUnrealEngine4 (314)
[2019.04.27-21.56.46:377][400]LogModuleManager: Shutting down and abandoning module NetcodeUnitTest (312)
[2019.04.27-21.56.46:377][400]LogModuleManager: Shutting down and abandoning module MediaCompositing (310)
[2019.04.27-21.56.46:377][400]LogModuleManager: Shutting down and abandoning module LinearTimecode (308)
[2019.04.27-21.56.46:377][400]LogModuleManager: Shutting down and abandoning module ImgMedia (306)
[2019.04.27-21.56.46:379][400]LogModuleManager: Shutting down and abandoning module HTML5Networking (304)
[2019.04.27-21.56.46:380][400]LogModuleManager: Shutting down and abandoning module GeometryCacheTracks (302)
[2019.04.27-21.56.46:380][400]LogModuleManager: Shutting down and abandoning module GeometryCacheSequencer (301)
[2019.04.27-21.56.46:380][400]LogModuleManager: Shutting down and abandoning module GeometryCache (298)
[2019.04.27-21.56.46:380][400]LogModuleManager: Shutting down and abandoning module GeometryCacheEd (297)
[2019.04.27-21.56.46:380][400]LogModuleManager: Shutting down and abandoning module BackChannel (294)
[2019.04.27-21.56.46:380][400]LogModuleManager: Shutting down and abandoning module AppleVision (292)
[2019.04.27-21.56.46:380][400]LogModuleManager: Shutting down and abandoning module AppleImageUtils (290)
[2019.04.27-21.56.46:380][400]LogModuleManager: Shutting down and abandoning module DatasmithContent (288)
[2019.04.27-21.56.46:381][400]LogModuleManager: Shutting down and abandoning module CryptoKeysOpenSSL (286)
[2019.04.27-21.56.46:381][400]LogModuleManager: Shutting down and abandoning module CryptoKeys (284)
[2019.04.27-21.56.46:381][400]LogModuleManager: Shutting down and abandoning module VisualStudioSourceCodeAccess (282)
[2019.04.27-21.56.46:381][400]LogModuleManager: Shutting down and abandoning module HotReload (281)
[2019.04.27-21.56.46:381][400]LogModuleManager: Shutting down and abandoning module VisualStudioCodeSourceCodeAccess (278)
[2019.04.27-21.56.46:381][400]LogModuleManager: Shutting down and abandoning module UObjectPlugin (276)
[2019.04.27-21.56.46:381][400]LogModuleManager: Shutting down and abandoning module SubversionSourceControl (274)
[2019.04.27-21.56.46:381][400]LogModuleManager: Shutting down and abandoning module PerforceSourceControl (272)
[2019.04.27-21.56.46:381][400]LogModuleManager: Shutting down and abandoning module SourceControl (271)
[2019.04.27-21.56.46:381][400]LogModuleManager: Shutting down and abandoning module CLionSourceCodeAccess (268)
[2019.04.27-21.56.46:381][400]LogModuleManager: Shutting down and abandoning module VictoryBPLibrary (266)
[2019.04.27-21.56.46:381][400]LogModuleManager: Shutting down and abandoning module RuntimePhysXCooking (264)
[2019.04.27-21.56.46:381][400]LogModuleManager: Shutting down and abandoning module PhysXVehiclesEditor (262)
[2019.04.27-21.56.46:381][400]LogModuleManager: Shutting down and abandoning module PhysXVehicles (260)
[2019.04.27-21.56.46:381][400]LogModuleManager: Shutting down and abandoning module LocationServicesBPLibrary (258)
[2019.04.27-21.56.46:381][400]LogModuleManager: Shutting down and abandoning module ImmediatePhysicsEditor (256)
[2019.04.27-21.56.46:381][400]LogModuleManager: Shutting down and abandoning module ImmediatePhysics (254)
[2019.04.27-21.56.46:381][400]LogModuleManager: Shutting down and abandoning module ApexDestructionEditor (252)
[2019.04.27-21.56.46:381][400]LogModuleManager: Shutting down and abandoning module ContentBrowser (251)
[2019.04.27-21.56.46:381][400]LogModuleManager: Shutting down and abandoning module CollectionManager (250)
[2019.04.27-21.56.46:381][400]LogModuleManager: Shutting down and abandoning module DirectoryWatcher (249)
[2019.04.27-21.56.46:381][400]LogModuleManager: Shutting down and abandoning module ApexDestruction (244)
[2019.04.27-21.56.46:381][400]LogModuleManager: Shutting down and abandoning module ActorSequence (242)
[2019.04.27-21.56.46:381][400]LogModuleManager: Shutting down and abandoning module UdpMessaging (240)
[2019.04.27-21.56.46:483][400]LogModuleManager: Shutting down and abandoning module TcpMessaging (238)
[2019.04.27-21.56.46:928][400]LogModuleManager: Shutting down and abandoning module MagicLeapAudio (236)
[2019.04.27-21.56.46:928][400]LogModuleManager: Shutting down and abandoning module GameplayTagsEditor (234)
[2019.04.27-21.56.46:928][400]LogModuleManager: Shutting down and abandoning module FacialAnimation (232)
[2019.04.27-21.56.46:928][400]LogModuleManager: Shutting down and abandoning module DataValidation (230)
[2019.04.27-21.56.46:928][400]LogModuleManager: Shutting down and abandoning module AssetManagerEditor (228)
[2019.04.27-21.56.46:928][400]LogModuleManager: Shutting down and abandoning module TreeMap (227)
[2019.04.27-21.56.46:928][400]LogModuleManager: Shutting down and abandoning module LightPropagationVolumeRuntime (224)
[2019.04.27-21.56.46:928][400]LogModuleManager: Shutting down and abandoning module AISupportModule (222)
[2019.04.27-21.56.46:928][400]LogModuleManager: Shutting down and abandoning module Paper2D (220)
[2019.04.27-21.56.46:928][400]LogModuleManager: Shutting down and abandoning module PIEPreviewDeviceProfileSelector (218)
[2019.04.27-21.56.46:928][400]LogModuleManager: Shutting down and abandoning module WindowsMoviePlayer (216)
[2019.04.27-21.56.46:928][400]LogModuleManager: Shutting down and abandoning module WmfMedia (214)
[2019.04.27-21.56.46:929][400]LogModuleManager: Shutting down and abandoning module Media (213)
[2019.04.27-21.56.46:934][400]LogModuleManager: Shutting down and abandoning module PacketHandler (210)
[2019.04.27-21.56.46:934][400]LogModuleManager: Shutting down and abandoning module ClothingSystemEditor (208)
[2019.04.27-21.56.46:934][400]LogModuleManager: Shutting down and abandoning module ClothingSystemRuntime (206)
[2019.04.27-21.56.46:934][400]LogModuleManager: Shutting down and abandoning module MediaAssets (204)
[2019.04.27-21.56.46:934][400]LogModuleManager: Shutting down and abandoning module Overlay (202)
[2019.04.27-21.56.46:934][400]LogModuleManager: Shutting down and abandoning module OverlayEditor (201)
[2019.04.27-21.56.46:934][400]LogModuleManager: Shutting down and abandoning module VREditor (198)
[2019.04.27-21.56.46:934][400]LogModuleManager: Shutting down and abandoning module StringTableEditor (196)
[2019.04.27-21.56.46:934][400]LogModuleManager: Shutting down and abandoning module GameplayTasksEditor (194)
[2019.04.27-21.56.46:934][400]LogModuleManager: Shutting down and abandoning module BehaviorTreeEditor (192)
[2019.04.27-21.56.46:934][400]LogModuleManager: Shutting down and abandoning module FunctionalTesting (190)
[2019.04.27-21.56.46:934][400]LogModuleManager: Shutting down and abandoning module CollisionAnalyzer (188)
[2019.04.27-21.56.46:934][400]LogModuleManager: Shutting down and abandoning module WorkspaceMenuStructure (187)
[2019.04.27-21.56.46:934][400]LogModuleManager: Shutting down and abandoning module UMG (184)
[2019.04.27-21.56.46:935][400]LogModuleManager: Shutting down and abandoning module UMGEditor (183)
[2019.04.27-21.56.46:935][400]LogModuleManager: Shutting down and abandoning module Sequencer (182)
[2019.04.27-21.56.46:935][400]LogModuleManager: Shutting down and abandoning module MessageLog (179)
[2019.04.27-21.56.46:935][400]LogModuleManager: Shutting down and abandoning module SlateReflector (174)
[2019.04.27-21.56.46:935][400]LogModuleManager: Shutting down and abandoning module Slate (172)
[2019.04.27-21.56.46:935][400]LogModuleManager: Shutting down and abandoning module EditorStyle (170)
[2019.04.27-21.56.46:937][400]LogModuleManager: Shutting down and abandoning module MRMesh (168)
[2019.04.27-21.56.46:937][400]LogModuleManager: Shutting down and abandoning module Messaging (166)
[2019.04.27-21.56.46:937][400]LogModuleManager: Shutting down and abandoning module SourceCodeAccess (164)
[2019.04.27-21.56.46:937][400]LogModuleManager: Shutting down and abandoning module HeadMountedDisplay (162)
[2019.04.27-21.56.46:937][400]LogModuleManager: Shutting down and abandoning module XAudio2 (160)
[2019.04.27-21.56.46:937][400]LogModuleManager: Shutting down and abandoning module Networking (158)
[2019.04.27-21.56.46:937][400]LogModuleManager: Shutting down and abandoning module Core (156)
[2019.04.27-21.56.46:937][400]LogModuleManager: Shutting down and abandoning module LevelSequence (154)
[2019.04.27-21.56.46:937][400]LogModuleManager: Shutting down and abandoning module KismetCompiler (152)
[2019.04.27-21.56.46:937][400]LogModuleManager: Shutting down and abandoning module MeshUtilities (150)
[2019.04.27-21.56.46:937][400]LogModuleManager: Shutting down and abandoning module MeshMergeUtilities (149)
[2019.04.27-21.56.46:937][400]LogModuleManager: Shutting down and abandoning module MeshReductionInterface (148)
[2019.04.27-21.56.46:937][400]LogModuleManager: Shutting down and abandoning module SimplygonSwarm (147)
[2019.04.27-21.56.46:937][400]LogModuleManager: Shutting down and abandoning module ProxyLODMeshReduction (145)
[2019.04.27-21.56.46:937][400]LogModuleManager: Shutting down and abandoning module SimplygonMeshReduction (143)
[2019.04.27-21.56.46:937][400]LogModuleManager: Shutting down and abandoning module QuadricMeshReduction (141)
[2019.04.27-21.56.46:937][400]LogModuleManager: Shutting down and abandoning module MaterialBaking (137)
[2019.04.27-21.56.46:937][400]LogModuleManager: Shutting down and abandoning module DerivedDataCache (132)
[2019.04.27-21.56.47:032][400]LogDerivedDataCache: Shutdown
[2019.04.27-21.56.47:032][400]LogModuleManager: Shutting down and abandoning module XGEController (130)
[2019.04.27-21.56.47:032][400]LogModuleManager: Shutting down and abandoning module TargetPlatform (128)
[2019.04.27-21.56.47:032][400]LogModuleManager: Shutting down and abandoning module VulkanShaderFormat (127)
[2019.04.27-21.56.47:032][400]LogModuleManager: Shutting down and abandoning module ShaderFormatVectorVM (125)
[2019.04.27-21.56.47:032][400]LogModuleManager: Shutting down and abandoning module ShaderFormatOpenGL (123)
[2019.04.27-21.56.47:032][400]LogModuleManager: Shutting down and abandoning module ShaderFormatD3D (121)
[2019.04.27-21.56.47:032][400]LogModuleManager: Shutting down and abandoning module MetalShaderFormat (119)
[2019.04.27-21.56.47:032][400]LogModuleManager: Shutting down and abandoning module TextureFormatUncompressed (117)
[2019.04.27-21.56.47:032][400]LogModuleManager: Shutting down and abandoning module TextureFormatPVR (115)
[2019.04.27-21.56.47:032][400]LogModuleManager: Shutting down and abandoning module TextureFormatDXT (113)
[2019.04.27-21.56.47:033][400]LogModuleManager: Shutting down and abandoning module TextureFormatIntelISPCTexComp (111)
[2019.04.27-21.56.47:033][400]LogModuleManager: Shutting down and abandoning module TextureFormatASTC (109)
[2019.04.27-21.56.47:033][400]LogModuleManager: Shutting down and abandoning module ImageWrapper (108)
[2019.04.27-21.56.47:033][400]LogModuleManager: Shutting down and abandoning module TextureFormatAndroid (105)
[2019.04.27-21.56.47:033][400]LogModuleManager: Shutting down and abandoning module AudioFormatOpus (103)
[2019.04.27-21.56.47:033][400]LogModuleManager: Shutting down and abandoning module AudioFormatOgg (101)
[2019.04.27-21.56.47:033][400]LogModuleManager: Shutting down and abandoning module AudioFormatADPCM (99)
[2019.04.27-21.56.47:033][400]LogModuleManager: Shutting down and abandoning module WindowsTargetPlatform (97)
[2019.04.27-21.56.47:033][400]LogModuleManager: Shutting down and abandoning module WindowsServerTargetPlatform (95)
[2019.04.27-21.56.47:033][400]LogModuleManager: Shutting down and abandoning module WindowsNoEditorTargetPlatform (93)
[2019.04.27-21.56.47:033][400]LogModuleManager: Shutting down and abandoning module WindowsClientTargetPlatform (91)
[2019.04.27-21.56.47:033][400]LogModuleManager: Shutting down and abandoning module InputCore (88)
[2019.04.27-21.56.47:033][400]LogModuleManager: Shutting down and abandoning module Settings (86)
[2019.04.27-21.56.47:033][400]LogModuleManager: Shutting down and abandoning module PhysXCooking (84)
[2019.04.27-21.56.47:033][400]LogModuleManager: Shutting down and abandoning module SteamVR (82)
[2019.04.27-21.56.47:033][400]LogModuleManager: Shutting down and abandoning module OculusHMD (80)
[2019.04.27-21.56.47:033][400]LogModuleManager: Shutting down and abandoning module ExampleDeviceProfileSelector (78)
[2019.04.27-21.56.47:033][400]LogModuleManager: Shutting down and abandoning module LauncherChunkInstaller (76)
[2019.04.27-21.56.47:033][400]LogModuleManager: Shutting down and abandoning module OnlineBlueprintSupport (74)
[2019.04.27-21.56.47:033][400]LogModuleManager: Shutting down and abandoning module OnlineSubsystem (70)
[2019.04.27-21.56.47:033][400]LogModuleManager: Shutting down and abandoning module XMPP (65)
[2019.04.27-21.56.47:034][400]LogModuleManager: Shutting down and abandoning module WebSockets (64)
[2019.04.27-21.56.47:061][400]LogModuleManager: Shutting down and abandoning module HTTP (61)
[2019.04.27-21.56.47:090][400]LogModuleManager: Shutting down and abandoning module SSL (60)
[2019.04.27-21.56.47:091][400]LogModuleManager: Shutting down and abandoning module MagicLeapEmulator (56)
[2019.04.27-21.56.47:091][400]LogModuleManager: Shutting down and abandoning module MagicLeapPrivileges (54)
[2019.04.27-21.56.47:091][400]LogModuleManager: Shutting down and abandoning module MagicLeapIdentity (52)
[2019.04.27-21.56.47:091][400]LogModuleManager: Shutting down and abandoning module MagicLeapHelperVulkan (50)
[2019.04.27-21.56.47:091][400]LogModuleManager: Shutting down and abandoning module MagicLeapHelperOpenGL (48)
[2019.04.27-21.56.47:091][400]LogModuleManager: Shutting down and abandoning module MagicLeapSecureStorage (46)
[2019.04.27-21.56.47:091][400]LogModuleManager: Shutting down and abandoning module MagicLeapGestures (44)
[2019.04.27-21.56.47:091][400]LogModuleManager: Shutting down and abandoning module MagicLeapEyeTracker (42)
[2019.04.27-21.56.47:091][400]LogModuleManager: Shutting down and abandoning module MagicLeapController (40)
[2019.04.27-21.56.47:091][400]LogSlate: Slate User Destroyed.  User Index 0, Is Virtual User: 0
[2019.04.27-21.56.47:091][400]LogModuleManager: Shutting down and abandoning module MagicLeap (38)
[2019.04.27-21.56.47:091][400]LogModuleManager: Shutting down and abandoning module AnimationModifiers (36)
[2019.04.27-21.56.47:091][400]LogModuleManager: Shutting down and abandoning module PropertyEditor (35)
[2019.04.27-21.56.47:092][400]LogModuleManager: Shutting down and abandoning module AudioEditor (32)
[2019.04.27-21.56.47:092][400]LogModuleManager: Shutting down and abandoning module TextureCompressor (30)
[2019.04.27-21.56.47:092][400]LogModuleManager: Shutting down and abandoning module ShaderCore (28)
[2019.04.27-21.56.47:092][400]LogModuleManager: Shutting down and abandoning module Landscape (26)
[2019.04.27-21.56.47:092][400]LogModuleManager: Shutting down and abandoning module SlateRHIRenderer (24)
[2019.04.27-21.56.47:092][400]LogModuleManager: Shutting down and abandoning module OpenGLDrv (22)
[2019.04.27-21.56.47:092][400]LogModuleManager: Shutting down and abandoning module D3D11RHI (20)
[2019.04.27-21.56.47:092][400]LogModuleManager: Shutting down and abandoning module AnimGraphRuntime (18)
[2019.04.27-21.56.47:092][400]LogModuleManager: Shutting down and abandoning module Renderer (16)
[2019.04.27-21.56.47:092][400]LogModuleManager: Shutting down and abandoning module Engine (14)
[2019.04.27-21.56.47:092][400]LogModuleManager: Shutting down and abandoning module CoreUObject (12)
[2019.04.27-21.56.47:092][400]LogModuleManager: Shutting down and abandoning module NetworkFile (10)
[2019.04.27-21.56.47:092][400]LogModuleManager: Shutting down and abandoning module CookedIterativeFile (8)
[2019.04.27-21.56.47:092][400]LogModuleManager: Shutting down and abandoning module StreamingFile (6)
[2019.04.27-21.56.47:092][400]LogModuleManager: Shutting down and abandoning module SandboxFile (4)
[2019.04.27-21.56.47:092][400]LogModuleManager: Shutting down and abandoning module PakFile (2)
[2019.04.27-21.56.47:095][400]LogExit: Exiting.
[2019.04.27-21.56.47:097][400]Log file closed, 04/27/19 17:56:47
