Log file open, 04/27/19 17:31:23
LogWindows: Failed to load 'aqProf.dll' (GetLastError=126)
LogWindows: File 'aqProf.dll' does not exist
LogWindows: Failed to load 'VSPerf140.dll' (GetLastError=126)
LogWindows: File 'VSPerf140.dll' does not exist
LogWindows: Failed to load 'VtuneApi.dll' (GetLastError=126)
LogWindows: File 'VtuneApi.dll' does not exist
LogWindows: Failed to load 'VtuneApi32e.dll' (GetLastError=126)
LogWindows: File 'VtuneApi32e.dll' does not exist
LogInit: Display: Running engine for game: LungLevel
LogPlatformFile: Not using cached read wrapper
LogTaskGraph: Started task graph with 5 named threads and 23 total threads with 3 sets of task threads.
LogStats: Stats thread started at 0.284969
LogD3D11RHI: Loaded GFSDK_Aftermath_Lib.x64.dll
LogICUInternationalization: Display: ICU TimeZone Detection - Raw Offset: -5:00, Platform Override: ''
LogPluginManager: Mounting plugin Paper2D
LogPluginManager: Mounting plugin AISupport
LogPluginManager: Mounting plugin LightPropagationVolume
LogPluginManager: Mounting plugin CLionSourceCodeAccess
LogPluginManager: Mounting plugin CodeLiteSourceCodeAccess
LogPluginManager: Mounting plugin GitSourceControl
LogPluginManager: Mounting plugin KDevelopSourceCodeAccess
LogPluginManager: Mounting plugin NullSourceCodeAccess
LogPluginManager: Mounting plugin PerforceSourceControl
LogPluginManager: Mounting plugin SubversionSourceControl
LogPluginManager: Mounting plugin UObjectPlugin
LogPluginManager: Mounting plugin VisualStudioCodeSourceCodeAccess
LogPluginManager: Mounting plugin VisualStudioSourceCodeAccess
LogPluginManager: Mounting plugin XCodeSourceCodeAccess
LogPluginManager: Mounting plugin AssetManagerEditor
LogPluginManager: Mounting plugin CryptoKeys
LogPluginManager: Mounting plugin DataValidation
LogPluginManager: Mounting plugin FacialAnimation
LogPluginManager: Mounting plugin GameplayTagsEditor
LogPluginManager: Mounting plugin MacGraphicsSwitching
LogPluginManager: Mounting plugin MeshEditor
LogPluginManager: Mounting plugin MobileLauncherProfileWizard
LogPluginManager: Mounting plugin PluginBrowser
LogPluginManager: Mounting plugin SpeedTreeImporter
LogPluginManager: Mounting plugin DatasmithContent
LogPluginManager: Mounting plugin AlembicImporter
LogPluginManager: Mounting plugin AppleImageUtils
LogPluginManager: Mounting plugin AppleVision
LogPluginManager: Mounting plugin BackChannel
LogPluginManager: Mounting plugin CharacterAI
LogPluginManager: Mounting plugin GeometryCache
LogPluginManager: Mounting plugin HTML5Networking
LogPluginManager: Mounting plugin ProxyLODPlugin
LogPluginManager: Mounting plugin MagicLeap
LogPluginManager: Mounting plugin MagicLeapEmulator
LogPluginManager: Mounting plugin MagicLeapMedia
LogPluginManager: Mounting plugin AndroidMedia
LogPluginManager: Mounting plugin AvfMedia
LogPluginManager: Mounting plugin ImgMedia
LogPluginManager: Mounting plugin LinearTimecode
LogPluginManager: Mounting plugin MediaCompositing
LogPluginManager: Mounting plugin MediaPlayerEditor
LogPluginManager: Mounting plugin WmfMedia
LogPluginManager: Mounting plugin TcpMessaging
LogPluginManager: Mounting plugin UdpMessaging
LogPluginManager: Mounting plugin ActorSequence
LogPluginManager: Mounting plugin LevelSequenceEditor
LogPluginManager: Mounting plugin MatineeToLevelSequence
LogPluginManager: Mounting plugin NetcodeUnitTest
LogPluginManager: Mounting plugin NUTUnrealEngine4
LogPluginManager: Mounting plugin OnlineSubsystemGooglePlay
LogPluginManager: Mounting plugin OnlineSubsystemIOS
LogPluginManager: Mounting plugin OnlineSubsystem
LogPluginManager: Mounting plugin OnlineSubsystemNull
LogPluginManager: Mounting plugin OnlineSubsystemUtils
LogPluginManager: Mounting plugin LauncherChunkInstaller
LogPluginManager: Mounting plugin AndroidDeviceProfileSelector
LogPluginManager: Mounting plugin AndroidMoviePlayer
LogPluginManager: Mounting plugin AndroidPermission
LogPluginManager: Mounting plugin ApexDestruction
LogPluginManager: Mounting plugin AppleMoviePlayer
LogPluginManager: Mounting plugin ArchVisCharacter
LogPluginManager: Mounting plugin AudioCapture
LogPluginManager: Mounting plugin CableComponent
LogPluginManager: Mounting plugin CustomMeshComponent
LogPluginManager: Mounting plugin EditableMesh
LogPluginManager: Mounting plugin ExampleDeviceProfileSelector
LogPluginManager: Mounting plugin GoogleCloudMessaging
LogPluginManager: Mounting plugin ImmediatePhysics
LogPluginManager: Mounting plugin IOSDeviceProfileSelector
LogPluginManager: Mounting plugin LinuxDeviceProfileSelector
LogPluginManager: Mounting plugin LocationServicesBPLibrary
LogPluginManager: Mounting plugin MobilePatchingUtils
LogPluginManager: Mounting plugin OculusVR
LogPluginManager: Plugin shader directory ../../../Engine/Plugins/Runtime/Oculus/OculusVR/Shaders found
LogPluginManager: Mapping shader source directory ../../../Engine/Plugins/Runtime/Oculus/OculusVR/Shaders to virtual directory /Plugin/OculusVR
LogPluginManager: Mounting plugin PhysXVehicles
LogPluginManager: Mounting plugin ProceduralMeshComponent
LogPluginManager: Mounting plugin RuntimePhysXCooking
LogPluginManager: Mounting plugin SteamVR
LogPluginManager: Mounting plugin WindowsMoviePlayer
LogPluginManager: Mounting plugin VictoryBPLibrary
LogStreaming: Display: Took  0.212s to configure plugins.
LogInit: Using libcurl 7.55.1-DEV
LogInit:  - built for x86_64-pc-win32
LogInit:  - supports SSL with OpenSSL/1.0.2h
LogInit:  - supports HTTP deflate (compression) using libz 1.2.8
LogInit:  - other features:
LogInit:      CURL_VERSION_SSL
LogInit:      CURL_VERSION_LIBZ
LogInit:      CURL_VERSION_IPV6
LogInit:      CURL_VERSION_ASYNCHDNS
LogInit:      CURL_VERSION_LARGEFILE
LogInit:      CURL_VERSION_IDN
LogInit:  CurlRequestOptions (configurable via config and command line):
LogInit:  - bVerifyPeer = false  - Libcurl will NOT verify peer certificate
LogInit:  - bUseHttpProxy = false  - Libcurl will NOT use HTTP proxy
LogInit:  - bDontReuseConnections = false  - Libcurl will reuse connections
LogInit:  - CertBundlePath = nullptr  - Libcurl will use whatever was configured at build time.
LogInit:  - MaxHostConnections = 16  - Libcurl will limit the number of connections to a host
LogInit:  - LocalHostAddr = Default
LogInit:  - BufferSize = 65536
LogInit: WinSock: version 1.1 (2.2), MaxSocks=32767, MaxUdp=65467
LogInit: Build: ++UE4+Release-4.20-CL-4302132
LogInit: Engine Version: 4.20.2-4302132+++UE4+Release-4.20
LogInit: Compatible Engine Version: 4.20.0-4212847+++UE4+Release-4.20
LogInit: Net CL: 4212847
LogInit: OS: Windows 7 (Service Pack 1), CPU: Intel(R) Xeon(R) CPU E5-1620 v3 @ 3.50GHz, GPU: NVIDIA GeForce GTX 970
LogInit: Compiled (64-bit): Aug 21 2018 02:06:06
LogInit: Compiled with Visual C++: 19.13.26129.00
LogInit: Build Configuration: Development
LogInit: Branch Name: ++UE4+Release-4.20
LogInit: Command Line:  /Game/TwinStickBP/Maps/Lung_level -game -PIEVIACONSOLE -ResX=1280 -ResY=720  -Multiprocess -messaging -SessionName="Play in Standalone Game" -windowed 
LogInit: Base Directory: C:/Program Files/Epic Games/UE_4.20/Engine/Binaries/Win64/
LogInit: Installed Engine Build: 1
LogDevObjectVersion: Number of dev versions registered: 20
LogDevObjectVersion:   Dev-Blueprints (B0D832E4-1F89-4F0D-ACCF-7EB736FD4AA2): 10
LogDevObjectVersion:   Dev-Build (E1C64328-A22C-4D53-A36C-8E866417BD8C): 0
LogDevObjectVersion:   Dev-Core (375EC13C-06E4-48FB-B500-84F0262A717E): 2
LogDevObjectVersion:   Dev-Editor (E4B068ED-F494-42E9-A231-DA0B2E46BB41): 24
LogDevObjectVersion:   Dev-Framework (CFFC743F-43B0-4480-9391-14DF171D2073): 34
LogDevObjectVersion:   Dev-Mobile (B02B49B5-BB20-44E9-A304-32B752E40360): 2
LogDevObjectVersion:   Dev-Networking (A4E4105C-59A1-49B5-A7C5-40C4547EDFEE): 0
LogDevObjectVersion:   Dev-Online (39C831C9-5AE6-47DC-9A44-9C173E1C8E7C): 0
LogDevObjectVersion:   Dev-Physics (78F01B33-EBEA-4F98-B9B4-84EACCB95AA2): 0
LogDevObjectVersion:   Dev-Platform (6631380F-2D4D-43E0-8009-CF276956A95A): 0
LogDevObjectVersion:   Dev-Rendering (12F88B9F-8875-4AFC-A67C-D90C383ABD29): 26
LogDevObjectVersion:   Dev-Sequencer (7B5AE74C-D270-4C10-A958-57980B212A5A): 9
LogDevObjectVersion:   Dev-VR (D7296918-1DD6-4BDD-9DE2-64A83CC13884): 2
LogDevObjectVersion:   Dev-LoadTimes (C2A15278-BFE7-4AFE-6C17-90FF531DF755): 1
LogDevObjectVersion:   Private-Geometry (6EACA3D4-40EC-4CC1-B786-8BED09428FC5): 3
LogDevObjectVersion:   Dev-AnimPhys (29E575DD-E0A3-4627-9D10-D276232CDCEA): 17
LogDevObjectVersion:   Dev-ReflectionCapture (6B266CEC-1EC7-4B8F-A30B-E4D90942FC07): 1
LogDevObjectVersion:   Dev-Automation (0DF73D61-A23F-47EA-B727-89E90C41499A): 1
LogDevObjectVersion:   FortniteMain (601D1886-AC64-4F84-AA16-D3DE0DEAC7D6): 12
LogDevObjectVersion:   Dev-Enterprise (9DFFBCD6-494F-0158-E221-12823C92A888): 1
LogStreaming: Display: Took  0.006s to delete old logs.
LogInit: Presizing for max 8388607 objects, including 0 objects not considered by GC, pre-allocating 0 bytes for permanent pool.
LogInit: Object subsystem initialized
[2019.04.27-21.31.24:207][  0]LogInit: Selected Device Profile: [Windows]
[2019.04.27-21.31.24:207][  0]LogInit: Applying CVar settings loaded from the selected device profile: [Windows]
[2019.04.27-21.31.24:213][  0]LogHAL: Display: Platform has ~ 16 GB [17098534912 / 17179869184 / 16], which maps to Larger [LargestMinGB=32, LargerMinGB=12, DefaultMinGB=8, SmallerMinGB=6, SmallestMinGB=0)
[2019.04.27-21.31.24:213][  0]LogInit: Setting Device Profile CVar: [[r.Vulkan.UseRealUBs:1]]
[2019.04.27-21.31.24:214][  0]LogInit: Going up to parent DeviceProfile []
[2019.04.27-21.31.24:214][  0]LogInit: Computer: KNOY340PC04
[2019.04.27-21.31.24:214][  0]LogInit: User: zhu539
[2019.04.27-21.31.24:214][  0]LogInit: CPU Page size=4096, Cores=4
[2019.04.27-21.31.24:214][  0]LogInit: High frequency timer resolution =3.410087 MHz
[2019.04.27-21.31.24:214][  0]LogMemory: Memory total: Physical=15.9GB (16GB approx)
[2019.04.27-21.31.24:214][  0]LogMemory: Platform Memory Stats for Windows
[2019.04.27-21.31.24:214][  0]LogMemory: Process Physical Memory: 103.74 MB used, 103.74 MB peak
[2019.04.27-21.31.24:214][  0]LogMemory: Process Virtual Memory: 93.31 MB used, 93.31 MB peak
[2019.04.27-21.31.24:215][  0]LogMemory: Physical Memory: 9624.99 MB used,  6681.45 MB free, 16306.43 MB total
[2019.04.27-21.31.24:215][  0]LogMemory: Virtual Memory: 494.89 MB used,  6681.45 MB free, 8388608.00 MB total
[2019.04.27-21.31.24:284][  0]LogInit: Using OS detected language (en-US).
[2019.04.27-21.31.24:284][  0]LogInit: Using OS detected locale (en-US).
[2019.04.27-21.31.24:285][  0]LogTextLocalizationManager: No specific localization for 'en-US' exists, so the 'en' localization will be used.
[2019.04.27-21.31.24:685][  0]LogStreaming: Display: Took  0.399s to InitEngineTextLocalization.
[2019.04.27-21.31.24:715][  0]LogSlate: New Slate User Created.  User Index 0, Is Virtual User: 0
[2019.04.27-21.31.24:715][  0]LogSlate: Slate User Registered.  User Index 0, Is Virtual User: 0
[2019.04.27-21.31.24:724][  0]LogHMD: Failed to initialize OpenVR with code 110
[2019.04.27-21.31.24:724][  0]LogD3D11RHI: D3D11 adapters:
[2019.04.27-21.31.24:750][  0]LogD3D11RHI:    0. 'NVIDIA GeForce GTX 970' (Feature Level 11_0)
[2019.04.27-21.31.24:750][  0]LogD3D11RHI:       4008/0/7897 MB DedicatedVideo/DedicatedSystem/SharedSystem, Outputs:1, VendorId:0x10de
[2019.04.27-21.31.24:750][  0]LogD3D11RHI: Chosen D3D11 Adapter: 0
[2019.04.27-21.31.24:759][  0]LogD3D11RHI: Creating new Direct3DDevice
[2019.04.27-21.31.24:759][  0]LogD3D11RHI:     GPU DeviceId: 0x13c2 (for the marketing name, search the web for "GPU Device Id")
[2019.04.27-21.31.24:759][  0]LogWindows: EnumDisplayDevices:
[2019.04.27-21.31.24:759][  0]LogWindows:    0. 'NVIDIA GeForce GTX 970' (P:1 D:1)
[2019.04.27-21.31.24:760][  0]LogWindows:    1. 'NVIDIA GeForce GTX 970' (P:0 D:0)
[2019.04.27-21.31.24:761][  0]LogWindows:    2. 'NVIDIA GeForce GTX 970' (P:0 D:0)
[2019.04.27-21.31.24:761][  0]LogWindows:    3. 'NVIDIA GeForce GTX 970' (P:0 D:0)
[2019.04.27-21.31.24:761][  0]LogWindows:    4. 'RDPDD Chained DD' (P:0 D:0)
[2019.04.27-21.31.24:762][  0]LogWindows:    5. 'RDP Encoder Mirror Driver' (P:0 D:0)
[2019.04.27-21.31.24:762][  0]LogWindows:    6. 'RDP Reflector Display Driver' (P:0 D:0)
[2019.04.27-21.31.24:762][  0]LogWindows: DebugString: GetVideoDriverDetailsInvalid PrimaryIsNotTheChoosenAdapter GetVideoDriverDetailsInvalid PrimaryIsNotTheChoosenAdapter GetVideoDriverDetailsInvalid PrimaryIsNotTheChoosenAdapter FoundDriverCount:4 
[2019.04.27-21.31.24:762][  0]LogD3D11RHI:     Adapter Name: NVIDIA GeForce GTX 970
[2019.04.27-21.31.24:762][  0]LogD3D11RHI:   Driver Version: 353.30 (internal:10.18.13.5330, unified:353.30)
[2019.04.27-21.31.24:762][  0]LogD3D11RHI:      Driver Date: 6-17-2015
[2019.04.27-21.31.24:762][  0]LogRHI: Texture pool is 2805 MB (70% of 4008 MB)
[2019.04.27-21.31.24:782][  0]LogD3D11RHI: NvAPI_D3D_GetCurrentSLIState failed: 0xfffffff7
[2019.04.27-21.31.24:782][  0]LogD3D11RHI: Async texture creation enabled
[2019.04.27-21.31.24:798][  0]LogD3D11RHI: GPU Timing Frequency: 1000.000000 (Debug: 2 2)
[2019.04.27-21.31.24:801][  0]LogShaderCompilers: Guid format shader working directory is -17 characters bigger than the processId version (../../../../../../Temp/Linfeng Zhu CGT 445/All_Levels/All_Levels/Intermediate/Shaders/WorkingDirectory/9160/).
[2019.04.27-21.31.24:802][  0]LogShaderCompilers: Cleaned the shader compiler working directory 'C:/Users/zhu539/AppData/Local/Temp/UnrealShaderWorkingDir/A896AE0E4E145DABCFFF93A9F59551EB/'.
[2019.04.27-21.31.25:354][  0]LogTemp: Display: Loaded TP WindowsClientTargetPlatform
[2019.04.27-21.31.25:371][  0]LogTemp: Display: Loaded TP WindowsNoEditorTargetPlatform
[2019.04.27-21.31.25:388][  0]LogTemp: Display: Loaded TP WindowsServerTargetPlatform
[2019.04.27-21.31.25:405][  0]LogTemp: Display: Loaded TP WindowsTargetPlatform
[2019.04.27-21.31.25:406][  0]LogTargetPlatformManager: Display: Building Assets For Windows
[2019.04.27-21.31.25:516][  0]LogXGEController: Cannot use XGE Controller as Incredibuild is not installed on this machine.
[2019.04.27-21.31.25:516][  0]LogShaderCompilers: Cannot use XGE Shader Compiler as Incredibuild is not installed on this machine.
[2019.04.27-21.31.25:516][  0]LogShaderCompilers: Display: Using Local Shader Compiler.
[2019.04.27-21.31.26:544][  0]LogDerivedDataCache: Display: Max Cache Size: 512 MB
[2019.04.27-21.31.26:670][  0]LogDerivedDataCache: Loaded boot cache 0.13s 87MB C:/Users/zhu539/AppData/Local/UnrealEngine/4.20/DerivedDataCache/Boot.ddc.
[2019.04.27-21.31.26:670][  0]LogDerivedDataCache: Display: Loaded Boot cache: C:/Users/zhu539/AppData/Local/UnrealEngine/4.20/DerivedDataCache/Boot.ddc
[2019.04.27-21.31.26:670][  0]LogDerivedDataCache: FDerivedDataBackendGraph:  Pak pak cache file ../../../../../../Temp/Linfeng Zhu CGT 445/All_Levels/All_Levels/DerivedDataCache/DDC.ddp not found, will not use a pak cache.
[2019.04.27-21.31.26:670][  0]LogDerivedDataCache: Unable to find inner node Pak for hierarchical cache Hierarchy.
[2019.04.27-21.31.26:670][  0]LogDerivedDataCache: FDerivedDataBackendGraph:  CompressedPak pak cache file ../../../../../../Temp/Linfeng Zhu CGT 445/All_Levels/All_Levels/DerivedDataCache/Compressed.ddp not found, will not use a pak cache.
[2019.04.27-21.31.26:670][  0]LogDerivedDataCache: Unable to find inner node CompressedPak for hierarchical cache Hierarchy.
[2019.04.27-21.31.26:688][  0]LogDerivedDataCache: Display: Pak cache opened for reading ../../../Engine/DerivedDataCache/Compressed.ddp.
[2019.04.27-21.31.26:701][  0]LogDerivedDataCache: Using Local data cache path C:/Users/zhu539/AppData/Local/UnrealEngine/Common/DerivedDataCache: Writable
[2019.04.27-21.31.26:701][  0]LogDerivedDataCache: Shared data cache path not found in *engine.ini, will not use an Shared cache.
[2019.04.27-21.31.26:701][  0]LogDerivedDataCache: Unable to find inner node Shared for hierarchical cache Hierarchy.
[2019.04.27-21.31.26:723][  0]LogMaterial: Verifying Global Shaders for PCD3D_SM5
[2019.04.27-21.31.26:725][  0]LogSlate: Using FreeType 2.6.0
[2019.04.27-21.31.26:726][  0]LogSlate: SlateFontServices - WITH_FREETYPE: 1, WITH_HARFBUZZ: 1
[2019.04.27-21.31.26:817][  0]LogInit: Using OS detected language (en-US).
[2019.04.27-21.31.26:817][  0]LogInit: Using OS detected locale (en-US).
[2019.04.27-21.31.26:817][  0]LogTextLocalizationManager: No localization for 'en-US' exists, so 'en' will be used for the language.
[2019.04.27-21.31.26:817][  0]LogTextLocalizationManager: No localization for 'en-US' exists, so 'en' will be used for the locale.
[2019.04.27-21.31.27:140][  0]LogStreaming: Display: Took  0.322s to InitGameTextLocalization.
[2019.04.27-21.31.27:150][  0]LogAssetRegistry: FAssetRegistry took 0.0050 seconds to start up
[2019.04.27-21.31.27:363][  0]LogPackageLocalizationCache: Processed 11 localized package path(s) for 1 prioritized culture(s) in 0.017920 seconds
[2019.04.27-21.31.27:522][  0]LogInit: Selected Device Profile: [Windows]
[2019.04.27-21.31.27:702][  0]LogSimplygon: Simplygon DLL not present - disabling.
[2019.04.27-21.31.27:708][  0]LogMeshReduction: Using SimplygonSwarm for distributed automatic mesh merging
[2019.04.27-21.31.27:708][  0]LogMeshReduction: Using ProxyLODMeshReduction for automatic mesh merging
[2019.04.27-21.31.27:708][  0]LogMeshReduction: Using QuadricMeshReduction for automatic static mesh reduction
[2019.04.27-21.31.27:708][  0]LogMeshReduction: No automatic skeletal mesh reduction module available
[2019.04.27-21.31.27:727][  0]LogNetVersion: LungLevel 1.0.0, NetCL: 4212847, EngineNetVer: 5, GameNetVer: 0 (Checksum: 3686118635)
[2019.04.27-21.31.28:402][  0]LogMoviePlayer: Initializing movie player
[2019.04.27-21.31.28:594][  0]LogTcpMessaging: Initializing TcpMessaging bridge
[2019.04.27-21.31.28:608][  0]LogUdpMessaging: Initializing bridge on interface 0.0.0.0:0 to multicast group 230.0.0.1:6666.
[2019.04.27-21.31.28:684][  0]LogCollectionManager: Loaded 0 collections in 0.001860 seconds
[2019.04.27-21.31.28:725][  0]LogFileCache: Scanning file cache for directory 'C:/Temp/Linfeng Zhu CGT 445/All_Levels/All_Levels/Saved/Collections/' took 0.01s
[2019.04.27-21.31.28:725][  0]LogFileCache: Scanning file cache for directory 'C:/Temp/Linfeng Zhu CGT 445/All_Levels/All_Levels/Content/Developers/zhu539/Collections/' took 0.01s
[2019.04.27-21.31.28:725][  0]LogFileCache: Scanning file cache for directory 'C:/Temp/Linfeng Zhu CGT 445/All_Levels/All_Levels/Content/Collections/' took 0.01s
[2019.04.27-21.31.28:725][  0]LogCollectionManager: Rebuilt the object cache for 0 collections in 0.000000 seconds (found 0 objects)
[2019.04.27-21.31.28:725][  0]LogCollectionManager: Fixed up redirectors for 0 collections in 0.000124 seconds (updated 0 objects)
[2019.04.27-21.31.28:788][  0]SourceControl: Source control is disabled
[2019.04.27-21.31.28:788][  0]SourceControl: Source control is disabled
[2019.04.27-21.31.28:791][  0]SourceControl: Source control is disabled
[2019.04.27-21.31.28:949][  0]LogAndroidPermission: UAndroidPermissionCallbackProxy::GetInstance
[2019.04.27-21.31.29:008][  0]LogOcInput: OculusInput pre-init called
[2019.04.27-21.31.29:021][  0]LogUObjectArray: 43725 objects as part of root set at end of initial load.
[2019.04.27-21.31.29:021][  0]LogUObjectAllocator: 7695936 out of 0 bytes used by permanent object pool.
[2019.04.27-21.31.29:021][  0]LogUObjectArray: CloseDisregardForGC: 0/0 objects in disregard for GC pool
[2019.04.27-21.31.29:085][  0]LogEngine: Initializing Engine...
[2019.04.27-21.31.29:086][  0]LogHMD: Failed to initialize OpenVR with code 110
[2019.04.27-21.31.29:098][  0]LogStats: UGameplayTagsManager::ConstructGameplayTagTree: ImportINI prefixes -  0.000 s
[2019.04.27-21.31.29:098][  0]LogStats: UGameplayTagsManager::ConstructGameplayTagTree: Construct from data asset -  0.000 s
[2019.04.27-21.31.29:098][  0]LogStats: UGameplayTagsManager::ConstructGameplayTagTree: ImportINI -  0.000 s
[2019.04.27-21.31.29:098][  0]LogStats: UGameplayTagsManager::ConstructGameplayTagTree: GameplayTagTreeChangedEvent.Broadcast -  0.000 s
[2019.04.27-21.31.29:317][  0]LogInit: Initializing FReadOnlyCVARCache
[2019.04.27-21.31.29:327][  0]LogInit: XAudio2 using 'Speakers/Headphones (Realtek High Definition Audio)' : 2 channels at 48 kHz using 32 bits per sample (channel mask 0x3)
[2019.04.27-21.31.29:353][  0]LogInit: FAudioDevice initialized.
[2019.04.27-21.31.29:363][  0]LogNetVersion: Set ProjectVersion to 1.0.0.0. Version Checksum will be recalculated on next use.
[2019.04.27-21.31.29:369][  0]LogInit: Texture streaming: Enabled
[2019.04.27-21.31.29:541][  0]LogSlate: Updating window title bar state: overlay mode, drag disabled, window buttons hidden, title bar hidden
[2019.04.27-21.31.29:542][  0]LogInit: Display: Game Engine Initialized.
[2019.04.27-21.31.29:542][  0]LogGameplayTags: Display: UGameplayTagsManager::DoneAddingNativeTags. DelegateIsBound: 0
[2019.04.27-21.31.29:542][  0]LogStats: UGameplayTagsManager::ConstructGameplayTagTree: ImportINI prefixes -  0.000 s
[2019.04.27-21.31.29:542][  0]LogStats: UGameplayTagsManager::ConstructGameplayTagTree: Construct from data asset -  0.000 s
[2019.04.27-21.31.29:542][  0]LogStats: UGameplayTagsManager::ConstructGameplayTagTree: ImportINI -  0.000 s
[2019.04.27-21.31.29:542][  0]LogStats: UGameplayTagsManager::ConstructGameplayTagTree: GameplayTagTreeChangedEvent.Broadcast -  0.000 s
[2019.04.27-21.31.29:572][  0]LogInit: Display: Starting Game.
[2019.04.27-21.31.29:572][  0]LogNet: Browse: /Game/TwinStickBP/Maps/Lung_level?Name=Player
[2019.04.27-21.31.29:572][  0]LogLoad: LoadMap: /Game/TwinStickBP/Maps/Lung_level?Name=Player
[2019.04.27-21.31.31:647][  0]LogAIModule: Creating AISystem for world Lung_level
[2019.04.27-21.31.31:648][  0]LogLoad: Game class is 'TwinStickGameMode_C'
[2019.04.27-21.31.31:680][  0]LogWorld: Bringing World /Game/TwinStickBP/Maps/Lung_level.Lung_level up for play (max tick rate 0) at 2019.04.27-17.31.31
[2019.04.27-21.31.31:685][  0]LogWorld: Bringing up level for play took: 0.036103
[2019.04.27-21.31.31:692][  0]LogSlate: Took 0.000417 seconds to synchronously load lazily loaded font '../../../Engine/Content/Slate/Fonts/Roboto-Regular.ttf' (155K)
[2019.04.27-21.31.31:693][  0]LogLoad: Took 2.126420 seconds to LoadMap(/Game/TwinStickBP/Maps/Lung_level)
[2019.04.27-21.31.31:778][  0]LogRenderer: Reallocating scene render targets to support 256x256 Format 10 NumSamples 1 (Frame:1).
[2019.04.27-21.31.31:778][  0]LogRenderer: Reallocating scene render targets to support 1280x720 Format 10 NumSamples 1 (Frame:1).
[2019.04.27-21.31.31:778][  0]LogLoad: (Engine Initialization) Total time: 10.34 seconds
[2019.04.27-21.31.31:778][  0]LogLoad: (Engine Initialization) Total Blueprint compile time: 0.00 seconds
[2019.04.27-21.31.31:821][  0]LogContentStreaming: Texture pool size now 1000 MB
[2019.04.27-21.32.25:654][173]LogScript: Warning: Accessed None trying to read property K2Node_DynamicCast_AsBP_Follower
	Slime_C /Game/TwinStickBP/Maps/Lung_level.Lung_level:PersistentLevel.TwinStickPawn_317
	Function /Game/TwinStickBP/Blueprints/Slime.Slime_C:ExecuteUbergraph_Slime:0A75
[2019.04.27-21.32.25:654][173]LogScript: Warning: Script call stack:
	Function /Game/TwinStickBP/Blueprints/Slime.Slime_C:BndEvt__Sphere_K2Node_ComponentBoundEvent_0_ComponentBeginOverlapSignature__DelegateSignature
	Function /Game/TwinStickBP/Blueprints/Slime.Slime_C:ExecuteUbergraph_Slime

[2019.04.27-21.32.25:654][173]LogScript: Warning: Accessed None trying to read property K2Node_DynamicCast_AsV_1
	Slime_C /Game/TwinStickBP/Maps/Lung_level.Lung_level:PersistentLevel.TwinStickPawn_317
	Function /Game/TwinStickBP/Blueprints/Slime.Slime_C:ExecuteUbergraph_Slime:0A99
[2019.04.27-21.32.25:654][173]LogScript: Warning: Script call stack:
	Function /Game/TwinStickBP/Blueprints/Slime.Slime_C:BndEvt__Sphere_K2Node_ComponentBoundEvent_0_ComponentBeginOverlapSignature__DelegateSignature
	Function /Game/TwinStickBP/Blueprints/Slime.Slime_C:ExecuteUbergraph_Slime

[2019.04.27-21.32.25:654][173]LogScript: Warning: Accessed None trying to read property K2Node_DynamicCast_AsV_4
	Slime_C /Game/TwinStickBP/Maps/Lung_level.Lung_level:PersistentLevel.TwinStickPawn_317
	Function /Game/TwinStickBP/Blueprints/Slime.Slime_C:ExecuteUbergraph_Slime:0ABD
[2019.04.27-21.32.25:654][173]LogScript: Warning: Script call stack:
	Function /Game/TwinStickBP/Blueprints/Slime.Slime_C:BndEvt__Sphere_K2Node_ComponentBoundEvent_0_ComponentBeginOverlapSignature__DelegateSignature
	Function /Game/TwinStickBP/Blueprints/Slime.Slime_C:ExecuteUbergraph_Slime

[2019.04.27-21.32.26:077][199]LogScript: Warning: Accessed None trying to read property CallFunc_GetOwner_ReturnValue
	BP_Follower_C /Game/TwinStickBP/Maps/Lung_level.Lung_level:PersistentLevel.BP_Follower_3
	Function /Game/TwinStickBP/Blueprints/Enemies/BP_Follower.BP_Follower_C:ExecuteUbergraph_BP_Follower:016F
[2019.04.27-21.32.26:077][199]LogScript: Warning: Script call stack:
	Function /Game/TwinStickBP/Blueprints/Enemies/BP_Follower.BP_Follower_C:ExecuteUbergraph_BP_Follower

[2019.04.27-21.32.27:029][255]LogScript: Warning: Accessed None trying to read property K2Node_DynamicCast_AsBP_Follower
	Slime_C /Game/TwinStickBP/Maps/Lung_level.Lung_level:PersistentLevel.TwinStickPawn_317
	Function /Game/TwinStickBP/Blueprints/Slime.Slime_C:ExecuteUbergraph_Slime:0A75
[2019.04.27-21.32.27:029][255]LogScript: Warning: Script call stack:
	Function /Game/TwinStickBP/Blueprints/Slime.Slime_C:BndEvt__Sphere_K2Node_ComponentBoundEvent_0_ComponentBeginOverlapSignature__DelegateSignature
	Function /Game/TwinStickBP/Blueprints/Slime.Slime_C:ExecuteUbergraph_Slime

[2019.04.27-21.32.27:029][255]LogScript: Warning: Accessed None trying to read property K2Node_DynamicCast_AsV_1
	Slime_C /Game/TwinStickBP/Maps/Lung_level.Lung_level:PersistentLevel.TwinStickPawn_317
	Function /Game/TwinStickBP/Blueprints/Slime.Slime_C:ExecuteUbergraph_Slime:0A99
[2019.04.27-21.32.27:029][255]LogScript: Warning: Script call stack:
	Function /Game/TwinStickBP/Blueprints/Slime.Slime_C:BndEvt__Sphere_K2Node_ComponentBoundEvent_0_ComponentBeginOverlapSignature__DelegateSignature
	Function /Game/TwinStickBP/Blueprints/Slime.Slime_C:ExecuteUbergraph_Slime

[2019.04.27-21.32.27:029][255]LogScript: Warning: Accessed None trying to read property K2Node_DynamicCast_AsV_4
	Slime_C /Game/TwinStickBP/Maps/Lung_level.Lung_level:PersistentLevel.TwinStickPawn_317
	Function /Game/TwinStickBP/Blueprints/Slime.Slime_C:ExecuteUbergraph_Slime:0ABD
[2019.04.27-21.32.27:029][255]LogScript: Warning: Script call stack:
	Function /Game/TwinStickBP/Blueprints/Slime.Slime_C:BndEvt__Sphere_K2Node_ComponentBoundEvent_0_ComponentBeginOverlapSignature__DelegateSignature
	Function /Game/TwinStickBP/Blueprints/Slime.Slime_C:ExecuteUbergraph_Slime

[2019.04.27-21.32.27:094][259]LogScript: Warning: Accessed None trying to read property CallFunc_GetOwner_ReturnValue
	BP_Follower_C /Game/TwinStickBP/Maps/Lung_level.Lung_level:PersistentLevel.BP_Follower_3
	Function /Game/TwinStickBP/Blueprints/Enemies/BP_Follower.BP_Follower_C:ExecuteUbergraph_BP_Follower:016F
[2019.04.27-21.32.27:094][259]LogScript: Warning: Script call stack:
	Function /Game/TwinStickBP/Blueprints/Enemies/BP_Follower.BP_Follower_C:ExecuteUbergraph_BP_Follower

[2019.04.27-21.32.28:784][356]LogScript: Warning: Accessed None trying to read property CallFunc_GetOwner_ReturnValue
	BP_Follower_C /Game/TwinStickBP/Maps/Lung_level.Lung_level:PersistentLevel.BP_Follower_3
	Function /Game/TwinStickBP/Blueprints/Enemies/BP_Follower.BP_Follower_C:ExecuteUbergraph_BP_Follower:016F
[2019.04.27-21.32.28:784][356]LogScript: Warning: Script call stack:
	Function /Game/TwinStickBP/Blueprints/Enemies/BP_Follower.BP_Follower_C:ExecuteUbergraph_BP_Follower

[2019.04.27-21.32.32:684][587]LogScript: Warning: Accessed None trying to read property K2Node_DynamicCast_AsBP_Follower
	Slime_C /Game/TwinStickBP/Maps/Lung_level.Lung_level:PersistentLevel.TwinStickPawn_317
	Function /Game/TwinStickBP/Blueprints/Slime.Slime_C:ExecuteUbergraph_Slime:0A75
[2019.04.27-21.32.32:684][587]LogScript: Warning: Script call stack:
	Function /Game/TwinStickBP/Blueprints/Slime.Slime_C:BndEvt__Sphere_K2Node_ComponentBoundEvent_0_ComponentBeginOverlapSignature__DelegateSignature
	Function /Game/TwinStickBP/Blueprints/Slime.Slime_C:ExecuteUbergraph_Slime

[2019.04.27-21.32.32:684][587]LogScript: Warning: Accessed None trying to read property K2Node_DynamicCast_AsV_1
	Slime_C /Game/TwinStickBP/Maps/Lung_level.Lung_level:PersistentLevel.TwinStickPawn_317
	Function /Game/TwinStickBP/Blueprints/Slime.Slime_C:ExecuteUbergraph_Slime:0A99
[2019.04.27-21.32.32:684][587]LogScript: Warning: Script call stack:
	Function /Game/TwinStickBP/Blueprints/Slime.Slime_C:BndEvt__Sphere_K2Node_ComponentBoundEvent_0_ComponentBeginOverlapSignature__DelegateSignature
	Function /Game/TwinStickBP/Blueprints/Slime.Slime_C:ExecuteUbergraph_Slime

[2019.04.27-21.32.32:684][587]LogScript: Warning: Accessed None trying to read property K2Node_DynamicCast_AsV_4
	Slime_C /Game/TwinStickBP/Maps/Lung_level.Lung_level:PersistentLevel.TwinStickPawn_317
	Function /Game/TwinStickBP/Blueprints/Slime.Slime_C:ExecuteUbergraph_Slime:0ABD
[2019.04.27-21.32.32:684][587]LogScript: Warning: Script call stack:
	Function /Game/TwinStickBP/Blueprints/Slime.Slime_C:BndEvt__Sphere_K2Node_ComponentBoundEvent_0_ComponentBeginOverlapSignature__DelegateSignature
	Function /Game/TwinStickBP/Blueprints/Slime.Slime_C:ExecuteUbergraph_Slime

[2019.04.27-21.32.33:219][618]LogScript: Warning: Accessed None trying to read property CallFunc_GetOwner_ReturnValue
	BP_Follower_C /Game/TwinStickBP/Maps/Lung_level.Lung_level:PersistentLevel.BP_Follower3_9
	Function /Game/TwinStickBP/Blueprints/Enemies/BP_Follower.BP_Follower_C:ExecuteUbergraph_BP_Follower:016F
[2019.04.27-21.32.33:219][618]LogScript: Warning: Script call stack:
	Function /Game/TwinStickBP/Blueprints/Enemies/BP_Follower.BP_Follower_C:ExecuteUbergraph_BP_Follower

[2019.04.27-21.32.33:603][641]LogScript: Warning: Accessed None trying to read property K2Node_DynamicCast_AsVirus_Enemy
	Slime_C /Game/TwinStickBP/Maps/Lung_level.Lung_level:PersistentLevel.TwinStickPawn_317
	Function /Game/TwinStickBP/Blueprints/Slime.Slime_C:ExecuteUbergraph_Slime:0A51
[2019.04.27-21.32.33:603][641]LogScript: Warning: Script call stack:
	Function /Game/TwinStickBP/Blueprints/Slime.Slime_C:BndEvt__Sphere_K2Node_ComponentBoundEvent_0_ComponentBeginOverlapSignature__DelegateSignature
	Function /Game/TwinStickBP/Blueprints/Slime.Slime_C:ExecuteUbergraph_Slime

[2019.04.27-21.32.33:603][641]LogScript: Warning: Accessed None trying to read property K2Node_DynamicCast_AsV_1
	Slime_C /Game/TwinStickBP/Maps/Lung_level.Lung_level:PersistentLevel.TwinStickPawn_317
	Function /Game/TwinStickBP/Blueprints/Slime.Slime_C:ExecuteUbergraph_Slime:0A99
[2019.04.27-21.32.33:603][641]LogScript: Warning: Script call stack:
	Function /Game/TwinStickBP/Blueprints/Slime.Slime_C:BndEvt__Sphere_K2Node_ComponentBoundEvent_0_ComponentBeginOverlapSignature__DelegateSignature
	Function /Game/TwinStickBP/Blueprints/Slime.Slime_C:ExecuteUbergraph_Slime

[2019.04.27-21.32.33:603][641]LogScript: Warning: Accessed None trying to read property K2Node_DynamicCast_AsV_4
	Slime_C /Game/TwinStickBP/Maps/Lung_level.Lung_level:PersistentLevel.TwinStickPawn_317
	Function /Game/TwinStickBP/Blueprints/Slime.Slime_C:ExecuteUbergraph_Slime:0ABD
[2019.04.27-21.32.33:603][641]LogScript: Warning: Script call stack:
	Function /Game/TwinStickBP/Blueprints/Slime.Slime_C:BndEvt__Sphere_K2Node_ComponentBoundEvent_0_ComponentBeginOverlapSignature__DelegateSignature
	Function /Game/TwinStickBP/Blueprints/Slime.Slime_C:ExecuteUbergraph_Slime

[2019.04.27-21.32.40:079][ 24]LogScript: Warning: Accessed None trying to read property CallFunc_GetOwner_ReturnValue
	BP_Follower_C /Game/TwinStickBP/Maps/Lung_level.Lung_level:PersistentLevel.BP_Follower4_12
	Function /Game/TwinStickBP/Blueprints/Enemies/BP_Follower.BP_Follower_C:ExecuteUbergraph_BP_Follower:016F
[2019.04.27-21.32.40:079][ 24]LogScript: Warning: Script call stack:
	Function /Game/TwinStickBP/Blueprints/Enemies/BP_Follower.BP_Follower_C:ExecuteUbergraph_BP_Follower

[2019.04.27-21.32.41:071][ 83]LogScript: Warning: Accessed None trying to read property CallFunc_GetOwner_ReturnValue
	BP_Follower_C /Game/TwinStickBP/Maps/Lung_level.Lung_level:PersistentLevel.BP_Follower4_12
	Function /Game/TwinStickBP/Blueprints/Enemies/BP_Follower.BP_Follower_C:ExecuteUbergraph_BP_Follower:016F
[2019.04.27-21.32.41:071][ 83]LogScript: Warning: Script call stack:
	Function /Game/TwinStickBP/Blueprints/Enemies/BP_Follower.BP_Follower_C:ExecuteUbergraph_BP_Follower

[2019.04.27-21.32.42:089][143]LogScript: Warning: Accessed None trying to read property CallFunc_GetOwner_ReturnValue
	BP_Follower_C /Game/TwinStickBP/Maps/Lung_level.Lung_level:PersistentLevel.BP_Follower4_12
	Function /Game/TwinStickBP/Blueprints/Enemies/BP_Follower.BP_Follower_C:ExecuteUbergraph_BP_Follower:016F
[2019.04.27-21.32.42:090][143]LogScript: Warning: Script call stack:
	Function /Game/TwinStickBP/Blueprints/Enemies/BP_Follower.BP_Follower_C:ExecuteUbergraph_BP_Follower

[2019.04.27-21.32.43:109][204]LogScript: Warning: Accessed None trying to read property CallFunc_GetOwner_ReturnValue
	BP_Follower_C /Game/TwinStickBP/Maps/Lung_level.Lung_level:PersistentLevel.BP_Follower4_12
	Function /Game/TwinStickBP/Blueprints/Enemies/BP_Follower.BP_Follower_C:ExecuteUbergraph_BP_Follower:016F
[2019.04.27-21.32.43:109][204]LogScript: Warning: Script call stack:
	Function /Game/TwinStickBP/Blueprints/Enemies/BP_Follower.BP_Follower_C:ExecuteUbergraph_BP_Follower

[2019.04.27-21.32.44:414][280]LogScript: Warning: Accessed None trying to read property CallFunc_GetOwner_ReturnValue
	BP_Follower_C /Game/TwinStickBP/Maps/Lung_level.Lung_level:PersistentLevel.BP_Follower4_12
	Function /Game/TwinStickBP/Blueprints/Enemies/BP_Follower.BP_Follower_C:ExecuteUbergraph_BP_Follower:016F
[2019.04.27-21.32.44:414][280]LogScript: Warning: Script call stack:
	Function /Game/TwinStickBP/Blueprints/Enemies/BP_Follower.BP_Follower_C:ExecuteUbergraph_BP_Follower

[2019.04.27-21.32.45:417][340]LogScript: Warning: Accessed None trying to read property CallFunc_GetOwner_ReturnValue
	BP_Follower_C /Game/TwinStickBP/Maps/Lung_level.Lung_level:PersistentLevel.BP_Follower4_12
	Function /Game/TwinStickBP/Blueprints/Enemies/BP_Follower.BP_Follower_C:ExecuteUbergraph_BP_Follower:016F
[2019.04.27-21.32.45:417][340]LogScript: Warning: Script call stack:
	Function /Game/TwinStickBP/Blueprints/Enemies/BP_Follower.BP_Follower_C:ExecuteUbergraph_BP_Follower

[2019.04.27-21.32.46:426][400]LogScript: Warning: Accessed None trying to read property CallFunc_GetOwner_ReturnValue
	BP_Follower_C /Game/TwinStickBP/Maps/Lung_level.Lung_level:PersistentLevel.BP_Follower4_12
	Function /Game/TwinStickBP/Blueprints/Enemies/BP_Follower.BP_Follower_C:ExecuteUbergraph_BP_Follower:016F
[2019.04.27-21.32.46:426][400]LogScript: Warning: Script call stack:
	Function /Game/TwinStickBP/Blueprints/Enemies/BP_Follower.BP_Follower_C:ExecuteUbergraph_BP_Follower

[2019.04.27-21.32.47:346][454]LogScript: Warning: Accessed None trying to read property CallFunc_GetOwner_ReturnValue
	BP_Follower_C /Game/TwinStickBP/Maps/Lung_level.Lung_level:PersistentLevel.BP_Follower2_6
	Function /Game/TwinStickBP/Blueprints/Enemies/BP_Follower.BP_Follower_C:ExecuteUbergraph_BP_Follower:016F
[2019.04.27-21.32.47:346][454]LogScript: Warning: Script call stack:
	Function /Game/TwinStickBP/Blueprints/Enemies/BP_Follower.BP_Follower_C:ExecuteUbergraph_BP_Follower

[2019.04.27-21.32.47:445][460]LogScript: Warning: Accessed None trying to read property CallFunc_GetOwner_ReturnValue
	BP_Follower_C /Game/TwinStickBP/Maps/Lung_level.Lung_level:PersistentLevel.BP_Follower4_12
	Function /Game/TwinStickBP/Blueprints/Enemies/BP_Follower.BP_Follower_C:ExecuteUbergraph_BP_Follower:016F
[2019.04.27-21.32.47:445][460]LogScript: Warning: Script call stack:
	Function /Game/TwinStickBP/Blueprints/Enemies/BP_Follower.BP_Follower_C:ExecuteUbergraph_BP_Follower

[2019.04.27-21.32.48:364][515]LogScript: Warning: Accessed None trying to read property CallFunc_GetOwner_ReturnValue
	BP_Follower_C /Game/TwinStickBP/Maps/Lung_level.Lung_level:PersistentLevel.BP_Follower2_6
	Function /Game/TwinStickBP/Blueprints/Enemies/BP_Follower.BP_Follower_C:ExecuteUbergraph_BP_Follower:016F
[2019.04.27-21.32.48:364][515]LogScript: Warning: Script call stack:
	Function /Game/TwinStickBP/Blueprints/Enemies/BP_Follower.BP_Follower_C:ExecuteUbergraph_BP_Follower

[2019.04.27-21.32.48:449][520]LogScript: Warning: Accessed None trying to read property CallFunc_GetOwner_ReturnValue
	BP_Follower_C /Game/TwinStickBP/Maps/Lung_level.Lung_level:PersistentLevel.BP_Follower4_12
	Function /Game/TwinStickBP/Blueprints/Enemies/BP_Follower.BP_Follower_C:ExecuteUbergraph_BP_Follower:016F
[2019.04.27-21.32.48:449][520]LogScript: Warning: Script call stack:
	Function /Game/TwinStickBP/Blueprints/Enemies/BP_Follower.BP_Follower_C:ExecuteUbergraph_BP_Follower

[2019.04.27-21.32.49:468][579]LogScript: Warning: Accessed None trying to read property CallFunc_GetOwner_ReturnValue
	BP_Follower_C /Game/TwinStickBP/Maps/Lung_level.Lung_level:PersistentLevel.BP_Follower4_12
	Function /Game/TwinStickBP/Blueprints/Enemies/BP_Follower.BP_Follower_C:ExecuteUbergraph_BP_Follower:016F
[2019.04.27-21.32.49:468][579]LogScript: Warning: Script call stack:
	Function /Game/TwinStickBP/Blueprints/Enemies/BP_Follower.BP_Follower_C:ExecuteUbergraph_BP_Follower

[2019.04.27-21.32.50:487][640]LogScript: Warning: Accessed None trying to read property CallFunc_GetOwner_ReturnValue
	BP_Follower_C /Game/TwinStickBP/Maps/Lung_level.Lung_level:PersistentLevel.BP_Follower4_12
	Function /Game/TwinStickBP/Blueprints/Enemies/BP_Follower.BP_Follower_C:ExecuteUbergraph_BP_Follower:016F
[2019.04.27-21.32.50:487][640]LogScript: Warning: Script call stack:
	Function /Game/TwinStickBP/Blueprints/Enemies/BP_Follower.BP_Follower_C:ExecuteUbergraph_BP_Follower

[2019.04.27-21.32.53:668][829]LogScript: Warning: Accessed None trying to read property CallFunc_GetOwner_ReturnValue
	BP_Follower_C /Game/TwinStickBP/Maps/Lung_level.Lung_level:PersistentLevel.BP_Follower4_12
	Function /Game/TwinStickBP/Blueprints/Enemies/BP_Follower.BP_Follower_C:ExecuteUbergraph_BP_Follower:016F
[2019.04.27-21.32.53:669][829]LogScript: Warning: Script call stack:
	Function /Game/TwinStickBP/Blueprints/Enemies/BP_Follower.BP_Follower_C:ExecuteUbergraph_BP_Follower

[2019.04.27-21.32.54:674][889]LogScript: Warning: Accessed None trying to read property CallFunc_GetOwner_ReturnValue
	BP_Follower_C /Game/TwinStickBP/Maps/Lung_level.Lung_level:PersistentLevel.BP_Follower4_12
	Function /Game/TwinStickBP/Blueprints/Enemies/BP_Follower.BP_Follower_C:ExecuteUbergraph_BP_Follower:016F
[2019.04.27-21.32.54:674][889]LogScript: Warning: Script call stack:
	Function /Game/TwinStickBP/Blueprints/Enemies/BP_Follower.BP_Follower_C:ExecuteUbergraph_BP_Follower

[2019.04.27-21.32.58:607][123]LogScript: Warning: Accessed None trying to read property CallFunc_GetOwner_ReturnValue
	BP_Follower_C /Game/TwinStickBP/Maps/Lung_level.Lung_level:PersistentLevel.BP_Follower5_15
	Function /Game/TwinStickBP/Blueprints/Enemies/BP_Follower.BP_Follower_C:ExecuteUbergraph_BP_Follower:016F
[2019.04.27-21.32.58:607][123]LogScript: Warning: Script call stack:
	Function /Game/TwinStickBP/Blueprints/Enemies/BP_Follower.BP_Follower_C:ExecuteUbergraph_BP_Follower

[2019.04.27-21.32.59:611][183]LogScript: Warning: Accessed None trying to read property CallFunc_GetOwner_ReturnValue
	BP_Follower_C /Game/TwinStickBP/Maps/Lung_level.Lung_level:PersistentLevel.BP_Follower5_15
	Function /Game/TwinStickBP/Blueprints/Enemies/BP_Follower.BP_Follower_C:ExecuteUbergraph_BP_Follower:016F
[2019.04.27-21.32.59:611][183]LogScript: Warning: Script call stack:
	Function /Game/TwinStickBP/Blueprints/Enemies/BP_Follower.BP_Follower_C:ExecuteUbergraph_BP_Follower

[2019.04.27-21.33.00:629][242]LogScript: Warning: Accessed None trying to read property CallFunc_GetOwner_ReturnValue
	BP_Follower_C /Game/TwinStickBP/Maps/Lung_level.Lung_level:PersistentLevel.BP_Follower5_15
	Function /Game/TwinStickBP/Blueprints/Enemies/BP_Follower.BP_Follower_C:ExecuteUbergraph_BP_Follower:016F
[2019.04.27-21.33.00:629][242]LogScript: Warning: Script call stack:
	Function /Game/TwinStickBP/Blueprints/Enemies/BP_Follower.BP_Follower_C:ExecuteUbergraph_BP_Follower

[2019.04.27-21.33.01:622][299]LogScript: Warning: Accessed None trying to read property CallFunc_GetOwner_ReturnValue
	BP_Follower_C /Game/TwinStickBP/Maps/Lung_level.Lung_level:PersistentLevel.BP_Follower5_15
	Function /Game/TwinStickBP/Blueprints/Enemies/BP_Follower.BP_Follower_C:ExecuteUbergraph_BP_Follower:016F
[2019.04.27-21.33.01:622][299]LogScript: Warning: Script call stack:
	Function /Game/TwinStickBP/Blueprints/Enemies/BP_Follower.BP_Follower_C:ExecuteUbergraph_BP_Follower

[2019.04.27-21.33.11:762][904]LogScript: Warning: Accessed None trying to read property CallFunc_GetOwner_ReturnValue
	BP_Follower_C /Game/TwinStickBP/Maps/Lung_level.Lung_level:PersistentLevel.BP_Follower6_18
	Function /Game/TwinStickBP/Blueprints/Enemies/BP_Follower.BP_Follower_C:ExecuteUbergraph_BP_Follower:016F
[2019.04.27-21.33.11:762][904]LogScript: Warning: Script call stack:
	Function /Game/TwinStickBP/Blueprints/Enemies/BP_Follower.BP_Follower_C:ExecuteUbergraph_BP_Follower

[2019.04.27-21.33.12:498][947]LogScript: Warning: Accessed None trying to read property K2Node_DynamicCast_AsBP_Follower
	Slime_C /Game/TwinStickBP/Maps/Lung_level.Lung_level:PersistentLevel.TwinStickPawn_317
	Function /Game/TwinStickBP/Blueprints/Slime.Slime_C:ExecuteUbergraph_Slime:0A75
[2019.04.27-21.33.12:498][947]LogScript: Warning: Script call stack:
	Function /Game/TwinStickBP/Blueprints/Slime.Slime_C:BndEvt__Sphere_K2Node_ComponentBoundEvent_0_ComponentBeginOverlapSignature__DelegateSignature
	Function /Game/TwinStickBP/Blueprints/Slime.Slime_C:ExecuteUbergraph_Slime

[2019.04.27-21.33.12:498][947]LogScript: Warning: Accessed None trying to read property K2Node_DynamicCast_AsV_1
	Slime_C /Game/TwinStickBP/Maps/Lung_level.Lung_level:PersistentLevel.TwinStickPawn_317
	Function /Game/TwinStickBP/Blueprints/Slime.Slime_C:ExecuteUbergraph_Slime:0A99
[2019.04.27-21.33.12:498][947]LogScript: Warning: Script call stack:
	Function /Game/TwinStickBP/Blueprints/Slime.Slime_C:BndEvt__Sphere_K2Node_ComponentBoundEvent_0_ComponentBeginOverlapSignature__DelegateSignature
	Function /Game/TwinStickBP/Blueprints/Slime.Slime_C:ExecuteUbergraph_Slime

[2019.04.27-21.33.12:498][947]LogScript: Warning: Accessed None trying to read property K2Node_DynamicCast_AsV_4
	Slime_C /Game/TwinStickBP/Maps/Lung_level.Lung_level:PersistentLevel.TwinStickPawn_317
	Function /Game/TwinStickBP/Blueprints/Slime.Slime_C:ExecuteUbergraph_Slime:0ABD
[2019.04.27-21.33.12:498][947]LogScript: Warning: Script call stack:
	Function /Game/TwinStickBP/Blueprints/Slime.Slime_C:BndEvt__Sphere_K2Node_ComponentBoundEvent_0_ComponentBeginOverlapSignature__DelegateSignature
	Function /Game/TwinStickBP/Blueprints/Slime.Slime_C:ExecuteUbergraph_Slime

[2019.04.27-21.33.12:766][963]LogScript: Warning: Accessed None trying to read property CallFunc_GetOwner_ReturnValue
	BP_Follower_C /Game/TwinStickBP/Maps/Lung_level.Lung_level:PersistentLevel.BP_Follower6_18
	Function /Game/TwinStickBP/Blueprints/Enemies/BP_Follower.BP_Follower_C:ExecuteUbergraph_BP_Follower:016F
[2019.04.27-21.33.12:766][963]LogScript: Warning: Script call stack:
	Function /Game/TwinStickBP/Blueprints/Enemies/BP_Follower.BP_Follower_C:ExecuteUbergraph_BP_Follower

[2019.04.27-21.33.13:770][ 23]LogScript: Warning: Accessed None trying to read property CallFunc_GetOwner_ReturnValue
	BP_Follower_C /Game/TwinStickBP/Maps/Lung_level.Lung_level:PersistentLevel.BP_Follower6_18
	Function /Game/TwinStickBP/Blueprints/Enemies/BP_Follower.BP_Follower_C:ExecuteUbergraph_BP_Follower:016F
[2019.04.27-21.33.13:770][ 23]LogScript: Warning: Script call stack:
	Function /Game/TwinStickBP/Blueprints/Enemies/BP_Follower.BP_Follower_C:ExecuteUbergraph_BP_Follower

[2019.04.27-21.33.15:156][103]LogScript: Warning: Accessed None trying to read property CallFunc_GetOwner_ReturnValue
	BP_Follower_C /Game/TwinStickBP/Maps/Lung_level.Lung_level:PersistentLevel.BP_Follower7_21
	Function /Game/TwinStickBP/Blueprints/Enemies/BP_Follower.BP_Follower_C:ExecuteUbergraph_BP_Follower:016F
[2019.04.27-21.33.15:156][103]LogScript: Warning: Script call stack:
	Function /Game/TwinStickBP/Blueprints/Enemies/BP_Follower.BP_Follower_C:ExecuteUbergraph_BP_Follower

[2019.04.27-21.33.16:147][160]LogScript: Warning: Accessed None trying to read property CallFunc_GetOwner_ReturnValue
	BP_Follower_C /Game/TwinStickBP/Maps/Lung_level.Lung_level:PersistentLevel.BP_Follower7_21
	Function /Game/TwinStickBP/Blueprints/Enemies/BP_Follower.BP_Follower_C:ExecuteUbergraph_BP_Follower:016F
[2019.04.27-21.33.16:147][160]LogScript: Warning: Script call stack:
	Function /Game/TwinStickBP/Blueprints/Enemies/BP_Follower.BP_Follower_C:ExecuteUbergraph_BP_Follower

[2019.04.27-21.33.17:167][221]LogScript: Warning: Accessed None trying to read property CallFunc_GetOwner_ReturnValue
	BP_Follower_C /Game/TwinStickBP/Maps/Lung_level.Lung_level:PersistentLevel.BP_Follower7_21
	Function /Game/TwinStickBP/Blueprints/Enemies/BP_Follower.BP_Follower_C:ExecuteUbergraph_BP_Follower:016F
[2019.04.27-21.33.17:167][221]LogScript: Warning: Script call stack:
	Function /Game/TwinStickBP/Blueprints/Enemies/BP_Follower.BP_Follower_C:ExecuteUbergraph_BP_Follower

[2019.04.27-21.33.18:656][310]LogScript: Warning: Accessed None trying to read property CallFunc_GetOwner_ReturnValue
	BP_Follower_C /Game/TwinStickBP/Maps/Lung_level.Lung_level:PersistentLevel.BP_Follower7_21
	Function /Game/TwinStickBP/Blueprints/Enemies/BP_Follower.BP_Follower_C:ExecuteUbergraph_BP_Follower:016F
[2019.04.27-21.33.18:656][310]LogScript: Warning: Script call stack:
	Function /Game/TwinStickBP/Blueprints/Enemies/BP_Follower.BP_Follower_C:ExecuteUbergraph_BP_Follower

[2019.04.27-21.33.19:675][369]LogScript: Warning: Accessed None trying to read property CallFunc_GetOwner_ReturnValue
	BP_Follower_C /Game/TwinStickBP/Maps/Lung_level.Lung_level:PersistentLevel.BP_Follower7_21
	Function /Game/TwinStickBP/Blueprints/Enemies/BP_Follower.BP_Follower_C:ExecuteUbergraph_BP_Follower:016F
[2019.04.27-21.33.19:675][369]LogScript: Warning: Script call stack:
	Function /Game/TwinStickBP/Blueprints/Enemies/BP_Follower.BP_Follower_C:ExecuteUbergraph_BP_Follower

[2019.04.27-21.33.21:922][495]LogScript: Warning: Accessed None trying to read property CallFunc_GetOwner_ReturnValue
	BP_Follower_C /Game/TwinStickBP/Maps/Lung_level.Lung_level:PersistentLevel.BP_Follower10_30
	Function /Game/TwinStickBP/Blueprints/Enemies/BP_Follower.BP_Follower_C:ExecuteUbergraph_BP_Follower:016F
[2019.04.27-21.33.21:922][495]LogScript: Warning: Script call stack:
	Function /Game/TwinStickBP/Blueprints/Enemies/BP_Follower.BP_Follower_C:ExecuteUbergraph_BP_Follower

[2019.04.27-21.33.22:941][556]LogScript: Warning: Accessed None trying to read property CallFunc_GetOwner_ReturnValue
	BP_Follower_C /Game/TwinStickBP/Maps/Lung_level.Lung_level:PersistentLevel.BP_Follower10_30
	Function /Game/TwinStickBP/Blueprints/Enemies/BP_Follower.BP_Follower_C:ExecuteUbergraph_BP_Follower:016F
[2019.04.27-21.33.22:941][556]LogScript: Warning: Script call stack:
	Function /Game/TwinStickBP/Blueprints/Enemies/BP_Follower.BP_Follower_C:ExecuteUbergraph_BP_Follower

[2019.04.27-21.33.23:335][566]LogPackageName: SearchForPackageOnDisk took   0.225s to resolve Heart_level.umap.
[2019.04.27-21.33.23:530][567]LogPackageName: SearchForPackageOnDisk took   0.192s to resolve Heart_level.umap.
[2019.04.27-21.33.23:530][567]LogNet: Browse: /Game/Heart_level
[2019.04.27-21.33.23:530][567]LogLoad: LoadMap: /Game/Heart_level
[2019.04.27-21.33.25:068][567]LogAIModule: Creating AISystem for world Heart_level
[2019.04.27-21.33.25:069][567]LogLoad: Game class is 'TwinStickGameMode_C'
[2019.04.27-21.33.25:128][567]LogWorld: Bringing World /Game/Heart_level.Heart_level up for play (max tick rate 0) at 2019.04.27-17.33.25
[2019.04.27-21.33.25:130][567]LogWorld: Bringing up level for play took: 0.059916
[2019.04.27-21.33.25:134][567]LogLoad: Took 1.598345 seconds to LoadMap(/Game/Heart_level)
[2019.04.27-21.33.30:222][807]LogScript: Warning: Accessed None trying to read property CallFunc_GetOwner_ReturnValue
	BP_Follower_C /Game/Heart_level.Heart_level:PersistentLevel.BP_Follower12
	Function /Game/TwinStickBP/Blueprints/Enemies/BP_Follower.BP_Follower_C:ExecuteUbergraph_BP_Follower:016F
[2019.04.27-21.33.30:222][807]LogScript: Warning: Script call stack:
	Function /Game/TwinStickBP/Blueprints/Enemies/BP_Follower.BP_Follower_C:ExecuteUbergraph_BP_Follower

[2019.04.27-21.33.33:969][991]LogScript: Warning: Accessed None trying to read property CallFunc_GetOwner_ReturnValue
	BP_Follower_C /Game/Heart_level.Heart_level:PersistentLevel.BP_Follower24
	Function /Game/TwinStickBP/Blueprints/Enemies/BP_Follower.BP_Follower_C:ExecuteUbergraph_BP_Follower:016F
[2019.04.27-21.33.33:969][991]LogScript: Warning: Script call stack:
	Function /Game/TwinStickBP/Blueprints/Enemies/BP_Follower.BP_Follower_C:ExecuteUbergraph_BP_Follower

[2019.04.27-21.33.34:990][ 39]LogScript: Warning: Accessed None trying to read property K2Node_DynamicCast_AsVirus_Enemy
	Slime_C /Game/Heart_level.Heart_level:PersistentLevel.Slime_C_0
	Function /Game/TwinStickBP/Blueprints/Slime.Slime_C:ExecuteUbergraph_Slime:0A51
[2019.04.27-21.33.34:990][ 39]LogScript: Warning: Script call stack:
	Function /Game/TwinStickBP/Blueprints/Slime.Slime_C:BndEvt__Sphere_K2Node_ComponentBoundEvent_0_ComponentBeginOverlapSignature__DelegateSignature
	Function /Game/TwinStickBP/Blueprints/Slime.Slime_C:ExecuteUbergraph_Slime

[2019.04.27-21.33.34:990][ 39]LogScript: Warning: Accessed None trying to read property K2Node_DynamicCast_AsV_1
	Slime_C /Game/Heart_level.Heart_level:PersistentLevel.Slime_C_0
	Function /Game/TwinStickBP/Blueprints/Slime.Slime_C:ExecuteUbergraph_Slime:0A99
[2019.04.27-21.33.34:990][ 39]LogScript: Warning: Script call stack:
	Function /Game/TwinStickBP/Blueprints/Slime.Slime_C:BndEvt__Sphere_K2Node_ComponentBoundEvent_0_ComponentBeginOverlapSignature__DelegateSignature
	Function /Game/TwinStickBP/Blueprints/Slime.Slime_C:ExecuteUbergraph_Slime

[2019.04.27-21.33.34:990][ 39]LogScript: Warning: Accessed None trying to read property K2Node_DynamicCast_AsV_4
	Slime_C /Game/Heart_level.Heart_level:PersistentLevel.Slime_C_0
	Function /Game/TwinStickBP/Blueprints/Slime.Slime_C:ExecuteUbergraph_Slime:0ABD
[2019.04.27-21.33.34:990][ 39]LogScript: Warning: Script call stack:
	Function /Game/TwinStickBP/Blueprints/Slime.Slime_C:BndEvt__Sphere_K2Node_ComponentBoundEvent_0_ComponentBeginOverlapSignature__DelegateSignature
	Function /Game/TwinStickBP/Blueprints/Slime.Slime_C:ExecuteUbergraph_Slime

[2019.04.27-21.33.34:990][ 39]LogScript: Warning: Accessed None trying to read property CallFunc_GetOwner_ReturnValue
	BP_Follower_C /Game/Heart_level.Heart_level:PersistentLevel.BP_Follower24
	Function /Game/TwinStickBP/Blueprints/Enemies/BP_Follower.BP_Follower_C:ExecuteUbergraph_BP_Follower:016F
[2019.04.27-21.33.34:990][ 39]LogScript: Warning: Script call stack:
	Function /Game/TwinStickBP/Blueprints/Enemies/BP_Follower.BP_Follower_C:ExecuteUbergraph_BP_Follower

[2019.04.27-21.33.39:309][256]LogScript: Warning: Accessed None trying to read property K2Node_DynamicCast_AsVirus_Enemy
	Slime_C /Game/Heart_level.Heart_level:PersistentLevel.Slime_C_0
	Function /Game/TwinStickBP/Blueprints/Slime.Slime_C:ExecuteUbergraph_Slime:0A51
[2019.04.27-21.33.39:309][256]LogScript: Warning: Script call stack:
	Function /Game/TwinStickBP/Blueprints/Slime.Slime_C:BndEvt__Sphere_K2Node_ComponentBoundEvent_0_ComponentBeginOverlapSignature__DelegateSignature
	Function /Game/TwinStickBP/Blueprints/Slime.Slime_C:ExecuteUbergraph_Slime

[2019.04.27-21.33.39:309][256]LogScript: Warning: Accessed None trying to read property K2Node_DynamicCast_AsV_1
	Slime_C /Game/Heart_level.Heart_level:PersistentLevel.Slime_C_0
	Function /Game/TwinStickBP/Blueprints/Slime.Slime_C:ExecuteUbergraph_Slime:0A99
[2019.04.27-21.33.39:309][256]LogScript: Warning: Script call stack:
	Function /Game/TwinStickBP/Blueprints/Slime.Slime_C:BndEvt__Sphere_K2Node_ComponentBoundEvent_0_ComponentBeginOverlapSignature__DelegateSignature
	Function /Game/TwinStickBP/Blueprints/Slime.Slime_C:ExecuteUbergraph_Slime

[2019.04.27-21.33.39:309][256]LogScript: Warning: Accessed None trying to read property K2Node_DynamicCast_AsV_4
	Slime_C /Game/Heart_level.Heart_level:PersistentLevel.Slime_C_0
	Function /Game/TwinStickBP/Blueprints/Slime.Slime_C:ExecuteUbergraph_Slime:0ABD
[2019.04.27-21.33.39:309][256]LogScript: Warning: Script call stack:
	Function /Game/TwinStickBP/Blueprints/Slime.Slime_C:BndEvt__Sphere_K2Node_ComponentBoundEvent_0_ComponentBeginOverlapSignature__DelegateSignature
	Function /Game/TwinStickBP/Blueprints/Slime.Slime_C:ExecuteUbergraph_Slime

[2019.04.27-21.33.39:309][256]LogScript: Warning: Accessed None trying to read property CallFunc_GetOwner_ReturnValue
	BP_Follower_C /Game/Heart_level.Heart_level:PersistentLevel.BP_Follower11
	Function /Game/TwinStickBP/Blueprints/Enemies/BP_Follower.BP_Follower_C:ExecuteUbergraph_BP_Follower:016F
[2019.04.27-21.33.39:309][256]LogScript: Warning: Script call stack:
	Function /Game/TwinStickBP/Blueprints/Enemies/BP_Follower.BP_Follower_C:ExecuteUbergraph_BP_Follower

[2019.04.27-21.33.48:630][714]LogScript: Warning: Accessed None trying to read property CallFunc_GetOwner_ReturnValue
	BP_Follower_C /Game/Heart_level.Heart_level:PersistentLevel.BP_Follower12
	Function /Game/TwinStickBP/Blueprints/Enemies/BP_Follower.BP_Follower_C:ExecuteUbergraph_BP_Follower:016F
[2019.04.27-21.33.48:630][714]LogScript: Warning: Script call stack:
	Function /Game/TwinStickBP/Blueprints/Enemies/BP_Follower.BP_Follower_C:ExecuteUbergraph_BP_Follower

[2019.04.27-21.33.49:633][763]LogScript: Warning: Accessed None trying to read property CallFunc_GetOwner_ReturnValue
	BP_Follower_C /Game/Heart_level.Heart_level:PersistentLevel.BP_Follower12
	Function /Game/TwinStickBP/Blueprints/Enemies/BP_Follower.BP_Follower_C:ExecuteUbergraph_BP_Follower:016F
[2019.04.27-21.33.49:633][763]LogScript: Warning: Script call stack:
	Function /Game/TwinStickBP/Blueprints/Enemies/BP_Follower.BP_Follower_C:ExecuteUbergraph_BP_Follower

[2019.04.27-21.33.50:653][811]LogScript: Warning: Accessed None trying to read property CallFunc_GetOwner_ReturnValue
	BP_Follower_C /Game/Heart_level.Heart_level:PersistentLevel.BP_Follower12
	Function /Game/TwinStickBP/Blueprints/Enemies/BP_Follower.BP_Follower_C:ExecuteUbergraph_BP_Follower:016F
[2019.04.27-21.33.50:653][811]LogScript: Warning: Script call stack:
	Function /Game/TwinStickBP/Blueprints/Enemies/BP_Follower.BP_Follower_C:ExecuteUbergraph_BP_Follower

[2019.04.27-21.33.57:401][138]LogScript: Warning: Accessed None trying to read property CallFunc_GetOwner_ReturnValue
	BP_Follower_C /Game/Heart_level.Heart_level:PersistentLevel.BP_Follower12
	Function /Game/TwinStickBP/Blueprints/Enemies/BP_Follower.BP_Follower_C:ExecuteUbergraph_BP_Follower:016F
[2019.04.27-21.33.57:401][138]LogScript: Warning: Script call stack:
	Function /Game/TwinStickBP/Blueprints/Enemies/BP_Follower.BP_Follower_C:ExecuteUbergraph_BP_Follower

[2019.04.27-21.33.58:404][188]LogScript: Warning: Accessed None trying to read property CallFunc_GetOwner_ReturnValue
	BP_Follower_C /Game/Heart_level.Heart_level:PersistentLevel.BP_Follower12
	Function /Game/TwinStickBP/Blueprints/Enemies/BP_Follower.BP_Follower_C:ExecuteUbergraph_BP_Follower:016F
[2019.04.27-21.33.58:404][188]LogScript: Warning: Script call stack:
	Function /Game/TwinStickBP/Blueprints/Enemies/BP_Follower.BP_Follower_C:ExecuteUbergraph_BP_Follower

[2019.04.27-21.33.59:424][242]LogScript: Warning: Accessed None trying to read property CallFunc_GetOwner_ReturnValue
	BP_Follower_C /Game/Heart_level.Heart_level:PersistentLevel.BP_Follower12
	Function /Game/TwinStickBP/Blueprints/Enemies/BP_Follower.BP_Follower_C:ExecuteUbergraph_BP_Follower:016F
[2019.04.27-21.33.59:424][242]LogScript: Warning: Script call stack:
	Function /Game/TwinStickBP/Blueprints/Enemies/BP_Follower.BP_Follower_C:ExecuteUbergraph_BP_Follower

[2019.04.27-21.34.00:427][295]LogScript: Warning: Accessed None trying to read property CallFunc_GetOwner_ReturnValue
	BP_Follower_C /Game/Heart_level.Heart_level:PersistentLevel.BP_Follower12
	Function /Game/TwinStickBP/Blueprints/Enemies/BP_Follower.BP_Follower_C:ExecuteUbergraph_BP_Follower:016F
[2019.04.27-21.34.00:427][295]LogScript: Warning: Script call stack:
	Function /Game/TwinStickBP/Blueprints/Enemies/BP_Follower.BP_Follower_C:ExecuteUbergraph_BP_Follower

