Log file open, 09/04/18 18:24:39
LogWindows: Failed to load 'aqProf.dll' (GetLastError=126)
LogWindows: File 'aqProf.dll' does not exist
LogWindows: Failed to load 'VtuneApi.dll' (GetLastError=126)
LogWindows: File 'VtuneApi.dll' does not exist
LogWindows: Failed to load 'VtuneApi32e.dll' (GetLastError=126)
LogWindows: File 'VtuneApi32e.dll' does not exist
LogInit: Display: Running engine for game: DystopianEnvironment
LogPlatformFile: Not using cached read wrapper
LogInit: Display: RandInit(1650275790) SRandInit(1650275790).
LogTaskGraph: Started task graph with 5 named threads and 14 total threads with 3 sets of task threads.
LogStats: Stats thread started at 0.198675
LogD3D11RHI: Aftermath initialized
LogPluginManager: Mounting plugin Paper2D
LogPluginManager: Mounting plugin LightPropagationVolume
LogPluginManager: Mounting plugin CodeLiteSourceCodeAccess
LogPluginManager: Mounting plugin GitSourceControl
LogPluginManager: Mounting plugin KDevelopSourceCodeAccess
LogPluginManager: Mounting plugin NullSourceCodeAccess
LogPluginManager: Mounting plugin PerforceSourceControl
LogPluginManager: Mounting plugin SubversionSourceControl
LogPluginManager: Mounting plugin UObjectPlugin
LogPluginManager: Mounting plugin VisualStudioSourceCodeAccess
LogPluginManager: Mounting plugin XCodeSourceCodeAccess
LogPluginManager: Mounting plugin AssetManagerEditor
LogPluginManager: Mounting plugin AudioCapture
LogPluginManager: Mounting plugin FacialAnimation
LogPluginManager: Mounting plugin GameplayTagsEditor
LogPluginManager: Mounting plugin MobileLauncherProfileWizard
LogPluginManager: Mounting plugin PluginBrowser
LogPluginManager: Mounting plugin SpeedTreeImporter
LogPluginManager: Mounting plugin AlembicImporter
LogPluginManager: Mounting plugin CharacterAI
LogPluginManager: Mounting plugin HTML5Networking
LogPluginManager: Mounting plugin AndroidMedia
LogPluginManager: Mounting plugin AvfMedia
LogPluginManager: Mounting plugin MediaPlayerEditor
LogPluginManager: Mounting plugin WmfMedia
LogPluginManager: Mounting plugin TcpMessaging
LogPluginManager: Mounting plugin UdpMessaging
LogPluginManager: Mounting plugin LevelSequenceEditor
LogPluginManager: Mounting plugin MatineeToLevelSequence
LogPluginManager: Mounting plugin OnlineSubsystemGooglePlay
LogPluginManager: Mounting plugin OnlineSubsystemIOS
LogPluginManager: Mounting plugin OnlineSubsystem
LogPluginManager: Mounting plugin OnlineSubsystemNull
LogPluginManager: Mounting plugin OnlineSubsystemUtils
LogPluginManager: Mounting plugin AndroidDeviceProfileSelector
LogPluginManager: Mounting plugin AndroidMoviePlayer
LogPluginManager: Mounting plugin AndroidPermission
LogPluginManager: Mounting plugin AppleMoviePlayer
LogPluginManager: Mounting plugin ArchVisCharacter
LogPluginManager: Mounting plugin CableComponent
LogPluginManager: Mounting plugin CustomMeshComponent
LogPluginManager: Mounting plugin ExampleDeviceProfileSelector
LogPluginManager: Mounting plugin GoogleCloudMessaging
LogPluginManager: Mounting plugin ImmediatePhysics
LogPluginManager: Mounting plugin IOSDeviceProfileSelector
LogPluginManager: Mounting plugin LinuxDeviceProfileSelector
LogPluginManager: Mounting plugin LocationServicesBPLibrary
LogPluginManager: Mounting plugin MobilePatchingUtils
LogPluginManager: Mounting plugin OculusVR
LogPluginManager: Mounting plugin PhysXVehicles
LogPluginManager: Mounting plugin ProceduralMeshComponent
LogPluginManager: Mounting plugin RuntimePhysXCooking
LogPluginManager: Mounting plugin SteamVR
LogPluginManager: Mounting plugin WindowsMoviePlayer
LogInit: Using libcurl 7.47.1
LogInit:  - built for x86_64-pc-win32
LogInit:  - supports SSL with OpenSSL/1.0.2g
LogInit:  - supports HTTP deflate (compression) using libz 1.2.8
LogInit:  - other features:
LogInit:      CURL_VERSION_SSL
LogInit:      CURL_VERSION_LIBZ
LogInit:      CURL_VERSION_IPV6
LogInit:      CURL_VERSION_ASYNCHDNS
LogInit:      CURL_VERSION_LARGEFILE
LogInit:      CURL_VERSION_IDN
LogInit:  CurlRequestOptions (configurable via config and command line):
LogInit:  - bVerifyPeer = false  - Libcurl will NOT verify peer certificate
LogInit:  - bUseHttpProxy = false  - Libcurl will NOT use HTTP proxy
LogInit:  - bDontReuseConnections = false  - Libcurl will reuse connections
LogInit:  - CertBundlePath = nullptr  - Libcurl will use whatever was configured at build time.
LogInit: Build: ++UE4+Release-4.17-CL-3658906
LogInit: Engine Version: 4.17.2-3658906+++UE4+Release-4.17
LogInit: Compatible Engine Version: 4.17.0-3573198+++UE4+Release-4.17
LogInit: Net CL: 3573198
LogDevObjectVersion: Number of dev versions registered: 16
LogDevObjectVersion:   Dev-Blueprints (B0D832E4-1F89-4F0D-ACCF-7EB736FD4AA2): 10
LogDevObjectVersion:   Dev-Build (E1C64328-A22C-4D53-A36C-8E866417BD8C): 0
LogDevObjectVersion:   Dev-Core (375EC13C-06E4-48FB-B500-84F0262A717E): 2
LogDevObjectVersion:   Dev-Editor (E4B068ED-F494-42E9-A231-DA0B2E46BB41): 20
LogDevObjectVersion:   Dev-Framework (CFFC743F-43B0-4480-9391-14DF171D2073): 28
LogDevObjectVersion:   Dev-Mobile (B02B49B5-BB20-44E9-A304-32B752E40360): 0
LogDevObjectVersion:   Dev-Networking (A4E4105C-59A1-49B5-A7C5-40C4547EDFEE): 0
LogDevObjectVersion:   Dev-Online (39C831C9-5AE6-47DC-9A44-9C173E1C8E7C): 0
LogDevObjectVersion:   Dev-Physics (78F01B33-EBEA-4F98-B9B4-84EACCB95AA2): 0
LogDevObjectVersion:   Dev-Platform (6631380F-2D4D-43E0-8009-CF276956A95A): 0
LogDevObjectVersion:   Dev-Rendering (12F88B9F-8875-4AFC-A67C-D90C383ABD29): 19
LogDevObjectVersion:   Dev-Sequencer (7B5AE74C-D270-4C10-A958-57980B212A5A): 4
LogDevObjectVersion:   Dev-VR (D7296918-1DD6-4BDD-9DE2-64A83CC13884): 0
LogDevObjectVersion:   Dev-LoadTimes (C2A15278-BFE7-4AFE-6C17-90FF531DF755): 1
LogDevObjectVersion:   Private-Geometry (6EACA3D4-40EC-4CC1-B786-8BED09428FC5): 1
LogDevObjectVersion:   Dev-AnimPhys (29E575DD-E0A3-4627-9D10-D276232CDCEA): 7
LogInit: Compiled (64-bit): Sep 22 2017 13:47:16
LogInit: Compiled with Visual C++: 19.00.24215.01
LogInit: Build Configuration: Development
LogInit: Branch Name: ++UE4+Release-4.17
LogInit: Command line: 
LogInit: Base directory: D:/EpicGames/Games/UE_4.17/Engine/Binaries/Win64/
LogInit: Installed Engine Build: 1
LogInit: Presizing for max 8388607 objects, including 0 objects not considered by GC, pre-allocating 0 bytes for permanent pool.
LogInit: Object subsystem initialized
[2018.09.04-22.24.40:486][  0]LogInit: Selected Device Profile: [Windows]
[2018.09.04-22.24.40:486][  0]LogInit: Applying CVar settings loaded from the selected device profile: [Windows]
[2018.09.04-22.24.40:498][  0]LogInit: Computer: VARUNMW01
[2018.09.04-22.24.40:498][  0]LogInit: User: Varun
[2018.09.04-22.24.40:498][  0]LogInit: CPU Page size=4096, Cores=4
[2018.09.04-22.24.40:498][  0]LogInit: High frequency timer resolution =2.531249 MHz
[2018.09.04-22.24.40:498][  0]LogMemory: Memory total: Physical=15.9GB (16GB approx)
[2018.09.04-22.24.40:498][  0]LogMemory: Platform Memory Stats for Windows
[2018.09.04-22.24.40:498][  0]LogMemory: Process Physical Memory: 279.56 MB used, 279.56 MB peak
[2018.09.04-22.24.40:498][  0]LogMemory: Process Virtual Memory: 282.59 MB used, 282.59 MB peak
[2018.09.04-22.24.40:498][  0]LogMemory: Physical Memory: 10378.45 MB used,  5878.51 MB free, 16256.96 MB total
[2018.09.04-22.24.40:498][  0]LogMemory: Virtual Memory: 4812.88 MB used,  5878.51 MB free, 134217728.00 MB total
[2018.09.04-22.24.40:678][  0]LogInit: Using OS detected language (en-US).
[2018.09.04-22.24.40:678][  0]LogInit: Using OS detected locale (en-US).
[2018.09.04-22.24.40:684][  0]LogTextLocalizationManager: No specific localization for 'en-US' exists, so the 'en' localization will be used.
[2018.09.04-22.24.41:732][  0]LogD3D11RHI: D3D11 adapters:
[2018.09.04-22.24.41:810][  0]LogD3D11RHI:    0. 'NVIDIA GeForce GTX 960M' (Feature Level 11_0)
[2018.09.04-22.24.41:810][  0]LogD3D11RHI:       4055/0/8128 MB DedicatedVideo/DedicatedSystem/SharedSystem, Outputs:1, VendorId:0x10de
[2018.09.04-22.24.41:828][  0]LogD3D11RHI:    1. 'Intel(R) HD Graphics 530' (Feature Level 11_0)
[2018.09.04-22.24.41:829][  0]LogD3D11RHI:       128/0/8128 MB DedicatedVideo/DedicatedSystem/SharedSystem, Outputs:0, VendorId:0x8086
[2018.09.04-22.24.41:831][  0]LogD3D11RHI:    2. 'Microsoft Basic Render Driver' (Feature Level 11_0)
[2018.09.04-22.24.41:832][  0]LogD3D11RHI:       0/0/8128 MB DedicatedVideo/DedicatedSystem/SharedSystem, Outputs:0, VendorId:0x1414
[2018.09.04-22.24.41:832][  0]LogD3D11RHI: Chosen D3D11 Adapter: 0
[2018.09.04-22.24.41:851][  0]LogD3D11RHI: Creating new Direct3DDevice
[2018.09.04-22.24.41:851][  0]LogD3D11RHI:     GPU DeviceId: 0x139b (for the marketing name, search the web for "GPU Device Id")
[2018.09.04-22.24.41:851][  0]LogWindows: EnumDisplayDevices:
[2018.09.04-22.24.41:852][  0]LogWindows:    0. 'Intel(R) HD Graphics 530' (P:1 D:1)
[2018.09.04-22.24.41:852][  0]LogWindows:    1. 'Intel(R) HD Graphics 530' (P:0 D:0)
[2018.09.04-22.24.41:852][  0]LogWindows:    2. 'Intel(R) HD Graphics 530' (P:0 D:0)
[2018.09.04-22.24.41:852][  0]LogWindows: DebugString: GetVideoDriverDetailsInvalid PrimaryIsNotTheChoosenAdapter GetVideoDriverDetailsInvalid PrimaryIsNotTheChoosenAdapter GetVideoDriverDetailsInvalid PrimaryIsNotTheChoosenAdapter FoundDriverCount:0 
[2018.09.04-22.24.41:852][  0]LogD3D11RHI:     Adapter Name: NVIDIA GeForce GTX 960M
[2018.09.04-22.24.41:852][  0]LogD3D11RHI:   Driver Version: Unknown (internal:Unknown, unified:Unknown)
[2018.09.04-22.24.41:852][  0]LogD3D11RHI:      Driver Date: Unknown
[2018.09.04-22.24.41:852][  0]LogRHI: Texture pool is 1361 MB (70% of 1945 MB)
[2018.09.04-22.24.41:899][  0]LogD3D11RHI: Async texture creation enabled
[2018.09.04-22.24.41:925][  0]LogD3D11RHI: GPU Timing Frequency: 1000.000000 (Debug: 2 2)
[2018.09.04-22.24.41:925][  0]LogShaderCompilers: Guid format shader working directory is -16 characters bigger than the processId version (C:/Users/Varun/Documents/Unreal Projects/DystopianEnvironment/Intermediate/Shaders/WorkingDirectory/40204/).
[2018.09.04-22.24.41:925][  0]LogShaderCompilers: Cleaned the shader compiler working directory 'C:/Users/Varun/AppData/Local/Temp/UnrealShaderWorkingDir/9BCFD5D546E1F2CCA232E2A6982DB0F8/'.
[2018.09.04-22.24.41:925][  0]LogShaderCompilers: Display: Using Local Shader Compiler.
[2018.09.04-22.24.43:015][  0]LogTemp: Display: Loaded TP AllDesktopTargetPlatform
[2018.09.04-22.24.43:073][  0]LogTemp: Display: Loaded TP MacClientTargetPlatform
[2018.09.04-22.24.43:168][  0]LogTemp: Display: Loaded TP MacNoEditorTargetPlatform
[2018.09.04-22.24.43:230][  0]LogTemp: Display: Loaded TP MacServerTargetPlatform
[2018.09.04-22.24.43:296][  0]LogTemp: Display: Loaded TP MacTargetPlatform
[2018.09.04-22.24.43:380][  0]LogTemp: Display: Loaded TP WindowsClientTargetPlatform
[2018.09.04-22.24.43:447][  0]LogTemp: Display: Loaded TP WindowsNoEditorTargetPlatform
[2018.09.04-22.24.43:511][  0]LogTemp: Display: Loaded TP WindowsServerTargetPlatform
[2018.09.04-22.24.43:576][  0]LogTemp: Display: Loaded TP WindowsTargetPlatform
[2018.09.04-22.24.43:656][  0]LogTemp: Display: Loaded TP AndroidTargetPlatform
[2018.09.04-22.24.43:723][  0]LogTemp: Display: Loaded TP Android_ASTCTargetPlatform
[2018.09.04-22.24.43:782][  0]LogTemp: Display: Loaded TP Android_ATCTargetPlatform
[2018.09.04-22.24.43:850][  0]LogTemp: Display: Loaded TP Android_DXTTargetPlatform
[2018.09.04-22.24.43:915][  0]LogTemp: Display: Loaded TP Android_ETC1TargetPlatform
[2018.09.04-22.24.43:976][  0]LogTemp: Display: Loaded TP Android_ETC2TargetPlatform
[2018.09.04-22.24.44:121][  0]LogTemp: Display: Loaded TP Android_MultiTargetPlatform
[2018.09.04-22.24.44:121][  0]LogTemp: Display: Loaded TP Android_PVRTCTargetPlatform
[2018.09.04-22.24.44:172][  0]LogTemp: Display: Loaded TP HTML5TargetPlatform
[2018.09.04-22.24.44:287][  0]LogTemp: Display: Loaded TP IOSTargetPlatform
[2018.09.04-22.24.44:321][  0]LogTemp: Display: Loaded TP TVOSTargetPlatform
[2018.09.04-22.24.44:391][  0]LogTemp: Display: Loaded TP LinuxClientTargetPlatform
[2018.09.04-22.24.44:461][  0]LogTemp: Display: Loaded TP LinuxNoEditorTargetPlatform
[2018.09.04-22.24.44:527][  0]LogTemp: Display: Loaded TP LinuxServerTargetPlatform
[2018.09.04-22.24.44:588][  0]LogTemp: Display: Loaded TP LinuxTargetPlatform
[2018.09.04-22.24.44:588][  0]LogTargetPlatformManager: Display: Building Assets For Windows
[2018.09.04-22.24.45:156][  0]LogDerivedDataCache: Display: Max Cache Size: 512 MB
[2018.09.04-22.24.45:267][  0]LogDerivedDataCache: Loaded boot cache 0.11s 93MB C:/Users/Varun/AppData/Local/UnrealEngine/4.17/DerivedDataCache/Boot.ddc.
[2018.09.04-22.24.45:267][  0]LogDerivedDataCache: Display: Loaded Boot cache: C:/Users/Varun/AppData/Local/UnrealEngine/4.17/DerivedDataCache/Boot.ddc
[2018.09.04-22.24.45:267][  0]LogDerivedDataCache: FDerivedDataBackendGraph:  Pak pak cache file C:/Users/Varun/Documents/Unreal Projects/DystopianEnvironment/DerivedDataCache/DDC.ddp not found, will not use a pak cache.
[2018.09.04-22.24.45:267][  0]LogDerivedDataCache: Unable to find inner node Pak for hierarchical cache Hierarchy.
[2018.09.04-22.24.45:267][  0]LogDerivedDataCache: FDerivedDataBackendGraph:  CompressedPak pak cache file C:/Users/Varun/Documents/Unreal Projects/DystopianEnvironment/DerivedDataCache/Compressed.ddp not found, will not use a pak cache.
[2018.09.04-22.24.45:267][  0]LogDerivedDataCache: Unable to find inner node CompressedPak for hierarchical cache Hierarchy.
[2018.09.04-22.24.45:287][  0]LogDerivedDataCache: Display: Pak cache opened for reading ../../../Engine/DerivedDataCache/Compressed.ddp.
[2018.09.04-22.24.45:299][  0]LogDerivedDataCache: Using Local data cache path C:/Users/Varun/AppData/Local/UnrealEngine/Common/DerivedDataCache: Writable
[2018.09.04-22.24.45:316][  0]LogMaterial: Verifying Global Shaders for PCD3D_SM5
[2018.09.04-22.24.45:317][  0]LogSlate: Using Freetype 2.6.0
[2018.09.04-22.24.45:319][  0]LogSlate: SlateFontCache - WITH_FREETYPE: 1, WITH_HARFBUZZ: 1
[2018.09.04-22.24.45:319][  0]LogSlate: SlateFontCache - WITH_FREETYPE: 1, WITH_HARFBUZZ: 1
[2018.09.04-22.24.45:674][  0]LogAssetRegistry: FAssetRegistry took 0.0276 seconds to start up
[2018.09.04-22.24.45:846][  0]LogInit: Selected Device Profile: [Windows]
[2018.09.04-22.24.46:033][  0]LogContentStreaming: Texture pool size is 0.00 MB
[2018.09.04-22.24.46:514][  0]LogSimplygon: Simplygon DLL not present - disabling.
[2018.09.04-22.24.46:578][  0]LogMeshReduction: Using SimplygonSwarm for distributed automatic mesh merging
[2018.09.04-22.24.46:578][  0]LogMeshReduction: Using QuadricMeshReduction for automatic static mesh reduction
[2018.09.04-22.24.46:578][  0]LogMeshReduction: No automatic skeletal mesh reduction module available
[2018.09.04-22.24.46:578][  0]LogMeshReduction: No automatic mesh merging module available
[2018.09.04-22.24.46:578][  0]LogMeshMerging: No automatic mesh merging module available
[2018.09.04-22.24.47:112][  0]LogNetVersion: DystopianEnvironment , NetCL: 3573198, EngineNetVer: 2, GameNetVer: 0 (Checksum: 2288734988)
[2018.09.04-22.24.47:454][  0]LogPackageLocalizationCache: Processed 5 localized package path(s) for 2 prioritized culture(s) in 0.074319 seconds
[2018.09.04-22.24.47:463][  0]LogUObjectArray: 35825 objects as part of root set at end of initial load.
[2018.09.04-22.24.47:463][  0]LogUObjectAllocator: 7529112 out of 0 bytes used by permanent object pool.
[2018.09.04-22.24.47:463][  0]LogUObjectArray: CloseDisregardForGC: 0/0 objects in disregard for GC pool
[2018.09.04-22.24.47:539][  0]LogInit: WinSock: version 1.1 (2.2), MaxSocks=32767, MaxUdp=65467
[2018.09.04-22.24.51:361][  0]LogTcpMessaging: Initializing TcpMessaging bridge
[2018.09.04-22.24.51:403][  0]LogUdpMessaging: Initializing bridge on interface 0.0.0.0:0 to multicast group 230.0.0.1:6666.
[2018.09.04-22.24.52:375][  0]LogMaterial: Uniform references updated for custom material expression Custom.
[2018.09.04-22.24.52:934][  0]SourceControl: Source control is disabled
[2018.09.04-22.24.52:934][  0]SourceControl: Source control is disabled
[2018.09.04-22.24.52:995][  0]SourceControl: Source control is disabled
[2018.09.04-22.24.53:052][  0]SourceControl: Source control is disabled
[2018.09.04-22.24.53:778][  0]LogAndroidPermission: UAndroidPermissionCallbackProxy::GetInstance
[2018.09.04-22.24.54:116][  0]LogOcInput: OculusInput pre-init called
[2018.09.04-22.24.54:429][  0]LogEngine: Initializing Engine...
[2018.09.04-22.24.54:432][  0]LogHMD: Failed to initialize OpenVR with code 110
[2018.09.04-22.24.54:693][  0]LogStats: UGameplayTagsManager::ConstructGameplayTagTree: Construct from data asset -  0.000 s
[2018.09.04-22.24.54:693][  0]LogStats: UGameplayTagsManager::ConstructGameplayTagTree: GameplayTagTreeChangedEvent.Broadcast -  0.000 s
[2018.09.04-22.24.54:858][  0]LogAIModule: Creating AISystem for world Untitled
[2018.09.04-22.24.54:875][  0]LogInit: XAudio2 using 'Speakers / Headphones (Realtek High Definition Audio)' : 2 channels at 48 kHz using 32 bits per sample (channel mask 0x3)
[2018.09.04-22.24.55:292][  0]LogInit: FAudioDevice initialized.
[2018.09.04-22.24.55:723][  0]LogDerivedDataCache: Saved boot cache 0.43s 93MB C:/Users/Varun/AppData/Local/UnrealEngine/4.17/DerivedDataCache/Boot.ddc.
[2018.09.04-22.24.55:741][  0]LogInit: Texture streaming: Enabled
[2018.09.04-22.24.55:886][  0]LogEngineSessionManager: EngineSessionManager initialized
[2018.09.04-22.24.56:168][  0]LogInit: Transaction tracking system initialized
[2018.09.04-22.24.56:563][  0]BlueprintLog: New page: Editor Load
[2018.09.04-22.24.57:750][  0]LocalizationService: Localization service is disabled
[2018.09.04-22.24.58:662][  0]LogConsoleResponse: Display: 
[2018.09.04-22.24.58:883][  0]LogCook: Display: Max memory allowance for cook 16384mb min free memory 0mb
[2018.09.04-22.24.58:883][  0]LogCook: Display: Mobile HDR setting 1
[2018.09.04-22.24.58:883][  0]LogGameplayTags: Display: UGameplayTagsManager::DoneAddingNativeTags. DelegateIsBound: 0
[2018.09.04-22.24.59:556][  0]LogFileCache: Scanning file cache for directory 'C:/Users/Varun/Documents/Unreal Projects/DystopianEnvironment/Content/' took 0.02s
[2018.09.04-22.25.00:276][  0]SourceControl: Source control is disabled
[2018.09.04-22.25.00:276][  0]Cmd: MAP LOAD FILE="C:/Users/Varun/Documents/Unreal Projects/DystopianEnvironment/Content/ThirdPersonBP/Maps/ThirdPersonExampleMap.umap" TEMPLATE=0 SHOWPROGRESS=1 FEATURELEVEL=3
[2018.09.04-22.25.00:278][  0]LightingResults: New page: Lighting Build
[2018.09.04-22.25.00:327][  0]MapCheck: New page: Map Check
[2018.09.04-22.25.00:327][  0]LightingResults: New page: Lighting Build
[2018.09.04-22.25.00:984][  0]LogAIModule: Creating AISystem for world ThirdPersonExampleMap
[2018.09.04-22.25.00:998][  0]LogEditorServer: Finished looking for orphan Actors (0.000 secs)
[2018.09.04-22.25.01:029][  0]Cmd: MAP CHECKDEP NOCLEARLOG
[2018.09.04-22.25.01:145][  0]MapCheck: Map check complete: 0 Error(s), 0 Warning(s), took 116.482ms to complete.
[2018.09.04-22.25.01:146][  0]LogFileHelpers: Loading map 'ThirdPersonExampleMap' took 0.869
[2018.09.04-22.25.01:311][  0]LogCollectionManager: Loaded 0 collections in 0.001642 seconds
[2018.09.04-22.25.01:463][  0]LogFileCache: Scanning file cache for directory 'C:/Users/Varun/Documents/Unreal Projects/DystopianEnvironment/Saved/Collections/' took 0.01s
[2018.09.04-22.25.01:463][  0]LogFileCache: Scanning file cache for directory 'C:/Users/Varun/Documents/Unreal Projects/DystopianEnvironment/Content/Developers/Varun/Collections/' took 0.01s
[2018.09.04-22.25.01:463][  0]LogFileCache: Scanning file cache for directory 'C:/Users/Varun/Documents/Unreal Projects/DystopianEnvironment/Content/Collections/' took 0.01s
[2018.09.04-22.25.01:463][  0]LogCollectionManager: Rebuilt the GUID cache for 0 collections in 0.000000 seconds
[2018.09.04-22.25.01:478][  0]LogContentBrowser: Native class hierarchy populated in 0.0145 seconds. Added 2386 classes and 500 folders.
[2018.09.04-22.25.01:578][  0]LogContentBrowser: Native class hierarchy updated for 'WidgetCarousel' in 0.0008 seconds. Added 0 classes and 0 folders.
[2018.09.04-22.25.02:230][  0]LogContentBrowser: Native class hierarchy updated for 'AddContentDialog' in 0.0008 seconds. Added 0 classes and 0 folders.
[2018.09.04-22.25.02:410][  0]LogContentBrowser: Native class hierarchy updated for 'SceneOutliner' in 0.0013 seconds. Added 1 classes and 2 folders.
[2018.09.04-22.25.02:443][  0]LogSlate: Took 0.000566 seconds to synchronously load lazily loaded font '../../../Engine/Content/Slate/Fonts/Roboto-Regular.ttf' (155K)
[2018.09.04-22.25.02:447][  0]LogSlate: Took 0.000732 seconds to synchronously load lazily loaded font '../../../Engine/Content/Slate/Fonts/Roboto-Bold.ttf' (160K)
[2018.09.04-22.25.02:466][  0]LogSlate: Took 0.015591 seconds to synchronously load lazily loaded font '../../../Engine/Content/Editor/Slate/Fonts/FontAwesome.ttf' (139K)
[2018.09.04-22.25.02:630][  0]LogRenderer: Reallocating scene render targets to support 932x708 Format 10 NumSamples 1 (Frame:1).
[2018.09.04-22.25.02:924][  0]LogContentBrowser: Native class hierarchy updated for 'HierarchicalLODOutliner' in 0.0011 seconds. Added 1 classes and 2 folders.
[2018.09.04-22.25.02:924][  0]LogLoad: (Engine Initialization) Total time: 24.45 seconds
[2018.09.04-22.25.02:924][  0]LogLoad: (Engine Initialization) Total Blueprint compile time: 0.00 seconds
[2018.09.04-22.25.02:924][  0]LogExternalProfiler: Found external profiler: VSPerf
[2018.09.04-22.25.02:924][  0]LogExternalProfiler: Using external profiler: VSPerf
[2018.09.04-22.25.02:942][  0]LogWindowsTextInputMethodSystem: Display: IME system now deactivated.
[2018.09.04-22.25.02:964][  0]LogContentStreaming: Texture pool size now 1000 MB
[2018.09.04-22.25.03:001][  0]LogSlate: Took 0.009761 seconds to synchronously load lazily loaded font '../../../Engine/Content/Slate/Fonts/Roboto-Light.ttf' (159K)
[2018.09.04-22.25.03:068][  1]LogAssetRegistry: Asset discovery search completed in 17.4162 seconds
[2018.09.04-22.25.03:071][  1]LogCollectionManager: Rebuilt the object cache for 0 collections in 0.000000 seconds (found 0 objects)
[2018.09.04-22.25.03:071][  1]LogCollectionManager: Fixed up redirectors for 0 collections in 0.000100 seconds (updated 0 objects)
[2018.09.04-22.39.59:241][843]LogD3D11RHI: Timed out while waiting for GPU to catch up. (0.5 s)
[2018.09.04-22.39.59:976][851]LogD3D11RHI: Timed out while waiting for GPU to catch up. (0.5 s)
[2018.09.04-22.40.00:658][858]LogD3D11RHI: Timed out while waiting for GPU to catch up. (0.5 s)
[2018.09.04-22.40.01:390][866]LogD3D11RHI: Timed out while waiting for GPU to catch up. (0.5 s)
[2018.09.04-22.40.04:896][891]LogD3D11RHI: Timed out while waiting for GPU to catch up. (0.5 s)
[2018.09.04-22.40.05:417][893]LogD3D11RHI: Timed out while waiting for GPU to catch up. (0.5 s)
[2018.09.04-22.40.06:429][897]LogD3D11RHI: Timed out while waiting for GPU to catch up. (0.5 s)
[2018.09.04-22.40.07:970][916]LogD3D11RHI: Timed out while waiting for GPU to catch up. (0.5 s)
[2018.09.04-22.40.08:484][918]LogD3D11RHI: Timed out while waiting for GPU to catch up. (0.5 s)
[2018.09.04-22.40.09:497][922]LogD3D11RHI: Timed out while waiting for GPU to catch up. (0.5 s)
[2018.09.04-22.40.11:035][941]LogD3D11RHI: Timed out while waiting for GPU to catch up. (0.5 s)
[2018.09.04-22.40.12:553][947]LogD3D11RHI: Timed out while waiting for GPU to catch up. (0.5 s)
[2018.09.04-22.40.14:598][981]LogD3D11RHI: Timed out while waiting for GPU to catch up. (0.5 s)
[2018.09.04-22.40.16:117][987]LogD3D11RHI: Timed out while waiting for GPU to catch up. (0.5 s)
[2018.09.04-22.40.16:636][989]LogD3D11RHI: Timed out while waiting for GPU to catch up. (0.5 s)
[2018.09.04-22.40.17:663][  6]LogD3D11RHI: Timed out while waiting for GPU to catch up. (0.5 s)
[2018.09.04-22.40.19:178][ 12]LogD3D11RHI: Timed out while waiting for GPU to catch up. (0.5 s)
[2018.09.04-22.40.20:713][ 32]LogD3D11RHI: Timed out while waiting for GPU to catch up. (0.5 s)
[2018.09.04-22.40.21:742][ 49]LogD3D11RHI: Timed out while waiting for GPU to catch up. (0.5 s)
[2018.09.04-22.40.23:256][ 55]LogD3D11RHI: Timed out while waiting for GPU to catch up. (0.5 s)
[2018.09.04-22.40.23:771][ 57]LogD3D11RHI: Timed out while waiting for GPU to catch up. (0.5 s)
[2018.09.04-22.40.25:805][ 78]LogD3D11RHI: Timed out while waiting for GPU to catch up. (0.5 s)
[2018.09.04-22.40.26:822][ 95]LogD3D11RHI: Timed out while waiting for GPU to catch up. (0.5 s)
[2018.09.04-22.40.27:961][112]LogD3D11RHI: Timed out while waiting for GPU to catch up. (0.5 s)
[2018.09.04-22.40.29:999][132]LogD3D11RHI: Timed out while waiting for GPU to catch up. (0.5 s)
[2018.09.04-22.40.30:517][134]LogD3D11RHI: Timed out while waiting for GPU to catch up. (0.5 s)
[2018.09.04-22.40.31:031][136]LogD3D11RHI: Timed out while waiting for GPU to catch up. (0.5 s)
[2018.09.04-22.40.32:037][140]LogD3D11RHI: Timed out while waiting for GPU to catch up. (0.5 s)
[2018.09.04-22.40.32:566][142]LogD3D11RHI: Timed out while waiting for GPU to catch up. (0.5 s)
[2018.09.04-22.40.33:077][144]LogD3D11RHI: Timed out while waiting for GPU to catch up. (0.5 s)
[2018.09.04-22.40.34:095][148]LogD3D11RHI: Timed out while waiting for GPU to catch up. (0.5 s)
[2018.09.04-22.40.34:601][150]LogD3D11RHI: Timed out while waiting for GPU to catch up. (0.5 s)
[2018.09.04-22.40.36:145][169]LogD3D11RHI: Timed out while waiting for GPU to catch up. (0.5 s)
[2018.09.04-22.40.37:661][174]LogD3D11RHI: Timed out while waiting for GPU to catch up. (0.5 s)
[2018.09.04-22.40.40:770][199]LogD3D11RHI: Timed out while waiting for GPU to catch up. (0.5 s)
[2018.09.04-22.40.42:805][220]LogD3D11RHI: Timed out while waiting for GPU to catch up. (0.5 s)
[2018.09.04-22.40.43:831][237]LogD3D11RHI: Timed out while waiting for GPU to catch up. (0.5 s)
[2018.09.04-22.40.45:340][256]LogD3D11RHI: Timed out while waiting for GPU to catch up. (0.5 s)
[2018.09.04-22.40.45:855][258]LogD3D11RHI: Timed out while waiting for GPU to catch up. (0.5 s)
[2018.09.04-22.40.47:382][277]LogD3D11RHI: Timed out while waiting for GPU to catch up. (0.5 s)
[2018.09.04-22.40.47:887][278]LogD3D11RHI: Timed out while waiting for GPU to catch up. (0.5 s)
[2018.09.04-22.40.48:908][295]LogD3D11RHI: Timed out while waiting for GPU to catch up. (0.5 s)
[2018.09.04-22.40.50:080][312]LogD3D11RHI: Timed out while waiting for GPU to catch up. (0.5 s)
[2018.09.04-22.40.51:143][317]LogD3D11RHI: Timed out while waiting for GPU to catch up. (0.5 s)
[2018.09.04-22.40.51:652][319]LogD3D11RHI: Timed out while waiting for GPU to catch up. (0.5 s)
[2018.09.04-22.40.52:662][336]LogD3D11RHI: Timed out while waiting for GPU to catch up. (0.5 s)
[2018.09.04-22.40.54:117][353]LogD3D11RHI: Timed out while waiting for GPU to catch up. (0.5 s)
[2018.09.04-22.40.55:677][360]LogD3D11RHI: Timed out while waiting for GPU to catch up. (0.5 s)
[2018.09.04-22.40.56:698][377]LogD3D11RHI: Timed out while waiting for GPU to catch up. (0.5 s)
[2018.09.04-22.40.58:659][396]LogD3D11RHI: Timed out while waiting for GPU to catch up. (0.5 s)
[2018.09.04-22.40.59:672][400]LogD3D11RHI: Timed out while waiting for GPU to catch up. (0.5 s)
[2018.09.04-22.41.00:686][417]LogD3D11RHI: Timed out while waiting for GPU to catch up. (0.5 s)
[2018.09.04-22.41.02:166][434]LogD3D11RHI: Timed out while waiting for GPU to catch up. (0.5 s)
[2018.09.04-22.41.04:256][442]LogD3D11RHI: Timed out while waiting for GPU to catch up. (0.5 s)
[2018.09.04-22.41.04:772][444]LogD3D11RHI: Timed out while waiting for GPU to catch up. (0.5 s)
[2018.09.04-22.41.06:820][478]LogD3D11RHI: Timed out while waiting for GPU to catch up. (0.5 s)
[2018.09.04-22.41.07:331][480]LogD3D11RHI: Timed out while waiting for GPU to catch up. (0.5 s)
[2018.09.04-22.41.08:848][486]LogD3D11RHI: Timed out while waiting for GPU to catch up. (0.5 s)
[2018.09.04-22.41.10:879][507]LogD3D11RHI: Timed out while waiting for GPU to catch up. (0.5 s)
[2018.09.04-22.41.11:908][524]LogD3D11RHI: Timed out while waiting for GPU to catch up. (0.5 s)
[2018.09.04-22.41.12:917][528]LogD3D11RHI: Timed out while waiting for GPU to catch up. (0.5 s)
[2018.09.04-22.41.14:458][547]LogD3D11RHI: Timed out while waiting for GPU to catch up. (0.5 s)
[2018.09.04-22.41.16:482][568]LogD3D11RHI: Timed out while waiting for GPU to catch up. (0.5 s)
[2018.09.04-22.41.16:991][570]LogD3D11RHI: Timed out while waiting for GPU to catch up. (0.5 s)
[2018.09.04-22.41.19:021][591]LogD3D11RHI: Timed out while waiting for GPU to catch up. (0.5 s)
[2018.09.04-22.41.20:568][610]LogD3D11RHI: Timed out while waiting for GPU to catch up. (0.5 s)
[2018.09.04-22.41.21:573][628]LogD3D11RHI: Timed out while waiting for GPU to catch up. (0.5 s)
[2018.09.04-22.41.22:596][632]LogD3D11RHI: Timed out while waiting for GPU to catch up. (0.5 s)
[2018.09.04-22.41.23:111][634]LogD3D11RHI: Timed out while waiting for GPU to catch up. (0.5 s)
[2018.09.04-22.41.25:142][655]LogD3D11RHI: Timed out while waiting for GPU to catch up. (0.5 s)
[2018.09.04-22.41.27:180][676]LogD3D11RHI: Timed out while waiting for GPU to catch up. (0.5 s)
[2018.09.04-22.41.29:217][697]LogD3D11RHI: Timed out while waiting for GPU to catch up. (0.5 s)
[2018.09.04-22.41.32:268][735]LogD3D11RHI: Timed out while waiting for GPU to catch up. (0.5 s)
[2018.09.04-22.41.33:795][754]LogD3D11RHI: Timed out while waiting for GPU to catch up. (0.5 s)
[2018.09.04-22.41.35:325][773]LogD3D11RHI: Timed out while waiting for GPU to catch up. (0.5 s)
[2018.09.04-22.41.35:832][775]LogD3D11RHI: Timed out while waiting for GPU to catch up. (0.5 s)
[2018.09.04-22.41.37:863][796]LogD3D11RHI: Timed out while waiting for GPU to catch up. (0.5 s)
[2018.09.04-22.41.39:894][817]LogD3D11RHI: Timed out while waiting for GPU to catch up. (0.5 s)
[2018.09.04-22.41.40:413][819]LogD3D11RHI: Timed out while waiting for GPU to catch up. (0.5 s)
[2018.09.04-22.41.40:923][821]LogD3D11RHI: Timed out while waiting for GPU to catch up. (0.5 s)
[2018.09.04-22.41.42:449][840]LogD3D11RHI: Timed out while waiting for GPU to catch up. (0.5 s)
[2018.09.04-22.41.42:965][842]LogD3D11RHI: Timed out while waiting for GPU to catch up. (0.5 s)
[2018.09.04-22.41.44:505][861]LogD3D11RHI: Timed out while waiting for GPU to catch up. (0.5 s)
[2018.09.04-22.41.46:565][883]LogD3D11RHI: Timed out while waiting for GPU to catch up. (0.5 s)
[2018.09.04-22.41.47:088][885]LogD3D11RHI: Timed out while waiting for GPU to catch up. (0.5 s)
[2018.09.04-22.41.48:628][904]LogD3D11RHI: Timed out while waiting for GPU to catch up. (0.5 s)
[2018.09.04-22.41.49:634][908]LogD3D11RHI: Timed out while waiting for GPU to catch up. (0.5 s)
[2018.09.04-22.41.50:151][910]LogD3D11RHI: Timed out while waiting for GPU to catch up. (0.5 s)
[2018.09.04-22.41.51:689][929]LogD3D11RHI: Timed out while waiting for GPU to catch up. (0.5 s)
[2018.09.04-22.41.53:254][936]LogD3D11RHI: Timed out while waiting for GPU to catch up. (0.5 s)
[2018.09.04-22.41.54:277][953]LogD3D11RHI: Timed out while waiting for GPU to catch up. (0.5 s)
[2018.09.04-22.41.55:915][972]LogD3D11RHI: Timed out while waiting for GPU to catch up. (0.5 s)
[2018.09.04-22.41.56:943][989]LogD3D11RHI: Timed out while waiting for GPU to catch up. (0.5 s)
[2018.09.04-22.41.57:944][993]LogD3D11RHI: Timed out while waiting for GPU to catch up. (0.5 s)
[2018.09.04-22.41.59:492][ 12]LogD3D11RHI: Timed out while waiting for GPU to catch up. (0.5 s)
[2018.09.04-22.42.02:119][ 37]LogD3D11RHI: Timed out while waiting for GPU to catch up. (0.5 s)
[2018.09.04-22.42.03:459][ 54]LogD3D11RHI: Timed out while waiting for GPU to catch up. (0.5 s)
[2018.09.04-22.42.04:977][ 60]LogD3D11RHI: Timed out while waiting for GPU to catch up. (0.5 s)
[2018.09.04-22.42.06:519][ 80]LogD3D11RHI: Timed out while waiting for GPU to catch up. (0.5 s)
[2018.09.04-22.42.08:085][ 88]LogD3D11RHI: Timed out while waiting for GPU to catch up. (0.5 s)
[2018.09.04-22.42.09:106][105]LogD3D11RHI: Timed out while waiting for GPU to catch up. (0.5 s)
[2018.09.04-22.42.10:507][122]LogD3D11RHI: Timed out while waiting for GPU to catch up. (0.5 s)
[2018.09.04-22.42.11:523][126]LogD3D11RHI: Timed out while waiting for GPU to catch up. (0.5 s)
[2018.09.04-22.42.12:030][128]LogD3D11RHI: Timed out while waiting for GPU to catch up. (0.5 s)
[2018.09.04-22.42.13:559][147]LogD3D11RHI: Timed out while waiting for GPU to catch up. (0.5 s)
[2018.09.04-22.42.14:071][149]LogD3D11RHI: Timed out while waiting for GPU to catch up. (0.5 s)
[2018.09.04-22.42.15:099][166]LogD3D11RHI: Timed out while waiting for GPU to catch up. (0.5 s)
[2018.09.04-22.42.16:098][170]LogD3D11RHI: Timed out while waiting for GPU to catch up. (0.5 s)
[2018.09.04-22.42.18:169][194]LogD3D11RHI: Timed out while waiting for GPU to catch up. (0.5 s)
[2018.09.04-22.42.19:193][211]LogD3D11RHI: Timed out while waiting for GPU to catch up. (0.5 s)
[2018.09.04-22.42.20:191][215]LogD3D11RHI: Timed out while waiting for GPU to catch up. (0.5 s)
[2018.09.04-22.42.20:715][217]LogD3D11RHI: Timed out while waiting for GPU to catch up. (0.5 s)
[2018.09.04-22.42.21:223][219]LogD3D11RHI: Timed out while waiting for GPU to catch up. (0.5 s)
[2018.09.04-22.42.23:260][253]LogD3D11RHI: Timed out while waiting for GPU to catch up. (0.5 s)
[2018.09.04-22.42.25:074][272]LogD3D11RHI: Timed out while waiting for GPU to catch up. (0.5 s)
[2018.09.04-22.42.26:076][289]LogD3D11RHI: Timed out while waiting for GPU to catch up. (0.5 s)
[2018.09.04-22.42.26:577][290]LogD3D11RHI: Timed out while waiting for GPU to catch up. (0.5 s)
[2018.09.04-22.42.28:109][308]LogD3D11RHI: Timed out while waiting for GPU to catch up. (0.5 s)
[2018.09.04-22.42.29:632][327]LogD3D11RHI: Timed out while waiting for GPU to catch up. (0.5 s)
[2018.09.04-22.42.30:139][329]LogD3D11RHI: Timed out while waiting for GPU to catch up. (0.5 s)
[2018.09.04-22.42.30:645][330]LogD3D11RHI: Timed out while waiting for GPU to catch up. (0.5 s)
[2018.09.04-22.42.31:687][334]LogD3D11RHI: Timed out while waiting for GPU to catch up. (0.5 s)
[2018.09.04-22.42.33:227][353]LogD3D11RHI: Timed out while waiting for GPU to catch up. (0.5 s)
[2018.09.04-22.42.33:732][354]LogD3D11RHI: Timed out while waiting for GPU to catch up. (0.5 s)
[2018.09.04-22.42.35:255][360]LogD3D11RHI: Timed out while waiting for GPU to catch up. (0.5 s)
[2018.09.04-22.42.36:285][377]LogD3D11RHI: Timed out while waiting for GPU to catch up. (0.5 s)
[2018.09.04-22.42.37:288][381]LogD3D11RHI: Timed out while waiting for GPU to catch up. (0.5 s)
[2018.09.04-22.42.38:309][398]LogD3D11RHI: Timed out while waiting for GPU to catch up. (0.5 s)
[2018.09.04-22.42.40:674][433]LogD3D11RHI: Timed out while waiting for GPU to catch up. (0.5 s)
[2018.09.04-22.42.41:194][435]LogD3D11RHI: Timed out while waiting for GPU to catch up. (0.5 s)
[2018.09.04-22.42.41:703][437]LogD3D11RHI: Timed out while waiting for GPU to catch up. (0.5 s)
[2018.09.04-22.42.42:709][441]LogD3D11RHI: Timed out while waiting for GPU to catch up. (0.5 s)
[2018.09.04-22.42.43:221][443]LogD3D11RHI: Timed out while waiting for GPU to catch up. (0.5 s)
[2018.09.04-22.42.44:800][450]LogD3D11RHI: Timed out while waiting for GPU to catch up. (0.5 s)
[2018.09.04-22.42.45:323][452]LogD3D11RHI: Timed out while waiting for GPU to catch up. (0.5 s)
[2018.09.04-22.42.47:351][473]LogD3D11RHI: Timed out while waiting for GPU to catch up. (0.5 s)
[2018.09.04-22.42.48:358][490]LogD3D11RHI: Timed out while waiting for GPU to catch up. (0.5 s)
[2018.09.04-22.42.50:235][509]LogD3D11RHI: Timed out while waiting for GPU to catch up. (0.5 s)
[2018.09.04-22.42.50:743][511]LogD3D11RHI: Timed out while waiting for GPU to catch up. (0.5 s)
[2018.09.04-22.42.51:251][513]LogD3D11RHI: Timed out while waiting for GPU to catch up. (0.5 s)
[2018.09.04-22.42.51:760][515]LogD3D11RHI: Timed out while waiting for GPU to catch up. (0.5 s)
[2018.09.04-22.42.52:269][517]LogD3D11RHI: Timed out while waiting for GPU to catch up. (0.5 s)
[2018.09.04-22.42.54:866][541]LogD3D11RHI: Timed out while waiting for GPU to catch up. (0.5 s)
[2018.09.04-22.42.55:372][543]LogD3D11RHI: Timed out while waiting for GPU to catch up. (0.5 s)
[2018.09.04-22.42.55:899][545]LogD3D11RHI: Timed out while waiting for GPU to catch up. (0.5 s)
[2018.09.04-22.42.56:410][547]LogD3D11RHI: Timed out while waiting for GPU to catch up. (0.5 s)
[2018.09.04-22.42.57:941][566]LogD3D11RHI: Timed out while waiting for GPU to catch up. (0.5 s)
[2018.09.04-22.42.58:450][568]LogD3D11RHI: Timed out while waiting for GPU to catch up. (0.5 s)
[2018.09.04-22.42.59:982][587]LogD3D11RHI: Timed out while waiting for GPU to catch up. (0.5 s)
[2018.09.04-22.43.00:492][589]LogD3D11RHI: Timed out while waiting for GPU to catch up. (0.5 s)
[2018.09.04-22.43.02:021][608]LogD3D11RHI: Timed out while waiting for GPU to catch up. (0.5 s)
[2018.09.04-22.43.02:530][610]LogD3D11RHI: Timed out while waiting for GPU to catch up. (0.5 s)
[2018.09.04-22.43.03:551][627]LogD3D11RHI: Timed out while waiting for GPU to catch up. (0.5 s)
[2018.09.04-22.43.04:066][629]LogD3D11RHI: Timed out while waiting for GPU to catch up. (0.5 s)
[2018.09.04-22.43.04:577][631]LogD3D11RHI: Timed out while waiting for GPU to catch up. (0.5 s)
[2018.09.04-22.43.05:086][633]LogD3D11RHI: Timed out while waiting for GPU to catch up. (0.5 s)
[2018.09.04-22.43.05:596][635]LogD3D11RHI: Timed out while waiting for GPU to catch up. (0.5 s)
[2018.09.04-22.43.07:117][654]LogD3D11RHI: Timed out while waiting for GPU to catch up. (0.5 s)
[2018.09.04-22.43.07:625][656]LogD3D11RHI: Timed out while waiting for GPU to catch up. (0.5 s)
[2018.09.04-22.43.09:666][677]LogD3D11RHI: Timed out while waiting for GPU to catch up. (0.5 s)
[2018.09.04-22.43.10:688][694]LogD3D11RHI: Timed out while waiting for GPU to catch up. (0.5 s)
[2018.09.04-22.43.11:204][696]LogD3D11RHI: Timed out while waiting for GPU to catch up. (0.5 s)
[2018.09.04-22.43.11:713][698]LogD3D11RHI: Timed out while waiting for GPU to catch up. (0.5 s)
[2018.09.04-22.43.12:736][702]LogD3D11RHI: Timed out while waiting for GPU to catch up. (0.5 s)
[2018.09.04-22.43.13:247][704]LogD3D11RHI: Timed out while waiting for GPU to catch up. (0.5 s)
[2018.09.04-22.43.14:259][708]LogD3D11RHI: Timed out while waiting for GPU to catch up. (0.5 s)
[2018.09.04-22.43.14:776][710]LogD3D11RHI: Timed out while waiting for GPU to catch up. (0.5 s)
[2018.09.04-22.43.17:327][733]LogD3D11RHI: Timed out while waiting for GPU to catch up. (0.5 s)
[2018.09.04-22.43.18:339][750]LogD3D11RHI: Timed out while waiting for GPU to catch up. (0.5 s)
[2018.09.04-22.43.19:354][767]LogD3D11RHI: Timed out while waiting for GPU to catch up. (0.5 s)
[2018.09.04-22.43.21:354][786]LogD3D11RHI: Timed out while waiting for GPU to catch up. (0.5 s)
[2018.09.04-22.43.22:377][803]LogD3D11RHI: Timed out while waiting for GPU to catch up. (0.5 s)
[2018.09.04-22.43.22:893][805]LogD3D11RHI: Timed out while waiting for GPU to catch up. (0.5 s)
[2018.09.04-22.43.24:965][829]LogD3D11RHI: Timed out while waiting for GPU to catch up. (0.5 s)
[2018.09.04-22.43.25:484][831]LogD3D11RHI: Timed out while waiting for GPU to catch up. (0.5 s)
[2018.09.04-22.43.27:056][838]LogD3D11RHI: Timed out while waiting for GPU to catch up. (0.5 s)
[2018.09.04-22.43.27:570][840]LogD3D11RHI: Timed out while waiting for GPU to catch up. (0.5 s)
[2018.09.04-22.43.28:598][857]LogD3D11RHI: Timed out while waiting for GPU to catch up. (0.5 s)
[2018.09.04-22.43.30:127][862]LogD3D11RHI: Timed out while waiting for GPU to catch up. (0.5 s)
[2018.09.04-22.43.31:137][866]LogD3D11RHI: Timed out while waiting for GPU to catch up. (0.5 s)
[2018.09.04-22.43.31:649][868]LogD3D11RHI: Timed out while waiting for GPU to catch up. (0.5 s)
[2018.09.04-22.43.32:680][885]LogD3D11RHI: Timed out while waiting for GPU to catch up. (0.5 s)
[2018.09.04-22.43.34:702][906]LogD3D11RHI: Timed out while waiting for GPU to catch up. (0.5 s)
[2018.09.04-22.43.35:923][923]LogD3D11RHI: Timed out while waiting for GPU to catch up. (0.5 s)
[2018.09.04-22.43.36:439][925]LogD3D11RHI: Timed out while waiting for GPU to catch up. (0.5 s)
[2018.09.04-22.43.36:949][927]LogD3D11RHI: Timed out while waiting for GPU to catch up. (0.5 s)
[2018.09.04-22.43.37:458][929]LogD3D11RHI: Timed out while waiting for GPU to catch up. (0.5 s)
[2018.09.04-22.43.37:966][931]LogD3D11RHI: Timed out while waiting for GPU to catch up. (0.5 s)
[2018.09.04-22.43.38:477][933]LogD3D11RHI: Timed out while waiting for GPU to catch up. (0.5 s)
[2018.09.04-22.43.40:584][955]LogD3D11RHI: Timed out while waiting for GPU to catch up. (0.5 s)
[2018.09.04-22.43.41:593][959]LogD3D11RHI: Timed out while waiting for GPU to catch up. (0.5 s)
[2018.09.04-22.43.42:604][977]LogD3D11RHI: Timed out while waiting for GPU to catch up. (0.5 s)
[2018.09.04-22.43.44:465][996]LogD3D11RHI: Timed out while waiting for GPU to catch up. (0.5 s)
[2018.09.04-22.43.45:493][ 13]LogD3D11RHI: Timed out while waiting for GPU to catch up. (0.5 s)
[2018.09.04-22.43.47:003][ 19]LogD3D11RHI: Timed out while waiting for GPU to catch up. (0.5 s)
[2018.09.04-22.43.47:518][ 21]LogD3D11RHI: Timed out while waiting for GPU to catch up. (0.5 s)
[2018.09.04-22.43.48:045][ 23]LogD3D11RHI: Timed out while waiting for GPU to catch up. (0.5 s)
[2018.09.04-22.43.48:552][ 25]LogD3D11RHI: Timed out while waiting for GPU to catch up. (0.5 s)
[2018.09.04-22.43.49:585][ 42]LogD3D11RHI: Timed out while waiting for GPU to catch up. (0.5 s)
[2018.09.04-22.43.51:147][ 49]LogD3D11RHI: Timed out while waiting for GPU to catch up. (0.5 s)
[2018.09.04-22.43.51:656][ 51]LogD3D11RHI: Timed out while waiting for GPU to catch up. (0.5 s)
[2018.09.04-22.43.52:181][ 53]LogD3D11RHI: Timed out while waiting for GPU to catch up. (0.5 s)
[2018.09.04-22.43.53:196][ 57]LogD3D11RHI: Timed out while waiting for GPU to catch up. (0.5 s)
[2018.09.04-22.43.53:711][ 59]LogD3D11RHI: Timed out while waiting for GPU to catch up. (0.5 s)
[2018.09.04-22.43.56:258][ 95]LogD3D11RHI: Timed out while waiting for GPU to catch up. (0.5 s)
[2018.09.04-22.43.56:766][ 97]LogD3D11RHI: Timed out while waiting for GPU to catch up. (0.5 s)
[2018.09.04-22.43.58:287][103]LogD3D11RHI: Timed out while waiting for GPU to catch up. (0.5 s)
[2018.09.04-22.43.58:796][105]LogD3D11RHI: Timed out while waiting for GPU to catch up. (0.5 s)
[2018.09.04-22.44.00:835][126]LogD3D11RHI: Timed out while waiting for GPU to catch up. (0.5 s)
[2018.09.04-22.44.01:862][143]LogD3D11RHI: Timed out while waiting for GPU to catch up. (0.5 s)
[2018.09.04-22.44.02:380][145]LogD3D11RHI: Timed out while waiting for GPU to catch up. (0.5 s)
[2018.09.04-22.44.03:894][151]LogD3D11RHI: Timed out while waiting for GPU to catch up. (0.5 s)
[2018.09.04-22.44.04:420][153]LogD3D11RHI: Timed out while waiting for GPU to catch up. (0.5 s)
[2018.09.04-22.44.05:444][170]LogD3D11RHI: Timed out while waiting for GPU to catch up. (0.5 s)
[2018.09.04-22.44.06:970][176]LogD3D11RHI: Timed out while waiting for GPU to catch up. (0.5 s)
[2018.09.04-22.44.07:992][193]LogD3D11RHI: Timed out while waiting for GPU to catch up. (0.5 s)
[2018.09.04-22.44.09:003][197]LogD3D11RHI: Timed out while waiting for GPU to catch up. (0.5 s)
[2018.09.04-22.44.10:094][202]LogD3D11RHI: Timed out while waiting for GPU to catch up. (0.5 s)
[2018.09.04-22.44.12:175][225]LogD3D11RHI: Timed out while waiting for GPU to catch up. (0.5 s)
[2018.09.04-22.44.12:699][227]LogD3D11RHI: Timed out while waiting for GPU to catch up. (0.5 s)
[2018.09.04-22.44.16:816][272]LogD3D11RHI: Timed out while waiting for GPU to catch up. (0.5 s)
[2018.09.04-22.44.17:841][289]LogD3D11RHI: Timed out while waiting for GPU to catch up. (0.5 s)
[2018.09.04-22.44.18:849][293]LogD3D11RHI: Timed out while waiting for GPU to catch up. (0.5 s)
[2018.09.04-22.44.21:899][331]LogD3D11RHI: Timed out while waiting for GPU to catch up. (0.5 s)
[2018.09.04-22.44.22:921][348]LogD3D11RHI: Timed out while waiting for GPU to catch up. (0.5 s)
[2018.09.04-22.44.23:437][350]LogD3D11RHI: Timed out while waiting for GPU to catch up. (0.5 s)
[2018.09.04-22.44.23:945][352]LogD3D11RHI: Timed out while waiting for GPU to catch up. (0.5 s)
[2018.09.04-22.44.24:969][356]LogD3D11RHI: Timed out while waiting for GPU to catch up. (0.5 s)
[2018.09.04-22.44.25:481][358]LogD3D11RHI: Timed out while waiting for GPU to catch up. (0.5 s)
[2018.09.04-22.44.28:111][384]LogD3D11RHI: Timed out while waiting for GPU to catch up. (0.5 s)
[2018.09.04-22.44.31:239][411]LogD3D11RHI: Timed out while waiting for GPU to catch up. (0.5 s)
[2018.09.04-22.44.31:757][413]LogD3D11RHI: Timed out while waiting for GPU to catch up. (0.5 s)
[2018.09.04-22.44.33:786][434]LogD3D11RHI: Timed out while waiting for GPU to catch up. (0.5 s)
[2018.09.04-22.44.36:362][458]LogD3D11RHI: Timed out while waiting for GPU to catch up. (0.5 s)
[2018.09.04-22.44.36:880][460]LogD3D11RHI: Timed out while waiting for GPU to catch up. (0.5 s)
[2018.09.04-22.44.37:883][464]LogD3D11RHI: Timed out while waiting for GPU to catch up. (0.5 s)
[2018.09.04-22.44.38:395][466]LogD3D11RHI: Timed out while waiting for GPU to catch up. (0.5 s)
[2018.09.04-22.44.38:904][468]LogD3D11RHI: Timed out while waiting for GPU to catch up. (0.5 s)
[2018.09.04-22.44.39:926][472]LogD3D11RHI: Timed out while waiting for GPU to catch up. (0.5 s)
[2018.09.04-22.44.41:957][506]LogD3D11RHI: Timed out while waiting for GPU to catch up. (0.5 s)
[2018.09.04-22.44.43:194][523]LogD3D11RHI: Timed out while waiting for GPU to catch up. (0.5 s)
[2018.09.04-22.44.44:710][529]LogD3D11RHI: Timed out while waiting for GPU to catch up. (0.5 s)
[2018.09.04-22.44.45:737][546]LogD3D11RHI: Timed out while waiting for GPU to catch up. (0.5 s)
[2018.09.04-22.44.46:252][548]LogD3D11RHI: Timed out while waiting for GPU to catch up. (0.5 s)
[2018.09.04-22.44.47:256][552]LogD3D11RHI: Timed out while waiting for GPU to catch up. (0.5 s)
[2018.09.04-22.44.47:776][554]LogD3D11RHI: Timed out while waiting for GPU to catch up. (0.5 s)
[2018.09.04-22.44.48:805][571]LogD3D11RHI: Timed out while waiting for GPU to catch up. (0.5 s)
[2018.09.04-22.44.50:315][577]LogD3D11RHI: Timed out while waiting for GPU to catch up. (0.5 s)
[2018.09.04-22.44.51:852][598]LogD3D11RHI: Timed out while waiting for GPU to catch up. (0.5 s)
[2018.09.04-22.44.52:876][615]LogD3D11RHI: Timed out while waiting for GPU to catch up. (0.5 s)
[2018.09.04-22.44.53:391][617]LogD3D11RHI: Timed out while waiting for GPU to catch up. (0.5 s)
[2018.09.04-22.44.54:394][621]LogD3D11RHI: Timed out while waiting for GPU to catch up. (0.5 s)
[2018.09.04-22.44.54:910][623]LogD3D11RHI: Timed out while waiting for GPU to catch up. (0.5 s)
[2018.09.04-22.44.55:936][640]LogD3D11RHI: Timed out while waiting for GPU to catch up. (0.5 s)
[2018.09.04-22.44.56:453][642]LogD3D11RHI: Timed out while waiting for GPU to catch up. (0.5 s)
[2018.09.04-22.44.57:465][659]LogD3D11RHI: Timed out while waiting for GPU to catch up. (0.5 s)
[2018.09.04-22.44.58:491][663]LogD3D11RHI: Timed out while waiting for GPU to catch up. (0.5 s)
[2018.09.04-22.44.58:999][665]LogD3D11RHI: Timed out while waiting for GPU to catch up. (0.5 s)
[2018.09.04-22.45.00:523][684]LogD3D11RHI: Timed out while waiting for GPU to catch up. (0.5 s)
[2018.09.04-22.45.01:044][686]LogD3D11RHI: Timed out while waiting for GPU to catch up. (0.5 s)
[2018.09.04-22.45.02:055][690]LogD3D11RHI: Timed out while waiting for GPU to catch up. (0.5 s)
[2018.09.04-22.45.03:077][707]LogD3D11RHI: Timed out while waiting for GPU to catch up. (0.5 s)
[2018.09.04-22.45.04:086][711]LogD3D11RHI: Timed out while waiting for GPU to catch up. (0.5 s)
[2018.09.04-22.45.05:113][728]LogD3D11RHI: Timed out while waiting for GPU to catch up. (0.5 s)
[2018.09.04-22.45.07:769][742]LogD3D11RHI: Timed out while waiting for GPU to catch up. (0.5 s)
[2018.09.04-22.45.08:796][760]LogD3D11RHI: Timed out while waiting for GPU to catch up. (0.5 s)
[2018.09.04-22.45.11:824][797]LogD3D11RHI: Timed out while waiting for GPU to catch up. (0.5 s)
[2018.09.04-22.45.13:360][816]LogD3D11RHI: Timed out while waiting for GPU to catch up. (0.5 s)
[2018.09.04-22.45.13:868][818]LogD3D11RHI: Timed out while waiting for GPU to catch up. (0.5 s)
[2018.09.04-22.45.14:898][835]LogD3D11RHI: Timed out while waiting for GPU to catch up. (0.5 s)
[2018.09.04-22.45.15:915][839]LogD3D11RHI: Timed out while waiting for GPU to catch up. (0.5 s)
[2018.09.04-22.45.16:426][841]LogD3D11RHI: Timed out while waiting for GPU to catch up. (0.5 s)
[2018.09.04-22.45.16:938][843]LogD3D11RHI: Timed out while waiting for GPU to catch up. (0.5 s)
[2018.09.04-22.45.17:947][847]LogD3D11RHI: Timed out while waiting for GPU to catch up. (0.5 s)
[2018.09.04-22.45.19:486][866]LogD3D11RHI: Timed out while waiting for GPU to catch up. (0.5 s)
[2018.09.04-22.45.19:995][868]LogD3D11RHI: Timed out while waiting for GPU to catch up. (0.5 s)
[2018.09.04-22.45.20:508][870]LogD3D11RHI: Timed out while waiting for GPU to catch up. (0.5 s)
[2018.09.04-22.45.21:018][872]LogD3D11RHI: Timed out while waiting for GPU to catch up. (0.5 s)
