Log file open, 01/26/19 15:39:12
LogWindows: Failed to load 'aqProf.dll' (GetLastError=126)
LogWindows: File 'aqProf.dll' does not exist
LogWindows: Failed to load 'VtuneApi.dll' (GetLastError=126)
LogWindows: File 'VtuneApi.dll' does not exist
LogWindows: Failed to load 'VtuneApi32e.dll' (GetLastError=126)
LogWindows: File 'VtuneApi32e.dll' does not exist
LogInit: Display: Running engine for game: PrototypeLevel
LogPlatformFile: Not using cached read wrapper
LogTaskGraph: Started task graph with 5 named threads and 23 total threads with 3 sets of task threads.
LogStats: Stats thread started at 0.320407
LogD3D11RHI: Loaded GFSDK_Aftermath_Lib.x64.dll
LogICUInternationalization: Display: ICU TimeZone Detection - Raw Offset: -5:00, Platform Override: ''
LogPluginManager: Mounting plugin Paper2D
LogPluginManager: Mounting plugin AISupport
LogPluginManager: Mounting plugin LightPropagationVolume
LogPluginManager: Mounting plugin CLionSourceCodeAccess
LogPluginManager: Mounting plugin CodeLiteSourceCodeAccess
LogPluginManager: Mounting plugin GitSourceControl
LogPluginManager: Mounting plugin KDevelopSourceCodeAccess
LogPluginManager: Mounting plugin NullSourceCodeAccess
LogPluginManager: Mounting plugin PerforceSourceControl
LogPluginManager: Mounting plugin SubversionSourceControl
LogPluginManager: Mounting plugin UObjectPlugin
LogPluginManager: Mounting plugin VisualStudioCodeSourceCodeAccess
LogPluginManager: Mounting plugin VisualStudioSourceCodeAccess
LogPluginManager: Mounting plugin XCodeSourceCodeAccess
LogPluginManager: Mounting plugin AssetManagerEditor
LogPluginManager: Mounting plugin CryptoKeys
LogPluginManager: Mounting plugin DataValidation
LogPluginManager: Mounting plugin FacialAnimation
LogPluginManager: Mounting plugin GameplayTagsEditor
LogPluginManager: Mounting plugin MacGraphicsSwitching
LogPluginManager: Mounting plugin MeshEditor
LogPluginManager: Mounting plugin MobileLauncherProfileWizard
LogPluginManager: Mounting plugin PluginBrowser
LogPluginManager: Mounting plugin SpeedTreeImporter
LogPluginManager: Mounting plugin DatasmithContent
LogPluginManager: Mounting plugin AlembicImporter
LogPluginManager: Mounting plugin AppleImageUtils
LogPluginManager: Mounting plugin AppleVision
LogPluginManager: Mounting plugin BackChannel
LogPluginManager: Mounting plugin CharacterAI
LogPluginManager: Mounting plugin GeometryCache
LogPluginManager: Mounting plugin HTML5Networking
LogPluginManager: Mounting plugin ProxyLODPlugin
LogPluginManager: Mounting plugin MagicLeap
LogPluginManager: Mounting plugin MagicLeapEmulator
LogPluginManager: Mounting plugin MagicLeapMedia
LogPluginManager: Mounting plugin AndroidMedia
LogPluginManager: Mounting plugin AvfMedia
LogPluginManager: Mounting plugin ImgMedia
LogPluginManager: Mounting plugin LinearTimecode
LogPluginManager: Mounting plugin MediaCompositing
LogPluginManager: Mounting plugin MediaPlayerEditor
LogPluginManager: Mounting plugin WmfMedia
LogPluginManager: Mounting plugin TcpMessaging
LogPluginManager: Mounting plugin UdpMessaging
LogPluginManager: Mounting plugin ActorSequence
LogPluginManager: Mounting plugin LevelSequenceEditor
LogPluginManager: Mounting plugin MatineeToLevelSequence
LogPluginManager: Mounting plugin NetcodeUnitTest
LogPluginManager: Mounting plugin NUTUnrealEngine4
LogPluginManager: Mounting plugin OnlineSubsystemGooglePlay
LogPluginManager: Mounting plugin OnlineSubsystemIOS
LogPluginManager: Mounting plugin OnlineSubsystem
LogPluginManager: Mounting plugin OnlineSubsystemNull
LogPluginManager: Mounting plugin OnlineSubsystemUtils
LogPluginManager: Mounting plugin LauncherChunkInstaller
LogPluginManager: Mounting plugin AndroidDeviceProfileSelector
LogPluginManager: Mounting plugin AndroidMoviePlayer
LogPluginManager: Mounting plugin AndroidPermission
LogPluginManager: Mounting plugin ApexDestruction
LogPluginManager: Mounting plugin AppleMoviePlayer
LogPluginManager: Mounting plugin ArchVisCharacter
LogPluginManager: Mounting plugin AudioCapture
LogPluginManager: Mounting plugin CableComponent
LogPluginManager: Mounting plugin CustomMeshComponent
LogPluginManager: Mounting plugin EditableMesh
LogPluginManager: Mounting plugin ExampleDeviceProfileSelector
LogPluginManager: Mounting plugin GoogleCloudMessaging
LogPluginManager: Mounting plugin ImmediatePhysics
LogPluginManager: Mounting plugin IOSDeviceProfileSelector
LogPluginManager: Mounting plugin LinuxDeviceProfileSelector
LogPluginManager: Mounting plugin LocationServicesBPLibrary
LogPluginManager: Mounting plugin MobilePatchingUtils
LogPluginManager: Mounting plugin OculusVR
LogPluginManager: Plugin shader directory ../../../Engine/Plugins/Runtime/Oculus/OculusVR/Shaders found
LogPluginManager: Mapping shader source directory ../../../Engine/Plugins/Runtime/Oculus/OculusVR/Shaders to virtual directory /Plugin/OculusVR
LogPluginManager: Mounting plugin PhysXVehicles
LogPluginManager: Mounting plugin ProceduralMeshComponent
LogPluginManager: Mounting plugin RuntimePhysXCooking
LogPluginManager: Mounting plugin SteamVR
LogPluginManager: Mounting plugin WindowsMoviePlayer
LogPluginManager: Mounting plugin VictoryBPLibrary
LogStreaming: Display: Took  0.275s to configure plugins.
LogInit: Using libcurl 7.55.1-DEV
LogInit:  - built for x86_64-pc-win32
LogInit:  - supports SSL with OpenSSL/1.0.2h
LogInit:  - supports HTTP deflate (compression) using libz 1.2.8
LogInit:  - other features:
LogInit:      CURL_VERSION_SSL
LogInit:      CURL_VERSION_LIBZ
LogInit:      CURL_VERSION_IPV6
LogInit:      CURL_VERSION_ASYNCHDNS
LogInit:      CURL_VERSION_LARGEFILE
LogInit:      CURL_VERSION_IDN
LogInit:  CurlRequestOptions (configurable via config and command line):
LogInit:  - bVerifyPeer = false  - Libcurl will NOT verify peer certificate
LogInit:  - bUseHttpProxy = false  - Libcurl will NOT use HTTP proxy
LogInit:  - bDontReuseConnections = false  - Libcurl will reuse connections
LogInit:  - CertBundlePath = nullptr  - Libcurl will use whatever was configured at build time.
LogInit:  - MaxHostConnections = 16  - Libcurl will limit the number of connections to a host
LogInit:  - LocalHostAddr = Default
LogInit:  - BufferSize = 65536
LogInit: WinSock: version 1.1 (2.2), MaxSocks=32767, MaxUdp=65467
LogInit: Build: ++UE4+Release-4.20-CL-4369336
LogInit: Engine Version: 4.20.3-4369336+++UE4+Release-4.20
LogInit: Compatible Engine Version: 4.20.0-4212847+++UE4+Release-4.20
LogInit: Net CL: 4212847
LogInit: OS: Windows 10 (), CPU: Intel(R) Core(TM) i7-6700HQ CPU @ 2.60GHz, GPU: Intel(R) HD Graphics 530
LogInit: Compiled (64-bit): Sep 17 2018 12:26:19
LogInit: Compiled with Visual C++: 19.13.26129.00
LogInit: Build Configuration: Development
LogInit: Branch Name: ++UE4+Release-4.20
LogInit: Command Line: 
LogInit: Base Directory: D:/EpicGames/Games/UE_4.20/Engine/Binaries/Win64/
LogInit: Installed Engine Build: 1
LogDevObjectVersion: Number of dev versions registered: 20
LogDevObjectVersion:   Dev-Blueprints (B0D832E4-1F89-4F0D-ACCF-7EB736FD4AA2): 10
LogDevObjectVersion:   Dev-Build (E1C64328-A22C-4D53-A36C-8E866417BD8C): 0
LogDevObjectVersion:   Dev-Core (375EC13C-06E4-48FB-B500-84F0262A717E): 2
LogDevObjectVersion:   Dev-Editor (E4B068ED-F494-42E9-A231-DA0B2E46BB41): 24
LogDevObjectVersion:   Dev-Framework (CFFC743F-43B0-4480-9391-14DF171D2073): 34
LogDevObjectVersion:   Dev-Mobile (B02B49B5-BB20-44E9-A304-32B752E40360): 2
LogDevObjectVersion:   Dev-Networking (A4E4105C-59A1-49B5-A7C5-40C4547EDFEE): 0
LogDevObjectVersion:   Dev-Online (39C831C9-5AE6-47DC-9A44-9C173E1C8E7C): 0
LogDevObjectVersion:   Dev-Physics (78F01B33-EBEA-4F98-B9B4-84EACCB95AA2): 0
LogDevObjectVersion:   Dev-Platform (6631380F-2D4D-43E0-8009-CF276956A95A): 0
LogDevObjectVersion:   Dev-Rendering (12F88B9F-8875-4AFC-A67C-D90C383ABD29): 26
LogDevObjectVersion:   Dev-Sequencer (7B5AE74C-D270-4C10-A958-57980B212A5A): 9
LogDevObjectVersion:   Dev-VR (D7296918-1DD6-4BDD-9DE2-64A83CC13884): 2
LogDevObjectVersion:   Dev-LoadTimes (C2A15278-BFE7-4AFE-6C17-90FF531DF755): 1
LogDevObjectVersion:   Private-Geometry (6EACA3D4-40EC-4CC1-B786-8BED09428FC5): 3
LogDevObjectVersion:   Dev-AnimPhys (29E575DD-E0A3-4627-9D10-D276232CDCEA): 17
LogDevObjectVersion:   Dev-ReflectionCapture (6B266CEC-1EC7-4B8F-A30B-E4D90942FC07): 1
LogDevObjectVersion:   Dev-Automation (0DF73D61-A23F-47EA-B727-89E90C41499A): 1
LogDevObjectVersion:   FortniteMain (601D1886-AC64-4F84-AA16-D3DE0DEAC7D6): 12
LogDevObjectVersion:   Dev-Enterprise (9DFFBCD6-494F-0158-E221-12823C92A888): 1
LogStreaming: Display: Took  0.002s to delete old logs.
LogInit: Presizing for max 8388607 objects, including 0 objects not considered by GC, pre-allocating 0 bytes for permanent pool.
LogInit: Object subsystem initialized
[2019.01.26-20.39.13:307][  0]LogInit: Selected Device Profile: [Windows]
[2019.01.26-20.39.13:307][  0]LogInit: Applying CVar settings loaded from the selected device profile: [Windows]
[2019.01.26-20.39.13:330][  0]LogHAL: Display: Platform has ~ 16 GB [17046654976 / 17179869184 / 16], which maps to Larger [LargestMinGB=32, LargerMinGB=12, DefaultMinGB=8, SmallerMinGB=6, SmallestMinGB=0)
[2019.01.26-20.39.13:330][  0]LogInit: Setting Device Profile CVar: [[r.Vulkan.UseRealUBs:1]]
[2019.01.26-20.39.13:330][  0]LogInit: Going up to parent DeviceProfile []
[2019.01.26-20.39.13:330][  0]LogInit: Computer: VARUNMW01
[2019.01.26-20.39.13:330][  0]LogInit: User: Varun
[2019.01.26-20.39.13:330][  0]LogInit: CPU Page size=4096, Cores=4
[2019.01.26-20.39.13:330][  0]LogInit: High frequency timer resolution =2.531252 MHz
[2019.01.26-20.39.13:331][  0]LogMemory: Memory total: Physical=15.9GB (16GB approx)
[2019.01.26-20.39.13:331][  0]LogMemory: Platform Memory Stats for Windows
[2019.01.26-20.39.13:331][  0]LogMemory: Process Physical Memory: 100.92 MB used, 100.92 MB peak
[2019.01.26-20.39.13:331][  0]LogMemory: Process Virtual Memory: 89.55 MB used, 89.55 MB peak
[2019.01.26-20.39.13:331][  0]LogMemory: Physical Memory: 9499.81 MB used,  6757.15 MB free, 16256.96 MB total
[2019.01.26-20.39.13:331][  0]LogMemory: Virtual Memory: 4644.01 MB used,  6757.15 MB free, 134217728.00 MB total
[2019.01.26-20.39.13:372][  0]LogInit: Using OS detected language (en-US).
[2019.01.26-20.39.13:372][  0]LogInit: Using OS detected locale (en-US).
[2019.01.26-20.39.13:373][  0]LogTextLocalizationManager: No specific localization for 'en-US' exists, so the 'en' localization will be used.
[2019.01.26-20.39.13:838][  0]LogStreaming: Display: Took  0.465s to InitEngineTextLocalization.
[2019.01.26-20.39.13:838][  0]LogInit: Setting process to per monitor DPI aware
[2019.01.26-20.39.13:898][  0]LogSlate: New Slate User Created.  User Index 0, Is Virtual User: 0
[2019.01.26-20.39.13:898][  0]LogSlate: Slate User Registered.  User Index 0, Is Virtual User: 0
[2019.01.26-20.39.14:354][  0]LogHMD: Failed to initialize OpenVR with code 110
[2019.01.26-20.39.14:355][  0]LogD3D11RHI: D3D11 adapters:
[2019.01.26-20.39.14:671][  0]LogD3D11RHI:    0. 'NVIDIA GeForce GTX 960M' (Feature Level 11_0)
[2019.01.26-20.39.14:672][  0]LogD3D11RHI:       4055/0/8128 MB DedicatedVideo/DedicatedSystem/SharedSystem, Outputs:1, VendorId:0x10de
[2019.01.26-20.39.14:710][  0]LogD3D11RHI:    1. 'Intel(R) HD Graphics 530' (Feature Level 11_0)
[2019.01.26-20.39.14:710][  0]LogD3D11RHI:       128/0/8128 MB DedicatedVideo/DedicatedSystem/SharedSystem, Outputs:0, VendorId:0x8086
[2019.01.26-20.39.14:715][  0]LogD3D11RHI:    2. 'Microsoft Basic Render Driver' (Feature Level 11_0)
[2019.01.26-20.39.14:715][  0]LogD3D11RHI:       0/0/8128 MB DedicatedVideo/DedicatedSystem/SharedSystem, Outputs:0, VendorId:0x1414
[2019.01.26-20.39.14:715][  0]LogD3D11RHI: Chosen D3D11 Adapter: 0
[2019.01.26-20.39.14:770][  0]LogD3D11RHI: Creating new Direct3DDevice
[2019.01.26-20.39.14:770][  0]LogD3D11RHI:     GPU DeviceId: 0x139b (for the marketing name, search the web for "GPU Device Id")
[2019.01.26-20.39.14:771][  0]LogWindows: EnumDisplayDevices:
[2019.01.26-20.39.14:771][  0]LogWindows:    0. 'Intel(R) HD Graphics 530' (P:1 D:1)
[2019.01.26-20.39.14:771][  0]LogWindows:    1. 'Intel(R) HD Graphics 530' (P:0 D:0)
[2019.01.26-20.39.14:772][  0]LogWindows:    2. 'Intel(R) HD Graphics 530' (P:0 D:0)
[2019.01.26-20.39.14:772][  0]LogWindows: DebugString: PrimaryIsNotTheChoosenAdapter PrimaryIsNotTheChoosenAdapter PrimaryIsNotTheChoosenAdapter FoundDriverCount:0 
[2019.01.26-20.39.14:772][  0]LogD3D11RHI:     Adapter Name: NVIDIA GeForce GTX 960M
[2019.01.26-20.39.14:772][  0]LogD3D11RHI:   Driver Version: Unknown (internal:Unknown, unified:Unknown)
[2019.01.26-20.39.14:772][  0]LogD3D11RHI:      Driver Date: Unknown
[2019.01.26-20.39.14:772][  0]LogRHI: Texture pool is 2839 MB (70% of 4055 MB)
[2019.01.26-20.39.14:839][  0]LogD3D11RHI: Async texture creation enabled
[2019.01.26-20.39.14:885][  0]LogD3D11RHI: GPU Timing Frequency: 1000.000000 (Debug: 2 2)
[2019.01.26-20.39.14:887][  0]LogShaderCompilers: Guid format shader working directory is 26 characters bigger than the processId version (C:/Temp/Group Level/Intermediate/Shaders/WorkingDirectory/13180/).
[2019.01.26-20.39.14:887][  0]LogShaderCompilers: Cleaned the shader compiler working directory 'C:/Users/Varun/AppData/Local/Temp/UnrealShaderWorkingDir/2C00655E4637E07D5A85898AC6BAA103/'.
[2019.01.26-20.39.15:334][  0]LogTemp: Display: Loaded TP AllDesktopTargetPlatform
[2019.01.26-20.39.15:355][  0]LogTemp: Display: Loaded TP MacClientTargetPlatform
[2019.01.26-20.39.15:377][  0]LogTemp: Display: Loaded TP MacNoEditorTargetPlatform
[2019.01.26-20.39.15:402][  0]LogTemp: Display: Loaded TP MacServerTargetPlatform
[2019.01.26-20.39.15:420][  0]LogTemp: Display: Loaded TP MacTargetPlatform
[2019.01.26-20.39.15:435][  0]LogTemp: Display: Loaded TP WindowsClientTargetPlatform
[2019.01.26-20.39.15:452][  0]LogTemp: Display: Loaded TP WindowsNoEditorTargetPlatform
[2019.01.26-20.39.15:469][  0]LogTemp: Display: Loaded TP WindowsServerTargetPlatform
[2019.01.26-20.39.15:476][  0]LogTemp: Display: Loaded TP WindowsTargetPlatform
[2019.01.26-20.39.15:579][  0]LogTemp: Display: Loaded TP AndroidTargetPlatform
[2019.01.26-20.39.15:579][  0]LogTemp: Display: Loaded TP AndroidTargetPlatform
[2019.01.26-20.39.15:579][  0]LogTemp: Display: Loaded TP AndroidTargetPlatform
[2019.01.26-20.39.15:579][  0]LogTemp: Display: Loaded TP AndroidTargetPlatform
[2019.01.26-20.39.15:579][  0]LogTemp: Display: Loaded TP AndroidTargetPlatform
[2019.01.26-20.39.15:579][  0]LogTemp: Display: Loaded TP AndroidTargetPlatform
[2019.01.26-20.39.15:579][  0]LogTemp: Display: Loaded TP AndroidTargetPlatform
[2019.01.26-20.39.15:579][  0]LogTemp: Display: Loaded TP AndroidTargetPlatform
[2019.01.26-20.39.15:579][  0]LogTemp: Display: Loaded TP AndroidTargetPlatform
[2019.01.26-20.39.15:579][  0]LogTemp: Display: Loaded TP AndroidTargetPlatform
[2019.01.26-20.39.15:579][  0]LogTemp: Display: Loaded TP AndroidTargetPlatform
[2019.01.26-20.39.15:579][  0]LogTemp: Display: Loaded TP AndroidTargetPlatform
[2019.01.26-20.39.15:579][  0]LogTemp: Display: Loaded TP AndroidTargetPlatform
[2019.01.26-20.39.15:579][  0]LogTemp: Display: Loaded TP AndroidTargetPlatform
[2019.01.26-20.39.15:579][  0]LogTemp: Display: Loaded TP AndroidTargetPlatform
[2019.01.26-20.39.15:579][  0]LogTemp: Display: Loaded TP AndroidTargetPlatform
[2019.01.26-20.39.15:579][  0]LogTemp: Display: Loaded TP AndroidTargetPlatform
[2019.01.26-20.39.15:579][  0]LogTemp: Display: Loaded TP AndroidTargetPlatform
[2019.01.26-20.39.15:582][  0]LogTemp: Display: Loaded TP HTML5TargetPlatform
[2019.01.26-20.39.15:662][  0]LogTemp: Display: Loaded TP IOSTargetPlatform
[2019.01.26-20.39.15:662][  0]LogTemp: Display: Loaded TP IOSTargetPlatform
[2019.01.26-20.39.15:697][  0]LogTemp: Display: Loaded TP TVOSTargetPlatform
[2019.01.26-20.39.15:697][  0]LogTemp: Display: Loaded TP TVOSTargetPlatform
[2019.01.26-20.39.15:717][  0]LogTemp: Display: Loaded TP LinuxClientTargetPlatform
[2019.01.26-20.39.15:733][  0]LogTemp: Display: Loaded TP LinuxNoEditorTargetPlatform
[2019.01.26-20.39.15:750][  0]LogTemp: Display: Loaded TP LinuxServerTargetPlatform
[2019.01.26-20.39.15:769][  0]LogTemp: Display: Loaded TP LinuxTargetPlatform
[2019.01.26-20.39.15:784][  0]LogTemp: Display: Loaded TP LuminTargetPlatform
[2019.01.26-20.39.15:784][  0]LogTargetPlatformManager: Display: Building Assets For Windows
[2019.01.26-20.39.15:868][  0]LogXGEController: Cannot use XGE Controller as Incredibuild is not installed on this machine.
[2019.01.26-20.39.15:868][  0]LogShaderCompilers: Cannot use XGE Shader Compiler as Incredibuild is not installed on this machine.
[2019.01.26-20.39.15:868][  0]LogShaderCompilers: Display: Using Local Shader Compiler.
[2019.01.26-20.39.16:812][  0]LogDerivedDataCache: Display: Max Cache Size: 512 MB
[2019.01.26-20.39.16:894][  0]LogDerivedDataCache: Loaded boot cache 0.08s 71MB C:/Users/Varun/AppData/Local/UnrealEngine/4.20/DerivedDataCache/Boot.ddc.
[2019.01.26-20.39.16:895][  0]LogDerivedDataCache: Display: Loaded Boot cache: C:/Users/Varun/AppData/Local/UnrealEngine/4.20/DerivedDataCache/Boot.ddc
[2019.01.26-20.39.16:895][  0]LogDerivedDataCache: FDerivedDataBackendGraph:  Pak pak cache file C:/Temp/Group Level/DerivedDataCache/DDC.ddp not found, will not use a pak cache.
[2019.01.26-20.39.16:895][  0]LogDerivedDataCache: Unable to find inner node Pak for hierarchical cache Hierarchy.
[2019.01.26-20.39.16:895][  0]LogDerivedDataCache: FDerivedDataBackendGraph:  CompressedPak pak cache file C:/Temp/Group Level/DerivedDataCache/Compressed.ddp not found, will not use a pak cache.
[2019.01.26-20.39.16:895][  0]LogDerivedDataCache: Unable to find inner node CompressedPak for hierarchical cache Hierarchy.
[2019.01.26-20.39.16:915][  0]LogDerivedDataCache: Display: Pak cache opened for reading ../../../Engine/DerivedDataCache/Compressed.ddp.
[2019.01.26-20.39.16:930][  0]LogDerivedDataCache: Using Local data cache path C:/Users/Varun/AppData/Local/UnrealEngine/Common/DerivedDataCache: Writable
[2019.01.26-20.39.16:930][  0]LogDerivedDataCache: Shared data cache path not found in *engine.ini, will not use an Shared cache.
[2019.01.26-20.39.16:930][  0]LogDerivedDataCache: Unable to find inner node Shared for hierarchical cache Hierarchy.
[2019.01.26-20.39.16:953][  0]LogMaterial: Verifying Global Shaders for PCD3D_SM5
[2019.01.26-20.39.16:954][  0]LogSlate: Using FreeType 2.6.0
[2019.01.26-20.39.16:956][  0]LogSlate: SlateFontServices - WITH_FREETYPE: 1, WITH_HARFBUZZ: 1
[2019.01.26-20.39.17:074][  0]LogAssetRegistry: FAssetRegistry took 0.0268 seconds to start up
[2019.01.26-20.39.17:530][  0]LogInit: Selected Device Profile: [Windows]
[2019.01.26-20.39.17:723][  0]LogSimplygon: Simplygon DLL not present - disabling.
[2019.01.26-20.39.17:728][  0]LogMeshReduction: Using SimplygonSwarm for distributed automatic mesh merging
[2019.01.26-20.39.17:728][  0]LogMeshReduction: Using ProxyLODMeshReduction for automatic mesh merging
[2019.01.26-20.39.17:728][  0]LogMeshReduction: Using QuadricMeshReduction for automatic static mesh reduction
[2019.01.26-20.39.17:728][  0]LogMeshReduction: No automatic skeletal mesh reduction module available
[2019.01.26-20.39.17:751][  0]LogNetVersion: PrototypeLevel 1.0.0, NetCL: 4212847, EngineNetVer: 5, GameNetVer: 0 (Checksum: 2856359110)
[2019.01.26-20.39.18:523][  0]LogPackageLocalizationCache: Processed 11 localized package path(s) for 2 prioritized culture(s) in 0.225745 seconds
[2019.01.26-20.39.18:533][  0]LogUObjectArray: 38425 objects as part of root set at end of initial load.
[2019.01.26-20.39.18:534][  0]LogUObjectAllocator: 6690864 out of 0 bytes used by permanent object pool.
[2019.01.26-20.39.18:534][  0]LogUObjectArray: CloseDisregardForGC: 0/0 objects in disregard for GC pool
[2019.01.26-20.39.19:968][  0]LogTcpMessaging: Initializing TcpMessaging bridge
[2019.01.26-20.39.19:983][  0]LogUdpMessaging: Initializing bridge on interface 0.0.0.0:0 to multicast group 230.0.0.1:6666.
[2019.01.26-20.39.20:190][  0]SourceControl: Source control is disabled
[2019.01.26-20.39.20:190][  0]SourceControl: Source control is disabled
[2019.01.26-20.39.20:192][  0]SourceControl: Source control is disabled
[2019.01.26-20.39.20:195][  0]SourceControl: Source control is disabled
[2019.01.26-20.39.20:410][  0]LogAndroidPermission: UAndroidPermissionCallbackProxy::GetInstance
[2019.01.26-20.39.20:608][  0]LogOcInput: OculusInput pre-init called
[2019.01.26-20.39.20:691][  0]LogEngine: Initializing Engine...
[2019.01.26-20.39.20:693][  0]LogHMD: Failed to initialize OpenVR with code 110
[2019.01.26-20.39.20:696][  0]LogStats: UGameplayTagsManager::ConstructGameplayTagTree: ImportINI prefixes -  0.000 s
[2019.01.26-20.39.20:696][  0]LogStats: UGameplayTagsManager::ConstructGameplayTagTree: Construct from data asset -  0.000 s
[2019.01.26-20.39.20:696][  0]LogStats: UGameplayTagsManager::ConstructGameplayTagTree: ImportINI -  0.000 s
[2019.01.26-20.39.20:696][  0]LogStats: UGameplayTagsManager::ConstructGameplayTagTree: GameplayTagTreeChangedEvent.Broadcast -  0.000 s
[2019.01.26-20.39.20:981][  0]LogInit: Initializing FReadOnlyCVARCache
[2019.01.26-20.39.20:996][  0]LogAIModule: Creating AISystem for world Untitled
[2019.01.26-20.39.21:039][  0]LogInit: XAudio2 using 'Headphones (Bose QuietControl 30 Stereo)' : 2 channels at 44.1 kHz using 16 bits per sample (channel mask 0x3)
[2019.01.26-20.39.21:060][  0]LogInit: FAudioDevice initialized.
[2019.01.26-20.39.21:060][  0]LogNetVersion: Set ProjectVersion to 1.0.0.0. Version Checksum will be recalculated on next use.
[2019.01.26-20.39.21:347][  0]LogDerivedDataCache: Saved boot cache 0.29s 71MB C:/Users/Varun/AppData/Local/UnrealEngine/4.20/DerivedDataCache/Boot.ddc.
[2019.01.26-20.39.21:368][  0]LogInit: Texture streaming: Enabled
[2019.01.26-20.39.21:391][  0]LogEngineSessionManager: EngineSessionManager initialized
[2019.01.26-20.39.21:419][  0]LogInit: Transaction tracking system initialized
[2019.01.26-20.39.21:441][  0]BlueprintLog: New page: Editor Load
[2019.01.26-20.39.21:540][  0]LocalizationService: Localization service is disabled
[2019.01.26-20.39.21:861][  0]LogCook: Display: Max memory allowance for cook 16384mb min free memory 0mb
[2019.01.26-20.39.21:861][  0]LogCook: Display: Mobile HDR setting 1
[2019.01.26-20.39.21:861][  0]LogGameplayTags: Display: UGameplayTagsManager::DoneAddingNativeTags. DelegateIsBound: 0
[2019.01.26-20.39.21:861][  0]LogStats: UGameplayTagsManager::ConstructGameplayTagTree: ImportINI prefixes -  0.000 s
[2019.01.26-20.39.21:861][  0]LogStats: UGameplayTagsManager::ConstructGameplayTagTree: Construct from data asset -  0.000 s
[2019.01.26-20.39.21:861][  0]LogStats: UGameplayTagsManager::ConstructGameplayTagTree: ImportINI -  0.000 s
[2019.01.26-20.39.21:861][  0]LogStats: UGameplayTagsManager::ConstructGameplayTagTree: GameplayTagTreeChangedEvent.Broadcast -  0.000 s
[2019.01.26-20.39.22:027][  0]LogFileCache: Scanning file cache for directory 'C:/Temp/Group Level/Content/' took 0.02s
[2019.01.26-20.39.22:027][  0]SourceControl: Source control is disabled
[2019.01.26-20.39.22:028][  0]Cmd: MAP LOAD FILE="C:/Temp/Group Level/Content/ThirdPersonBP/Maps/ThirdPersonExampleMap.umap" TEMPLATE=0 SHOWPROGRESS=1 FEATURELEVEL=3
[2019.01.26-20.39.22:029][  0]LightingResults: New page: Lighting Build
[2019.01.26-20.39.22:032][  0]MapCheck: New page: Map Check
[2019.01.26-20.39.22:032][  0]LightingResults: New page: Lighting Build
[2019.01.26-20.39.23:902][  0]LogAIModule: Creating AISystem for world ThirdPersonExampleMap
[2019.01.26-20.39.24:039][  0]LogEditorServer: Finished looking for orphan Actors (0.000 secs)
[2019.01.26-20.39.24:097][  0]Cmd: MAP CHECKDEP NOCLEARLOG
[2019.01.26-20.39.24:242][  0]MapCheck: Map check complete: 0 Error(s), 0 Warning(s), took 144.75ms to complete.
[2019.01.26-20.39.24:242][  0]LogFileHelpers: Loading map 'ThirdPersonExampleMap' took 2.215
[2019.01.26-20.39.24:355][  0]LogCollectionManager: Loaded 0 collections in 0.001438 seconds
[2019.01.26-20.39.24:398][  0]LogFileCache: Scanning file cache for directory 'C:/Temp/Group Level/Saved/Collections/' took 0.01s
[2019.01.26-20.39.24:398][  0]LogFileCache: Scanning file cache for directory 'C:/Temp/Group Level/Content/Developers/Varun/Collections/' took 0.01s
[2019.01.26-20.39.24:398][  0]LogFileCache: Scanning file cache for directory 'C:/Temp/Group Level/Content/Collections/' took 0.01s
[2019.01.26-20.39.24:398][  0]LogCollectionManager: Rebuilt the GUID cache for 0 collections in 0.000000 seconds
[2019.01.26-20.39.24:409][  0]LogContentBrowser: Native class hierarchy populated in 0.0107 seconds. Added 2587 classes and 611 folders.
[2019.01.26-20.39.24:416][  0]LogContentBrowser: Native class hierarchy updated for 'WidgetCarousel' in 0.0002 seconds. Added 0 classes and 0 folders.
[2019.01.26-20.39.24:501][  0]LogContentBrowser: Native class hierarchy updated for 'AddContentDialog' in 0.0003 seconds. Added 0 classes and 0 folders.
[2019.01.26-20.39.24:525][  0]LogSlate: Updating window title bar state: overlay mode, drag disabled, window buttons hidden, title bar hidden
[2019.01.26-20.39.24:537][  0]LogSlate: Updating window title bar state: overlay mode, drag disabled, window buttons hidden, title bar hidden
[2019.01.26-20.39.24:548][  0]LogSlate: Updating window title bar state: overlay mode, drag disabled, window buttons hidden, title bar hidden
[2019.01.26-20.39.24:557][  0]LogSlate: Updating window title bar state: overlay mode, drag disabled, window buttons hidden, title bar hidden
[2019.01.26-20.39.24:564][  0]LogContentBrowser: Native class hierarchy updated for 'SceneOutliner' in 0.0003 seconds. Added 1 classes and 2 folders.
[2019.01.26-20.39.24:606][  0]LogSlate: Took 0.000500 seconds to synchronously load lazily loaded font '../../../Engine/Content/Slate/Fonts/Roboto-Regular.ttf' (155K)
[2019.01.26-20.39.24:609][  0]LogSlate: Took 0.000441 seconds to synchronously load lazily loaded font '../../../Engine/Content/Slate/Fonts/Roboto-Bold.ttf' (160K)
[2019.01.26-20.39.24:611][  0]LogSlate: Took 0.000710 seconds to synchronously load lazily loaded font '../../../Engine/Content/Editor/Slate/Fonts/FontAwesome.ttf' (139K)
[2019.01.26-20.39.24:739][  0]LogRenderer: Reallocating scene render targets to support 964x708 Format 10 NumSamples 1 (Frame:1).
[2019.01.26-20.39.25:014][  0]LogContentBrowser: Native class hierarchy updated for 'HierarchicalLODOutliner' in 0.0003 seconds. Added 0 classes and 0 folders.
[2019.01.26-20.39.25:014][  0]LogLoad: (Engine Initialization) Total time: 14.20 seconds
[2019.01.26-20.39.25:014][  0]LogLoad: (Engine Initialization) Total Blueprint compile time: 0.00 seconds
[2019.01.26-20.39.25:034][  0]LogWindowsTextInputMethodSystem: Display: IME system now deactivated.
[2019.01.26-20.39.25:057][  0]LogContentStreaming: Texture pool size now 1000 MB
[2019.01.26-20.39.25:201][  1]LogAssetRegistry: Asset discovery search completed in 8.1495 seconds
[2019.01.26-20.39.25:203][  1]LogCollectionManager: Rebuilt the object cache for 0 collections in 0.000000 seconds (found 0 objects)
[2019.01.26-20.39.25:203][  1]LogCollectionManager: Fixed up redirectors for 0 collections in 0.000060 seconds (updated 0 objects)
[2019.01.26-20.39.26:124][ 23]LogSlate: Took 0.000434 seconds to synchronously load lazily loaded font '../../../Engine/Content/Slate/Fonts/Roboto-Light.ttf' (167K)
[2019.01.26-20.39.30:027][149]LogSlate: FSceneViewport::OnFocusLost() reason 0
[2019.01.26-20.39.30:169][151]LogAssetEditorManager: Opening Asset editor for Blueprint /Game/ThirdPersonBP/Blueprints/ThirdPersonCharacter.ThirdPersonCharacter
[2019.01.26-20.39.30:770][151]LogContentBrowser: Native class hierarchy updated for 'BlueprintGraph' in 0.0007 seconds. Added 116 classes and 0 folders.
[2019.01.26-20.39.31:775][151]LogSlate: Took 0.000433 seconds to synchronously load lazily loaded font '../../../Engine/Content/Slate/Fonts/Roboto-BoldCondensed.ttf' (158K)
[2019.01.26-20.39.32:066][152]LogSlate: Took 0.000491 seconds to synchronously load lazily loaded font '../../../Engine/Content/Slate/Fonts/Roboto-Italic.ttf' (157K)
[2019.01.26-20.39.34:272][208]LogSlate: Window 'ThirdPersonCharacter' being destroyed
[2019.01.26-20.39.38:798][445]LogSlate: FSceneViewport::OnFocusLost() reason 0
[2019.01.26-20.39.53:757][975]LogSlate: Window 'Editor Preferences' being destroyed
[2019.01.26-20.39.53:786][975]LogSlate: Window 'Editor Preferences' being destroyed
[2019.01.26-20.41.18:955][682]LogAssetEditorManager: Opening Asset editor for Blueprint /Game/Core/BP_CustomNotifierBox.BP_CustomNotifierBox
[2019.01.26-20.41.26:920][909]Cmd: CAMERA ALIGN ACTIVEVIEWPORTONLY
[2019.01.26-20.41.46:671][395]Cmd: TRANSACTION UNDO
[2019.01.26-20.41.46:671][395]LogEditorTransaction: Undo Scale Actors
[2019.01.26-20.42.42:531][752]LogEditorViewport: Clicking on Actor (LMB): StaticMeshActor (Shape_Pipe_98)
[2019.01.26-20.42.43:777][775]Cmd: CAMERA ALIGN ACTIVEVIEWPORTONLY
[2019.01.26-20.42.58:622][204]LogEditorViewport: Clicking on Actor (LMB): StaticMeshActor (Floor)
[2019.01.26-20.43.00:882][242]LogEditorViewport: Clicking on Actor (LMB): BP_CustomNotifierBox_C (BP_CustomNotifierBox)
[2019.01.26-20.43.06:428][340]Cmd: CAMERA ALIGN ACTIVEVIEWPORTONLY
[2019.01.26-20.43.34:577][855]LogEditorViewport: Clicking on Actor (LMB): StaticMeshActor (Floor)
[2019.01.26-20.43.35:820][874]LogEditorViewport: Clicking on Actor (LMB): StaticMeshActor (Floor)
[2019.01.26-20.43.36:574][885]LogEditorViewport: Clicking on Actor (LMB): BP_CustomNotifierBox_C (BP_CustomNotifierBox)
[2019.01.26-20.43.39:958][944]LogSlate: FSceneViewport::OnFocusLost() reason 0
[2019.01.26-20.43.55:894][234]LogEditorViewport: Clicking on Actor (LMB): BP_CustomNotifierBox_C (BP_CustomNotifierBox3)
[2019.01.26-20.43.57:956][269]LogSlate: FSceneViewport::OnFocusLost() reason 0
[2019.01.26-20.44.06:765][429]LogTemp: Repeating last play command: Selected Viewport
[2019.01.26-20.44.06:860][429]LogBlueprintUserMessages: Early PlayInEditor Detection: Level '/Game/ThirdPersonBP/Maps/ThirdPersonExampleMap.ThirdPersonExampleMap:PersistentLevel' has LevelScriptBlueprint '/Game/ThirdPersonBP/Maps/ThirdPersonExampleMap.ThirdPersonExampleMap:PersistentLevel.ThirdPersonExampleMap' with GeneratedClass '/Game/ThirdPersonBP/Maps/ThirdPersonExampleMap.ThirdPersonExampleMap_C' with ClassGeneratedBy '/Game/ThirdPersonBP/Maps/ThirdPersonExampleMap.ThirdPersonExampleMap:PersistentLevel.ThirdPersonExampleMap'
[2019.01.26-20.44.06:860][429]LogPlayLevel: PlayLevel: No blueprints needed recompiling
[2019.01.26-20.44.06:877][429]PIE: New page: PIE session: ThirdPersonExampleMap (Jan 26, 2019, 10:44:06 AM)
[2019.01.26-20.44.06:878][429]LogPlayLevel: Creating play world package: /Game/ThirdPersonBP/Maps/UEDPIE_0_ThirdPersonExampleMap
[2019.01.26-20.44.07:199][429]LogPlayLevel: PIE: StaticDuplicateObject took: (0.320630s)
[2019.01.26-20.44.07:200][429]LogAIModule: Creating AISystem for world ThirdPersonExampleMap
[2019.01.26-20.44.07:201][429]LogPlayLevel: PIE: World Init took: (0.001765s)
[2019.01.26-20.44.07:201][429]LogPlayLevel: PIE: Created PIE world by copying editor world from /Game/ThirdPersonBP/Maps/ThirdPersonExampleMap.ThirdPersonExampleMap to /Game/ThirdPersonBP/Maps/UEDPIE_0_ThirdPersonExampleMap.ThirdPersonExampleMap (0.323536s)
[2019.01.26-20.44.07:326][429]LogInit: XAudio2 using 'Headphones (Bose QuietControl 30 Stereo)' : 2 channels at 44.1 kHz using 16 bits per sample (channel mask 0x3)
[2019.01.26-20.44.07:353][429]LogInit: FAudioDevice initialized.
[2019.01.26-20.44.07:411][429]LogLoad: Game class is 'ThirdPersonGameMode_C'
[2019.01.26-20.44.07:468][429]LogWorld: Bringing World /Game/ThirdPersonBP/Maps/UEDPIE_0_ThirdPersonExampleMap.ThirdPersonExampleMap up for play (max tick rate 60) at 2019.01.26-15.44.07
[2019.01.26-20.44.07:471][429]LogWorld: Bringing up level for play took: 0.056726
[2019.01.26-20.44.07:488][429]LogContentBrowser: Native class hierarchy updated for 'MovieSceneCapture' in 0.0003 seconds. Added 10 classes and 0 folders.
[2019.01.26-20.44.07:490][429]PIE: Play in editor start time for /Game/ThirdPersonBP/Maps/UEDPIE_0_ThirdPersonExampleMap -0.254
[2019.01.26-20.44.07:491][429]LogBlueprintUserMessages: Late PlayInEditor Detection: Level '/Game/ThirdPersonBP/Maps/ThirdPersonExampleMap.ThirdPersonExampleMap:PersistentLevel' has LevelScriptBlueprint '/Game/ThirdPersonBP/Maps/ThirdPersonExampleMap.ThirdPersonExampleMap:PersistentLevel.ThirdPersonExampleMap' with GeneratedClass '/Game/ThirdPersonBP/Maps/ThirdPersonExampleMap.ThirdPersonExampleMap_C' with ClassGeneratedBy '/Game/ThirdPersonBP/Maps/ThirdPersonExampleMap.ThirdPersonExampleMap:PersistentLevel.ThirdPersonExampleMap'
[2019.01.26-20.45.21:107][365]LogNet: Browse: /Game/ThirdPersonBP/Maps/ThirdPersonExampleMap
[2019.01.26-20.45.21:226][365]LogLoad: LoadMap: /Game/ThirdPersonBP/Maps/ThirdPersonExampleMap
[2019.01.26-20.45.21:380][365]LogPlayLevel: Creating play world package: /Game/ThirdPersonBP/Maps/UEDPIE_0_ThirdPersonExampleMap
[2019.01.26-20.45.21:770][365]LogPlayLevel: PIE: StaticDuplicateObject took: (0.389690s)
[2019.01.26-20.45.21:771][365]LogAIModule: Creating AISystem for world ThirdPersonExampleMap
[2019.01.26-20.45.21:772][365]LogPlayLevel: PIE: World Init took: (0.001849s)
[2019.01.26-20.45.21:772][365]LogPlayLevel: PIE: Created PIE world by copying editor world from /Game/ThirdPersonBP/Maps/ThirdPersonExampleMap.ThirdPersonExampleMap to /Game/ThirdPersonBP/Maps/UEDPIE_0_ThirdPersonExampleMap.ThirdPersonExampleMap (0.392560s)
[2019.01.26-20.45.21:773][365]LogLoad: Game class is 'ThirdPersonGameMode_C'
[2019.01.26-20.45.21:916][365]LogWorld: Bringing World /Game/ThirdPersonBP/Maps/UEDPIE_0_ThirdPersonExampleMap.ThirdPersonExampleMap up for play (max tick rate 60) at 2019.01.26-15.45.21
[2019.01.26-20.45.21:921][365]LogWorld: Bringing up level for play took: 0.145413
[2019.01.26-20.45.21:928][365]LogLoad: Took 0.701811 seconds to LoadMap(/Game/ThirdPersonBP/Maps/UEDPIE_0_ThirdPersonExampleMap)
[2019.01.26-20.45.31:418][711]LogSlate: FSceneViewport::OnFocusLost() reason 2
[2019.01.26-20.45.33:343][784]LogBlueprintUserMessages: Early EndPlayMap Detection: Level '/Game/ThirdPersonBP/Maps/ThirdPersonExampleMap.ThirdPersonExampleMap:PersistentLevel' has LevelScriptBlueprint '/Game/ThirdPersonBP/Maps/ThirdPersonExampleMap.ThirdPersonExampleMap:PersistentLevel.ThirdPersonExampleMap' with GeneratedClass '/Game/ThirdPersonBP/Maps/ThirdPersonExampleMap.ThirdPersonExampleMap_C' with ClassGeneratedBy '/Game/ThirdPersonBP/Maps/ThirdPersonExampleMap.ThirdPersonExampleMap:PersistentLevel.ThirdPersonExampleMap'
[2019.01.26-20.45.33:344][784]LogSlate: Updating window title bar state: overlay mode, drag disabled, window buttons hidden, title bar hidden
[2019.01.26-20.45.33:461][784]LogPlayLevel: Display: Shutting down PIE online subsystems
[2019.01.26-20.45.33:462][784]LogBlueprintUserMessages: Late EndPlayMap Detection: Level '/Game/ThirdPersonBP/Maps/ThirdPersonExampleMap.ThirdPersonExampleMap:PersistentLevel' has LevelScriptBlueprint '/Game/ThirdPersonBP/Maps/ThirdPersonExampleMap.ThirdPersonExampleMap:PersistentLevel.ThirdPersonExampleMap' with GeneratedClass '/Game/ThirdPersonBP/Maps/ThirdPersonExampleMap.ThirdPersonExampleMap_C' with ClassGeneratedBy '/Game/ThirdPersonBP/Maps/ThirdPersonExampleMap.ThirdPersonExampleMap:PersistentLevel.ThirdPersonExampleMap'
[2019.01.26-20.45.33:565][784]LogSlate: Updating window title bar state: overlay mode, drag disabled, window buttons hidden, title bar hidden
[2019.01.26-20.45.33:627][785]LogPlayLevel: Display: Destroying online subsystem :Context_5
[2019.01.26-20.45.36:471][844]LogEditorViewport: Clicking on Actor (LMB): StaticMeshActor (Cube788)
[2019.01.26-20.45.37:576][859]Cmd: CAMERA ALIGN ACTIVEVIEWPORTONLY
[2019.01.26-20.45.44:701][ 10]LogEditorViewport: Clicking on Actor (LMB): StaticMeshActor (Cube867)
[2019.01.26-20.45.53:532][118]LogSlate: FSceneViewport::OnFocusLost() reason 2
[2019.01.26-20.46.03:676][342]LogEditorViewport: Clicking on Actor (LMB): StaticMeshActor (Cube727)
[2019.01.26-20.46.04:269][354]Cmd: CAMERA ALIGN ACTIVEVIEWPORTONLY
[2019.01.26-20.46.05:705][396]LogEditorViewport: Clicking on Actor (LMB): StaticMeshActor (Cube694)
[2019.01.26-20.46.06:085][405]Cmd: CAMERA ALIGN ACTIVEVIEWPORTONLY
[2019.01.26-20.46.08:240][452]LogEditorViewport: Clicking on Actor (LMB): StaticMeshActor (Cube757)
[2019.01.26-20.46.08:595][458]Cmd: CAMERA ALIGN ACTIVEVIEWPORTONLY
[2019.01.26-20.46.44:055][994]Cmd: CAMERA ALIGN ACTIVEVIEWPORTONLY
[2019.01.26-20.46.51:970][132]Cmd: CAMERA ALIGN ACTIVEVIEWPORTONLY
[2019.01.26-20.47.01:327][322]LogEditorViewport: Clicking on Actor (LMB): StaticMeshActor (Floor)
[2019.01.26-20.47.02:258][337]LogEditorViewport: Clicking on Actor (LMB): BP_CustomNotifierBox_C (BP_CustomNotifierBox)
[2019.01.26-20.47.40:270][106]LogSlate: FSceneViewport::OnFocusLost() reason 0
[2019.01.26-20.48.21:159][768]LogEditorViewport: Clicking on Actor (LMB): BP_CustomNotifierBox_C (BP_CustomNotifierBox)
[2019.01.26-20.48.38:689][ 13]LogSlate: FSceneViewport::OnFocusLost() reason 0
[2019.01.26-20.48.53:552][227]LogSlate: FSceneViewport::OnFocusLost() reason 0
[2019.01.26-20.49.19:536][600]LogSlate: FSceneViewport::OnFocusLost() reason 0
[2019.01.26-20.49.38:508][880]LogSlate: FSceneViewport::OnFocusLost() reason 0
[2019.01.26-20.50.06:197][338]LogSlate: FSceneViewport::OnFocusLost() reason 0
[2019.01.26-20.50.17:889][487]LogEditorViewport: Clicking on Actor (LMB): BP_CustomNotifierBox_C (BP_CustomNotifierBox4)
[2019.01.26-20.50.20:290][517]LogEditorViewport: Clicking on Actor (LMB): StaticMeshActor (Floor)
[2019.01.26-20.50.21:470][526]LogEditorViewport: Clicking on Actor (LMB): StaticMeshActor (Floor)
[2019.01.26-20.50.22:686][540]LogEditorViewport: Clicking on Actor (LMB): BP_CustomNotifierBox_C (BP_CustomNotifierBox8)
[2019.01.26-20.50.22:892][540]LogEditorViewport: Clicking on Actor (double click): StaticMeshActor (Floor)
[2019.01.26-20.50.26:616][582]LogEditorViewport: Clicking on Actor (LMB): BP_CustomNotifierBox_C (BP_CustomNotifierBox8)
[2019.01.26-20.50.28:284][602]LogSlate: FSceneViewport::OnFocusLost() reason 0
[2019.01.26-20.50.57:962][968]LogSavePackage: Moving 'C:/Temp/Group Level/Saved/ThirdPersonExampleMap_Auto1E1CC1BA847AF45CB9EB964922F25FC02.tmp' to 'C:/Temp/Group Level/Saved/Autosaves/Game/ThirdPersonBP/Maps/ThirdPersonExampleMap_Auto1.umap'
[2019.01.26-20.50.57:979][968]LogFileHelpers: Editor autosave (incl. sublevels) for '/Game/ThirdPersonBP/Maps/ThirdPersonExampleMap' took 2.883
[2019.01.26-20.50.57:979][968]LogFileHelpers: Editor autosave (incl. sublevels) for all levels took 2.883
[2019.01.26-20.52.24:537][ 81]LogSlate: FSceneViewport::OnFocusLost() reason 0
[2019.01.26-20.52.36:299][230]LogSlate: FSceneViewport::OnFocusLost() reason 0
[2019.01.26-20.52.43:409][319]Cmd: OBJ SAVEPACKAGE PACKAGE="/Game/ThirdPersonBP/Maps/ThirdPersonExampleMap" FILE="C:/Temp/Group Level/Content/ThirdPersonBP/Maps/ThirdPersonExampleMap.umap" SILENT=true AUTOSAVING=false KEEPDIRTY=false
[2019.01.26-20.52.46:817][319]LogSavePackage: Moving 'C:/Temp/Group Level/Saved/ThirdPersonExampleMap83D53E394BBEA0435E1F3A88121100AD.tmp' to 'C:/Temp/Group Level/Content/ThirdPersonBP/Maps/ThirdPersonExampleMap.umap'
[2019.01.26-20.52.46:881][319]Cmd: OBJ SAVEPACKAGE PACKAGE="/Game/ThirdPersonBP/Maps/ThirdPersonExampleMap_BuiltData" FILE="C:/Temp/Group Level/Content/ThirdPersonBP/Maps/ThirdPersonExampleMap_BuiltData.uasset" SILENT=true
[2019.01.26-20.52.51:938][319]LogSavePackage: Moving 'C:/Temp/Group Level/Saved/ThirdPersonExampleMap_BuiltData439C19DC472AA49DBE3D819020DC8C68.tmp' to 'C:/Temp/Group Level/Content/ThirdPersonBP/Maps/ThirdPersonExampleMap_BuiltData.uasset'
[2019.01.26-20.54.31:032][ 15]LogSlate: FSceneViewport::OnFocusLost() reason 0
[2019.01.26-20.55.43:220][603]BlueprintLog: New page: Compile ThirdPersonCharacter
[2019.01.26-20.55.43:650][603]Cmd: OBJ SAVEPACKAGE PACKAGE="/Game/ThirdPersonBP/Blueprints/ThirdPersonCharacter" FILE="C:/Temp/Group Level/Content/ThirdPersonBP/Blueprints/ThirdPersonCharacter.uasset" SILENT=true
[2019.01.26-20.55.43:758][603]LogSavePackage: Moving 'C:/Temp/Group Level/Saved/ThirdPersonCharacter65BC6B514BB0D12BB379B6B891CE2599.tmp' to 'C:/Temp/Group Level/Content/ThirdPersonBP/Blueprints/ThirdPersonCharacter.uasset'
[2019.01.26-20.56.07:636][962]BlueprintLog: New page: Compile ThirdPersonCharacter
[2019.01.26-20.56.07:992][962]Cmd: OBJ SAVEPACKAGE PACKAGE="/Game/ThirdPersonBP/Blueprints/ThirdPersonCharacter" FILE="C:/Temp/Group Level/Content/ThirdPersonBP/Blueprints/ThirdPersonCharacter.uasset" SILENT=true
[2019.01.26-20.56.08:090][962]LogSavePackage: Moving 'C:/Temp/Group Level/Saved/ThirdPersonCharacter314EB07246847E1C15A58F8600967DE3.tmp' to 'C:/Temp/Group Level/Content/ThirdPersonBP/Blueprints/ThirdPersonCharacter.uasset'
[2019.01.26-20.56.59:421][832]Cmd: OBJ SAVEPACKAGE PACKAGE="/Game/ThirdPersonBP/Maps/ThirdPersonExampleMap" FILE="C:/Temp/Group Level/Content/ThirdPersonBP/Maps/ThirdPersonExampleMap.umap" SILENT=true AUTOSAVING=false KEEPDIRTY=false
[2019.01.26-20.57.02:169][832]LogSavePackage: Moving 'C:/Temp/Group Level/Saved/ThirdPersonExampleMapA5B7F7EC44755289A3B52E8839471275.tmp' to 'C:/Temp/Group Level/Content/ThirdPersonBP/Maps/ThirdPersonExampleMap.umap'
[2019.01.26-20.57.02:229][832]Cmd: OBJ SAVEPACKAGE PACKAGE="/Game/ThirdPersonBP/Maps/ThirdPersonExampleMap_BuiltData" FILE="C:/Temp/Group Level/Content/ThirdPersonBP/Maps/ThirdPersonExampleMap_BuiltData.uasset" SILENT=true
[2019.01.26-20.57.05:814][832]LogSavePackage: Moving 'C:/Temp/Group Level/Saved/ThirdPersonExampleMap_BuiltData66DE3AC043F7F8F2108F8A989F53D034.tmp' to 'C:/Temp/Group Level/Content/ThirdPersonBP/Maps/ThirdPersonExampleMap_BuiltData.uasset'
[2019.01.26-20.57.15:211][ 67]LogUProjectInfo: Found projects:
[2019.01.26-20.57.18:731][122]Cmd: CLOSE_SLATE_MAINFRAME
[2019.01.26-20.57.18:976][122]LogActorComponent: UnregisterComponent: (/Engine/Transient.EditorFloorComp) Not registered. Aborting.
[2019.01.26-20.57.19:046][122]LogSlate: Window 'Open Project' being destroyed
[2019.01.26-20.57.19:053][122]LogSlate: Window 'PrototypeLevel - Unreal Editor' being destroyed
[2019.01.26-20.57.19:478][123]Cmd: QUIT_EDITOR
[2019.01.26-20.57.19:617][123]LogWindowsTextInputMethodSystem: Display: IME system now deactivated.
[2019.01.26-20.57.19:633][123]LogExit: Preparing to exit.
[2019.01.26-20.57.19:919][123]LogExit: Editor shut down
[2019.01.26-20.57.19:919][123]LogExit: Transaction tracking system shut down
[2019.01.26-20.57.20:807][123]LogExit: Object subsystem successfully closed.
[2019.01.26-20.57.20:847][123]LogShaderCompilers: Display: Shaders left to compile 0
[2019.01.26-20.57.20:851][123]LogD3D11RHI: Shutdown
[2019.01.26-20.57.20:851][123]LogD3D11RHI: CleanupD3DDevice
[2019.01.26-20.57.20:855][123]LogD3D11RHI: ~FD3D11DynamicRHI
[2019.01.26-20.57.20:869][123]LogModuleManager: Shutting down and abandoning module MovieSceneCapture (622)
[2019.01.26-20.57.20:869][123]LogModuleManager: Shutting down and abandoning module Voice (620)
[2019.01.26-20.57.20:869][123]LogModuleManager: Shutting down and abandoning module BlueprintGraph (618)
[2019.01.26-20.57.20:870][123]LogModuleManager: Shutting down and abandoning module HierarchicalLODOutliner (616)
[2019.01.26-20.57.20:870][123]LogModuleManager: Shutting down and abandoning module SceneOutliner (614)
[2019.01.26-20.57.20:870][123]LogModuleManager: Shutting down and abandoning module AddContentDialog (612)
[2019.01.26-20.57.20:870][123]LogModuleManager: Shutting down and abandoning module WidgetCarousel (611)
[2019.01.26-20.57.20:870][123]LogModuleManager: Shutting down and abandoning module EditorWidgets (608)
[2019.01.26-20.57.20:870][123]LogModuleManager: Shutting down and abandoning module CollectionManager (606)
[2019.01.26-20.57.20:870][123]LogModuleManager: Shutting down and abandoning module StatsViewer (604)
[2019.01.26-20.57.20:870][123]LogModuleManager: Shutting down and abandoning module FoliageEdit (602)
[2019.01.26-20.57.20:870][123]LogModuleManager: Shutting down and abandoning module LandscapeEditor (600)
[2019.01.26-20.57.20:870][123]LogModuleManager: Shutting down and abandoning module MeshPaintMode (598)
[2019.01.26-20.57.20:870][123]LogModuleManager: Shutting down and abandoning module SceneDepthPickerMode (596)
[2019.01.26-20.57.20:870][123]LogModuleManager: Shutting down and abandoning module ActorPickerMode (594)
[2019.01.26-20.57.20:870][123]LogModuleManager: Shutting down and abandoning module GeometryMode (592)
[2019.01.26-20.57.20:870][123]LogModuleManager: Shutting down and abandoning module TextureAlignMode (590)
[2019.01.26-20.57.20:871][123]LogModuleManager: Shutting down and abandoning module BspMode (588)
[2019.01.26-20.57.20:871][123]LogModuleManager: Shutting down and abandoning module PIEPreviewDeviceProfileSelector (586)
[2019.01.26-20.57.20:871][123]LogModuleManager: Shutting down and abandoning module SequenceRecorderSections (584)
[2019.01.26-20.57.20:871][123]LogModuleManager: Shutting down and abandoning module AutomationWorker (582)
[2019.01.26-20.57.20:871][123]LogModuleManager: Shutting down and abandoning module AudioCaptureEditor (580)
[2019.01.26-20.57.20:871][123]LogModuleManager: Shutting down and abandoning module SequenceRecorder (579)
[2019.01.26-20.57.20:871][123]LogModuleManager: Shutting down and abandoning module MatineeToLevelSequence (576)
[2019.01.26-20.57.20:871][123]LogModuleManager: Shutting down and abandoning module LevelSequenceEditor (574)
[2019.01.26-20.57.20:871][123]LogModuleManager: Shutting down and abandoning module PlacementMode (573)
[2019.01.26-20.57.20:871][123]LogModuleManager: Shutting down and abandoning module MaterialEditor (572)
[2019.01.26-20.57.20:871][123]LogModuleManager: Shutting down and abandoning module WmfMediaFactory (568)
[2019.01.26-20.57.20:871][123]LogModuleManager: Shutting down and abandoning module WmfMediaEditor (566)
[2019.01.26-20.57.20:871][123]LogModuleManager: Shutting down and abandoning module MediaPlayerEditor (564)
[2019.01.26-20.57.20:871][123]LogModuleManager: Shutting down and abandoning module OpenExrWrapper (562)
[2019.01.26-20.57.20:871][123]LogModuleManager: Shutting down and abandoning module ImgMediaFactory (560)
[2019.01.26-20.57.20:871][123]LogModuleManager: Shutting down and abandoning module ImgMediaEditor (558)
[2019.01.26-20.57.20:871][123]LogModuleManager: Shutting down and abandoning module AvfMediaFactory (556)
[2019.01.26-20.57.20:871][123]LogModuleManager: Shutting down and abandoning module AvfMediaEditor (554)
[2019.01.26-20.57.20:871][123]LogModuleManager: Shutting down and abandoning module AndroidMediaFactory (552)
[2019.01.26-20.57.20:871][123]LogModuleManager: Shutting down and abandoning module AndroidMediaEditor (550)
[2019.01.26-20.57.20:871][123]LogModuleManager: Shutting down and abandoning module MagicLeapCameraPreviewFactory (548)
[2019.01.26-20.57.20:871][123]LogModuleManager: Shutting down and abandoning module MagicLeapMediaFactory (546)
[2019.01.26-20.57.20:871][123]LogModuleManager: Shutting down and abandoning module MagicLeapMediaEditor (544)
[2019.01.26-20.57.20:871][123]LogModuleManager: Shutting down and abandoning module CharacterAI (542)
[2019.01.26-20.57.20:871][123]LogModuleManager: Shutting down and abandoning module SmartSnapping (540)
[2019.01.26-20.57.20:871][123]LogModuleManager: Shutting down and abandoning module SessionServices (538)
[2019.01.26-20.57.20:871][123]LogModuleManager: Shutting down and abandoning module ViewportSnapping (536)
[2019.01.26-20.57.20:871][123]LogModuleManager: Shutting down and abandoning module ViewportInteraction (534)
[2019.01.26-20.57.20:871][123]LogModuleManager: Shutting down and abandoning module ClothPainter (532)
[2019.01.26-20.57.20:871][123]LogModuleManager: Shutting down and abandoning module SkeletalMeshEditor (531)
[2019.01.26-20.57.20:871][123]LogModuleManager: Shutting down and abandoning module LogVisualizer (528)
[2019.01.26-20.57.20:871][123]LogModuleManager: Shutting down and abandoning module IntroTutorials (526)
[2019.01.26-20.57.20:871][123]LogModuleManager: Shutting down and abandoning module GameProjectGeneration (525)
[2019.01.26-20.57.20:871][123]LogModuleManager: Shutting down and abandoning module LuminPlatformEditor (522)
[2019.01.26-20.57.20:871][123]LogModuleManager: Shutting down and abandoning module IOSPlatformEditor (520)
[2019.01.26-20.57.20:872][123]LogModuleManager: Shutting down and abandoning module HTML5PlatformEditor (518)
[2019.01.26-20.57.20:872][123]LogModuleManager: Shutting down and abandoning module AndroidPlatformEditor (516)
[2019.01.26-20.57.20:872][123]LogModuleManager: Shutting down and abandoning module AndroidDeviceDetection (515)
[2019.01.26-20.57.21:181][123]LogModuleManager: Shutting down and abandoning module WindowsPlatformEditor (512)
[2019.01.26-20.57.21:181][123]LogModuleManager: Shutting down and abandoning module LuminRuntimeSettings (510)
[2019.01.26-20.57.21:181][123]LogModuleManager: Shutting down and abandoning module IOSRuntimeSettings (508)
[2019.01.26-20.57.21:181][123]LogModuleManager: Shutting down and abandoning module AndroidRuntimeSettings (506)
[2019.01.26-20.57.21:181][123]LogModuleManager: Shutting down and abandoning module InputBindingEditor (504)
[2019.01.26-20.57.21:181][123]LogModuleManager: Shutting down and abandoning module MergeActors (502)
[2019.01.26-20.57.21:181][123]LogModuleManager: Shutting down and abandoning module LocalizationDashboard (500)
[2019.01.26-20.57.21:181][123]LogModuleManager: Shutting down and abandoning module LocalizationService (499)
[2019.01.26-20.57.21:181][123]LogModuleManager: Shutting down and abandoning module HardwareTargeting (496)
[2019.01.26-20.57.21:181][123]LogModuleManager: Shutting down and abandoning module DeviceProfileEditor (494)
[2019.01.26-20.57.21:181][123]LogModuleManager: Shutting down and abandoning module UndoHistory (492)
[2019.01.26-20.57.21:181][123]LogModuleManager: Shutting down and abandoning module XmlParser (490)
[2019.01.26-20.57.21:181][123]LogModuleManager: Shutting down and abandoning module Blutility (488)
[2019.01.26-20.57.21:181][123]LogModuleManager: Shutting down and abandoning module ProjectSettingsViewer (486)
[2019.01.26-20.57.21:181][123]LogModuleManager: Shutting down and abandoning module ProjectTargetPlatformEditor (485)
[2019.01.26-20.57.21:182][123]LogModuleManager: Shutting down and abandoning module EditorSettingsViewer (482)
[2019.01.26-20.57.21:182][123]LogModuleManager: Shutting down and abandoning module SettingsEditor (480)
[2019.01.26-20.57.21:182][123]LogModuleManager: Shutting down and abandoning module ProjectLauncher (478)
[2019.01.26-20.57.21:182][123]LogModuleManager: Shutting down and abandoning module SessionFrontend (476)
[2019.01.26-20.57.21:182][123]LogModuleManager: Shutting down and abandoning module ProfilerClient (474)
[2019.01.26-20.57.21:182][123]LogModuleManager: Shutting down and abandoning module DeviceManager (472)
[2019.01.26-20.57.21:182][123]LogModuleManager: Shutting down and abandoning module TargetDeviceServices (471)
[2019.01.26-20.57.21:237][123]LogModuleManager: Shutting down and abandoning module AutomationController (468)
[2019.01.26-20.57.21:237][123]LogModuleManager: Shutting down and abandoning module AutomationWindow (466)
[2019.01.26-20.57.21:237][123]LogModuleManager: Shutting down and abandoning module Layers (464)
[2019.01.26-20.57.21:237][123]LogModuleManager: Shutting down and abandoning module ComponentVisualizers (462)
[2019.01.26-20.57.21:237][123]LogModuleManager: Shutting down and abandoning module DetailCustomizations (460)
[2019.01.26-20.57.21:237][123]LogModuleManager: Shutting down and abandoning module PackagesDialog (458)
[2019.01.26-20.57.21:238][123]LogModuleManager: Shutting down and abandoning module Persona (456)
[2019.01.26-20.57.21:238][123]LogModuleManager: Shutting down and abandoning module AdvancedPreviewScene (455)
[2019.01.26-20.57.21:238][123]LogModuleManager: Shutting down and abandoning module AnimGraph (453)
[2019.01.26-20.57.21:238][123]LogModuleManager: Shutting down and abandoning module Kismet (450)
[2019.01.26-20.57.21:243][123]LogModuleManager: Shutting down and abandoning module GraphEditor (448)
[2019.01.26-20.57.21:243][123]LogModuleManager: Shutting down and abandoning module ClassViewer (446)
[2019.01.26-20.57.21:243][123]LogModuleManager: Shutting down and abandoning module Toolbox (444)
[2019.01.26-20.57.21:243][123]LogModuleManager: Shutting down and abandoning module ModuleUI (442)
[2019.01.26-20.57.21:243][123]LogModuleManager: Shutting down and abandoning module MovieSceneTools (440)
[2019.01.26-20.57.21:243][123]LogModuleManager: Shutting down and abandoning module OutputLog (438)
[2019.01.26-20.57.21:243][123]LogModuleManager: Shutting down and abandoning module GammaUI (436)
[2019.01.26-20.57.21:243][123]LogModuleManager: Shutting down and abandoning module Documentation (434)
[2019.01.26-20.57.21:243][123]LogModuleManager: Shutting down and abandoning module MovieSceneTracks (432)
[2019.01.26-20.57.21:243][123]LogModuleManager: Shutting down and abandoning module MovieScene (430)
[2019.01.26-20.57.21:243][123]LogModuleManager: Shutting down and abandoning module StreamingPauseRendering (428)
[2019.01.26-20.57.21:243][123]LogModuleManager: Shutting down and abandoning module LauncherPlatform (426)
[2019.01.26-20.57.21:243][123]LogModuleManager: Shutting down and abandoning module AnalyticsET (424)
[2019.01.26-20.57.21:243][123]LogModuleManager: Shutting down and abandoning module PortalServices (422)
[2019.01.26-20.57.21:243][123]LogModuleManager: Shutting down and abandoning module PortalRpc (420)
[2019.01.26-20.57.21:243][123]LogModuleManager: Shutting down and abandoning module MessagingRpc (418)
[2019.01.26-20.57.21:243][123]LogModuleManager: Shutting down and abandoning module AIModule (416)
[2019.01.26-20.57.21:243][123]LogModuleManager: Shutting down and abandoning module GameplayDebugger (415)
[2019.01.26-20.57.21:243][123]LogModuleManager: Shutting down and abandoning module AITestSuite (413)
[2019.01.26-20.57.21:243][123]LogModuleManager: Shutting down and abandoning module NavigationSystem (411)
[2019.01.26-20.57.21:243][123]LogModuleManager: Shutting down and abandoning module DesktopPlatform (408)
[2019.01.26-20.57.21:243][123]LogModuleManager: Shutting down and abandoning module ProfilerService (406)
[2019.01.26-20.57.21:287][123]LogModuleManager: Shutting down and abandoning module TaskGraph (404)
[2019.01.26-20.57.21:287][123]LogModuleManager: Shutting down and abandoning module SteamVRController (402)
[2019.01.26-20.57.21:287][123]LogModuleManager: Shutting down and abandoning module ProceduralMeshComponentEditor (400)
[2019.01.26-20.57.21:287][123]LogModuleManager: Shutting down and abandoning module ProceduralMeshComponent (398)
[2019.01.26-20.57.21:287][123]LogModuleManager: Shutting down and abandoning module OculusInput (396)
[2019.01.26-20.57.21:287][123]LogModuleManager: Shutting down and abandoning module MobilePatchingUtils (394)
[2019.01.26-20.57.21:287][123]LogModuleManager: Shutting down and abandoning module EditableMesh (392)
[2019.01.26-20.57.21:287][123]LogModuleManager: Shutting down and abandoning module CustomMeshComponent (390)
[2019.01.26-20.57.21:287][123]LogModuleManager: Shutting down and abandoning module CableComponent (388)
[2019.01.26-20.57.21:287][123]LogModuleManager: Shutting down and abandoning module AudioCapture (386)
[2019.01.26-20.57.21:287][123]LogModuleManager: Shutting down and abandoning module ArchVisCharacter (384)
[2019.01.26-20.57.21:287][123]LogModuleManager: Shutting down and abandoning module AndroidPermission (382)
[2019.01.26-20.57.21:287][123]LogModuleManager: Shutting down and abandoning module NUTUnrealEngine4 (380)
[2019.01.26-20.57.21:287][123]LogModuleManager: Shutting down and abandoning module NetcodeUnitTest (378)
[2019.01.26-20.57.21:287][123]LogModuleManager: Shutting down and abandoning module MediaCompositingEditor (376)
[2019.01.26-20.57.21:287][123]LogModuleManager: Shutting down and abandoning module MediaCompositing (374)
[2019.01.26-20.57.21:287][123]LogModuleManager: Shutting down and abandoning module LinearTimecode (372)
[2019.01.26-20.57.21:287][123]LogModuleManager: Shutting down and abandoning module ImgMedia (370)
[2019.01.26-20.57.21:292][123]LogModuleManager: Shutting down and abandoning module HTML5Networking (368)
[2019.01.26-20.57.21:292][123]LogModuleManager: Shutting down and abandoning module GeometryCacheTracks (366)
[2019.01.26-20.57.21:293][123]LogModuleManager: Shutting down and abandoning module GeometryCacheSequencer (364)
[2019.01.26-20.57.21:293][123]LogModuleManager: Shutting down and abandoning module BackChannel (362)
[2019.01.26-20.57.21:293][123]LogModuleManager: Shutting down and abandoning module AppleVision (360)
[2019.01.26-20.57.21:293][123]LogModuleManager: Shutting down and abandoning module AppleImageUtils (358)
[2019.01.26-20.57.21:293][123]LogModuleManager: Shutting down and abandoning module AlembicImporter (356)
[2019.01.26-20.57.21:293][123]LogModuleManager: Shutting down and abandoning module AlembicLibrary (355)
[2019.01.26-20.57.21:293][123]LogModuleManager: Shutting down and abandoning module GeometryCache (354)
[2019.01.26-20.57.21:293][123]LogModuleManager: Shutting down and abandoning module GeometryCacheEd (353)
[2019.01.26-20.57.21:293][123]LogModuleManager: Shutting down and abandoning module DatasmithContentEditor (348)
[2019.01.26-20.57.21:293][123]LogModuleManager: Shutting down and abandoning module DatasmithContent (346)
[2019.01.26-20.57.21:295][123]LogModuleManager: Shutting down and abandoning module SpeedTreeImporter (344)
[2019.01.26-20.57.21:295][123]LogModuleManager: Shutting down and abandoning module PluginBrowser (342)
[2019.01.26-20.57.21:295][123]LogModuleManager: Shutting down and abandoning module MobileLauncherProfileWizard (340)
[2019.01.26-20.57.21:295][123]LogModuleManager: Shutting down and abandoning module PolygonModeling (338)
[2019.01.26-20.57.21:295][123]LogModuleManager: Shutting down and abandoning module MeshEditor (336)
[2019.01.26-20.57.21:295][123]LogModuleManager: Shutting down and abandoning module CryptoKeysOpenSSL (334)
[2019.01.26-20.57.21:295][123]LogModuleManager: Shutting down and abandoning module CryptoKeys (332)
[2019.01.26-20.57.21:295][123]LogModuleManager: Shutting down and abandoning module VisualStudioSourceCodeAccess (330)
[2019.01.26-20.57.21:295][123]LogModuleManager: Shutting down and abandoning module VisualStudioCodeSourceCodeAccess (328)
[2019.01.26-20.57.21:295][123]LogModuleManager: Shutting down and abandoning module UObjectPlugin (326)
[2019.01.26-20.57.21:295][123]LogModuleManager: Shutting down and abandoning module SubversionSourceControl (324)
[2019.01.26-20.57.21:295][123]LogModuleManager: Shutting down and abandoning module PerforceSourceControl (322)
[2019.01.26-20.57.21:295][123]LogModuleManager: Shutting down and abandoning module GitSourceControl (320)
[2019.01.26-20.57.21:296][123]LogModuleManager: Shutting down and abandoning module SourceControl (319)
[2019.01.26-20.57.21:296][123]LogModuleManager: Shutting down and abandoning module CLionSourceCodeAccess (316)
[2019.01.26-20.57.21:296][123]LogModuleManager: Shutting down and abandoning module LightPropagationVolumeEditor (314)
[2019.01.26-20.57.21:296][123]LogModuleManager: Shutting down and abandoning module PaperTiledImporter (312)
[2019.01.26-20.57.21:296][123]LogModuleManager: Shutting down and abandoning module PaperSpriteSheetImporter (310)
[2019.01.26-20.57.21:296][123]LogModuleManager: Shutting down and abandoning module Paper2DEditor (308)
[2019.01.26-20.57.21:296][123]LogModuleManager: Shutting down and abandoning module MeshPaint (307)
[2019.01.26-20.57.21:296][123]LogModuleManager: Shutting down and abandoning module VictoryBPLibrary (304)
[2019.01.26-20.57.21:297][123]LogModuleManager: Shutting down and abandoning module RuntimePhysXCooking (302)
[2019.01.26-20.57.21:297][123]LogModuleManager: Shutting down and abandoning module PhysXVehiclesEditor (300)
[2019.01.26-20.57.21:297][123]LogModuleManager: Shutting down and abandoning module PhysXVehicles (298)
[2019.01.26-20.57.21:297][123]LogModuleManager: Shutting down and abandoning module OculusEditor (296)
[2019.01.26-20.57.21:297][123]LogModuleManager: Shutting down and abandoning module LocationServicesBPLibrary (294)
[2019.01.26-20.57.21:297][123]LogModuleManager: Shutting down and abandoning module ImmediatePhysicsEditor (292)
[2019.01.26-20.57.21:297][123]LogModuleManager: Shutting down and abandoning module ImmediatePhysics (290)
[2019.01.26-20.57.21:297][123]LogModuleManager: Shutting down and abandoning module ApexDestructionEditor (288)
[2019.01.26-20.57.21:297][123]LogModuleManager: Shutting down and abandoning module ApexDestruction (286)
[2019.01.26-20.57.21:297][123]LogModuleManager: Shutting down and abandoning module ActorSequence (284)
[2019.01.26-20.57.21:297][123]LogModuleManager: Shutting down and abandoning module UdpMessaging (282)
[2019.01.26-20.57.21:398][123]LogModuleManager: Shutting down and abandoning module TcpMessaging (280)
[2019.01.26-20.57.21:499][123]LogModuleManager: Shutting down and abandoning module MagicLeapAudio (278)
[2019.01.26-20.57.21:499][123]LogModuleManager: Shutting down and abandoning module GameplayTagsEditor (276)
[2019.01.26-20.57.21:499][123]LogModuleManager: Shutting down and abandoning module FacialAnimationEditor (274)
[2019.01.26-20.57.21:499][123]LogModuleManager: Shutting down and abandoning module FacialAnimation (272)
[2019.01.26-20.57.21:499][123]LogModuleManager: Shutting down and abandoning module DataValidation (270)
[2019.01.26-20.57.21:499][123]LogModuleManager: Shutting down and abandoning module AssetManagerEditor (268)
[2019.01.26-20.57.21:499][123]LogModuleManager: Shutting down and abandoning module LevelEditor (267)
[2019.01.26-20.57.21:501][123]LogModuleManager: Shutting down and abandoning module PixelInspectorModule (266)
[2019.01.26-20.57.21:502][123]LogModuleManager: Shutting down and abandoning module CommonMenuExtensions (264)
[2019.01.26-20.57.21:502][123]LogModuleManager: Shutting down and abandoning module MainFrame (262)
[2019.01.26-20.57.21:503][123]LogModuleManager: Shutting down and abandoning module HotReload (261)
[2019.01.26-20.57.21:506][123]LogModuleManager: Shutting down and abandoning module ContentBrowser (257)
[2019.01.26-20.57.21:509][123]LogModuleManager: Shutting down and abandoning module TreeMap (255)
[2019.01.26-20.57.21:509][123]LogModuleManager: Shutting down and abandoning module LightPropagationVolumeRuntime (252)
[2019.01.26-20.57.21:509][123]LogModuleManager: Shutting down and abandoning module AISupportModule (250)
[2019.01.26-20.57.21:510][123]LogModuleManager: Shutting down and abandoning module Paper2D (248)
[2019.01.26-20.57.21:510][123]LogModuleManager: Shutting down and abandoning module WindowsMoviePlayer (246)
[2019.01.26-20.57.21:510][123]LogModuleManager: Shutting down and abandoning module WmfMedia (244)
[2019.01.26-20.57.21:515][123]LogModuleManager: Shutting down and abandoning module Media (243)
[2019.01.26-20.57.21:521][123]LogModuleManager: Shutting down and abandoning module PacketHandler (240)
[2019.01.26-20.57.21:521][123]LogModuleManager: Shutting down and abandoning module ClothingSystemEditor (238)
[2019.01.26-20.57.21:522][123]LogModuleManager: Shutting down and abandoning module ClothingSystemRuntime (236)
[2019.01.26-20.57.21:522][123]LogModuleManager: Shutting down and abandoning module MediaAssets (234)
[2019.01.26-20.57.21:522][123]LogModuleManager: Shutting down and abandoning module Overlay (232)
[2019.01.26-20.57.21:522][123]LogModuleManager: Shutting down and abandoning module OverlayEditor (231)
[2019.01.26-20.57.21:522][123]LogModuleManager: Shutting down and abandoning module VREditor (228)
[2019.01.26-20.57.21:522][123]LogModuleManager: Shutting down and abandoning module StringTableEditor (226)
[2019.01.26-20.57.21:522][123]LogModuleManager: Shutting down and abandoning module GameplayTasksEditor (224)
[2019.01.26-20.57.21:522][123]LogModuleManager: Shutting down and abandoning module BehaviorTreeEditor (222)
[2019.01.26-20.57.21:522][123]LogModuleManager: Shutting down and abandoning module FunctionalTesting (220)
[2019.01.26-20.57.21:522][123]LogModuleManager: Shutting down and abandoning module CollisionAnalyzer (218)
[2019.01.26-20.57.21:522][123]LogModuleManager: Shutting down and abandoning module WorkspaceMenuStructure (217)
[2019.01.26-20.57.21:522][123]LogModuleManager: Shutting down and abandoning module UMG (214)
[2019.01.26-20.57.21:522][123]LogModuleManager: Shutting down and abandoning module UMGEditor (213)
[2019.01.26-20.57.21:522][123]LogModuleManager: Shutting down and abandoning module Sequencer (212)
[2019.01.26-20.57.21:522][123]LogModuleManager: Shutting down and abandoning module MessageLog (209)
[2019.01.26-20.57.21:522][123]LogModuleManager: Shutting down and abandoning module SlateReflector (204)
[2019.01.26-20.57.21:522][123]LogModuleManager: Shutting down and abandoning module Slate (202)
[2019.01.26-20.57.21:522][123]LogModuleManager: Shutting down and abandoning module EditorStyle (200)
[2019.01.26-20.57.21:524][123]LogModuleManager: Shutting down and abandoning module MRMesh (198)
[2019.01.26-20.57.21:524][123]LogModuleManager: Shutting down and abandoning module SourceCodeAccess (196)
[2019.01.26-20.57.21:524][123]LogModuleManager: Shutting down and abandoning module HeadMountedDisplay (194)
[2019.01.26-20.57.21:524][123]LogModuleManager: Shutting down and abandoning module XAudio2 (192)
[2019.01.26-20.57.21:524][123]LogModuleManager: Shutting down and abandoning module Networking (190)
[2019.01.26-20.57.21:524][123]LogModuleManager: Shutting down and abandoning module Core (188)
[2019.01.26-20.57.21:524][123]LogModuleManager: Shutting down and abandoning module LevelSequence (186)
[2019.01.26-20.57.21:524][123]LogModuleManager: Shutting down and abandoning module KismetCompiler (184)
[2019.01.26-20.57.21:524][123]LogModuleManager: Shutting down and abandoning module MeshUtilities (182)
[2019.01.26-20.57.21:524][123]LogModuleManager: Shutting down and abandoning module MeshMergeUtilities (181)
[2019.01.26-20.57.21:524][123]LogModuleManager: Shutting down and abandoning module MeshReductionInterface (180)
[2019.01.26-20.57.21:524][123]LogModuleManager: Shutting down and abandoning module SimplygonSwarm (179)
[2019.01.26-20.57.21:524][123]LogModuleManager: Shutting down and abandoning module ProxyLODMeshReduction (177)
[2019.01.26-20.57.21:524][123]LogModuleManager: Shutting down and abandoning module SimplygonMeshReduction (175)
[2019.01.26-20.57.21:524][123]LogModuleManager: Shutting down and abandoning module QuadricMeshReduction (173)
[2019.01.26-20.57.21:524][123]LogModuleManager: Shutting down and abandoning module MaterialBaking (169)
[2019.01.26-20.57.21:524][123]LogModuleManager: Shutting down and abandoning module DirectoryWatcher (165)
[2019.01.26-20.57.21:524][123]LogModuleManager: Shutting down and abandoning module DerivedDataCache (162)
[2019.01.26-20.57.21:540][123]LogDerivedDataCache: Shutdown
[2019.01.26-20.57.21:540][123]LogModuleManager: Shutting down and abandoning module XGEController (160)
[2019.01.26-20.57.21:540][123]LogModuleManager: Shutting down and abandoning module TargetPlatform (158)
[2019.01.26-20.57.21:540][123]LogModuleManager: Shutting down and abandoning module VulkanShaderFormat (157)
[2019.01.26-20.57.21:540][123]LogModuleManager: Shutting down and abandoning module ShaderFormatVectorVM (155)
[2019.01.26-20.57.21:540][123]LogModuleManager: Shutting down and abandoning module ShaderFormatOpenGL (153)
[2019.01.26-20.57.21:540][123]LogModuleManager: Shutting down and abandoning module ShaderFormatD3D (151)
[2019.01.26-20.57.21:540][123]LogModuleManager: Shutting down and abandoning module MetalShaderFormat (149)
[2019.01.26-20.57.21:540][123]LogModuleManager: Shutting down and abandoning module TextureFormatUncompressed (147)
[2019.01.26-20.57.21:540][123]LogModuleManager: Shutting down and abandoning module TextureFormatPVR (145)
[2019.01.26-20.57.21:540][123]LogModuleManager: Shutting down and abandoning module TextureFormatDXT (143)
[2019.01.26-20.57.21:540][123]LogModuleManager: Shutting down and abandoning module TextureFormatIntelISPCTexComp (141)
[2019.01.26-20.57.21:540][123]LogModuleManager: Shutting down and abandoning module TextureFormatASTC (139)
[2019.01.26-20.57.21:540][123]LogModuleManager: Shutting down and abandoning module ImageWrapper (138)
[2019.01.26-20.57.21:540][123]LogModuleManager: Shutting down and abandoning module TextureFormatAndroid (135)
[2019.01.26-20.57.21:540][123]LogModuleManager: Shutting down and abandoning module AudioFormatOpus (133)
[2019.01.26-20.57.21:540][123]LogModuleManager: Shutting down and abandoning module AudioFormatOgg (131)
[2019.01.26-20.57.21:540][123]LogModuleManager: Shutting down and abandoning module AudioFormatADPCM (129)
[2019.01.26-20.57.21:540][123]LogModuleManager: Shutting down and abandoning module LuminTargetPlatform (127)
[2019.01.26-20.57.21:540][123]LogModuleManager: Shutting down and abandoning module LinuxTargetPlatform (125)
[2019.01.26-20.57.21:541][123]LogModuleManager: Shutting down and abandoning module LinuxServerTargetPlatform (123)
[2019.01.26-20.57.21:541][123]LogModuleManager: Shutting down and abandoning module LinuxNoEditorTargetPlatform (121)
[2019.01.26-20.57.21:541][123]LogModuleManager: Shutting down and abandoning module LinuxClientTargetPlatform (119)
[2019.01.26-20.57.21:541][123]LogModuleManager: Shutting down and abandoning module TVOSTargetPlatform (117)
[2019.01.26-20.57.21:542][123]LogModuleManager: Shutting down and abandoning module Messaging (115)
[2019.01.26-20.57.21:542][123]LogModuleManager: Shutting down and abandoning module IOSTargetPlatform (113)
[2019.01.26-20.57.21:543][123]LogModuleManager: Shutting down and abandoning module HTML5TargetPlatform (111)
[2019.01.26-20.57.21:543][123]LogModuleManager: Shutting down and abandoning module AndroidTargetPlatform (109)
[2019.01.26-20.57.21:549][123]LogModuleManager: Shutting down and abandoning module WindowsTargetPlatform (107)
[2019.01.26-20.57.21:550][123]LogModuleManager: Shutting down and abandoning module WindowsServerTargetPlatform (105)
[2019.01.26-20.57.21:550][123]LogModuleManager: Shutting down and abandoning module WindowsNoEditorTargetPlatform (103)
[2019.01.26-20.57.21:550][123]LogModuleManager: Shutting down and abandoning module WindowsClientTargetPlatform (101)
[2019.01.26-20.57.21:550][123]LogModuleManager: Shutting down and abandoning module MacTargetPlatform (99)
[2019.01.26-20.57.21:550][123]LogModuleManager: Shutting down and abandoning module MacServerTargetPlatform (97)
[2019.01.26-20.57.21:550][123]LogModuleManager: Shutting down and abandoning module MacNoEditorTargetPlatform (95)
[2019.01.26-20.57.21:550][123]LogModuleManager: Shutting down and abandoning module MacClientTargetPlatform (93)
[2019.01.26-20.57.21:550][123]LogModuleManager: Shutting down and abandoning module AllDesktopTargetPlatform (91)
[2019.01.26-20.57.21:550][123]LogModuleManager: Shutting down and abandoning module InputCore (88)
[2019.01.26-20.57.21:550][123]LogModuleManager: Shutting down and abandoning module Settings (86)
[2019.01.26-20.57.21:550][123]LogModuleManager: Shutting down and abandoning module PhysXCooking (84)
[2019.01.26-20.57.21:550][123]LogModuleManager: Shutting down and abandoning module SteamVR (82)
[2019.01.26-20.57.21:550][123]LogModuleManager: Shutting down and abandoning module OculusHMD (80)
[2019.01.26-20.57.21:550][123]LogModuleManager: Shutting down and abandoning module ExampleDeviceProfileSelector (78)
[2019.01.26-20.57.21:550][123]LogModuleManager: Shutting down and abandoning module LauncherChunkInstaller (76)
[2019.01.26-20.57.21:550][123]LogModuleManager: Shutting down and abandoning module OnlineBlueprintSupport (74)
[2019.01.26-20.57.21:550][123]LogModuleManager: Shutting down and abandoning module OnlineSubsystem (70)
[2019.01.26-20.57.21:551][123]LogModuleManager: Shutting down and abandoning module XMPP (65)
[2019.01.26-20.57.21:551][123]LogModuleManager: Shutting down and abandoning module WebSockets (64)
[2019.01.26-20.57.21:586][123]LogModuleManager: Shutting down and abandoning module HTTP (61)
[2019.01.26-20.57.21:586][123]LogHttp: Display: Http module shutting down, but needs to wait on 1 outstanding Http requests:
[2019.01.26-20.57.21:586][123]LogHttp: Display: 	verb=[POST] url=[https://datarouter.ol.epicgames.com/datarouter/api/v1/public/data?SessionID=%7B7AF229BB-427E-3848-565B-82B08587FFBA%7D&AppID=UEEditor.Rocket.Release&AppVersion=4.20.3-4369336%2B%2B%2BUE4%2BRelease-4.20&UserID=492e65dd48673339ba3345820836acac%7C198f0c7eba5d40c39cde66691aa87a3b%7C708ffe7b-f8ea-4e7d-825c-9c27d99d23de&AppEnvironment=datacollector-binary&UploadType=eteventstream] status=Processing
[2019.01.26-20.57.21:602][123]LogModuleManager: Shutting down and abandoning module SSL (60)
[2019.01.26-20.57.21:603][123]LogModuleManager: Shutting down and abandoning module MagicLeapEmulator (56)
[2019.01.26-20.57.21:603][123]LogModuleManager: Shutting down and abandoning module MagicLeapPrivileges (54)
[2019.01.26-20.57.21:603][123]LogModuleManager: Shutting down and abandoning module MagicLeapIdentity (52)
[2019.01.26-20.57.21:603][123]LogModuleManager: Shutting down and abandoning module MagicLeapHelperVulkan (50)
[2019.01.26-20.57.21:603][123]LogModuleManager: Shutting down and abandoning module MagicLeapHelperOpenGL (48)
[2019.01.26-20.57.21:603][123]LogModuleManager: Shutting down and abandoning module MagicLeapSecureStorage (46)
[2019.01.26-20.57.21:603][123]LogModuleManager: Shutting down and abandoning module MagicLeapGestures (44)
[2019.01.26-20.57.21:603][123]LogModuleManager: Shutting down and abandoning module MagicLeapEyeTracker (42)
[2019.01.26-20.57.21:604][123]LogModuleManager: Shutting down and abandoning module MagicLeapController (40)
[2019.01.26-20.57.21:604][123]LogSlate: Slate User Destroyed.  User Index 0, Is Virtual User: 0
[2019.01.26-20.57.21:604][123]LogModuleManager: Shutting down and abandoning module MagicLeap (38)
[2019.01.26-20.57.21:604][123]LogModuleManager: Shutting down and abandoning module AnimationModifiers (36)
[2019.01.26-20.57.21:604][123]LogModuleManager: Shutting down and abandoning module PropertyEditor (35)
[2019.01.26-20.57.21:604][123]LogModuleManager: Shutting down and abandoning module AudioEditor (32)
[2019.01.26-20.57.21:604][123]LogModuleManager: Shutting down and abandoning module TextureCompressor (30)
[2019.01.26-20.57.21:604][123]LogModuleManager: Shutting down and abandoning module ShaderCore (28)
[2019.01.26-20.57.21:604][123]LogModuleManager: Shutting down and abandoning module Landscape (26)
[2019.01.26-20.57.21:604][123]LogModuleManager: Shutting down and abandoning module SlateRHIRenderer (24)
[2019.01.26-20.57.21:605][123]LogModuleManager: Shutting down and abandoning module OpenGLDrv (22)
[2019.01.26-20.57.21:605][123]LogModuleManager: Shutting down and abandoning module D3D11RHI (20)
[2019.01.26-20.57.21:605][123]LogModuleManager: Shutting down and abandoning module AnimGraphRuntime (18)
[2019.01.26-20.57.21:605][123]LogModuleManager: Shutting down and abandoning module Renderer (16)
[2019.01.26-20.57.21:605][123]LogModuleManager: Shutting down and abandoning module Engine (14)
[2019.01.26-20.57.21:605][123]LogModuleManager: Shutting down and abandoning module CoreUObject (12)
[2019.01.26-20.57.21:605][123]LogModuleManager: Shutting down and abandoning module NetworkFile (10)
[2019.01.26-20.57.21:605][123]LogModuleManager: Shutting down and abandoning module CookedIterativeFile (8)
[2019.01.26-20.57.21:605][123]LogModuleManager: Shutting down and abandoning module StreamingFile (6)
[2019.01.26-20.57.21:605][123]LogModuleManager: Shutting down and abandoning module SandboxFile (4)
[2019.01.26-20.57.21:605][123]LogModuleManager: Shutting down and abandoning module PakFile (2)
[2019.01.26-20.57.21:616][123]LogExit: Exiting.
[2019.01.26-20.57.21:625][123]Log file closed, 01/26/19 15:57:21
