Log file open, 01/27/19 16:27:24
LogWindows: Failed to load 'aqProf.dll' (GetLastError=126)
LogWindows: File 'aqProf.dll' does not exist
LogWindows: Failed to load 'VtuneApi.dll' (GetLastError=126)
LogWindows: File 'VtuneApi.dll' does not exist
LogWindows: Failed to load 'VtuneApi32e.dll' (GetLastError=126)
LogWindows: File 'VtuneApi32e.dll' does not exist
LogInit: Display: Running engine for game: PrototypeLevel
LogPlatformFile: Not using cached read wrapper
LogTaskGraph: Started task graph with 5 named threads and 23 total threads with 3 sets of task threads.
LogStats: Stats thread started at 0.342911
LogD3D11RHI: Loaded GFSDK_Aftermath_Lib.x64.dll
LogICUInternationalization: Display: ICU TimeZone Detection - Raw Offset: -5:00, Platform Override: ''
LogPluginManager: Mounting plugin Paper2D
LogPluginManager: Mounting plugin AISupport
LogPluginManager: Mounting plugin LightPropagationVolume
LogPluginManager: Mounting plugin CLionSourceCodeAccess
LogPluginManager: Mounting plugin CodeLiteSourceCodeAccess
LogPluginManager: Mounting plugin GitSourceControl
LogPluginManager: Mounting plugin KDevelopSourceCodeAccess
LogPluginManager: Mounting plugin NullSourceCodeAccess
LogPluginManager: Mounting plugin PerforceSourceControl
LogPluginManager: Mounting plugin SubversionSourceControl
LogPluginManager: Mounting plugin UObjectPlugin
LogPluginManager: Mounting plugin VisualStudioCodeSourceCodeAccess
LogPluginManager: Mounting plugin VisualStudioSourceCodeAccess
LogPluginManager: Mounting plugin XCodeSourceCodeAccess
LogPluginManager: Mounting plugin AssetManagerEditor
LogPluginManager: Mounting plugin CryptoKeys
LogPluginManager: Mounting plugin DataValidation
LogPluginManager: Mounting plugin FacialAnimation
LogPluginManager: Mounting plugin GameplayTagsEditor
LogPluginManager: Mounting plugin MacGraphicsSwitching
LogPluginManager: Mounting plugin MeshEditor
LogPluginManager: Mounting plugin MobileLauncherProfileWizard
LogPluginManager: Mounting plugin PluginBrowser
LogPluginManager: Mounting plugin SpeedTreeImporter
LogPluginManager: Mounting plugin DatasmithContent
LogPluginManager: Mounting plugin AlembicImporter
LogPluginManager: Mounting plugin AppleImageUtils
LogPluginManager: Mounting plugin AppleVision
LogPluginManager: Mounting plugin BackChannel
LogPluginManager: Mounting plugin CharacterAI
LogPluginManager: Mounting plugin GeometryCache
LogPluginManager: Mounting plugin HTML5Networking
LogPluginManager: Mounting plugin ProxyLODPlugin
LogPluginManager: Mounting plugin MagicLeap
LogPluginManager: Mounting plugin MagicLeapEmulator
LogPluginManager: Mounting plugin MagicLeapMedia
LogPluginManager: Mounting plugin AndroidMedia
LogPluginManager: Mounting plugin AvfMedia
LogPluginManager: Mounting plugin ImgMedia
LogPluginManager: Mounting plugin LinearTimecode
LogPluginManager: Mounting plugin MediaCompositing
LogPluginManager: Mounting plugin MediaPlayerEditor
LogPluginManager: Mounting plugin WmfMedia
LogPluginManager: Mounting plugin TcpMessaging
LogPluginManager: Mounting plugin UdpMessaging
LogPluginManager: Mounting plugin ActorSequence
LogPluginManager: Mounting plugin LevelSequenceEditor
LogPluginManager: Mounting plugin MatineeToLevelSequence
LogPluginManager: Mounting plugin NetcodeUnitTest
LogPluginManager: Mounting plugin NUTUnrealEngine4
LogPluginManager: Mounting plugin OnlineSubsystemGooglePlay
LogPluginManager: Mounting plugin OnlineSubsystemIOS
LogPluginManager: Mounting plugin OnlineSubsystem
LogPluginManager: Mounting plugin OnlineSubsystemNull
LogPluginManager: Mounting plugin OnlineSubsystemUtils
LogPluginManager: Mounting plugin LauncherChunkInstaller
LogPluginManager: Mounting plugin AndroidDeviceProfileSelector
LogPluginManager: Mounting plugin AndroidMoviePlayer
LogPluginManager: Mounting plugin AndroidPermission
LogPluginManager: Mounting plugin ApexDestruction
LogPluginManager: Mounting plugin AppleMoviePlayer
LogPluginManager: Mounting plugin ArchVisCharacter
LogPluginManager: Mounting plugin AudioCapture
LogPluginManager: Mounting plugin CableComponent
LogPluginManager: Mounting plugin CustomMeshComponent
LogPluginManager: Mounting plugin EditableMesh
LogPluginManager: Mounting plugin ExampleDeviceProfileSelector
LogPluginManager: Mounting plugin GoogleCloudMessaging
LogPluginManager: Mounting plugin ImmediatePhysics
LogPluginManager: Mounting plugin IOSDeviceProfileSelector
LogPluginManager: Mounting plugin LinuxDeviceProfileSelector
LogPluginManager: Mounting plugin LocationServicesBPLibrary
LogPluginManager: Mounting plugin MobilePatchingUtils
LogPluginManager: Mounting plugin OculusVR
LogPluginManager: Plugin shader directory ../../../Engine/Plugins/Runtime/Oculus/OculusVR/Shaders found
LogPluginManager: Mapping shader source directory ../../../Engine/Plugins/Runtime/Oculus/OculusVR/Shaders to virtual directory /Plugin/OculusVR
LogPluginManager: Mounting plugin PhysXVehicles
LogPluginManager: Mounting plugin ProceduralMeshComponent
LogPluginManager: Mounting plugin RuntimePhysXCooking
LogPluginManager: Mounting plugin SteamVR
LogPluginManager: Mounting plugin WindowsMoviePlayer
LogPluginManager: Mounting plugin VictoryBPLibrary
LogStreaming: Display: Took  0.362s to configure plugins.
LogInit: Using libcurl 7.55.1-DEV
LogInit:  - built for x86_64-pc-win32
LogInit:  - supports SSL with OpenSSL/1.0.2h
LogInit:  - supports HTTP deflate (compression) using libz 1.2.8
LogInit:  - other features:
LogInit:      CURL_VERSION_SSL
LogInit:      CURL_VERSION_LIBZ
LogInit:      CURL_VERSION_IPV6
LogInit:      CURL_VERSION_ASYNCHDNS
LogInit:      CURL_VERSION_LARGEFILE
LogInit:      CURL_VERSION_IDN
LogInit:  CurlRequestOptions (configurable via config and command line):
LogInit:  - bVerifyPeer = false  - Libcurl will NOT verify peer certificate
LogInit:  - bUseHttpProxy = false  - Libcurl will NOT use HTTP proxy
LogInit:  - bDontReuseConnections = false  - Libcurl will reuse connections
LogInit:  - CertBundlePath = nullptr  - Libcurl will use whatever was configured at build time.
LogInit:  - MaxHostConnections = 16  - Libcurl will limit the number of connections to a host
LogInit:  - LocalHostAddr = Default
LogInit:  - BufferSize = 65536
LogInit: WinSock: version 1.1 (2.2), MaxSocks=32767, MaxUdp=65467
LogInit: Build: ++UE4+Release-4.20-CL-4369336
LogInit: Engine Version: 4.20.3-4369336+++UE4+Release-4.20
LogInit: Compatible Engine Version: 4.20.0-4212847+++UE4+Release-4.20
LogInit: Net CL: 4212847
LogInit: OS: Windows 10 (), CPU: Intel(R) Core(TM) i7-6700HQ CPU @ 2.60GHz, GPU: Intel(R) HD Graphics 530
LogInit: Compiled (64-bit): Sep 17 2018 12:26:19
LogInit: Compiled with Visual C++: 19.13.26129.00
LogInit: Build Configuration: Development
LogInit: Branch Name: ++UE4+Release-4.20
LogInit: Command Line: 
LogInit: Base Directory: D:/EpicGames/Games/UE_4.20/Engine/Binaries/Win64/
LogInit: Installed Engine Build: 1
LogDevObjectVersion: Number of dev versions registered: 20
LogDevObjectVersion:   Dev-Blueprints (B0D832E4-1F89-4F0D-ACCF-7EB736FD4AA2): 10
LogDevObjectVersion:   Dev-Build (E1C64328-A22C-4D53-A36C-8E866417BD8C): 0
LogDevObjectVersion:   Dev-Core (375EC13C-06E4-48FB-B500-84F0262A717E): 2
LogDevObjectVersion:   Dev-Editor (E4B068ED-F494-42E9-A231-DA0B2E46BB41): 24
LogDevObjectVersion:   Dev-Framework (CFFC743F-43B0-4480-9391-14DF171D2073): 34
LogDevObjectVersion:   Dev-Mobile (B02B49B5-BB20-44E9-A304-32B752E40360): 2
LogDevObjectVersion:   Dev-Networking (A4E4105C-59A1-49B5-A7C5-40C4547EDFEE): 0
LogDevObjectVersion:   Dev-Online (39C831C9-5AE6-47DC-9A44-9C173E1C8E7C): 0
LogDevObjectVersion:   Dev-Physics (78F01B33-EBEA-4F98-B9B4-84EACCB95AA2): 0
LogDevObjectVersion:   Dev-Platform (6631380F-2D4D-43E0-8009-CF276956A95A): 0
LogDevObjectVersion:   Dev-Rendering (12F88B9F-8875-4AFC-A67C-D90C383ABD29): 26
LogDevObjectVersion:   Dev-Sequencer (7B5AE74C-D270-4C10-A958-57980B212A5A): 9
LogDevObjectVersion:   Dev-VR (D7296918-1DD6-4BDD-9DE2-64A83CC13884): 2
LogDevObjectVersion:   Dev-LoadTimes (C2A15278-BFE7-4AFE-6C17-90FF531DF755): 1
LogDevObjectVersion:   Private-Geometry (6EACA3D4-40EC-4CC1-B786-8BED09428FC5): 3
LogDevObjectVersion:   Dev-AnimPhys (29E575DD-E0A3-4627-9D10-D276232CDCEA): 17
LogDevObjectVersion:   Dev-ReflectionCapture (6B266CEC-1EC7-4B8F-A30B-E4D90942FC07): 1
LogDevObjectVersion:   Dev-Automation (0DF73D61-A23F-47EA-B727-89E90C41499A): 1
LogDevObjectVersion:   FortniteMain (601D1886-AC64-4F84-AA16-D3DE0DEAC7D6): 12
LogDevObjectVersion:   Dev-Enterprise (9DFFBCD6-494F-0158-E221-12823C92A888): 1
LogStreaming: Display: Took  0.004s to delete old logs.
LogInit: Presizing for max 8388607 objects, including 0 objects not considered by GC, pre-allocating 0 bytes for permanent pool.
LogInit: Object subsystem initialized
[2019.01.27-21.27.24:940][  0]LogInit: Selected Device Profile: [Windows]
[2019.01.27-21.27.24:940][  0]LogInit: Applying CVar settings loaded from the selected device profile: [Windows]
[2019.01.27-21.27.24:974][  0]LogHAL: Display: Platform has ~ 16 GB [17046654976 / 17179869184 / 16], which maps to Larger [LargestMinGB=32, LargerMinGB=12, DefaultMinGB=8, SmallerMinGB=6, SmallestMinGB=0)
[2019.01.27-21.27.24:974][  0]LogInit: Setting Device Profile CVar: [[r.Vulkan.UseRealUBs:1]]
[2019.01.27-21.27.24:974][  0]LogInit: Going up to parent DeviceProfile []
[2019.01.27-21.27.24:975][  0]LogInit: Computer: VARUNMW01
[2019.01.27-21.27.24:975][  0]LogInit: User: Varun
[2019.01.27-21.27.24:975][  0]LogInit: CPU Page size=4096, Cores=4
[2019.01.27-21.27.24:975][  0]LogInit: High frequency timer resolution =2.531252 MHz
[2019.01.27-21.27.24:975][  0]LogMemory: Memory total: Physical=15.9GB (16GB approx)
[2019.01.27-21.27.24:975][  0]LogMemory: Platform Memory Stats for Windows
[2019.01.27-21.27.24:975][  0]LogMemory: Process Physical Memory: 101.03 MB used, 101.03 MB peak
[2019.01.27-21.27.24:975][  0]LogMemory: Process Virtual Memory: 89.72 MB used, 89.72 MB peak
[2019.01.27-21.27.24:975][  0]LogMemory: Physical Memory: 9111.80 MB used,  7145.16 MB free, 16256.96 MB total
[2019.01.27-21.27.24:975][  0]LogMemory: Virtual Memory: 4644.01 MB used,  7145.16 MB free, 134217728.00 MB total
[2019.01.27-21.27.25:019][  0]LogInit: Using OS detected language (en-US).
[2019.01.27-21.27.25:019][  0]LogInit: Using OS detected locale (en-US).
[2019.01.27-21.27.25:020][  0]LogTextLocalizationManager: No specific localization for 'en-US' exists, so the 'en' localization will be used.
[2019.01.27-21.27.25:507][  0]LogStreaming: Display: Took  0.488s to InitEngineTextLocalization.
[2019.01.27-21.27.25:507][  0]LogInit: Setting process to per monitor DPI aware
[2019.01.27-21.27.25:573][  0]LogSlate: New Slate User Created.  User Index 0, Is Virtual User: 0
[2019.01.27-21.27.25:573][  0]LogSlate: Slate User Registered.  User Index 0, Is Virtual User: 0
[2019.01.27-21.27.26:122][  0]LogHMD: Failed to initialize OpenVR with code 110
[2019.01.27-21.27.26:123][  0]LogD3D11RHI: D3D11 adapters:
[2019.01.27-21.27.26:229][  0]LogD3D11RHI:    0. 'NVIDIA GeForce GTX 960M' (Feature Level 11_0)
[2019.01.27-21.27.26:229][  0]LogD3D11RHI:       4055/0/8128 MB DedicatedVideo/DedicatedSystem/SharedSystem, Outputs:1, VendorId:0x10de
[2019.01.27-21.27.26:263][  0]LogD3D11RHI:    1. 'Intel(R) HD Graphics 530' (Feature Level 11_0)
[2019.01.27-21.27.26:263][  0]LogD3D11RHI:       128/0/8128 MB DedicatedVideo/DedicatedSystem/SharedSystem, Outputs:0, VendorId:0x8086
[2019.01.27-21.27.26:266][  0]LogD3D11RHI:    2. 'Microsoft Basic Render Driver' (Feature Level 11_0)
[2019.01.27-21.27.26:266][  0]LogD3D11RHI:       0/0/8128 MB DedicatedVideo/DedicatedSystem/SharedSystem, Outputs:0, VendorId:0x1414
[2019.01.27-21.27.26:266][  0]LogD3D11RHI: Chosen D3D11 Adapter: 0
[2019.01.27-21.27.26:315][  0]LogD3D11RHI: Creating new Direct3DDevice
[2019.01.27-21.27.26:316][  0]LogD3D11RHI:     GPU DeviceId: 0x139b (for the marketing name, search the web for "GPU Device Id")
[2019.01.27-21.27.26:316][  0]LogWindows: EnumDisplayDevices:
[2019.01.27-21.27.26:316][  0]LogWindows:    0. 'Intel(R) HD Graphics 530' (P:1 D:1)
[2019.01.27-21.27.26:316][  0]LogWindows:    1. 'Intel(R) HD Graphics 530' (P:0 D:0)
[2019.01.27-21.27.26:317][  0]LogWindows:    2. 'Intel(R) HD Graphics 530' (P:0 D:0)
[2019.01.27-21.27.26:317][  0]LogWindows: DebugString: PrimaryIsNotTheChoosenAdapter PrimaryIsNotTheChoosenAdapter PrimaryIsNotTheChoosenAdapter FoundDriverCount:0 
[2019.01.27-21.27.26:317][  0]LogD3D11RHI:     Adapter Name: NVIDIA GeForce GTX 960M
[2019.01.27-21.27.26:317][  0]LogD3D11RHI:   Driver Version: Unknown (internal:Unknown, unified:Unknown)
[2019.01.27-21.27.26:317][  0]LogD3D11RHI:      Driver Date: Unknown
[2019.01.27-21.27.26:317][  0]LogRHI: Texture pool is 2839 MB (70% of 4055 MB)
[2019.01.27-21.27.26:377][  0]LogD3D11RHI: Async texture creation enabled
[2019.01.27-21.27.26:417][  0]LogD3D11RHI: GPU Timing Frequency: 1000.000000 (Debug: 2 2)
[2019.01.27-21.27.26:418][  0]LogShaderCompilers: Guid format shader working directory is 27 characters bigger than the processId version (C:/Temp/Group Level/Intermediate/Shaders/WorkingDirectory/2040/).
[2019.01.27-21.27.26:418][  0]LogShaderCompilers: Cleaned the shader compiler working directory 'C:/Users/Varun/AppData/Local/Temp/UnrealShaderWorkingDir/F3042771483549750FE97C889E5FD2F2/'.
[2019.01.27-21.27.26:884][  0]LogTemp: Display: Loaded TP AllDesktopTargetPlatform
[2019.01.27-21.27.26:902][  0]LogTemp: Display: Loaded TP MacClientTargetPlatform
[2019.01.27-21.27.26:921][  0]LogTemp: Display: Loaded TP MacNoEditorTargetPlatform
[2019.01.27-21.27.26:945][  0]LogTemp: Display: Loaded TP MacServerTargetPlatform
[2019.01.27-21.27.26:967][  0]LogTemp: Display: Loaded TP MacTargetPlatform
[2019.01.27-21.27.26:982][  0]LogTemp: Display: Loaded TP WindowsClientTargetPlatform
[2019.01.27-21.27.27:000][  0]LogTemp: Display: Loaded TP WindowsNoEditorTargetPlatform
[2019.01.27-21.27.27:017][  0]LogTemp: Display: Loaded TP WindowsServerTargetPlatform
[2019.01.27-21.27.27:027][  0]LogTemp: Display: Loaded TP WindowsTargetPlatform
[2019.01.27-21.27.27:118][  0]LogTemp: Display: Loaded TP AndroidTargetPlatform
[2019.01.27-21.27.27:118][  0]LogTemp: Display: Loaded TP AndroidTargetPlatform
[2019.01.27-21.27.27:118][  0]LogTemp: Display: Loaded TP AndroidTargetPlatform
[2019.01.27-21.27.27:118][  0]LogTemp: Display: Loaded TP AndroidTargetPlatform
[2019.01.27-21.27.27:118][  0]LogTemp: Display: Loaded TP AndroidTargetPlatform
[2019.01.27-21.27.27:118][  0]LogTemp: Display: Loaded TP AndroidTargetPlatform
[2019.01.27-21.27.27:118][  0]LogTemp: Display: Loaded TP AndroidTargetPlatform
[2019.01.27-21.27.27:118][  0]LogTemp: Display: Loaded TP AndroidTargetPlatform
[2019.01.27-21.27.27:118][  0]LogTemp: Display: Loaded TP AndroidTargetPlatform
[2019.01.27-21.27.27:118][  0]LogTemp: Display: Loaded TP AndroidTargetPlatform
[2019.01.27-21.27.27:118][  0]LogTemp: Display: Loaded TP AndroidTargetPlatform
[2019.01.27-21.27.27:118][  0]LogTemp: Display: Loaded TP AndroidTargetPlatform
[2019.01.27-21.27.27:118][  0]LogTemp: Display: Loaded TP AndroidTargetPlatform
[2019.01.27-21.27.27:118][  0]LogTemp: Display: Loaded TP AndroidTargetPlatform
[2019.01.27-21.27.27:118][  0]LogTemp: Display: Loaded TP AndroidTargetPlatform
[2019.01.27-21.27.27:118][  0]LogTemp: Display: Loaded TP AndroidTargetPlatform
[2019.01.27-21.27.27:118][  0]LogTemp: Display: Loaded TP AndroidTargetPlatform
[2019.01.27-21.27.27:118][  0]LogTemp: Display: Loaded TP AndroidTargetPlatform
[2019.01.27-21.27.27:123][  0]LogTemp: Display: Loaded TP HTML5TargetPlatform
[2019.01.27-21.27.27:195][  0]LogTemp: Display: Loaded TP IOSTargetPlatform
[2019.01.27-21.27.27:195][  0]LogTemp: Display: Loaded TP IOSTargetPlatform
[2019.01.27-21.27.27:227][  0]LogTemp: Display: Loaded TP TVOSTargetPlatform
[2019.01.27-21.27.27:227][  0]LogTemp: Display: Loaded TP TVOSTargetPlatform
[2019.01.27-21.27.27:242][  0]LogTemp: Display: Loaded TP LinuxClientTargetPlatform
[2019.01.27-21.27.27:261][  0]LogTemp: Display: Loaded TP LinuxNoEditorTargetPlatform
[2019.01.27-21.27.27:276][  0]LogTemp: Display: Loaded TP LinuxServerTargetPlatform
[2019.01.27-21.27.27:296][  0]LogTemp: Display: Loaded TP LinuxTargetPlatform
[2019.01.27-21.27.27:308][  0]LogTemp: Display: Loaded TP LuminTargetPlatform
[2019.01.27-21.27.27:309][  0]LogTargetPlatformManager: Display: Building Assets For Windows
[2019.01.27-21.27.27:403][  0]LogXGEController: Cannot use XGE Controller as Incredibuild is not installed on this machine.
[2019.01.27-21.27.27:403][  0]LogShaderCompilers: Cannot use XGE Shader Compiler as Incredibuild is not installed on this machine.
[2019.01.27-21.27.27:403][  0]LogShaderCompilers: Display: Using Local Shader Compiler.
[2019.01.27-21.27.28:380][  0]LogDerivedDataCache: Display: Max Cache Size: 512 MB
[2019.01.27-21.27.28:464][  0]LogDerivedDataCache: Loaded boot cache 0.08s 71MB C:/Users/Varun/AppData/Local/UnrealEngine/4.20/DerivedDataCache/Boot.ddc.
[2019.01.27-21.27.28:465][  0]LogDerivedDataCache: Display: Loaded Boot cache: C:/Users/Varun/AppData/Local/UnrealEngine/4.20/DerivedDataCache/Boot.ddc
[2019.01.27-21.27.28:465][  0]LogDerivedDataCache: FDerivedDataBackendGraph:  Pak pak cache file C:/Temp/Group Level/DerivedDataCache/DDC.ddp not found, will not use a pak cache.
[2019.01.27-21.27.28:465][  0]LogDerivedDataCache: Unable to find inner node Pak for hierarchical cache Hierarchy.
[2019.01.27-21.27.28:465][  0]LogDerivedDataCache: FDerivedDataBackendGraph:  CompressedPak pak cache file C:/Temp/Group Level/DerivedDataCache/Compressed.ddp not found, will not use a pak cache.
[2019.01.27-21.27.28:465][  0]LogDerivedDataCache: Unable to find inner node CompressedPak for hierarchical cache Hierarchy.
[2019.01.27-21.27.28:480][  0]LogDerivedDataCache: Display: Pak cache opened for reading ../../../Engine/DerivedDataCache/Compressed.ddp.
[2019.01.27-21.27.28:495][  0]LogDerivedDataCache: Using Local data cache path C:/Users/Varun/AppData/Local/UnrealEngine/Common/DerivedDataCache: Writable
[2019.01.27-21.27.28:495][  0]LogDerivedDataCache: Shared data cache path not found in *engine.ini, will not use an Shared cache.
[2019.01.27-21.27.28:495][  0]LogDerivedDataCache: Unable to find inner node Shared for hierarchical cache Hierarchy.
[2019.01.27-21.27.28:517][  0]LogMaterial: Verifying Global Shaders for PCD3D_SM5
[2019.01.27-21.27.28:518][  0]LogSlate: Using FreeType 2.6.0
[2019.01.27-21.27.28:520][  0]LogSlate: SlateFontServices - WITH_FREETYPE: 1, WITH_HARFBUZZ: 1
[2019.01.27-21.27.28:637][  0]LogAssetRegistry: FAssetRegistry took 0.0279 seconds to start up
[2019.01.27-21.27.29:068][  0]LogInit: Selected Device Profile: [Windows]
[2019.01.27-21.27.29:258][  0]LogSimplygon: Simplygon DLL not present - disabling.
[2019.01.27-21.27.29:264][  0]LogMeshReduction: Using SimplygonSwarm for distributed automatic mesh merging
[2019.01.27-21.27.29:264][  0]LogMeshReduction: Using ProxyLODMeshReduction for automatic mesh merging
[2019.01.27-21.27.29:264][  0]LogMeshReduction: Using QuadricMeshReduction for automatic static mesh reduction
[2019.01.27-21.27.29:264][  0]LogMeshReduction: No automatic skeletal mesh reduction module available
[2019.01.27-21.27.29:285][  0]LogNetVersion: PrototypeLevel 1.0.0, NetCL: 4212847, EngineNetVer: 5, GameNetVer: 0 (Checksum: 2856359110)
[2019.01.27-21.27.30:145][  0]LogPackageLocalizationCache: Processed 11 localized package path(s) for 2 prioritized culture(s) in 0.273707 seconds
[2019.01.27-21.27.30:152][  0]LogUObjectArray: 38425 objects as part of root set at end of initial load.
[2019.01.27-21.27.30:152][  0]LogUObjectAllocator: 6690872 out of 0 bytes used by permanent object pool.
[2019.01.27-21.27.30:153][  0]LogUObjectArray: CloseDisregardForGC: 0/0 objects in disregard for GC pool
[2019.01.27-21.27.31:646][  0]LogTcpMessaging: Initializing TcpMessaging bridge
[2019.01.27-21.27.31:661][  0]LogUdpMessaging: Initializing bridge on interface 0.0.0.0:0 to multicast group 230.0.0.1:6666.
[2019.01.27-21.27.32:534][  0]SourceControl: Source control is disabled
[2019.01.27-21.27.32:534][  0]SourceControl: Source control is disabled
[2019.01.27-21.27.32:536][  0]SourceControl: Source control is disabled
[2019.01.27-21.27.32:538][  0]SourceControl: Source control is disabled
[2019.01.27-21.27.32:763][  0]LogAndroidPermission: UAndroidPermissionCallbackProxy::GetInstance
[2019.01.27-21.27.32:894][  0]LogOcInput: OculusInput pre-init called
[2019.01.27-21.27.32:970][  0]LogEngine: Initializing Engine...
[2019.01.27-21.27.32:972][  0]LogHMD: Failed to initialize OpenVR with code 110
[2019.01.27-21.27.32:973][  0]LogStats: UGameplayTagsManager::ConstructGameplayTagTree: ImportINI prefixes -  0.000 s
[2019.01.27-21.27.32:973][  0]LogStats: UGameplayTagsManager::ConstructGameplayTagTree: Construct from data asset -  0.000 s
[2019.01.27-21.27.32:973][  0]LogStats: UGameplayTagsManager::ConstructGameplayTagTree: ImportINI -  0.000 s
[2019.01.27-21.27.32:974][  0]LogStats: UGameplayTagsManager::ConstructGameplayTagTree: GameplayTagTreeChangedEvent.Broadcast -  0.000 s
[2019.01.27-21.27.33:282][  0]LogInit: Initializing FReadOnlyCVARCache
[2019.01.27-21.27.33:302][  0]LogAIModule: Creating AISystem for world Untitled
[2019.01.27-21.27.33:342][  0]LogInit: XAudio2 using 'Speakers / Headphones (Realtek Audio)' : 2 channels at 48 kHz using 32 bits per sample (channel mask 0x3)
[2019.01.27-21.27.33:379][  0]LogInit: FAudioDevice initialized.
[2019.01.27-21.27.33:380][  0]LogNetVersion: Set ProjectVersion to 1.0.0.0. Version Checksum will be recalculated on next use.
[2019.01.27-21.27.33:773][  0]LogDerivedDataCache: Saved boot cache 0.39s 71MB C:/Users/Varun/AppData/Local/UnrealEngine/4.20/DerivedDataCache/Boot.ddc.
[2019.01.27-21.27.33:783][  0]LogInit: Texture streaming: Enabled
[2019.01.27-21.27.33:807][  0]LogEngineSessionManager: EngineSessionManager initialized
[2019.01.27-21.27.33:833][  0]LogInit: Transaction tracking system initialized
[2019.01.27-21.27.33:864][  0]BlueprintLog: New page: Editor Load
[2019.01.27-21.27.34:000][  0]LocalizationService: Localization service is disabled
[2019.01.27-21.27.34:408][  0]LogCook: Display: Max memory allowance for cook 16384mb min free memory 0mb
[2019.01.27-21.27.34:408][  0]LogCook: Display: Mobile HDR setting 1
[2019.01.27-21.27.34:408][  0]LogGameplayTags: Display: UGameplayTagsManager::DoneAddingNativeTags. DelegateIsBound: 0
[2019.01.27-21.27.34:408][  0]LogStats: UGameplayTagsManager::ConstructGameplayTagTree: ImportINI prefixes -  0.000 s
[2019.01.27-21.27.34:408][  0]LogStats: UGameplayTagsManager::ConstructGameplayTagTree: Construct from data asset -  0.000 s
[2019.01.27-21.27.34:408][  0]LogStats: UGameplayTagsManager::ConstructGameplayTagTree: ImportINI -  0.000 s
[2019.01.27-21.27.34:408][  0]LogStats: UGameplayTagsManager::ConstructGameplayTagTree: GameplayTagTreeChangedEvent.Broadcast -  0.000 s
[2019.01.27-21.27.34:587][  0]LogFileCache: Scanning file cache for directory 'C:/Temp/Group Level/Content/' took 0.03s
[2019.01.27-21.27.34:588][  0]SourceControl: Source control is disabled
[2019.01.27-21.27.34:588][  0]Cmd: MAP LOAD FILE="C:/Temp/Group Level/Content/ThirdPersonBP/Maps/ThirdPersonExampleMap.umap" TEMPLATE=0 SHOWPROGRESS=1 FEATURELEVEL=3
[2019.01.27-21.27.34:589][  0]LightingResults: New page: Lighting Build
[2019.01.27-21.27.34:594][  0]MapCheck: New page: Map Check
[2019.01.27-21.27.34:594][  0]LightingResults: New page: Lighting Build
[2019.01.27-21.27.40:533][  0]LogAIModule: Creating AISystem for world ThirdPersonExampleMap
[2019.01.27-21.27.40:705][  0]LogEditorServer: Finished looking for orphan Actors (0.000 secs)
[2019.01.27-21.27.40:769][  0]Cmd: MAP CHECKDEP NOCLEARLOG
[2019.01.27-21.27.40:935][  0]MapCheck: Map check complete: 0 Error(s), 0 Warning(s), took 165.545ms to complete.
[2019.01.27-21.27.40:935][  0]LogFileHelpers: Loading map 'ThirdPersonExampleMap' took 6.347
[2019.01.27-21.27.41:131][  0]LogCollectionManager: Loaded 0 collections in 0.002047 seconds
[2019.01.27-21.27.41:185][  0]LogFileCache: Scanning file cache for directory 'C:/Temp/Group Level/Saved/Collections/' took 0.01s
[2019.01.27-21.27.41:185][  0]LogFileCache: Scanning file cache for directory 'C:/Temp/Group Level/Content/Developers/Varun/Collections/' took 0.01s
[2019.01.27-21.27.41:185][  0]LogFileCache: Scanning file cache for directory 'C:/Temp/Group Level/Content/Collections/' took 0.01s
[2019.01.27-21.27.41:185][  0]LogCollectionManager: Rebuilt the GUID cache for 0 collections in 0.000000 seconds
[2019.01.27-21.27.41:203][  0]LogContentBrowser: Native class hierarchy populated in 0.0167 seconds. Added 2587 classes and 611 folders.
[2019.01.27-21.27.41:224][  0]LogContentBrowser: Native class hierarchy updated for 'WidgetCarousel' in 0.0007 seconds. Added 0 classes and 0 folders.
[2019.01.27-21.27.43:039][  0]LogContentBrowser: Native class hierarchy updated for 'AddContentDialog' in 0.0003 seconds. Added 0 classes and 0 folders.
[2019.01.27-21.27.43:165][  0]LogSlate: Updating window title bar state: overlay mode, drag disabled, window buttons hidden, title bar hidden
[2019.01.27-21.27.43:175][  0]LogSlate: Updating window title bar state: overlay mode, drag disabled, window buttons hidden, title bar hidden
[2019.01.27-21.27.43:184][  0]LogSlate: Updating window title bar state: overlay mode, drag disabled, window buttons hidden, title bar hidden
[2019.01.27-21.27.43:198][  0]LogSlate: Updating window title bar state: overlay mode, drag disabled, window buttons hidden, title bar hidden
[2019.01.27-21.27.43:254][  0]LogContentBrowser: Native class hierarchy updated for 'SceneOutliner' in 0.0008 seconds. Added 1 classes and 2 folders.
[2019.01.27-21.27.43:332][  0]LogSlate: Took 0.000583 seconds to synchronously load lazily loaded font '../../../Engine/Content/Slate/Fonts/Roboto-Regular.ttf' (155K)
[2019.01.27-21.27.43:337][  0]LogSlate: Took 0.000712 seconds to synchronously load lazily loaded font '../../../Engine/Content/Slate/Fonts/Roboto-Bold.ttf' (160K)
[2019.01.27-21.27.43:365][  0]LogSlate: Took 0.025655 seconds to synchronously load lazily loaded font '../../../Engine/Content/Editor/Slate/Fonts/FontAwesome.ttf' (139K)
[2019.01.27-21.27.43:720][  0]LogRenderer: Reallocating scene render targets to support 964x708 Format 10 NumSamples 1 (Frame:1).
[2019.01.27-21.27.44:149][  0]LogContentBrowser: Native class hierarchy updated for 'HierarchicalLODOutliner' in 0.0003 seconds. Added 0 classes and 0 folders.
[2019.01.27-21.27.44:149][  0]LogLoad: (Engine Initialization) Total time: 22.10 seconds
[2019.01.27-21.27.44:149][  0]LogLoad: (Engine Initialization) Total Blueprint compile time: 0.00 seconds
[2019.01.27-21.27.44:159][  0]LogWindowsTextInputMethodSystem: Display: IME system now deactivated.
[2019.01.27-21.27.44:187][  0]LogContentStreaming: Texture pool size now 1000 MB
[2019.01.27-21.27.44:276][  1]LogAssetRegistry: Asset discovery search completed in 15.6631 seconds
[2019.01.27-21.27.44:278][  1]LogCollectionManager: Rebuilt the object cache for 0 collections in 0.000001 seconds (found 0 objects)
[2019.01.27-21.27.44:278][  1]LogCollectionManager: Fixed up redirectors for 0 collections in 0.000070 seconds (updated 0 objects)
[2019.01.27-21.27.45:352][ 21]LogSlate: Took 0.033683 seconds to synchronously load lazily loaded font '../../../Engine/Content/Slate/Fonts/Roboto-Light.ttf' (167K)
[2019.01.27-21.28.12:641][728]LogSlate: FSceneViewport::OnFocusLost() reason 0
[2019.01.27-21.28.12:854][732]LogAssetEditorManager: Opening Asset editor for Blueprint /Game/ThirdPersonBP/Blueprints/ThirdPersonCharacter.ThirdPersonCharacter
[2019.01.27-21.28.14:073][732]LogContentBrowser: Native class hierarchy updated for 'BlueprintGraph' in 0.0008 seconds. Added 116 classes and 0 folders.
[2019.01.27-21.28.15:817][732]LogSlate: Took 0.016250 seconds to synchronously load lazily loaded font '../../../Engine/Content/Slate/Fonts/Roboto-BoldCondensed.ttf' (158K)
[2019.01.27-21.28.16:480][733]LogSlate: Took 0.020971 seconds to synchronously load lazily loaded font '../../../Engine/Content/Slate/Fonts/Roboto-Italic.ttf' (157K)
[2019.01.27-21.28.19:273][820]LogSlate: Window 'ThirdPersonCharacter' being destroyed
[2019.01.27-21.28.21:231][876]LogSlate: FSceneViewport::OnFocusLost() reason 0
[2019.01.27-21.28.27:209][ 36]LogEditorViewport: Clicking on Actor (LMB): StaticMeshActor (Floor)
[2019.01.27-21.28.29:827][ 97]Cmd: TRANSACTION UNDO
[2019.01.27-21.28.29:827][ 97]LogEditorTransaction: Undo Clicking on Actors
[2019.01.27-21.28.31:262][129]LogEditorViewport: Clicking on Actor (LMB): StaticMeshActor (Floor)
[2019.01.27-21.28.32:210][151]LogEditorViewport: Clicking on Actor (LMB): StaticMeshActor (Floor)
[2019.01.27-21.28.34:125][199]Cmd: CAMERA ALIGN ACTIVEVIEWPORTONLY
[2019.01.27-21.28.41:008][371]LogSlate: FSceneViewport::OnFocusLost() reason 0
[2019.01.27-21.28.46:258][476]Cmd: CAMERA ALIGN ACTIVEVIEWPORTONLY
[2019.01.27-21.28.48:976][527]LogEditorViewport: Clicking on Actor (LMB): StaticMeshActor (Floor)
[2019.01.27-21.30.43:405][ 66]LogSlate: FSceneViewport::OnFocusLost() reason 0
[2019.01.27-21.30.44:141][ 86]LogEditorViewport: Clicking on Actor (LMB): StaticMeshActor (Cube144)
[2019.01.27-21.31.25:284][  3]LogSlate: FSceneViewport::OnFocusLost() reason 0
[2019.01.27-21.31.25:379][  5]LogTemp: Repeating last play command: Selected Viewport
[2019.01.27-21.31.25:497][  5]LogBlueprintUserMessages: Early PlayInEditor Detection: Level '/Game/ThirdPersonBP/Maps/ThirdPersonExampleMap.ThirdPersonExampleMap:PersistentLevel' has LevelScriptBlueprint '/Game/ThirdPersonBP/Maps/ThirdPersonExampleMap.ThirdPersonExampleMap:PersistentLevel.ThirdPersonExampleMap' with GeneratedClass '/Game/ThirdPersonBP/Maps/ThirdPersonExampleMap.ThirdPersonExampleMap_C' with ClassGeneratedBy '/Game/ThirdPersonBP/Maps/ThirdPersonExampleMap.ThirdPersonExampleMap:PersistentLevel.ThirdPersonExampleMap'
[2019.01.27-21.31.25:497][  5]LogPlayLevel: PlayLevel: No blueprints needed recompiling
[2019.01.27-21.31.25:567][  5]PIE: New page: PIE session: ThirdPersonExampleMap (Jan 27, 2019, 11:31:25 AM)
[2019.01.27-21.31.25:568][  5]LogPlayLevel: Creating play world package: /Game/ThirdPersonBP/Maps/UEDPIE_0_ThirdPersonExampleMap
[2019.01.27-21.31.25:826][  5]LogPlayLevel: PIE: StaticDuplicateObject took: (0.258017s)
[2019.01.27-21.31.25:828][  5]LogAIModule: Creating AISystem for world ThirdPersonExampleMap
[2019.01.27-21.31.25:828][  5]LogPlayLevel: PIE: World Init took: (0.001647s)
[2019.01.27-21.31.25:829][  5]LogPlayLevel: PIE: Created PIE world by copying editor world from /Game/ThirdPersonBP/Maps/ThirdPersonExampleMap.ThirdPersonExampleMap to /Game/ThirdPersonBP/Maps/UEDPIE_0_ThirdPersonExampleMap.ThirdPersonExampleMap (0.260801s)
[2019.01.27-21.31.25:906][  5]LogInit: XAudio2 using 'Speakers / Headphones (Realtek Audio)' : 2 channels at 48 kHz using 32 bits per sample (channel mask 0x3)
[2019.01.27-21.31.25:945][  5]LogInit: FAudioDevice initialized.
[2019.01.27-21.31.26:021][  5]LogLoad: Game class is 'ThirdPersonGameMode_C'
[2019.01.27-21.31.26:123][  5]LogWorld: Bringing World /Game/ThirdPersonBP/Maps/UEDPIE_0_ThirdPersonExampleMap.ThirdPersonExampleMap up for play (max tick rate 0) at 2019.01.27-16.31.26
[2019.01.27-21.31.26:138][  5]LogWorld: Bringing up level for play took: 0.113399
[2019.01.27-21.31.26:261][  5]LogContentBrowser: Native class hierarchy updated for 'MovieSceneCapture' in 0.0004 seconds. Added 10 classes and 0 folders.
[2019.01.27-21.31.26:288][  5]PIE: Play in editor start time for /Game/ThirdPersonBP/Maps/UEDPIE_0_ThirdPersonExampleMap 1.458
[2019.01.27-21.31.26:289][  5]LogBlueprintUserMessages: Late PlayInEditor Detection: Level '/Game/ThirdPersonBP/Maps/ThirdPersonExampleMap.ThirdPersonExampleMap:PersistentLevel' has LevelScriptBlueprint '/Game/ThirdPersonBP/Maps/ThirdPersonExampleMap.ThirdPersonExampleMap:PersistentLevel.ThirdPersonExampleMap' with GeneratedClass '/Game/ThirdPersonBP/Maps/ThirdPersonExampleMap.ThirdPersonExampleMap_C' with ClassGeneratedBy '/Game/ThirdPersonBP/Maps/ThirdPersonExampleMap.ThirdPersonExampleMap:PersistentLevel.ThirdPersonExampleMap'
[2019.01.27-21.33.04:400][809]LogNet: Browse: /Game/ThirdPersonBP/Maps/ThirdPersonExampleMap
[2019.01.27-21.33.04:414][809]LogLoad: LoadMap: /Game/ThirdPersonBP/Maps/ThirdPersonExampleMap
[2019.01.27-21.33.04:569][809]LogPlayLevel: Creating play world package: /Game/ThirdPersonBP/Maps/UEDPIE_0_ThirdPersonExampleMap
[2019.01.27-21.33.04:798][809]LogPlayLevel: PIE: StaticDuplicateObject took: (0.229711s)
[2019.01.27-21.33.04:799][809]LogAIModule: Creating AISystem for world ThirdPersonExampleMap
[2019.01.27-21.33.04:799][809]LogPlayLevel: PIE: World Init took: (0.001130s)
[2019.01.27-21.33.04:800][809]LogPlayLevel: PIE: Created PIE world by copying editor world from /Game/ThirdPersonBP/Maps/ThirdPersonExampleMap.ThirdPersonExampleMap to /Game/ThirdPersonBP/Maps/UEDPIE_0_ThirdPersonExampleMap.ThirdPersonExampleMap (0.231518s)
[2019.01.27-21.33.04:800][809]LogLoad: Game class is 'ThirdPersonGameMode_C'
[2019.01.27-21.33.04:878][809]LogWorld: Bringing World /Game/ThirdPersonBP/Maps/UEDPIE_0_ThirdPersonExampleMap.ThirdPersonExampleMap up for play (max tick rate 0) at 2019.01.27-16.33.04
[2019.01.27-21.33.04:885][809]LogWorld: Bringing up level for play took: 0.083249
[2019.01.27-21.33.04:889][809]LogLoad: Took 0.474576 seconds to LoadMap(/Game/ThirdPersonBP/Maps/UEDPIE_0_ThirdPersonExampleMap)
[2019.01.27-21.33.08:612][923]LogSlate: FSceneViewport::OnFocusLost() reason 2
[2019.01.27-21.33.10:561][986]LogBlueprintUserMessages: Early EndPlayMap Detection: Level '/Game/ThirdPersonBP/Maps/ThirdPersonExampleMap.ThirdPersonExampleMap:PersistentLevel' has LevelScriptBlueprint '/Game/ThirdPersonBP/Maps/ThirdPersonExampleMap.ThirdPersonExampleMap:PersistentLevel.ThirdPersonExampleMap' with GeneratedClass '/Game/ThirdPersonBP/Maps/ThirdPersonExampleMap.ThirdPersonExampleMap_C' with ClassGeneratedBy '/Game/ThirdPersonBP/Maps/ThirdPersonExampleMap.ThirdPersonExampleMap:PersistentLevel.ThirdPersonExampleMap'
[2019.01.27-21.33.10:562][986]LogSlate: Updating window title bar state: overlay mode, drag disabled, window buttons hidden, title bar hidden
[2019.01.27-21.33.10:677][986]LogPlayLevel: Display: Shutting down PIE online subsystems
[2019.01.27-21.33.10:678][986]LogBlueprintUserMessages: Late EndPlayMap Detection: Level '/Game/ThirdPersonBP/Maps/ThirdPersonExampleMap.ThirdPersonExampleMap:PersistentLevel' has LevelScriptBlueprint '/Game/ThirdPersonBP/Maps/ThirdPersonExampleMap.ThirdPersonExampleMap:PersistentLevel.ThirdPersonExampleMap' with GeneratedClass '/Game/ThirdPersonBP/Maps/ThirdPersonExampleMap.ThirdPersonExampleMap_C' with ClassGeneratedBy '/Game/ThirdPersonBP/Maps/ThirdPersonExampleMap.ThirdPersonExampleMap:PersistentLevel.ThirdPersonExampleMap'
[2019.01.27-21.33.10:730][986]LogSlate: Updating window title bar state: overlay mode, drag disabled, window buttons hidden, title bar hidden
[2019.01.27-21.33.10:784][987]LogPlayLevel: Display: Destroying online subsystem :Context_4
[2019.01.27-21.34.22:770][733]LogSlate: FSceneViewport::OnFocusLost() reason 0
[2019.01.27-21.39.58:800][295]LogD3D11RHI: Timed out while waiting for GPU to catch up. (500 ms)
[2019.01.27-21.40.12:786][323]LogSavePackage: Moving 'C:/Temp/Group Level/Saved/ThirdPersonExampleMap_Auto19A91C3864CC7DD96EFDEEAA44C3EEB6D.tmp' to 'C:/Temp/Group Level/Saved/Autosaves/Game/ThirdPersonBP/Maps/ThirdPersonExampleMap_Auto1.umap'
[2019.01.27-21.40.12:818][323]LogFileHelpers: Editor autosave (incl. sublevels) for '/Game/ThirdPersonBP/Maps/ThirdPersonExampleMap' took 3.683
[2019.01.27-21.40.12:819][323]LogFileHelpers: Editor autosave (incl. sublevels) for all levels took 3.683
[2019.01.27-21.40.35:742][664]LogEditorViewport: Clicking on Actor (LMB): StaticMeshActor (Floor)
[2019.01.27-21.40.36:419][666]Cmd: CAMERA ALIGN ACTIVEVIEWPORTONLY
[2019.01.27-21.41.16:710][335]LogSlate: FSceneViewport::OnFocusLost() reason 0
[2019.01.27-21.41.17:445][338]Cmd: CAMERA ALIGN ACTIVEVIEWPORTONLY
[2019.01.27-21.41.19:866][358]LogEditorViewport: Clicking on Actor (LMB): StaticMeshActor (Floor)
[2019.01.27-21.42.13:095][897]LogEditorViewport: Clicking on Actor (LMB): StaticMeshActor (Cylinder17)
[2019.01.27-21.42.46:748][211]LogSlate: FSceneViewport::OnFocusLost() reason 0
[2019.01.27-21.42.46:749][211]LogTemp: Repeating last play command: Selected Viewport
[2019.01.27-21.42.46:993][211]LogBlueprintUserMessages: Early PlayInEditor Detection: Level '/Game/ThirdPersonBP/Maps/ThirdPersonExampleMap.ThirdPersonExampleMap:PersistentLevel' has LevelScriptBlueprint '/Game/ThirdPersonBP/Maps/ThirdPersonExampleMap.ThirdPersonExampleMap:PersistentLevel.ThirdPersonExampleMap' with GeneratedClass '/Game/ThirdPersonBP/Maps/ThirdPersonExampleMap.ThirdPersonExampleMap_C' with ClassGeneratedBy '/Game/ThirdPersonBP/Maps/ThirdPersonExampleMap.ThirdPersonExampleMap:PersistentLevel.ThirdPersonExampleMap'
[2019.01.27-21.42.46:993][211]LogPlayLevel: PlayLevel: No blueprints needed recompiling
[2019.01.27-21.42.46:994][211]PIE: New page: PIE session: ThirdPersonExampleMap (Jan 27, 2019, 11:42:46 AM)
[2019.01.27-21.42.46:995][211]LogPlayLevel: Creating play world package: /Game/ThirdPersonBP/Maps/UEDPIE_0_ThirdPersonExampleMap
[2019.01.27-21.42.47:710][211]LogPlayLevel: PIE: StaticDuplicateObject took: (0.714435s)
[2019.01.27-21.42.47:714][211]LogAIModule: Creating AISystem for world ThirdPersonExampleMap
[2019.01.27-21.42.47:716][211]LogPlayLevel: PIE: World Init took: (0.005189s)
[2019.01.27-21.42.47:717][211]LogPlayLevel: PIE: Created PIE world by copying editor world from /Game/ThirdPersonBP/Maps/ThirdPersonExampleMap.ThirdPersonExampleMap to /Game/ThirdPersonBP/Maps/UEDPIE_0_ThirdPersonExampleMap.ThirdPersonExampleMap (0.721775s)
[2019.01.27-21.42.47:828][211]LogInit: XAudio2 using 'Speakers / Headphones (Realtek Audio)' : 2 channels at 48 kHz using 32 bits per sample (channel mask 0x3)
[2019.01.27-21.42.47:947][211]LogInit: FAudioDevice initialized.
[2019.01.27-21.42.48:013][211]LogLoad: Game class is 'ThirdPersonGameMode_C'
[2019.01.27-21.42.48:270][211]LogWorld: Bringing World /Game/ThirdPersonBP/Maps/UEDPIE_0_ThirdPersonExampleMap.ThirdPersonExampleMap up for play (max tick rate 60) at 2019.01.27-16.42.48
[2019.01.27-21.42.48:279][211]LogWorld: Bringing up level for play took: 0.263754
[2019.01.27-21.42.48:310][211]PIE: Play in editor start time for /Game/ThirdPersonBP/Maps/UEDPIE_0_ThirdPersonExampleMap 1.5
[2019.01.27-21.42.48:313][211]LogBlueprintUserMessages: Late PlayInEditor Detection: Level '/Game/ThirdPersonBP/Maps/ThirdPersonExampleMap.ThirdPersonExampleMap:PersistentLevel' has LevelScriptBlueprint '/Game/ThirdPersonBP/Maps/ThirdPersonExampleMap.ThirdPersonExampleMap:PersistentLevel.ThirdPersonExampleMap' with GeneratedClass '/Game/ThirdPersonBP/Maps/ThirdPersonExampleMap.ThirdPersonExampleMap_C' with ClassGeneratedBy '/Game/ThirdPersonBP/Maps/ThirdPersonExampleMap.ThirdPersonExampleMap:PersistentLevel.ThirdPersonExampleMap'
[2019.01.27-21.45.46:315][883]LogNet: Browse: /Game/ThirdPersonBP/Maps/ThirdPersonExampleMap
[2019.01.27-21.45.46:364][883]LogLoad: LoadMap: /Game/ThirdPersonBP/Maps/ThirdPersonExampleMap
[2019.01.27-21.45.46:625][883]LogPlayLevel: Creating play world package: /Game/ThirdPersonBP/Maps/UEDPIE_0_ThirdPersonExampleMap
[2019.01.27-21.45.47:227][883]LogPlayLevel: PIE: StaticDuplicateObject took: (0.602505s)
[2019.01.27-21.45.47:230][883]LogAIModule: Creating AISystem for world ThirdPersonExampleMap
[2019.01.27-21.45.47:232][883]LogPlayLevel: PIE: World Init took: (0.005442s)
[2019.01.27-21.45.47:234][883]LogPlayLevel: PIE: Created PIE world by copying editor world from /Game/ThirdPersonBP/Maps/ThirdPersonExampleMap.ThirdPersonExampleMap to /Game/ThirdPersonBP/Maps/UEDPIE_0_ThirdPersonExampleMap.ThirdPersonExampleMap (0.610619s)
[2019.01.27-21.45.47:236][883]LogLoad: Game class is 'ThirdPersonGameMode_C'
[2019.01.27-21.45.47:445][883]LogWorld: Bringing World /Game/ThirdPersonBP/Maps/UEDPIE_0_ThirdPersonExampleMap.ThirdPersonExampleMap up for play (max tick rate 0) at 2019.01.27-16.45.47
[2019.01.27-21.45.47:454][883]LogWorld: Bringing up level for play took: 0.212163
[2019.01.27-21.45.47:462][883]LogLoad: Took 1.096852 seconds to LoadMap(/Game/ThirdPersonBP/Maps/UEDPIE_0_ThirdPersonExampleMap)
[2019.01.27-21.45.49:756][918]LogSlate: FSceneViewport::OnFocusLost() reason 2
[2019.01.27-21.45.52:051][955]LogBlueprintUserMessages: Early EndPlayMap Detection: Level '/Game/ThirdPersonBP/Maps/ThirdPersonExampleMap.ThirdPersonExampleMap:PersistentLevel' has LevelScriptBlueprint '/Game/ThirdPersonBP/Maps/ThirdPersonExampleMap.ThirdPersonExampleMap:PersistentLevel.ThirdPersonExampleMap' with GeneratedClass '/Game/ThirdPersonBP/Maps/ThirdPersonExampleMap.ThirdPersonExampleMap_C' with ClassGeneratedBy '/Game/ThirdPersonBP/Maps/ThirdPersonExampleMap.ThirdPersonExampleMap:PersistentLevel.ThirdPersonExampleMap'
[2019.01.27-21.45.52:051][955]LogSlate: Updating window title bar state: overlay mode, drag disabled, window buttons hidden, title bar hidden
[2019.01.27-21.45.52:286][955]LogPlayLevel: Display: Shutting down PIE online subsystems
[2019.01.27-21.45.52:287][955]LogBlueprintUserMessages: Late EndPlayMap Detection: Level '/Game/ThirdPersonBP/Maps/ThirdPersonExampleMap.ThirdPersonExampleMap:PersistentLevel' has LevelScriptBlueprint '/Game/ThirdPersonBP/Maps/ThirdPersonExampleMap.ThirdPersonExampleMap:PersistentLevel.ThirdPersonExampleMap' with GeneratedClass '/Game/ThirdPersonBP/Maps/ThirdPersonExampleMap.ThirdPersonExampleMap_C' with ClassGeneratedBy '/Game/ThirdPersonBP/Maps/ThirdPersonExampleMap.ThirdPersonExampleMap:PersistentLevel.ThirdPersonExampleMap'
[2019.01.27-21.45.52:380][955]LogSlate: Updating window title bar state: overlay mode, drag disabled, window buttons hidden, title bar hidden
[2019.01.27-21.45.52:458][956]LogPlayLevel: Display: Destroying online subsystem :Context_5
[2019.01.27-21.51.36:428][  7]LogSlate: Window 'Save Content' being destroyed
[2019.01.27-21.51.36:654][  7]Cmd: OBJ SAVEPACKAGE PACKAGE="/Game/ThirdPersonBP/Maps/ThirdPersonExampleMap" FILE="C:/Temp/Group Level/Content/ThirdPersonBP/Maps/ThirdPersonExampleMap.umap" SILENT=true AUTOSAVING=false KEEPDIRTY=false
[2019.01.27-21.51.42:485][  7]LogSavePackage: Moving 'C:/Temp/Group Level/Saved/ThirdPersonExampleMap1FD3ADD84B674543C3AE0593BC97B1F4.tmp' to 'C:/Temp/Group Level/Content/ThirdPersonBP/Maps/ThirdPersonExampleMap.umap'
[2019.01.27-21.51.42:559][  7]LogFileHelpers: Saving map 'ThirdPersonExampleMap' took 6.084
[2019.01.27-21.51.42:963][  7]LogSlate: Window 'PrototypeLevel - Unreal Editor' being destroyed
[2019.01.27-21.51.43:404][  8]Cmd: QUIT_EDITOR
[2019.01.27-21.51.44:006][  8]LogWindowsTextInputMethodSystem: Display: IME system now deactivated.
[2019.01.27-21.51.44:028][  8]LogExit: Preparing to exit.
